INFO:root:calculation <MasterArea 4586> started
INFO:root:finished calculation electrification 4586 (duration 0.11740589141845703s)
INFO:root:finished calculation efuel 4586 (duration 0.09909772872924805s)
INFO:root:finished calculation battery 4586 (duration 12.016388177871704s)
INFO:root:finished calculation optimised_electrification 4586 (duration 12.715682983398438s)
INFO:root:finished calculation diesel 4586 (duration 0.09185004234313965s)
INFO:root:finished calculation efuel 4586 (duration 0.24082207679748535s)
INFO:root:finished calculation h2 4586 (duration 0.10143494606018066s)
INFO:root:calculation <MasterArea 4587> started
INFO:root:finished calculation electrification 4587 (duration 0.12387824058532715s)
INFO:root:finished calculation efuel 4587 (duration 0.10519289970397949s)
INFO:root:finished calculation battery 4587 (duration 77.87469720840454s)
INFO:root:finished calculation optimised_electrification 4587 (duration 113.6839771270752s)
INFO:root:finished calculation diesel 4587 (duration 0.11200904846191406s)
INFO:root:finished calculation efuel 4587 (duration 0.3087351322174072s)
INFO:root:finished calculation h2 4587 (duration 0.11183404922485352s)
INFO:root:calculation <MasterArea 4588> started
INFO:root:finished calculation electrification 4588 (duration 0.10728812217712402s)
INFO:root:finished calculation efuel 4588 (duration 0.10405707359313965s)
INFO:root:finished calculation battery 4588 (duration 26.32212519645691s)
INFO:root:finished calculation optimised_electrification 4588 (duration 74.44911503791809s)
INFO:root:finished calculation diesel 4588 (duration 0.10292387008666992s)
INFO:root:finished calculation efuel 4588 (duration 0.2936058044433594s)
INFO:root:finished calculation h2 4588 (duration 0.10256814956665039s)
INFO:root:calculation <MasterArea 4589> started
INFO:root:finished calculation electrification 4589 (duration 0.27405691146850586s)
INFO:root:finished calculation efuel 4589 (duration 0.14545106887817383s)
INFO:root:finished calculation optimised_electrification 4589 (duration 1207.2250249385834s)
INFO:root:finished calculation diesel 4589 (duration 0.18323874473571777s)
INFO:root:finished calculation efuel 4589 (duration 0.8114919662475586s)
INFO:root:calculation <MasterArea 4590> started
INFO:root:finished calculation electrification 4590 (duration 0.19420695304870605s)
INFO:root:finished calculation efuel 4590 (duration 0.15413928031921387s)
INFO:root:finished calculation battery 4590 (duration 361.4659011363983s)
INFO:root:finished calculation optimised_electrification 4590 (duration 1302.8868281841278s)
INFO:root:finished calculation diesel 4590 (duration 0.15496587753295898s)
INFO:root:finished calculation efuel 4590 (duration 0.549083948135376s)
INFO:root:finished calculation h2 4590 (duration 0.15089726448059082s)
INFO:root:calculation <MasterArea 4591> started
INFO:root:finished calculation electrification 4591 (duration 0.13161969184875488s)
INFO:root:finished calculation efuel 4591 (duration 0.10599327087402344s)
INFO:root:finished calculation battery 4591 (duration 183.36749792099s)
INFO:root:finished calculation optimised_electrification 4591 (duration 602.2610011100769s)
INFO:root:finished calculation diesel 4591 (duration 0.09732198715209961s)
INFO:root:finished calculation efuel 4591 (duration 0.2882089614868164s)
INFO:root:finished calculation h2 4591 (duration 0.10079312324523926s)
INFO:root:calculation <MasterArea 4592> started
INFO:root:finished calculation electrification 4592 (duration 0.17132806777954102s)
INFO:root:finished calculation efuel 4592 (duration 0.13490605354309082s)
INFO:root:finished calculation battery 4592 (duration 275.33145093917847s)
INFO:root:finished calculation optimised_electrification 4592 (duration 1240.039379119873s)
INFO:root:finished calculation diesel 4592 (duration 0.10731387138366699s)
INFO:root:finished calculation efuel 4592 (duration 0.4178948402404785s)
INFO:root:finished calculation h2 4592 (duration 0.1117250919342041s)
INFO:root:calculation <MasterArea 4593> started
INFO:root:finished calculation electrification 4593 (duration 0.09746098518371582s)
INFO:root:finished calculation efuel 4593 (duration 0.0936591625213623s)
INFO:root:finished calculation battery 4593 (duration 6.782995939254761s)
INFO:root:finished calculation optimised_electrification 4593 (duration 7.789997100830078s)
INFO:root:finished calculation diesel 4593 (duration 0.08844304084777832s)
INFO:root:finished calculation efuel 4593 (duration 0.23767709732055664s)
INFO:root:finished calculation h2 4593 (duration 0.09363985061645508s)
INFO:root:calculation <MasterArea 4594> started
INFO:root:finished calculation electrification 4594 (duration 0.16305923461914062s)
INFO:root:finished calculation efuel 4594 (duration 0.1425783634185791s)
INFO:root:finished calculation battery 4594 (duration 237.06171703338623s)
INFO:root:finished calculation optimised_electrification 4594 (duration 1270.1612012386322s)
INFO:root:finished calculation diesel 4594 (duration 0.14979314804077148s)
INFO:root:finished calculation efuel 4594 (duration 0.5070431232452393s)
INFO:root:finished calculation h2 4594 (duration 0.1542220115661621s)
INFO:root:calculation <MasterArea 4595> started
INFO:root:finished calculation electrification 4595 (duration 0.09918379783630371s)
INFO:root:finished calculation efuel 4595 (duration 0.08951282501220703s)
INFO:root:finished calculation battery 4595 (duration 18.639029026031494s)
INFO:root:finished calculation optimised_electrification 4595 (duration 42.95522618293762s)
INFO:root:finished calculation diesel 4595 (duration 0.0971372127532959s)
INFO:root:finished calculation efuel 4595 (duration 0.23318791389465332s)
INFO:root:finished calculation h2 4595 (duration 0.09489917755126953s)
INFO:root:calculation <MasterArea 4596> started
INFO:root:finished calculation electrification 4596 (duration 0.1336660385131836s)
INFO:root:finished calculation efuel 4596 (duration 0.11736321449279785s)
INFO:root:finished calculation battery 4596 (duration 114.84631204605103s)
INFO:root:finished calculation optimised_electrification 4596 (duration 247.86298322677612s)
INFO:root:finished calculation diesel 4596 (duration 0.11946988105773926s)
INFO:root:finished calculation efuel 4596 (duration 0.3463900089263916s)
INFO:root:finished calculation h2 4596 (duration 0.11943912506103516s)
INFO:root:calculation <MasterArea 4597> started
INFO:root:finished calculation electrification 4597 (duration 0.09330201148986816s)
INFO:root:finished calculation efuel 4597 (duration 0.09509968757629395s)
INFO:root:finished calculation battery 4597 (duration 8.696627855300903s)
INFO:root:finished calculation optimised_electrification 4597 (duration 10.050647974014282s)
INFO:root:finished calculation diesel 4597 (duration 0.08886194229125977s)
INFO:root:finished calculation efuel 4597 (duration 0.24680590629577637s)
INFO:root:finished calculation h2 4597 (duration 0.09614109992980957s)
INFO:root:calculation <MasterArea 4598> started
INFO:root:finished calculation electrification 4598 (duration 0.09416389465332031s)
INFO:root:finished calculation efuel 4598 (duration 0.09382224082946777s)
INFO:root:finished calculation battery 4598 (duration 17.215041160583496s)
INFO:root:finished calculation optimised_electrification 4598 (duration 18.341874837875366s)
INFO:root:finished calculation diesel 4598 (duration 0.09312105178833008s)
INFO:root:finished calculation efuel 4598 (duration 0.2583181858062744s)
INFO:root:finished calculation h2 4598 (duration 0.09418606758117676s)
INFO:root:calculation <MasterArea 4599> started
INFO:root:finished calculation electrification 4599 (duration 0.1168053150177002s)
INFO:root:finished calculation efuel 4599 (duration 0.1100001335144043s)
INFO:root:finished calculation optimised_electrification 4599 (duration 39.691564083099365s)
INFO:root:finished calculation diesel 4599 (duration 0.11304092407226562s)
INFO:root:finished calculation efuel 4599 (duration 0.31780195236206055s)
INFO:root:calculation <MasterArea 4600> started
INFO:root:finished calculation electrification 4600 (duration 0.1161808967590332s)
INFO:root:finished calculation efuel 4600 (duration 0.09372186660766602s)
INFO:root:finished calculation battery 4600 (duration 14.282582998275757s)
INFO:root:finished calculation optimised_electrification 4600 (duration 31.41791296005249s)
INFO:root:finished calculation diesel 4600 (duration 0.09205007553100586s)
INFO:root:finished calculation efuel 4600 (duration 0.2326810359954834s)
INFO:root:finished calculation h2 4600 (duration 0.08510208129882812s)
INFO:root:calculation <MasterArea 4601> started
INFO:root:finished calculation electrification 4601 (duration 0.09075212478637695s)
INFO:root:finished calculation efuel 4601 (duration 0.08571887016296387s)
INFO:root:finished calculation battery 4601 (duration 20.92951798439026s)
INFO:root:finished calculation optimised_electrification 4601 (duration 22.348111867904663s)
INFO:root:finished calculation diesel 4601 (duration 0.09291291236877441s)
INFO:root:finished calculation efuel 4601 (duration 0.2626528739929199s)
INFO:root:finished calculation h2 4601 (duration 0.09558510780334473s)
INFO:root:calculation <MasterArea 4602> started
INFO:root:finished calculation electrification 4602 (duration 0.19319486618041992s)
INFO:root:finished calculation efuel 4602 (duration 0.1399698257446289s)
INFO:root:finished calculation battery 4602 (duration 278.33281993865967s)
INFO:root:finished calculation optimised_electrification 4602 (duration 948.3453831672668s)
INFO:root:finished calculation diesel 4602 (duration 0.12889909744262695s)
INFO:root:finished calculation efuel 4602 (duration 0.3938930034637451s)
INFO:root:finished calculation h2 4602 (duration 0.12930607795715332s)
INFO:root:calculation <MasterArea 4603> started
INFO:root:finished calculation electrification 4603 (duration 0.1172182559967041s)
INFO:root:finished calculation efuel 4603 (duration 0.11340594291687012s)
INFO:root:finished calculation optimised_electrification 4603 (duration 67.37977910041809s)
INFO:root:finished calculation diesel 4603 (duration 0.11989402770996094s)
INFO:root:finished calculation efuel 4603 (duration 0.3343820571899414s)
INFO:root:calculation <MasterArea 4604> started
INFO:root:finished calculation electrification 4604 (duration 0.10891294479370117s)
INFO:root:finished calculation efuel 4604 (duration 0.09519696235656738s)
INFO:root:finished calculation battery 4604 (duration 9.411936044692993s)
INFO:root:finished calculation optimised_electrification 4604 (duration 10.421740055084229s)
INFO:root:finished calculation diesel 4604 (duration 0.08887600898742676s)
INFO:root:finished calculation efuel 4604 (duration 0.2518928050994873s)
INFO:root:finished calculation h2 4604 (duration 0.09535408020019531s)
INFO:root:calculation <MasterArea 4605> started
INFO:root:finished calculation electrification 4605 (duration 0.1553030014038086s)
INFO:root:finished calculation efuel 4605 (duration 0.1278526782989502s)
INFO:root:finished calculation battery 4605 (duration 94.88173913955688s)
INFO:root:finished calculation optimised_electrification 4605 (duration 381.58660101890564s)
INFO:root:finished calculation diesel 4605 (duration 0.12480425834655762s)
INFO:root:finished calculation efuel 4605 (duration 0.3521311283111572s)
INFO:root:finished calculation h2 4605 (duration 0.11902809143066406s)
INFO:root:calculation <MasterArea 4606> started
INFO:root:finished calculation electrification 4606 (duration 0.11324000358581543s)
INFO:root:finished calculation efuel 4606 (duration 0.10538029670715332s)
INFO:root:finished calculation battery 4606 (duration 77.3884859085083s)
INFO:root:finished calculation optimised_electrification 4606 (duration 226.5269157886505s)
INFO:root:finished calculation diesel 4606 (duration 0.10871386528015137s)
INFO:root:finished calculation efuel 4606 (duration 0.3163750171661377s)
INFO:root:finished calculation h2 4606 (duration 0.10169792175292969s)
INFO:root:calculation <MasterArea 4607> started
INFO:root:finished calculation electrification 4607 (duration 0.10213208198547363s)
INFO:root:finished calculation efuel 4607 (duration 0.09955382347106934s)
INFO:root:finished calculation optimised_electrification 4607 (duration 14.61483097076416s)
INFO:root:finished calculation diesel 4607 (duration 0.10082006454467773s)
INFO:root:finished calculation efuel 4607 (duration 0.2781960964202881s)
INFO:root:calculation <MasterArea 4608> started
INFO:root:finished calculation electrification 4608 (duration 0.1141061782836914s)
INFO:root:finished calculation efuel 4608 (duration 0.10081100463867188s)
INFO:root:finished calculation optimised_electrification 4608 (duration 1.5246760845184326s)
INFO:root:finished calculation diesel 4608 (duration 0.10213708877563477s)
INFO:root:finished calculation efuel 4608 (duration 0.2749927043914795s)
INFO:root:calculation <MasterArea 4609> started
INFO:root:finished calculation electrification 4609 (duration 0.09773588180541992s)
INFO:root:finished calculation efuel 4609 (duration 0.08687162399291992s)
INFO:root:finished calculation optimised_electrification 4609 (duration 0.9398248195648193s)
INFO:root:finished calculation diesel 4609 (duration 0.09033393859863281s)
INFO:root:finished calculation efuel 4609 (duration 0.242218017578125s)
INFO:root:calculation <MasterArea 4610> started
INFO:root:finished calculation electrification 4610 (duration 0.14654302597045898s)
INFO:root:finished calculation efuel 4610 (duration 0.13288402557373047s)
INFO:root:finished calculation battery 4610 (duration 184.647287607193s)
INFO:root:finished calculation optimised_electrification 4610 (duration 508.4000029563904s)
INFO:root:finished calculation diesel 4610 (duration 0.09599184989929199s)
INFO:root:finished calculation efuel 4610 (duration 0.3734719753265381s)
INFO:root:finished calculation h2 4610 (duration 0.12431597709655762s)
INFO:root:calculation <MasterArea 4611> started
INFO:root:finished calculation electrification 4611 (duration 0.10325193405151367s)
INFO:root:finished calculation efuel 4611 (duration 0.09749078750610352s)
INFO:root:finished calculation battery 4611 (duration 81.15208005905151s)
INFO:root:finished calculation optimised_electrification 4611 (duration 139.27716398239136s)
INFO:root:finished calculation diesel 4611 (duration 0.09803390502929688s)
INFO:root:finished calculation efuel 4611 (duration 0.26389122009277344s)
INFO:root:finished calculation h2 4611 (duration 0.0979158878326416s)
INFO:root:calculation <MasterArea 4612> started
INFO:root:finished calculation electrification 4612 (duration 0.11178326606750488s)
INFO:root:finished calculation efuel 4612 (duration 0.10002398490905762s)
INFO:root:finished calculation battery 4612 (duration 155.3109369277954s)
INFO:root:finished calculation optimised_electrification 4612 (duration 262.87337613105774s)
INFO:root:finished calculation diesel 4612 (duration 0.1042947769165039s)
INFO:root:finished calculation efuel 4612 (duration 0.29670095443725586s)
INFO:root:finished calculation h2 4612 (duration 0.09670090675354004s)
INFO:root:calculation <MasterArea 4613> started
INFO:root:finished calculation electrification 4613 (duration 0.10695409774780273s)
INFO:root:finished calculation efuel 4613 (duration 0.0980532169342041s)
INFO:root:finished calculation optimised_electrification 4613 (duration 28.74543261528015s)
INFO:root:finished calculation diesel 4613 (duration 0.10034322738647461s)
INFO:root:finished calculation efuel 4613 (duration 0.2811598777770996s)
INFO:root:calculation <MasterArea 4614> started
INFO:root:finished calculation electrification 4614 (duration 0.20326471328735352s)
INFO:root:finished calculation efuel 4614 (duration 0.15731310844421387s)
INFO:root:finished calculation optimised_electrification 4614 (duration 304.93702006340027s)
INFO:root:finished calculation diesel 4614 (duration 0.14955687522888184s)
INFO:root:finished calculation efuel 4614 (duration 0.5625431537628174s)
INFO:root:calculation <MasterArea 4615> started
INFO:root:finished calculation electrification 4615 (duration 0.1414320468902588s)
INFO:root:finished calculation efuel 4615 (duration 0.09599423408508301s)
INFO:root:finished calculation battery 4615 (duration 76.75104117393494s)
INFO:root:finished calculation optimised_electrification 4615 (duration 108.3574857711792s)
INFO:root:finished calculation diesel 4615 (duration 0.09904837608337402s)
INFO:root:finished calculation efuel 4615 (duration 0.27820515632629395s)
INFO:root:finished calculation h2 4615 (duration 0.09780669212341309s)
INFO:root:calculation <MasterArea 4616> started
INFO:root:finished calculation electrification 4616 (duration 0.09506797790527344s)
INFO:root:finished calculation efuel 4616 (duration 0.0879828929901123s)
INFO:root:finished calculation battery 4616 (duration 33.04113578796387s)
INFO:root:finished calculation optimised_electrification 4616 (duration 35.31988191604614s)
INFO:root:finished calculation diesel 4616 (duration 0.0861968994140625s)
INFO:root:finished calculation efuel 4616 (duration 0.2330167293548584s)
INFO:root:finished calculation h2 4616 (duration 0.09352302551269531s)
INFO:root:calculation <MasterArea 4617> started
INFO:root:finished calculation electrification 4617 (duration 0.11448502540588379s)
INFO:root:finished calculation efuel 4617 (duration 0.10608887672424316s)
INFO:root:finished calculation battery 4617 (duration 129.72353100776672s)
INFO:root:finished calculation optimised_electrification 4617 (duration 261.9918773174286s)
INFO:root:finished calculation diesel 4617 (duration 0.10867571830749512s)
INFO:root:finished calculation efuel 4617 (duration 0.3101513385772705s)
INFO:root:finished calculation h2 4617 (duration 0.0867300033569336s)
INFO:root:calculation <MasterArea 4618> started
INFO:root:finished calculation electrification 4618 (duration 0.08890771865844727s)
INFO:root:finished calculation efuel 4618 (duration 0.08944487571716309s)
INFO:root:finished calculation battery 4618 (duration 6.402220010757446s)
INFO:root:finished calculation optimised_electrification 4618 (duration 7.431942939758301s)
INFO:root:finished calculation diesel 4618 (duration 0.08046412467956543s)
INFO:root:finished calculation efuel 4618 (duration 0.2126328945159912s)
INFO:root:finished calculation h2 4618 (duration 0.08875107765197754s)
INFO:root:calculation <MasterArea 4619> started
INFO:root:finished calculation electrification 4619 (duration 0.09657406806945801s)
INFO:root:finished calculation efuel 4619 (duration 0.08738827705383301s)
INFO:root:finished calculation battery 4619 (duration 52.29641604423523s)
INFO:root:finished calculation optimised_electrification 4619 (duration 152.15890789031982s)
INFO:root:finished calculation diesel 4619 (duration 0.10949182510375977s)
INFO:root:finished calculation efuel 4619 (duration 0.31527018547058105s)
INFO:root:finished calculation h2 4619 (duration 0.1077108383178711s)
INFO:root:calculation <MasterArea 4620> started
INFO:root:finished calculation electrification 4620 (duration 0.1122899055480957s)
INFO:root:finished calculation efuel 4620 (duration 0.09792017936706543s)
INFO:root:finished calculation battery 4620 (duration 57.58806490898132s)
INFO:root:finished calculation optimised_electrification 4620 (duration 86.75781869888306s)
INFO:root:finished calculation diesel 4620 (duration 0.09966206550598145s)
INFO:root:finished calculation efuel 4620 (duration 0.29563426971435547s)
INFO:root:finished calculation h2 4620 (duration 0.0972299575805664s)
INFO:root:calculation <MasterArea 4621> started
INFO:root:finished calculation electrification 4621 (duration 0.09267783164978027s)
INFO:root:finished calculation efuel 4621 (duration 0.08475804328918457s)
INFO:root:finished calculation battery 4621 (duration 12.157219171524048s)
INFO:root:finished calculation optimised_electrification 4621 (duration 13.577932119369507s)
INFO:root:finished calculation diesel 4621 (duration 0.08643889427185059s)
INFO:root:finished calculation efuel 4621 (duration 0.2290182113647461s)
INFO:root:finished calculation h2 4621 (duration 0.08419466018676758s)
INFO:root:calculation <MasterArea 4622> started
INFO:root:finished calculation electrification 4622 (duration 0.13772201538085938s)
INFO:root:finished calculation efuel 4622 (duration 0.12600398063659668s)
INFO:root:finished calculation battery 4622 (duration 134.52945494651794s)
INFO:root:finished calculation optimised_electrification 4622 (duration 375.2287199497223s)
INFO:root:finished calculation diesel 4622 (duration 0.1060478687286377s)
INFO:root:finished calculation efuel 4622 (duration 0.3184959888458252s)
INFO:root:finished calculation h2 4622 (duration 0.09277915954589844s)
INFO:root:calculation <MasterArea 4623> started
INFO:root:finished calculation electrification 4623 (duration 0.11970710754394531s)
INFO:root:finished calculation efuel 4623 (duration 0.09783077239990234s)
INFO:root:finished calculation battery 4623 (duration 189.14946484565735s)
INFO:root:finished calculation optimised_electrification 4623 (duration 575.7652251720428s)
INFO:root:finished calculation diesel 4623 (duration 0.13659000396728516s)
INFO:root:finished calculation efuel 4623 (duration 0.4229869842529297s)
INFO:root:finished calculation h2 4623 (duration 0.12863898277282715s)
INFO:root:calculation <MasterArea 4624> started
INFO:root:finished calculation electrification 4624 (duration 0.09703803062438965s)
INFO:root:finished calculation efuel 4624 (duration 0.09092187881469727s)
INFO:root:finished calculation battery 4624 (duration 28.3214430809021s)
INFO:root:finished calculation optimised_electrification 4624 (duration 52.269700050354004s)
INFO:root:finished calculation diesel 4624 (duration 0.08922076225280762s)
INFO:root:finished calculation efuel 4624 (duration 0.253032922744751s)
INFO:root:finished calculation h2 4624 (duration 0.08980512619018555s)
INFO:root:calculation <MasterArea 4625> started
INFO:root:finished calculation electrification 4625 (duration 0.09515213966369629s)
INFO:root:finished calculation efuel 4625 (duration 0.09141707420349121s)
INFO:root:finished calculation battery 4625 (duration 11.750893115997314s)
INFO:root:finished calculation optimised_electrification 4625 (duration 14.522464036941528s)
INFO:root:finished calculation diesel 4625 (duration 0.0912160873413086s)
INFO:root:finished calculation efuel 4625 (duration 0.24494218826293945s)
INFO:root:finished calculation h2 4625 (duration 0.09150385856628418s)
INFO:root:calculation <MasterArea 4626> started
INFO:root:finished calculation electrification 4626 (duration 0.10945725440979004s)
INFO:root:finished calculation efuel 4626 (duration 0.10378122329711914s)
INFO:root:finished calculation battery 4626 (duration 46.09203505516052s)
INFO:root:finished calculation optimised_electrification 4626 (duration 70.32757496833801s)
INFO:root:finished calculation diesel 4626 (duration 0.1080770492553711s)
INFO:root:finished calculation efuel 4626 (duration 0.3080291748046875s)
INFO:root:finished calculation h2 4626 (duration 0.10526061058044434s)
INFO:root:calculation <MasterArea 4627> started
INFO:root:finished calculation electrification 4627 (duration 0.0985419750213623s)
INFO:root:finished calculation efuel 4627 (duration 0.0890507698059082s)
INFO:root:finished calculation battery 4627 (duration 26.547919034957886s)
INFO:root:finished calculation optimised_electrification 4627 (duration 48.29966473579407s)
INFO:root:finished calculation diesel 4627 (duration 0.09133481979370117s)
INFO:root:finished calculation efuel 4627 (duration 0.24993395805358887s)
INFO:root:finished calculation h2 4627 (duration 0.09064006805419922s)
INFO:root:calculation <MasterArea 4628> started
INFO:root:finished calculation electrification 4628 (duration 0.08814001083374023s)
INFO:root:finished calculation efuel 4628 (duration 0.0845181941986084s)
INFO:root:finished calculation battery 4628 (duration 20.402518033981323s)
INFO:root:finished calculation optimised_electrification 4628 (duration 21.80699872970581s)
INFO:root:finished calculation diesel 4628 (duration 0.08297514915466309s)
INFO:root:finished calculation efuel 4628 (duration 0.23652982711791992s)
INFO:root:finished calculation h2 4628 (duration 0.08955597877502441s)
INFO:root:calculation <MasterArea 4629> started
INFO:root:finished calculation electrification 4629 (duration 0.09384274482727051s)
INFO:root:finished calculation efuel 4629 (duration 0.09177875518798828s)
INFO:root:finished calculation battery 4629 (duration 6.588312149047852s)
INFO:root:finished calculation optimised_electrification 4629 (duration 7.985627889633179s)
INFO:root:finished calculation diesel 4629 (duration 0.0849308967590332s)
INFO:root:finished calculation efuel 4629 (duration 0.23050618171691895s)
INFO:root:finished calculation h2 4629 (duration 0.08682584762573242s)
INFO:root:calculation <MasterArea 4630> started
INFO:root:finished calculation electrification 4630 (duration 0.09893107414245605s)
INFO:root:finished calculation efuel 4630 (duration 0.0943458080291748s)
INFO:root:finished calculation battery 4630 (duration 30.854944944381714s)
INFO:root:finished calculation optimised_electrification 4630 (duration 89.91452097892761s)
INFO:root:finished calculation diesel 4630 (duration 0.09534478187561035s)
INFO:root:finished calculation efuel 4630 (duration 0.27121615409851074s)
INFO:root:finished calculation h2 4630 (duration 0.0982520580291748s)
INFO:root:calculation <MasterArea 4631> started
INFO:root:finished calculation electrification 4631 (duration 0.08765697479248047s)
INFO:root:finished calculation efuel 4631 (duration 0.09026527404785156s)
INFO:root:finished calculation battery 4631 (duration 20.814754009246826s)
INFO:root:finished calculation optimised_electrification 4631 (duration 21.626394033432007s)
INFO:root:finished calculation diesel 4631 (duration 0.08355498313903809s)
INFO:root:finished calculation efuel 4631 (duration 0.2358090877532959s)
INFO:root:finished calculation h2 4631 (duration 0.0865170955657959s)
INFO:root:calculation <MasterArea 4632> started
INFO:root:finished calculation electrification 4632 (duration 0.10765910148620605s)
INFO:root:finished calculation efuel 4632 (duration 0.09487676620483398s)
INFO:root:finished calculation battery 4632 (duration 87.17681670188904s)
INFO:root:finished calculation optimised_electrification 4632 (duration 117.06357097625732s)
INFO:root:finished calculation diesel 4632 (duration 0.09568285942077637s)
INFO:root:finished calculation efuel 4632 (duration 0.2845590114593506s)
INFO:root:finished calculation h2 4632 (duration 0.09100103378295898s)
INFO:root:calculation <MasterArea 4633> started
INFO:root:finished calculation electrification 4633 (duration 0.10090279579162598s)
INFO:root:finished calculation efuel 4633 (duration 0.0932610034942627s)
INFO:root:finished calculation battery 4633 (duration 64.57808685302734s)
INFO:root:finished calculation optimised_electrification 4633 (duration 237.836088180542s)
INFO:root:finished calculation diesel 4633 (duration 0.09666991233825684s)
INFO:root:finished calculation efuel 4633 (duration 0.27526211738586426s)
INFO:root:finished calculation h2 4633 (duration 0.09311103820800781s)
INFO:root:calculation <MasterArea 4634> started
INFO:root:finished calculation electrification 4634 (duration 0.11537504196166992s)
INFO:root:finished calculation efuel 4634 (duration 0.10274577140808105s)
INFO:root:finished calculation battery 4634 (duration 131.609965801239s)
INFO:root:Catenary in Mayen Ost for 36157 is too long 1430m
INFO:root:finished calculation optimised_electrification 4634 (duration 309.02819991111755s)
INFO:root:finished calculation diesel 4634 (duration 0.12379026412963867s)
INFO:root:finished calculation efuel 4634 (duration 0.37215209007263184s)
INFO:root:finished calculation h2 4634 (duration 0.12190079689025879s)
INFO:root:calculation <MasterArea 4635> started
INFO:root:finished calculation electrification 4635 (duration 0.09844088554382324s)
INFO:root:finished calculation efuel 4635 (duration 0.09488511085510254s)
INFO:root:finished calculation battery 4635 (duration 15.36940884590149s)
INFO:root:finished calculation optimised_electrification 4635 (duration 17.198970794677734s)
INFO:root:finished calculation diesel 4635 (duration 0.09758591651916504s)
INFO:root:finished calculation efuel 4635 (duration 0.2700793743133545s)
INFO:root:finished calculation h2 4635 (duration 0.09551787376403809s)
INFO:root:calculation <MasterArea 4636> started
INFO:root:finished calculation electrification 4636 (duration 0.10249114036560059s)
INFO:root:finished calculation efuel 4636 (duration 0.09459304809570312s)
INFO:root:finished calculation optimised_electrification 4636 (duration 55.06448698043823s)
INFO:root:finished calculation diesel 4636 (duration 0.09657907485961914s)
INFO:root:finished calculation efuel 4636 (duration 0.2655818462371826s)
INFO:root:calculation <MasterArea 4637> started
INFO:root:finished calculation electrification 4637 (duration 0.10286879539489746s)
INFO:root:finished calculation efuel 4637 (duration 0.09083700180053711s)
INFO:root:finished calculation battery 4637 (duration 42.4990668296814s)
INFO:root:finished calculation optimised_electrification 4637 (duration 85.93970394134521s)
INFO:root:finished calculation diesel 4637 (duration 0.09039592742919922s)
INFO:root:finished calculation efuel 4637 (duration 0.2521629333496094s)
INFO:root:finished calculation h2 4637 (duration 0.09222006797790527s)
INFO:root:calculation <MasterArea 4638> started
INFO:root:finished calculation electrification 4638 (duration 0.09649801254272461s)
INFO:root:finished calculation efuel 4638 (duration 0.08567285537719727s)
INFO:root:finished calculation battery 4638 (duration 6.261703968048096s)
INFO:root:finished calculation optimised_electrification 4638 (duration 7.535833120346069s)
INFO:root:finished calculation diesel 4638 (duration 0.08343625068664551s)
INFO:root:finished calculation efuel 4638 (duration 0.22577691078186035s)
INFO:root:finished calculation h2 4638 (duration 0.08746504783630371s)
INFO:root:calculation <MasterArea 4639> started
INFO:root:finished calculation electrification 4639 (duration 0.09116578102111816s)
INFO:root:finished calculation efuel 4639 (duration 0.08786892890930176s)
INFO:root:finished calculation battery 4639 (duration 6.822738885879517s)
INFO:root:finished calculation optimised_electrification 4639 (duration 8.539576053619385s)
INFO:root:finished calculation diesel 4639 (duration 0.08755826950073242s)
INFO:root:finished calculation efuel 4639 (duration 0.25232601165771484s)
INFO:root:finished calculation h2 4639 (duration 0.09035325050354004s)
INFO:root:calculation <MasterArea 4640> started
INFO:root:finished calculation electrification 4640 (duration 0.09495878219604492s)
INFO:root:finished calculation efuel 4640 (duration 0.08944821357727051s)
INFO:root:finished calculation battery 4640 (duration 14.142292022705078s)
INFO:root:finished calculation optimised_electrification 4640 (duration 29.721194982528687s)
INFO:root:finished calculation diesel 4640 (duration 0.0916588306427002s)
INFO:root:finished calculation efuel 4640 (duration 0.2476820945739746s)
INFO:root:finished calculation h2 4640 (duration 0.08653712272644043s)
INFO:root:calculation <MasterArea 4641> started
INFO:root:finished calculation electrification 4641 (duration 0.09665799140930176s)
INFO:root:finished calculation efuel 4641 (duration 0.09393191337585449s)
INFO:root:finished calculation battery 4641 (duration 17.80976915359497s)
INFO:root:finished calculation optimised_electrification 4641 (duration 28.93105721473694s)
INFO:root:finished calculation diesel 4641 (duration 0.09529280662536621s)
INFO:root:finished calculation efuel 4641 (duration 0.26324987411499023s)
INFO:root:finished calculation h2 4641 (duration 0.09415411949157715s)
INFO:root:calculation <MasterArea 4642> started
INFO:root:finished calculation electrification 4642 (duration 0.10023307800292969s)
INFO:root:finished calculation efuel 4642 (duration 0.09441781044006348s)
INFO:root:finished calculation battery 4642 (duration 37.12421107292175s)
INFO:root:finished calculation optimised_electrification 4642 (duration 96.5124192237854s)
INFO:root:finished calculation diesel 4642 (duration 0.0973517894744873s)
INFO:root:finished calculation efuel 4642 (duration 0.26798486709594727s)
INFO:root:finished calculation h2 4642 (duration 0.0946199893951416s)
INFO:root:calculation <MasterArea 4643> started
INFO:root:finished calculation electrification 4643 (duration 0.16713190078735352s)
INFO:root:finished calculation efuel 4643 (duration 0.13738679885864258s)
INFO:root:finished calculation optimised_electrification 4643 (duration 583.4040088653564s)
INFO:root:finished calculation diesel 4643 (duration 0.12996768951416016s)
INFO:root:finished calculation efuel 4643 (duration 0.4224269390106201s)
INFO:root:calculation <MasterArea 4644> started
INFO:root:finished calculation electrification 4644 (duration 0.13387203216552734s)
INFO:root:finished calculation efuel 4644 (duration 0.09301996231079102s)
INFO:root:finished calculation battery 4644 (duration 31.74415683746338s)
INFO:root:finished calculation optimised_electrification 4644 (duration 47.22520303726196s)
INFO:root:finished calculation diesel 4644 (duration 0.09594392776489258s)
INFO:root:finished calculation efuel 4644 (duration 0.23242425918579102s)
INFO:root:finished calculation h2 4644 (duration 0.09379410743713379s)
INFO:root:calculation <MasterArea 4645> started
INFO:root:finished calculation electrification 4645 (duration 0.09992098808288574s)
INFO:root:finished calculation efuel 4645 (duration 0.0925438404083252s)
INFO:root:finished calculation battery 4645 (duration 63.65163993835449s)
INFO:root:finished calculation optimised_electrification 4645 (duration 120.14973497390747s)
INFO:root:finished calculation diesel 4645 (duration 0.09326696395874023s)
INFO:root:finished calculation efuel 4645 (duration 0.2500190734863281s)
INFO:root:finished calculation h2 4645 (duration 0.09435105323791504s)
INFO:root:calculation <MasterArea 4646> started
INFO:root:finished calculation electrification 4646 (duration 0.09338712692260742s)
INFO:root:finished calculation efuel 4646 (duration 0.08772134780883789s)
INFO:root:finished calculation battery 4646 (duration 14.37770700454712s)
INFO:root:finished calculation optimised_electrification 4646 (duration 26.63487982749939s)
INFO:root:finished calculation diesel 4646 (duration 0.08740901947021484s)
INFO:root:finished calculation efuel 4646 (duration 0.2324690818786621s)
INFO:root:finished calculation h2 4646 (duration 0.08881497383117676s)
INFO:root:calculation <MasterArea 4647> started
INFO:root:finished calculation electrification 4647 (duration 0.09151411056518555s)
INFO:root:finished calculation efuel 4647 (duration 0.09053993225097656s)
INFO:root:finished calculation battery 4647 (duration 5.970075845718384s)
INFO:root:finished calculation optimised_electrification 4647 (duration 6.700042009353638s)
INFO:root:finished calculation diesel 4647 (duration 0.08028697967529297s)
INFO:root:finished calculation efuel 4647 (duration 0.22838497161865234s)
INFO:root:finished calculation h2 4647 (duration 0.09160399436950684s)
INFO:root:calculation <MasterArea 4648> started
INFO:root:finished calculation electrification 4648 (duration 0.0935220718383789s)
INFO:root:finished calculation efuel 4648 (duration 0.08175826072692871s)
INFO:root:finished calculation battery 4648 (duration 12.910742998123169s)
INFO:root:finished calculation optimised_electrification 4648 (duration 14.569086074829102s)
INFO:root:finished calculation diesel 4648 (duration 0.08270907402038574s)
INFO:root:finished calculation efuel 4648 (duration 0.22862625122070312s)
INFO:root:finished calculation h2 4648 (duration 0.08675098419189453s)
INFO:root:calculation <MasterArea 4649> started
INFO:root:finished calculation electrification 4649 (duration 0.09395408630371094s)
INFO:root:finished calculation efuel 4649 (duration 0.09044027328491211s)
INFO:root:finished calculation battery 4649 (duration 16.671392917633057s)
INFO:root:finished calculation optimised_electrification 4649 (duration 18.220733165740967s)
INFO:root:finished calculation diesel 4649 (duration 0.08236384391784668s)
INFO:root:finished calculation efuel 4649 (duration 0.23932790756225586s)
INFO:root:finished calculation h2 4649 (duration 0.08521509170532227s)
INFO:root:calculation <MasterArea 4650> started
INFO:root:finished calculation electrification 4650 (duration 0.09133005142211914s)
INFO:root:finished calculation efuel 4650 (duration 0.09019708633422852s)
INFO:root:finished calculation battery 4650 (duration 40.24442505836487s)
INFO:root:finished calculation optimised_electrification 4650 (duration 43.03032875061035s)
INFO:root:finished calculation diesel 4650 (duration 0.08354616165161133s)
INFO:root:finished calculation efuel 4650 (duration 0.24246501922607422s)
INFO:root:finished calculation h2 4650 (duration 0.08640098571777344s)
INFO:root:calculation <MasterArea 4651> started
INFO:root:finished calculation electrification 4651 (duration 0.09131407737731934s)
INFO:root:finished calculation efuel 4651 (duration 0.0892019271850586s)
INFO:root:finished calculation battery 4651 (duration 8.533782720565796s)
INFO:root:finished calculation optimised_electrification 4651 (duration 10.098605155944824s)
INFO:root:finished calculation diesel 4651 (duration 0.08635592460632324s)
INFO:root:finished calculation efuel 4651 (duration 0.24566197395324707s)
INFO:root:finished calculation h2 4651 (duration 0.08775973320007324s)
INFO:root:calculation <MasterArea 4652> started
INFO:root:finished calculation electrification 4652 (duration 0.0873560905456543s)
INFO:root:finished calculation efuel 4652 (duration 0.08609580993652344s)
INFO:root:finished calculation battery 4652 (duration 17.09445571899414s)
INFO:root:finished calculation optimised_electrification 4652 (duration 17.94063401222229s)
INFO:root:finished calculation diesel 4652 (duration 0.08146834373474121s)
INFO:root:finished calculation efuel 4652 (duration 0.22435379028320312s)
INFO:root:finished calculation h2 4652 (duration 0.08032584190368652s)
INFO:root:calculation <MasterArea 4653> started
INFO:root:finished calculation electrification 4653 (duration 0.08979105949401855s)
INFO:root:finished calculation efuel 4653 (duration 0.08515310287475586s)
INFO:root:finished calculation battery 4653 (duration 7.330902099609375s)
INFO:root:finished calculation optimised_electrification 4653 (duration 8.592144966125488s)
INFO:root:finished calculation diesel 4653 (duration 0.08252215385437012s)
INFO:root:finished calculation efuel 4653 (duration 0.24145793914794922s)
INFO:root:finished calculation h2 4653 (duration 0.08547782897949219s)
INFO:root:calculation <MasterArea 4654> started
INFO:root:finished calculation electrification 4654 (duration 0.08618807792663574s)
INFO:root:finished calculation efuel 4654 (duration 0.08703827857971191s)
INFO:root:finished calculation battery 4654 (duration 11.967006921768188s)
INFO:root:finished calculation optimised_electrification 4654 (duration 12.923524856567383s)
INFO:root:finished calculation diesel 4654 (duration 0.08355236053466797s)
INFO:root:finished calculation efuel 4654 (duration 0.22527289390563965s)
INFO:root:finished calculation h2 4654 (duration 0.09010505676269531s)
INFO:root:calculation <MasterArea 4655> started
INFO:root:finished calculation electrification 4655 (duration 0.0861198902130127s)
INFO:root:finished calculation efuel 4655 (duration 0.0901801586151123s)
INFO:root:finished calculation battery 4655 (duration 4.648529052734375s)
INFO:root:finished calculation optimised_electrification 4655 (duration 5.832199811935425s)
INFO:root:finished calculation diesel 4655 (duration 0.08216691017150879s)
INFO:root:finished calculation efuel 4655 (duration 0.23769593238830566s)
INFO:root:finished calculation h2 4655 (duration 0.08533287048339844s)
INFO:root:calculation <MasterArea 4656> started
INFO:root:finished calculation electrification 4656 (duration 0.08819413185119629s)
INFO:root:finished calculation efuel 4656 (duration 0.08857011795043945s)
INFO:root:finished calculation battery 4656 (duration 4.381867170333862s)
INFO:root:finished calculation optimised_electrification 4656 (duration 5.896740913391113s)
INFO:root:finished calculation diesel 4656 (duration 0.08233308792114258s)
INFO:root:finished calculation efuel 4656 (duration 0.23058319091796875s)
INFO:root:finished calculation h2 4656 (duration 0.08805298805236816s)
INFO:root:calculation <MasterArea 4657> started
INFO:root:finished calculation electrification 4657 (duration 0.08929014205932617s)
INFO:root:finished calculation efuel 4657 (duration 0.08891415596008301s)
INFO:root:finished calculation battery 4657 (duration 21.348127841949463s)
INFO:root:finished calculation optimised_electrification 4657 (duration 22.49802803993225s)
INFO:root:finished calculation diesel 4657 (duration 0.09006786346435547s)
INFO:root:finished calculation efuel 4657 (duration 0.24303817749023438s)
INFO:root:finished calculation h2 4657 (duration 0.0896310806274414s)
INFO:root:calculation <MasterArea 4658> started
INFO:root:finished calculation electrification 4658 (duration 0.10037922859191895s)
INFO:root:finished calculation efuel 4658 (duration 0.08896112442016602s)
INFO:root:finished calculation battery 4658 (duration 43.931710958480835s)
ERROR:root:For TimetableLine 2167 HE35.b_N there is a one_cycle_problem on the backward path which can't be solved yet
INFO:root:finished calculation optimised_electrification 4658 (duration 54.71289396286011s)
INFO:root:finished calculation diesel 4658 (duration 0.08886289596557617s)
INFO:root:finished calculation efuel 4658 (duration 0.24201416969299316s)
INFO:root:finished calculation h2 4658 (duration 0.09019994735717773s)
INFO:root:calculation <MasterArea 4659> started
INFO:root:finished calculation electrification 4659 (duration 0.0926198959350586s)
INFO:root:finished calculation efuel 4659 (duration 0.08832478523254395s)
INFO:root:finished calculation battery 4659 (duration 22.906797170639038s)
INFO:root:finished calculation optimised_electrification 4659 (duration 23.602118015289307s)
INFO:root:finished calculation diesel 4659 (duration 0.0821533203125s)
INFO:root:finished calculation efuel 4659 (duration 0.2255077362060547s)
INFO:root:finished calculation h2 4659 (duration 0.08536791801452637s)
INFO:root:calculation <MasterArea 4660> started
INFO:root:finished calculation electrification 4660 (duration 0.09260797500610352s)
INFO:root:finished calculation efuel 4660 (duration 0.08162474632263184s)
INFO:root:finished calculation battery 4660 (duration 20.016026973724365s)
INFO:root:finished calculation optimised_electrification 4660 (duration 22.228359937667847s)
INFO:root:finished calculation diesel 4660 (duration 0.08312273025512695s)
INFO:root:finished calculation efuel 4660 (duration 0.21812677383422852s)
INFO:root:finished calculation h2 4660 (duration 0.09042882919311523s)
INFO:root:calculation <MasterArea 4661> started
INFO:root:finished calculation electrification 4661 (duration 0.10617804527282715s)
INFO:root:finished calculation efuel 4661 (duration 0.10757780075073242s)
INFO:root:finished calculation battery 4661 (duration 88.30395412445068s)
INFO:root:finished calculation optimised_electrification 4661 (duration 106.22157216072083s)
INFO:root:finished calculation diesel 4661 (duration 0.10789299011230469s)
INFO:root:finished calculation efuel 4661 (duration 0.2953758239746094s)
INFO:root:finished calculation h2 4661 (duration 0.1083078384399414s)
INFO:root:calculation <MasterArea 4662> started
INFO:root:finished calculation electrification 4662 (duration 0.11921525001525879s)
INFO:root:finished calculation efuel 4662 (duration 0.10305404663085938s)
INFO:root:finished calculation battery 4662 (duration 33.27470016479492s)
INFO:root:finished calculation optimised_electrification 4662 (duration 50.861822843551636s)
INFO:root:finished calculation diesel 4662 (duration 0.11139392852783203s)
INFO:root:finished calculation efuel 4662 (duration 0.29900217056274414s)
INFO:root:finished calculation h2 4662 (duration 0.10371565818786621s)
INFO:root:calculation <MasterArea 4663> started
INFO:root:finished calculation electrification 4663 (duration 0.09438395500183105s)
INFO:root:finished calculation efuel 4663 (duration 0.09162116050720215s)
INFO:root:finished calculation battery 4663 (duration 9.172705888748169s)
INFO:root:finished calculation optimised_electrification 4663 (duration 10.76514196395874s)
INFO:root:finished calculation diesel 4663 (duration 0.09077596664428711s)
INFO:root:finished calculation efuel 4663 (duration 0.26460790634155273s)
INFO:root:finished calculation h2 4663 (duration 0.09104108810424805s)
INFO:root:calculation <MasterArea 4664> started
INFO:root:finished calculation electrification 4664 (duration 0.09778499603271484s)
INFO:root:finished calculation efuel 4664 (duration 0.09236621856689453s)
INFO:root:finished calculation battery 4664 (duration 31.086829900741577s)
INFO:root:finished calculation optimised_electrification 4664 (duration 49.188130140304565s)
INFO:root:finished calculation diesel 4664 (duration 0.09460902214050293s)
INFO:root:finished calculation efuel 4664 (duration 0.2601280212402344s)
INFO:root:finished calculation h2 4664 (duration 0.08983492851257324s)
INFO:root:calculation <MasterArea 4665> started
INFO:root:finished calculation electrification 4665 (duration 0.09168696403503418s)
INFO:root:finished calculation efuel 4665 (duration 0.08282089233398438s)
INFO:root:finished calculation battery 4665 (duration 12.277651071548462s)
INFO:root:finished calculation optimised_electrification 4665 (duration 14.64186978340149s)
INFO:root:finished calculation diesel 4665 (duration 0.07961773872375488s)
INFO:root:finished calculation efuel 4665 (duration 0.2161729335784912s)
INFO:root:finished calculation h2 4665 (duration 0.08258318901062012s)
INFO:root:calculation <MasterArea 4666> started
INFO:root:finished calculation electrification 4666 (duration 0.09053421020507812s)
INFO:root:finished calculation efuel 4666 (duration 0.08330583572387695s)
INFO:root:finished calculation battery 4666 (duration 14.618382215499878s)
INFO:root:finished calculation optimised_electrification 4666 (duration 16.29427981376648s)
INFO:root:finished calculation diesel 4666 (duration 0.08186793327331543s)
INFO:root:finished calculation efuel 4666 (duration 0.2248849868774414s)
INFO:root:finished calculation h2 4666 (duration 0.08229994773864746s)
INFO:root:calculation <MasterArea 4667> started
INFO:root:finished calculation electrification 4667 (duration 0.08504080772399902s)
INFO:root:finished calculation efuel 4667 (duration 0.08236312866210938s)
INFO:root:finished calculation battery 4667 (duration 4.599614143371582s)
INFO:root:finished calculation optimised_electrification 4667 (duration 5.794062852859497s)
INFO:root:finished calculation diesel 4667 (duration 0.07885003089904785s)
INFO:root:finished calculation efuel 4667 (duration 0.22751188278198242s)
INFO:root:finished calculation h2 4667 (duration 0.0842900276184082s)
INFO:root:calculation <MasterArea 4668> started
INFO:root:finished calculation electrification 4668 (duration 0.1104121208190918s)
INFO:root:finished calculation efuel 4668 (duration 0.09294533729553223s)
INFO:root:finished calculation battery 4668 (duration 49.3878710269928s)
INFO:root:finished calculation optimised_electrification 4668 (duration 72.96604108810425s)
INFO:root:finished calculation diesel 4668 (duration 0.09616899490356445s)
INFO:root:finished calculation efuel 4668 (duration 0.2776508331298828s)
INFO:root:finished calculation h2 4668 (duration 0.09426307678222656s)
INFO:root:calculation <MasterArea 4669> started
INFO:root:finished calculation electrification 4669 (duration 0.08756899833679199s)
INFO:root:finished calculation efuel 4669 (duration 0.08664321899414062s)
INFO:root:finished calculation battery 4669 (duration 25.688743829727173s)
INFO:root:finished calculation optimised_electrification 4669 (duration 45.4630913734436s)
INFO:root:finished calculation diesel 4669 (duration 0.08748698234558105s)
INFO:root:finished calculation efuel 4669 (duration 0.23317599296569824s)
INFO:root:finished calculation h2 4669 (duration 0.08756017684936523s)
INFO:root:calculation <MasterArea 4670> started
INFO:root:finished calculation electrification 4670 (duration 0.08818316459655762s)
INFO:root:finished calculation efuel 4670 (duration 0.09079599380493164s)
INFO:root:finished calculation battery 4670 (duration 4.477997064590454s)
INFO:root:finished calculation optimised_electrification 4670 (duration 5.774277210235596s)
INFO:root:finished calculation diesel 4670 (duration 0.08121609687805176s)
INFO:root:finished calculation efuel 4670 (duration 0.22454190254211426s)
INFO:root:finished calculation h2 4670 (duration 0.08392024040222168s)
INFO:root:calculation <MasterArea 4671> started
INFO:root:finished calculation electrification 4671 (duration 0.09223389625549316s)
INFO:root:finished calculation efuel 4671 (duration 0.09238100051879883s)
INFO:root:finished calculation battery 4671 (duration 92.67073011398315s)
INFO:root:finished calculation optimised_electrification 4671 (duration 94.50673174858093s)
INFO:root:finished calculation diesel 4671 (duration 0.09054112434387207s)
INFO:root:finished calculation efuel 4671 (duration 0.2714662551879883s)
INFO:root:finished calculation h2 4671 (duration 0.09347820281982422s)
INFO:root:calculation <MasterArea 4672> started
INFO:root:finished calculation electrification 4672 (duration 0.08962678909301758s)
INFO:root:finished calculation efuel 4672 (duration 0.08419990539550781s)
INFO:root:finished calculation battery 4672 (duration 9.691273927688599s)
INFO:root:finished calculation optimised_electrification 4672 (duration 11.000115871429443s)
INFO:root:finished calculation diesel 4672 (duration 0.08065414428710938s)
INFO:root:finished calculation efuel 4672 (duration 0.21970510482788086s)
INFO:root:finished calculation h2 4672 (duration 0.08469414710998535s)
INFO:root:calculation <MasterArea 4673> started
INFO:root:finished calculation electrification 4673 (duration 0.09301900863647461s)
INFO:root:finished calculation efuel 4673 (duration 0.08357810974121094s)
INFO:root:finished calculation battery 4673 (duration 9.745627880096436s)
INFO:root:finished calculation optimised_electrification 4673 (duration 11.84407114982605s)
INFO:root:finished calculation diesel 4673 (duration 0.08320784568786621s)
INFO:root:finished calculation efuel 4673 (duration 0.22025489807128906s)
INFO:root:finished calculation h2 4673 (duration 0.08151602745056152s)
INFO:root:calculation <MasterArea 4674> started
INFO:root:finished calculation electrification 4674 (duration 0.09398603439331055s)
INFO:root:finished calculation efuel 4674 (duration 0.08399295806884766s)
INFO:root:finished calculation battery 4674 (duration 13.604854583740234s)
INFO:root:finished calculation optimised_electrification 4674 (duration 15.66969609260559s)
INFO:root:finished calculation diesel 4674 (duration 0.08156394958496094s)
INFO:root:finished calculation efuel 4674 (duration 0.23659896850585938s)
INFO:root:finished calculation h2 4674 (duration 0.08411908149719238s)
INFO:root:calculation <MasterArea 4675> started
INFO:root:finished calculation electrification 4675 (duration 0.0885610580444336s)
INFO:root:finished calculation efuel 4675 (duration 0.08271002769470215s)
INFO:root:finished calculation battery 4675 (duration 5.013037204742432s)
INFO:root:finished calculation optimised_electrification 4675 (duration 6.400298833847046s)
INFO:root:finished calculation diesel 4675 (duration 0.08188605308532715s)
INFO:root:finished calculation efuel 4675 (duration 0.23444318771362305s)
INFO:root:finished calculation h2 4675 (duration 0.09219789505004883s)
INFO:root:calculation <MasterArea 4676> started
INFO:root:finished calculation electrification 4676 (duration 0.09867215156555176s)
INFO:root:finished calculation efuel 4676 (duration 0.08321595191955566s)
INFO:root:finished calculation battery 4676 (duration 15.769943952560425s)
INFO:root:finished calculation optimised_electrification 4676 (duration 19.431734085083008s)
INFO:root:finished calculation diesel 4676 (duration 0.08185601234436035s)
INFO:root:finished calculation efuel 4676 (duration 0.2176671028137207s)
INFO:root:finished calculation h2 4676 (duration 0.08965277671813965s)
INFO:root:calculation <MasterArea 4677> started
INFO:root:finished calculation electrification 4677 (duration 0.08701205253601074s)
INFO:root:finished calculation efuel 4677 (duration 0.0811319351196289s)
INFO:root:finished calculation battery 4677 (duration 10.787079095840454s)
INFO:root:finished calculation optimised_electrification 4677 (duration 11.889403820037842s)
INFO:root:finished calculation diesel 4677 (duration 0.07976698875427246s)
INFO:root:finished calculation efuel 4677 (duration 0.2286221981048584s)
INFO:root:finished calculation h2 4677 (duration 0.08859801292419434s)
INFO:root:calculation <MasterArea 4678> started
INFO:root:finished calculation electrification 4678 (duration 0.08718681335449219s)
INFO:root:finished calculation efuel 4678 (duration 0.08720111846923828s)
INFO:root:finished calculation optimised_electrification 4678 (duration 1.2758688926696777s)
INFO:root:finished calculation diesel 4678 (duration 0.08339619636535645s)
INFO:root:finished calculation efuel 4678 (duration 0.22208404541015625s)
INFO:root:calculation <MasterArea 4679> started
INFO:root:finished calculation electrification 4679 (duration 0.07895112037658691s)
INFO:root:finished calculation efuel 4679 (duration 0.08598804473876953s)
INFO:root:finished calculation battery 4679 (duration 16.470563888549805s)
INFO:root:finished calculation optimised_electrification 4679 (duration 17.437307119369507s)
INFO:root:finished calculation diesel 4679 (duration 0.07988405227661133s)
INFO:root:finished calculation efuel 4679 (duration 0.23542499542236328s)
INFO:root:finished calculation h2 4679 (duration 0.08881998062133789s)
INFO:root:calculation <MasterArea 4680> started
INFO:root:finished calculation electrification 4680 (duration 0.08719205856323242s)
INFO:root:finished calculation efuel 4680 (duration 0.08371615409851074s)
INFO:root:finished calculation battery 4680 (duration 11.731591939926147s)
INFO:root:finished calculation optimised_electrification 4680 (duration 13.043221950531006s)
INFO:root:finished calculation diesel 4680 (duration 0.08025717735290527s)
INFO:root:finished calculation efuel 4680 (duration 0.22155427932739258s)
INFO:root:finished calculation h2 4680 (duration 0.09093713760375977s)
INFO:root:calculation <MasterArea 4681> started
INFO:root:finished calculation electrification 4681 (duration 0.0909719467163086s)
INFO:root:finished calculation efuel 4681 (duration 0.08719730377197266s)
INFO:root:finished calculation battery 4681 (duration 38.4905149936676s)
INFO:root:finished calculation optimised_electrification 4681 (duration 39.664358139038086s)
INFO:root:finished calculation diesel 4681 (duration 0.08806395530700684s)
INFO:root:finished calculation efuel 4681 (duration 0.2322680950164795s)
INFO:root:finished calculation h2 4681 (duration 0.0862269401550293s)
INFO:root:calculation <MasterArea 4682> started
INFO:root:finished calculation electrification 4682 (duration 0.09177827835083008s)
INFO:root:finished calculation efuel 4682 (duration 0.08983993530273438s)
INFO:root:finished calculation battery 4682 (duration 9.595011234283447s)
INFO:root:finished calculation optimised_electrification 4682 (duration 10.758716821670532s)
INFO:root:finished calculation diesel 4682 (duration 0.08045387268066406s)
INFO:root:finished calculation efuel 4682 (duration 0.23337578773498535s)
INFO:root:finished calculation h2 4682 (duration 0.08943486213684082s)
INFO:root:calculation <MasterArea 4683> started
INFO:root:finished calculation electrification 4683 (duration 0.0875089168548584s)
INFO:root:finished calculation efuel 4683 (duration 0.08736920356750488s)
INFO:root:finished calculation battery 4683 (duration 4.286898851394653s)
INFO:root:finished calculation optimised_electrification 4683 (duration 5.577395915985107s)
INFO:root:finished calculation diesel 4683 (duration 0.0806741714477539s)
INFO:root:finished calculation efuel 4683 (duration 0.2295539379119873s)
INFO:root:finished calculation h2 4683 (duration 0.0830070972442627s)
INFO:root:calculation <MasterArea 4684> started
INFO:root:finished calculation electrification 4684 (duration 0.08723831176757812s)
INFO:root:finished calculation efuel 4684 (duration 0.08912277221679688s)
INFO:root:finished calculation battery 4684 (duration 11.402678966522217s)
INFO:root:finished calculation optimised_electrification 4684 (duration 12.634405136108398s)
INFO:root:finished calculation diesel 4684 (duration 0.07958483695983887s)
INFO:root:finished calculation efuel 4684 (duration 0.22329068183898926s)
INFO:root:finished calculation h2 4684 (duration 0.08872318267822266s)
INFO:root:calculation <MasterArea 4685> started
INFO:root:finished calculation electrification 4685 (duration 0.08467388153076172s)
INFO:root:finished calculation efuel 4685 (duration 0.08350801467895508s)
INFO:root:finished calculation battery 4685 (duration 11.852170944213867s)
INFO:root:finished calculation optimised_electrification 4685 (duration 12.975455045700073s)
INFO:root:finished calculation diesel 4685 (duration 0.08044195175170898s)
INFO:root:finished calculation efuel 4685 (duration 0.2343730926513672s)
INFO:root:finished calculation h2 4685 (duration 0.08243989944458008s)
INFO:root:calculation <MasterArea 4686> started
INFO:root:finished calculation electrification 4686 (duration 0.09987020492553711s)
INFO:root:finished calculation efuel 4686 (duration 0.09299707412719727s)
INFO:root:finished calculation optimised_electrification 4686 (duration 1.958085060119629s)
INFO:root:finished calculation diesel 4686 (duration 0.09562897682189941s)
INFO:root:finished calculation efuel 4686 (duration 0.27631115913391113s)
INFO:root:calculation <MasterArea 4687> started
INFO:root:finished calculation electrification 4687 (duration 0.0994729995727539s)
INFO:root:finished calculation efuel 4687 (duration 0.08843994140625s)
INFO:root:finished calculation battery 4687 (duration 13.439354181289673s)
INFO:root:finished calculation optimised_electrification 4687 (duration 15.658791065216064s)
INFO:root:finished calculation diesel 4687 (duration 0.07848620414733887s)
INFO:root:finished calculation efuel 4687 (duration 0.2276909351348877s)
INFO:root:finished calculation h2 4687 (duration 0.08906173706054688s)
INFO:root:calculation <MasterArea 4688> started
INFO:root:finished calculation electrification 4688 (duration 0.09117960929870605s)
INFO:root:finished calculation efuel 4688 (duration 0.08644509315490723s)
INFO:root:finished calculation battery 4688 (duration 7.422475099563599s)
INFO:root:finished calculation optimised_electrification 4688 (duration 8.151156902313232s)
INFO:root:finished calculation diesel 4688 (duration 0.0747992992401123s)
INFO:root:finished calculation efuel 4688 (duration 0.2145380973815918s)
INFO:root:finished calculation h2 4688 (duration 0.08602285385131836s)
INFO:root:calculation <MasterArea 4689> started
INFO:root:finished calculation electrification 4689 (duration 0.09265398979187012s)
INFO:root:finished calculation efuel 4689 (duration 0.0885610580444336s)
INFO:root:finished calculation battery 4689 (duration 8.723300218582153s)
INFO:root:finished calculation optimised_electrification 4689 (duration 10.388240814208984s)
INFO:root:finished calculation diesel 4689 (duration 0.08074307441711426s)
INFO:root:finished calculation efuel 4689 (duration 0.23696589469909668s)
INFO:root:finished calculation h2 4689 (duration 0.08369207382202148s)
INFO:root:calculation <MasterArea 4690> started
INFO:root:finished calculation electrification 4690 (duration 0.08645296096801758s)
INFO:root:finished calculation efuel 4690 (duration 0.08762192726135254s)
INFO:root:finished calculation battery 4690 (duration 15.317571640014648s)
INFO:root:finished calculation optimised_electrification 4690 (duration 16.272635221481323s)
INFO:root:finished calculation diesel 4690 (duration 0.07756638526916504s)
INFO:root:finished calculation efuel 4690 (duration 0.2162470817565918s)
INFO:root:finished calculation h2 4690 (duration 0.08589887619018555s)
INFO:root:calculation <MasterArea 4691> started
INFO:root:finished calculation electrification 4691 (duration 0.09203100204467773s)
INFO:root:finished calculation efuel 4691 (duration 0.08475208282470703s)
INFO:root:finished calculation battery 4691 (duration 5.280021905899048s)
INFO:root:finished calculation optimised_electrification 4691 (duration 6.666218042373657s)
INFO:root:finished calculation diesel 4691 (duration 0.08032512664794922s)
INFO:root:finished calculation efuel 4691 (duration 0.23865127563476562s)
INFO:root:finished calculation h2 4691 (duration 0.08389997482299805s)
INFO:root:calculation <MasterArea 4692> started
INFO:root:finished calculation electrification 4692 (duration 0.08591794967651367s)
INFO:root:finished calculation efuel 4692 (duration 0.08767318725585938s)
INFO:root:finished calculation battery 4692 (duration 12.97960114479065s)
INFO:root:finished calculation optimised_electrification 4692 (duration 14.205797672271729s)
INFO:root:finished calculation diesel 4692 (duration 0.08208894729614258s)
INFO:root:finished calculation efuel 4692 (duration 0.2204608917236328s)
INFO:root:finished calculation h2 4692 (duration 0.08323192596435547s)
INFO:root:calculation <MasterArea 4693> started
INFO:root:finished calculation electrification 4693 (duration 0.09081792831420898s)
INFO:root:finished calculation efuel 4693 (duration 0.08597207069396973s)
INFO:root:finished calculation battery 4693 (duration 8.653808832168579s)
INFO:root:finished calculation optimised_electrification 4693 (duration 9.881524085998535s)
INFO:root:finished calculation diesel 4693 (duration 0.08571720123291016s)
INFO:root:finished calculation efuel 4693 (duration 0.23755502700805664s)
INFO:root:finished calculation h2 4693 (duration 0.08497190475463867s)
INFO:root:calculation <MasterArea 4694> started
INFO:root:finished calculation electrification 4694 (duration 0.08767890930175781s)
INFO:root:finished calculation efuel 4694 (duration 0.08258199691772461s)
INFO:root:finished calculation battery 4694 (duration 13.95844292640686s)
INFO:root:finished calculation optimised_electrification 4694 (duration 15.250942945480347s)
INFO:root:finished calculation diesel 4694 (duration 0.07966780662536621s)
INFO:root:finished calculation efuel 4694 (duration 0.22240900993347168s)
INFO:root:finished calculation h2 4694 (duration 0.08828210830688477s)
INFO:root:calculation <MasterArea 4695> started
INFO:root:finished calculation electrification 4695 (duration 0.08175277709960938s)
INFO:root:finished calculation efuel 4695 (duration 0.08292508125305176s)
INFO:root:finished calculation battery 4695 (duration 35.25525093078613s)
INFO:root:finished calculation optimised_electrification 4695 (duration 37.32354283332825s)
INFO:root:finished calculation diesel 4695 (duration 0.08340692520141602s)
INFO:root:finished calculation efuel 4695 (duration 0.24363994598388672s)
INFO:root:finished calculation h2 4695 (duration 0.08725285530090332s)
INFO:root:calculation <MasterArea 4696> started
INFO:root:finished calculation electrification 4696 (duration 0.08521103858947754s)
INFO:root:finished calculation efuel 4696 (duration 0.0825510025024414s)
INFO:root:finished calculation battery 4696 (duration 13.89694881439209s)
INFO:root:finished calculation optimised_electrification 4696 (duration 14.81839108467102s)
INFO:root:finished calculation diesel 4696 (duration 0.08159494400024414s)
INFO:root:finished calculation efuel 4696 (duration 0.22550511360168457s)
INFO:root:finished calculation h2 4696 (duration 0.08332514762878418s)
INFO:root:calculation <MasterArea 4697> started
INFO:root:finished calculation electrification 4697 (duration 0.08599495887756348s)
INFO:root:finished calculation efuel 4697 (duration 0.08423495292663574s)
INFO:root:finished calculation battery 4697 (duration 4.892488956451416s)
INFO:root:finished calculation optimised_electrification 4697 (duration 5.988523006439209s)
INFO:root:finished calculation diesel 4697 (duration 0.07815384864807129s)
INFO:root:finished calculation efuel 4697 (duration 0.22444415092468262s)
INFO:root:finished calculation h2 4697 (duration 0.08844780921936035s)
INFO:root:calculation <MasterArea 4698> started
INFO:root:finished calculation electrification 4698 (duration 0.08901000022888184s)
INFO:root:finished calculation efuel 4698 (duration 0.08481287956237793s)
INFO:root:finished calculation battery 4698 (duration 69.88146710395813s)
INFO:root:finished calculation optimised_electrification 4698 (duration 138.40869998931885s)
INFO:root:finished calculation diesel 4698 (duration 0.0862579345703125s)
INFO:root:finished calculation efuel 4698 (duration 0.24488091468811035s)
INFO:root:finished calculation h2 4698 (duration 0.08616876602172852s)
INFO:root:calculation <MasterArea 4699> started
INFO:root:finished calculation electrification 4699 (duration 0.08630704879760742s)
INFO:root:finished calculation efuel 4699 (duration 0.08134722709655762s)
INFO:root:finished calculation battery 4699 (duration 10.618103981018066s)
INFO:root:finished calculation optimised_electrification 4699 (duration 11.731176853179932s)
INFO:root:finished calculation diesel 4699 (duration 0.08075165748596191s)
INFO:root:finished calculation efuel 4699 (duration 0.21901202201843262s)
INFO:root:finished calculation h2 4699 (duration 0.08717799186706543s)
INFO:root:calculation <MasterArea 4700> started
INFO:root:finished calculation electrification 4700 (duration 0.0920100212097168s)
INFO:root:finished calculation efuel 4700 (duration 0.08772015571594238s)
INFO:root:finished calculation battery 4700 (duration 11.188198804855347s)
INFO:root:finished calculation optimised_electrification 4700 (duration 12.210128784179688s)
INFO:root:finished calculation diesel 4700 (duration 0.0818490982055664s)
INFO:root:finished calculation efuel 4700 (duration 0.23467302322387695s)
INFO:root:finished calculation h2 4700 (duration 0.08682084083557129s)
INFO:root:calculation <MasterArea 4701> started
INFO:root:finished calculation electrification 4701 (duration 0.08431315422058105s)
INFO:root:finished calculation efuel 4701 (duration 0.08912086486816406s)
INFO:root:finished calculation battery 4701 (duration 14.702915906906128s)
INFO:root:finished calculation optimised_electrification 4701 (duration 16.131113052368164s)
INFO:root:finished calculation diesel 4701 (duration 0.08245396614074707s)
INFO:root:finished calculation efuel 4701 (duration 0.22332000732421875s)
INFO:root:finished calculation h2 4701 (duration 0.08452725410461426s)
INFO:root:calculation <MasterArea 4702> started
INFO:root:finished calculation electrification 4702 (duration 0.08679723739624023s)
INFO:root:finished calculation efuel 4702 (duration 0.0861670970916748s)
INFO:root:finished calculation battery 4702 (duration 12.544219970703125s)
INFO:root:finished calculation optimised_electrification 4702 (duration 14.002829790115356s)
INFO:root:finished calculation diesel 4702 (duration 0.07973313331604004s)
INFO:root:finished calculation efuel 4702 (duration 0.22993898391723633s)
INFO:root:finished calculation h2 4702 (duration 0.08349394798278809s)
INFO:root:calculation <MasterArea 4703> started
INFO:root:finished calculation electrification 4703 (duration 0.08528995513916016s)
INFO:root:finished calculation efuel 4703 (duration 0.08819293975830078s)
INFO:root:finished calculation battery 4703 (duration 10.324776887893677s)
INFO:root:finished calculation optimised_electrification 4703 (duration 11.720136880874634s)
INFO:root:finished calculation diesel 4703 (duration 0.08002376556396484s)
INFO:root:finished calculation efuel 4703 (duration 0.23143768310546875s)
INFO:root:finished calculation h2 4703 (duration 0.08269381523132324s)
INFO:root:calculation <MasterArea 4704> started
INFO:root:finished calculation electrification 4704 (duration 0.08709025382995605s)
INFO:root:finished calculation efuel 4704 (duration 0.08312392234802246s)
INFO:root:finished calculation battery 4704 (duration 15.082261800765991s)
INFO:root:finished calculation optimised_electrification 4704 (duration 16.300751209259033s)
INFO:root:finished calculation diesel 4704 (duration 0.07786011695861816s)
INFO:root:finished calculation efuel 4704 (duration 0.20457792282104492s)
INFO:root:finished calculation h2 4704 (duration 0.08839201927185059s)
INFO:root:calculation <MasterArea 4705> started
INFO:root:finished calculation electrification 4705 (duration 0.08960890769958496s)
INFO:root:finished calculation efuel 4705 (duration 0.08165812492370605s)
INFO:root:finished calculation battery 4705 (duration 13.698645830154419s)
INFO:root:finished calculation optimised_electrification 4705 (duration 14.515225172042847s)
INFO:root:finished calculation diesel 4705 (duration 0.07732510566711426s)
INFO:root:finished calculation efuel 4705 (duration 0.23433899879455566s)
INFO:root:finished calculation h2 4705 (duration 0.0900120735168457s)
INFO:root:calculation <MasterArea 4706> started
INFO:root:finished calculation electrification 4706 (duration 0.08809924125671387s)
INFO:root:finished calculation efuel 4706 (duration 0.08773303031921387s)
INFO:root:finished calculation battery 4706 (duration 3.4748027324676514s)
INFO:root:finished calculation optimised_electrification 4706 (duration 4.584259033203125s)
INFO:root:finished calculation diesel 4706 (duration 0.07741117477416992s)
INFO:root:finished calculation efuel 4706 (duration 0.23705410957336426s)
INFO:root:finished calculation h2 4706 (duration 0.08913707733154297s)
INFO:root:calculation <MasterArea 4707> started
INFO:root:finished calculation electrification 4707 (duration 0.08548092842102051s)
INFO:root:finished calculation efuel 4707 (duration 0.08300089836120605s)
INFO:root:finished calculation battery 4707 (duration 20.20740509033203s)
INFO:root:finished calculation optimised_electrification 4707 (duration 21.605367183685303s)
INFO:root:finished calculation diesel 4707 (duration 0.08134603500366211s)
INFO:root:finished calculation efuel 4707 (duration 0.22161579132080078s)
INFO:root:finished calculation h2 4707 (duration 0.089691162109375s)
INFO:root:calculation <MasterArea 4708> started
INFO:root:finished calculation electrification 4708 (duration 0.08596420288085938s)
INFO:root:finished calculation efuel 4708 (duration 0.08862996101379395s)
INFO:root:finished calculation battery 4708 (duration 3.8215949535369873s)
INFO:root:finished calculation optimised_electrification 4708 (duration 4.935835838317871s)
INFO:root:finished calculation diesel 4708 (duration 0.08072328567504883s)
INFO:root:finished calculation efuel 4708 (duration 0.21990513801574707s)
INFO:root:finished calculation h2 4708 (duration 0.0877840518951416s)
INFO:root:calculation <MasterArea 4709> started
INFO:root:finished calculation electrification 4709 (duration 0.09262681007385254s)
INFO:root:finished calculation efuel 4709 (duration 0.08904314041137695s)
INFO:root:finished calculation battery 4709 (duration 21.245342016220093s)
INFO:root:finished calculation optimised_electrification 4709 (duration 22.47159695625305s)
INFO:root:finished calculation diesel 4709 (duration 0.08071303367614746s)
INFO:root:finished calculation efuel 4709 (duration 0.2230830192565918s)
INFO:root:finished calculation h2 4709 (duration 0.08906388282775879s)
INFO:root:calculation <MasterArea 4710> started
INFO:root:finished calculation electrification 4710 (duration 0.09460711479187012s)
INFO:root:finished calculation efuel 4710 (duration 0.08942508697509766s)
INFO:root:finished calculation battery 4710 (duration 14.00410008430481s)
INFO:root:finished calculation optimised_electrification 4710 (duration 16.027684926986694s)
INFO:root:finished calculation diesel 4710 (duration 0.07963800430297852s)
INFO:root:finished calculation efuel 4710 (duration 0.21058392524719238s)
INFO:root:finished calculation h2 4710 (duration 0.08576107025146484s)
INFO:root:calculation <MasterArea 4711> started
INFO:root:finished calculation electrification 4711 (duration 0.08280014991760254s)
INFO:root:finished calculation efuel 4711 (duration 0.08815908432006836s)
INFO:root:finished calculation battery 4711 (duration 3.738870143890381s)
INFO:root:finished calculation optimised_electrification 4711 (duration 4.807118892669678s)
INFO:root:finished calculation diesel 4711 (duration 0.07882499694824219s)
INFO:root:finished calculation efuel 4711 (duration 0.22911524772644043s)
INFO:root:finished calculation h2 4711 (duration 0.08860111236572266s)
INFO:root:calculation <MasterArea 4712> started
INFO:root:finished calculation electrification 4712 (duration 0.08829975128173828s)
INFO:root:finished calculation efuel 4712 (duration 0.07981300354003906s)
INFO:root:finished calculation battery 4712 (duration 9.457252979278564s)
INFO:root:finished calculation optimised_electrification 4712 (duration 10.690335035324097s)
INFO:root:finished calculation diesel 4712 (duration 0.08072876930236816s)
INFO:root:finished calculation efuel 4712 (duration 0.22086596488952637s)
INFO:root:finished calculation h2 4712 (duration 0.07843184471130371s)
INFO:root:calculation <MasterArea 4713> started
INFO:root:finished calculation electrification 4713 (duration 0.0877842903137207s)
INFO:root:finished calculation efuel 4713 (duration 0.08179187774658203s)
INFO:root:finished calculation battery 4713 (duration 5.513713121414185s)
INFO:root:finished calculation optimised_electrification 4713 (duration 6.811316251754761s)
INFO:root:finished calculation diesel 4713 (duration 0.07968497276306152s)
INFO:root:finished calculation efuel 4713 (duration 0.21910572052001953s)
INFO:root:finished calculation h2 4713 (duration 0.08413481712341309s)
INFO:root:calculation <MasterArea 4714> started
INFO:root:finished calculation electrification 4714 (duration 0.08662104606628418s)
INFO:root:finished calculation efuel 4714 (duration 0.08897280693054199s)
INFO:root:finished calculation battery 4714 (duration 13.060628890991211s)
INFO:root:finished calculation optimised_electrification 4714 (duration 14.335817098617554s)
INFO:root:finished calculation diesel 4714 (duration 0.07927393913269043s)
INFO:root:finished calculation efuel 4714 (duration 0.2185227870941162s)
INFO:root:finished calculation h2 4714 (duration 0.08848881721496582s)
INFO:root:calculation <MasterArea 4715> started
INFO:root:finished calculation electrification 4715 (duration 0.08604192733764648s)
INFO:root:finished calculation efuel 4715 (duration 0.08840394020080566s)
INFO:root:finished calculation battery 4715 (duration 12.962132215499878s)
INFO:root:finished calculation optimised_electrification 4715 (duration 14.185621976852417s)
INFO:root:finished calculation diesel 4715 (duration 0.08520293235778809s)
INFO:root:finished calculation efuel 4715 (duration 0.22077083587646484s)
INFO:root:finished calculation h2 4715 (duration 0.07977175712585449s)
INFO:root:calculation <MasterArea 4716> started
INFO:root:finished calculation electrification 4716 (duration 0.08647704124450684s)
INFO:root:finished calculation efuel 4716 (duration 0.0826559066772461s)
INFO:root:finished calculation battery 4716 (duration 3.734064817428589s)
INFO:root:finished calculation optimised_electrification 4716 (duration 4.618092060089111s)
INFO:root:finished calculation diesel 4716 (duration 0.07844400405883789s)
INFO:root:finished calculation efuel 4716 (duration 0.2170407772064209s)
INFO:root:finished calculation h2 4716 (duration 0.08515214920043945s)
INFO:root:calculation <MasterArea 4717> started
INFO:root:finished calculation electrification 4717 (duration 0.0900881290435791s)
INFO:root:finished calculation efuel 4717 (duration 0.08770871162414551s)
INFO:root:finished calculation battery 4717 (duration 5.746088027954102s)
INFO:root:finished calculation optimised_electrification 4717 (duration 6.58298397064209s)
INFO:root:finished calculation diesel 4717 (duration 0.07703924179077148s)
INFO:root:finished calculation efuel 4717 (duration 0.22638583183288574s)
INFO:root:finished calculation h2 4717 (duration 0.08583498001098633s)
INFO:root:calculation <MasterArea 4718> started
INFO:root:finished calculation electrification 4718 (duration 0.08806967735290527s)
INFO:root:finished calculation efuel 4718 (duration 0.0819542407989502s)
INFO:root:finished calculation battery 4718 (duration 21.030487775802612s)
INFO:root:finished calculation optimised_electrification 4718 (duration 32.6714928150177s)
INFO:root:finished calculation diesel 4718 (duration 0.08737301826477051s)
INFO:root:finished calculation efuel 4718 (duration 0.2518270015716553s)
INFO:root:finished calculation h2 4718 (duration 0.0854957103729248s)
INFO:root:calculation <MasterArea 4719> started
INFO:root:finished calculation electrification 4719 (duration 0.08496403694152832s)
INFO:root:finished calculation efuel 4719 (duration 0.08723306655883789s)
INFO:root:finished calculation battery 4719 (duration 15.725849866867065s)
INFO:root:finished calculation optimised_electrification 4719 (duration 16.953870058059692s)
INFO:root:finished calculation diesel 4719 (duration 0.07909202575683594s)
INFO:root:finished calculation efuel 4719 (duration 0.22051095962524414s)
INFO:root:finished calculation h2 4719 (duration 0.08203816413879395s)
INFO:root:calculation <MasterArea 4720> started
INFO:root:finished calculation electrification 4720 (duration 0.09235882759094238s)
INFO:root:finished calculation efuel 4720 (duration 0.08744025230407715s)
INFO:root:finished calculation battery 4720 (duration 9.935988187789917s)
INFO:root:finished calculation optimised_electrification 4720 (duration 11.067864894866943s)
INFO:root:finished calculation diesel 4720 (duration 0.08037805557250977s)
INFO:root:finished calculation efuel 4720 (duration 0.23646998405456543s)
INFO:root:finished calculation h2 4720 (duration 0.08847498893737793s)
INFO:root:calculation <MasterArea 4721> started
INFO:root:finished calculation electrification 4721 (duration 0.08811283111572266s)
INFO:root:finished calculation efuel 4721 (duration 0.0881810188293457s)
INFO:root:finished calculation battery 4721 (duration 10.667524814605713s)
INFO:root:finished calculation optimised_electrification 4721 (duration 12.18376111984253s)
INFO:root:finished calculation diesel 4721 (duration 0.07918381690979004s)
INFO:root:finished calculation efuel 4721 (duration 0.2211315631866455s)
INFO:root:finished calculation h2 4721 (duration 0.08969807624816895s)
INFO:root:calculation <MasterArea 4722> started
INFO:root:finished calculation electrification 4722 (duration 0.096466064453125s)
INFO:root:finished calculation efuel 4722 (duration 0.08684611320495605s)
INFO:root:finished calculation battery 4722 (duration 23.260685205459595s)
INFO:root:finished calculation optimised_electrification 4722 (duration 25.36540389060974s)
INFO:root:finished calculation diesel 4722 (duration 0.08015775680541992s)
INFO:root:finished calculation efuel 4722 (duration 0.23295307159423828s)
INFO:root:finished calculation h2 4722 (duration 0.0891408920288086s)
INFO:root:calculation <MasterArea 4723> started
INFO:root:finished calculation electrification 4723 (duration 0.09750986099243164s)
INFO:root:finished calculation efuel 4723 (duration 0.08576583862304688s)
INFO:root:finished calculation battery 4723 (duration 55.86458492279053s)
INFO:root:finished calculation optimised_electrification 4723 (duration 62.268327951431274s)
INFO:root:finished calculation diesel 4723 (duration 0.0782928466796875s)
INFO:root:finished calculation efuel 4723 (duration 0.22111082077026367s)
INFO:root:finished calculation h2 4723 (duration 0.08712100982666016s)
INFO:root:calculation <MasterArea 4569> started
INFO:root:finished calculation electrification 4569 (duration 0.18429780006408691s)
INFO:root:finished calculation efuel 4569 (duration 0.1316969394683838s)
WARNING:root:For TimetableLine 1713 TH17.b_N too much elecitrification -337.7960304488592kWh
INFO:root:finished calculation battery 4569 (duration 284.7236771583557s)
INFO:root:finished calculation optimised_electrification 4569 (duration 1182.924180984497s)
INFO:root:finished calculation diesel 4569 (duration 0.12738990783691406s)
INFO:root:finished calculation efuel 4569 (duration 0.49132585525512695s)
INFO:root:finished calculation h2 4569 (duration 0.14006829261779785s)
INFO:root:calculation <MasterArea 4570> started
INFO:root:finished calculation electrification 4570 (duration 0.26596617698669434s)
INFO:root:finished calculation efuel 4570 (duration 0.18029308319091797s)
INFO:root:finished calculation optimised_electrification 4570 (duration 1263.3858618736267s)
INFO:root:finished calculation diesel 4570 (duration 0.17955684661865234s)
INFO:root:finished calculation efuel 4570 (duration 0.9771530628204346s)
INFO:root:calculation <MasterArea 4571> started
INFO:root:finished calculation electrification 4571 (duration 0.12352299690246582s)
INFO:root:finished calculation efuel 4571 (duration 0.08319807052612305s)
INFO:root:finished calculation battery 4571 (duration 42.41330313682556s)
INFO:root:finished calculation optimised_electrification 4571 (duration 80.48545289039612s)
INFO:root:finished calculation diesel 4571 (duration 0.08152890205383301s)
INFO:root:finished calculation efuel 4571 (duration 0.2287287712097168s)
INFO:root:finished calculation h2 4571 (duration 0.08274102210998535s)
INFO:root:calculation <MasterArea 4572> started
INFO:root:finished calculation electrification 4572 (duration 0.10995674133300781s)
INFO:root:finished calculation efuel 4572 (duration 0.09921884536743164s)
INFO:root:finished calculation battery 4572 (duration 61.2746901512146s)
INFO:root:finished calculation optimised_electrification 4572 (duration 141.92840600013733s)
INFO:root:finished calculation diesel 4572 (duration 0.10141611099243164s)
INFO:root:finished calculation efuel 4572 (duration 0.29311180114746094s)
INFO:root:finished calculation h2 4572 (duration 0.09618091583251953s)
INFO:root:calculation <MasterArea 4573> started
INFO:root:finished calculation electrification 4573 (duration 0.08887195587158203s)
INFO:root:finished calculation efuel 4573 (duration 0.08350419998168945s)
ERROR:root:Possible Groups has a non valid length set()
ERROR:root:Possible Groups has a non valid length set()
ERROR:root:Possible Groups has a non valid length set()
ERROR:root:Possible Groups has a non valid length set()
ERROR:root:Possible Groups has a non valid length set()
ERROR:root:Possible Groups has a non valid length set()
ERROR:root:Possible Groups has a non valid length set()
ERROR:root:Possible Groups has a non valid length set()
INFO:root:finished calculation battery 4573 (duration 21.45821475982666s)
ERROR:root:Possible Groups has a non valid length set()
ERROR:root:Possible Groups has a non valid length set()
ERROR:root:Possible Groups has a non valid length set()
ERROR:root:Possible Groups has a non valid length set()
ERROR:root:Possible Groups has a non valid length set()
ERROR:root:Possible Groups has a non valid length set()
ERROR:root:Possible Groups has a non valid length set()
ERROR:root:Possible Groups has a non valid length set()
INFO:root:finished calculation optimised_electrification 4573 (duration 22.657735109329224s)
INFO:root:finished calculation diesel 4573 (duration 0.08202028274536133s)
INFO:root:finished calculation efuel 4573 (duration 0.24802803993225098s)
INFO:root:finished calculation h2 4573 (duration 0.08282899856567383s)
INFO:root:calculation <MasterArea 4574> started
INFO:root:finished calculation electrification 4574 (duration 0.09774398803710938s)
INFO:root:finished calculation efuel 4574 (duration 0.09181094169616699s)
INFO:root:finished calculation optimised_electrification 4574 (duration 1.8060181140899658s)
INFO:root:finished calculation diesel 4574 (duration 0.09286284446716309s)
INFO:root:finished calculation efuel 4574 (duration 0.2769432067871094s)
INFO:root:calculation <MasterArea 4575> started
INFO:root:finished calculation electrification 4575 (duration 0.10235714912414551s)
INFO:root:finished calculation efuel 4575 (duration 0.08389806747436523s)
INFO:root:finished calculation battery 4575 (duration 9.472316980361938s)
INFO:root:finished calculation optimised_electrification 4575 (duration 10.622037887573242s)
INFO:root:finished calculation diesel 4575 (duration 0.08336400985717773s)
INFO:root:finished calculation efuel 4575 (duration 0.2348318099975586s)
INFO:root:finished calculation h2 4575 (duration 0.0874330997467041s)
INFO:root:calculation <MasterArea 4576> started
INFO:root:finished calculation electrification 4576 (duration 0.13912677764892578s)
INFO:root:finished calculation efuel 4576 (duration 0.12457394599914551s)
INFO:root:finished calculation battery 4576 (duration 171.29713821411133s)
INFO:root:finished calculation optimised_electrification 4576 (duration 381.5244400501251s)
INFO:root:finished calculation diesel 4576 (duration 0.12132000923156738s)
INFO:root:finished calculation efuel 4576 (duration 0.3762328624725342s)
INFO:root:finished calculation h2 4576 (duration 0.12206101417541504s)
INFO:root:calculation <MasterArea 4577> started
INFO:root:finished calculation electrification 4577 (duration 0.08968496322631836s)
INFO:root:finished calculation efuel 4577 (duration 0.0872948169708252s)
INFO:root:finished calculation optimised_electrification 4577 (duration 1.5984828472137451s)
INFO:root:finished calculation diesel 4577 (duration 0.08846902847290039s)
INFO:root:finished calculation efuel 4577 (duration 0.2442030906677246s)
INFO:root:calculation <MasterArea 4578> started
INFO:root:finished calculation electrification 4578 (duration 0.09222793579101562s)
INFO:root:finished calculation efuel 4578 (duration 0.08057904243469238s)
INFO:root:finished calculation battery 4578 (duration 19.35849618911743s)
INFO:root:finished calculation optimised_electrification 4578 (duration 20.579208850860596s)
INFO:root:finished calculation diesel 4578 (duration 0.08271384239196777s)
INFO:root:finished calculation efuel 4578 (duration 0.23162126541137695s)
INFO:root:finished calculation h2 4578 (duration 0.08381175994873047s)
INFO:root:calculation <MasterArea 4579> started
INFO:root:finished calculation electrification 4579 (duration 0.20332694053649902s)
INFO:root:finished calculation efuel 4579 (duration 0.15399909019470215s)
INFO:root:finished calculation battery 4579 (duration 402.7773869037628s)
INFO:root:finished calculation optimised_electrification 4579 (duration 1471.0385518074036s)
INFO:root:finished calculation diesel 4579 (duration 0.14738202095031738s)
INFO:root:finished calculation efuel 4579 (duration 0.5022518634796143s)
INFO:root:finished calculation h2 4579 (duration 0.1403200626373291s)
INFO:root:calculation <MasterArea 4580> started
INFO:root:finished calculation electrification 4580 (duration 0.08764386177062988s)
INFO:root:finished calculation efuel 4580 (duration 0.08450102806091309s)
INFO:root:finished calculation battery 4580 (duration 71.4479832649231s)
INFO:root:Catenary in Usingen for 22730 is too long 17273m
INFO:root:finished calculation optimised_electrification 4580 (duration 117.53984093666077s)
INFO:root:finished calculation diesel 4580 (duration 0.0824899673461914s)
INFO:root:finished calculation efuel 4580 (duration 0.2546050548553467s)
INFO:root:finished calculation h2 4580 (duration 0.08979201316833496s)
INFO:root:calculation <MasterArea 4581> started
INFO:root:finished calculation electrification 4581 (duration 0.09166502952575684s)
INFO:root:finished calculation efuel 4581 (duration 0.08476424217224121s)
INFO:root:finished calculation battery 4581 (duration 48.992067098617554s)
INFO:root:finished calculation optimised_electrification 4581 (duration 85.92452383041382s)
INFO:root:finished calculation diesel 4581 (duration 0.08732104301452637s)
INFO:root:finished calculation efuel 4581 (duration 0.254504919052124s)
INFO:root:finished calculation h2 4581 (duration 0.08824324607849121s)
INFO:root:calculation <MasterArea 4582> started
INFO:root:finished calculation electrification 4582 (duration 0.22905707359313965s)
INFO:root:finished calculation efuel 4582 (duration 0.1716902256011963s)
INFO:root:Catenary in Preetz for 22701 is too long 1474m
INFO:root:finished calculation optimised_electrification 4582 (duration 1648.0444560050964s)
INFO:root:finished calculation diesel 4582 (duration 0.15474200248718262s)
INFO:root:finished calculation efuel 4582 (duration 0.9747028350830078s)
INFO:root:calculation <MasterArea 4583> started
INFO:root:finished calculation electrification 4583 (duration 0.12650012969970703s)
INFO:root:finished calculation efuel 4583 (duration 0.08014512062072754s)
INFO:root:finished calculation battery 4583 (duration 68.12236499786377s)
INFO:root:finished calculation optimised_electrification 4583 (duration 101.7933189868927s)
INFO:root:finished calculation diesel 4583 (duration 0.08289384841918945s)
INFO:root:finished calculation efuel 4583 (duration 0.1947498321533203s)
INFO:root:finished calculation h2 4583 (duration 0.08421182632446289s)
INFO:root:calculation <MasterArea 4584> started
INFO:root:finished calculation electrification 4584 (duration 0.08129096031188965s)
INFO:root:finished calculation efuel 4584 (duration 0.08612680435180664s)
INFO:root:finished calculation battery 4584 (duration 5.992780923843384s)
INFO:root:finished calculation optimised_electrification 4584 (duration 6.8720619678497314s)
INFO:root:finished calculation diesel 4584 (duration 0.07521200180053711s)
INFO:root:finished calculation efuel 4584 (duration 0.22225618362426758s)
INFO:root:finished calculation h2 4584 (duration 0.08641695976257324s)
INFO:root:calculation <MasterArea 4585> started
INFO:root:finished calculation electrification 4585 (duration 0.18983721733093262s)
INFO:root:finished calculation efuel 4585 (duration 0.1376938819885254s)
INFO:root:finished calculation battery 4585 (duration 234.71975302696228s)
INFO:root:finished calculation optimised_electrification 4585 (duration 755.5666489601135s)
INFO:root:finished calculation diesel 4585 (duration 0.13321590423583984s)
INFO:root:finished calculation efuel 4585 (duration 0.47597503662109375s)
INFO:root:finished calculation h2 4585 (duration 0.1289527416229248s)
