INFO:root:calculation <MasterArea 3098> started
INFO:root:finished calculation electrification 3098 (duration 0.00919795036315918s)
INFO:root:finished calculation efuel 3098 (duration 0.003520965576171875s)
INFO:root:finished calculation battery 3098 (duration 0.0031371116638183594s)
INFO:root:finished calculation optimised_electrification 3098 (duration 0.00805211067199707s)
INFO:root:finished calculation diesel 3098 (duration 0.0033838748931884766s)
INFO:root:finished calculation efuel 3098 (duration 0.0033860206604003906s)
INFO:root:finished calculation h2 3098 (duration 0.0035049915313720703s)
INFO:root:calculation <MasterArea 3099> started
INFO:root:finished calculation electrification 3099 (duration 0.0021851062774658203s)
INFO:root:finished calculation efuel 3099 (duration 0.00182342529296875s)
INFO:root:finished calculation battery 3099 (duration 0.0018999576568603516s)
INFO:root:finished calculation optimised_electrification 3099 (duration 0.0027811527252197266s)
INFO:root:finished calculation diesel 3099 (duration 0.0018718242645263672s)
INFO:root:finished calculation efuel 3099 (duration 0.0018608570098876953s)
INFO:root:finished calculation h2 3099 (duration 0.001984119415283203s)
INFO:root:calculation <MasterArea 3100> started
INFO:root:finished calculation electrification 3100 (duration 0.0030379295349121094s)
INFO:root:finished calculation efuel 3100 (duration 0.0028810501098632812s)
INFO:root:finished calculation battery 3100 (duration 0.0027158260345458984s)
INFO:root:finished calculation optimised_electrification 3100 (duration 0.00480198860168457s)
INFO:root:finished calculation diesel 3100 (duration 0.0030150413513183594s)
INFO:root:finished calculation efuel 3100 (duration 0.003101825714111328s)
INFO:root:finished calculation h2 3100 (duration 0.002939939498901367s)
INFO:root:calculation <MasterArea 3101> started
INFO:root:finished calculation electrification 3101 (duration 0.005023002624511719s)
INFO:root:finished calculation efuel 3101 (duration 0.0050542354583740234s)
INFO:root:finished calculation battery 3101 (duration 0.005299806594848633s)
INFO:root:finished calculation optimised_electrification 3101 (duration 0.007556915283203125s)
INFO:root:finished calculation diesel 3101 (duration 0.004180908203125s)
INFO:root:finished calculation efuel 3101 (duration 0.004750251770019531s)
INFO:root:finished calculation h2 3101 (duration 0.004786968231201172s)
INFO:root:calculation <MasterArea 3102> started
INFO:root:finished calculation electrification 3102 (duration 0.04229307174682617s)
INFO:root:finished calculation efuel 3102 (duration 0.03241229057312012s)
INFO:root:finished calculation optimised_electrification 3102 (duration 0.07165813446044922s)
INFO:root:finished calculation diesel 3102 (duration 0.028438091278076172s)
INFO:root:finished calculation efuel 3102 (duration 0.030441999435424805s)
INFO:root:calculation <MasterArea 3103> started
INFO:root:finished calculation electrification 3103 (duration 0.0028150081634521484s)
INFO:root:finished calculation efuel 3103 (duration 0.002641916275024414s)
INFO:root:finished calculation battery 3103 (duration 0.0027489662170410156s)
INFO:root:finished calculation optimised_electrification 3103 (duration 0.0043561458587646484s)
INFO:root:finished calculation diesel 3103 (duration 0.002973794937133789s)
INFO:root:finished calculation efuel 3103 (duration 0.002904176712036133s)
INFO:root:finished calculation h2 3103 (duration 0.002996206283569336s)
INFO:root:calculation <MasterArea 3104> started
INFO:root:finished calculation electrification 3104 (duration 0.014373064041137695s)
INFO:root:finished calculation efuel 3104 (duration 0.012378215789794922s)
INFO:root:finished calculation battery 3104 (duration 0.01737499237060547s)
INFO:root:finished calculation optimised_electrification 3104 (duration 0.035036325454711914s)
INFO:root:finished calculation diesel 3104 (duration 0.01801013946533203s)
INFO:root:finished calculation efuel 3104 (duration 0.018748998641967773s)
INFO:root:finished calculation h2 3104 (duration 0.02412700653076172s)
INFO:root:calculation <MasterArea 3105> started
INFO:root:finished calculation electrification 3105 (duration 0.04485583305358887s)
INFO:root:finished calculation efuel 3105 (duration 0.03701305389404297s)
INFO:root:finished calculation optimised_electrification 3105 (duration 0.08193111419677734s)
INFO:root:finished calculation diesel 3105 (duration 0.03845405578613281s)
INFO:root:finished calculation efuel 3105 (duration 0.03169679641723633s)
INFO:root:calculation <MasterArea 3106> started
INFO:root:finished calculation electrification 3106 (duration 0.006454944610595703s)
INFO:root:finished calculation efuel 3106 (duration 0.006467103958129883s)
INFO:root:finished calculation battery 3106 (duration 0.004763126373291016s)
INFO:root:finished calculation optimised_electrification 3106 (duration 0.008515119552612305s)
INFO:root:finished calculation diesel 3106 (duration 0.004961967468261719s)
INFO:root:finished calculation efuel 3106 (duration 0.0052530765533447266s)
INFO:root:finished calculation h2 3106 (duration 0.00504612922668457s)
INFO:root:calculation <MasterArea 3107> started
INFO:root:finished calculation electrification 3107 (duration 0.002362966537475586s)
INFO:root:finished calculation efuel 3107 (duration 0.0023069381713867188s)
INFO:root:finished calculation battery 3107 (duration 0.002045869827270508s)
INFO:root:finished calculation optimised_electrification 3107 (duration 0.0030448436737060547s)
INFO:root:finished calculation diesel 3107 (duration 0.0020720958709716797s)
INFO:root:finished calculation efuel 3107 (duration 0.002054929733276367s)
INFO:root:finished calculation h2 3107 (duration 0.0020918846130371094s)
INFO:root:calculation <MasterArea 3108> started
INFO:root:finished calculation electrification 3108 (duration 0.0037670135498046875s)
INFO:root:finished calculation efuel 3108 (duration 0.003339052200317383s)
INFO:root:finished calculation optimised_electrification 3108 (duration 0.005409955978393555s)
INFO:root:finished calculation diesel 3108 (duration 0.003921985626220703s)
INFO:root:finished calculation efuel 3108 (duration 0.0038976669311523438s)
INFO:root:calculation <MasterArea 3109> started
INFO:root:finished calculation electrification 3109 (duration 0.005812883377075195s)
INFO:root:finished calculation efuel 3109 (duration 0.0046579837799072266s)
INFO:root:finished calculation optimised_electrification 3109 (duration 0.007266044616699219s)
INFO:root:finished calculation diesel 3109 (duration 0.005262851715087891s)
INFO:root:finished calculation efuel 3109 (duration 0.0069048404693603516s)
INFO:root:calculation <MasterArea 3110> started
INFO:root:finished calculation electrification 3110 (duration 0.01331782341003418s)
INFO:root:finished calculation efuel 3110 (duration 0.014362812042236328s)
INFO:root:finished calculation battery 3110 (duration 0.01767587661743164s)
INFO:root:finished calculation optimised_electrification 3110 (duration 0.03816103935241699s)
INFO:root:finished calculation diesel 3110 (duration 0.017645835876464844s)
INFO:root:finished calculation efuel 3110 (duration 0.018872737884521484s)
INFO:root:finished calculation h2 3110 (duration 0.0176239013671875s)
INFO:root:calculation <MasterArea 3111> started
INFO:root:finished calculation electrification 3111 (duration 0.010792016983032227s)
INFO:root:finished calculation efuel 3111 (duration 0.009900093078613281s)
INFO:root:finished calculation battery 3111 (duration 0.009900093078613281s)
INFO:root:finished calculation optimised_electrification 3111 (duration 0.016922950744628906s)
INFO:root:finished calculation diesel 3111 (duration 0.010066986083984375s)
INFO:root:finished calculation efuel 3111 (duration 0.010220050811767578s)
INFO:root:finished calculation h2 3111 (duration 0.011182785034179688s)
INFO:root:calculation <MasterArea 3112> started
INFO:root:finished calculation electrification 3112 (duration 0.02483201026916504s)
INFO:root:finished calculation efuel 3112 (duration 0.018873929977416992s)
INFO:root:finished calculation battery 3112 (duration 0.014362096786499023s)
INFO:root:finished calculation optimised_electrification 3112 (duration 0.027179956436157227s)
INFO:root:finished calculation diesel 3112 (duration 0.018023014068603516s)
INFO:root:finished calculation efuel 3112 (duration 0.012990236282348633s)
INFO:root:finished calculation h2 3112 (duration 0.015403985977172852s)
INFO:root:calculation <MasterArea 3113> started
INFO:root:finished calculation electrification 3113 (duration 0.013345003128051758s)
INFO:root:finished calculation efuel 3113 (duration 0.013278961181640625s)
INFO:root:finished calculation battery 3113 (duration 0.012761831283569336s)
INFO:root:finished calculation optimised_electrification 3113 (duration 0.023572921752929688s)
INFO:root:finished calculation diesel 3113 (duration 0.01293325424194336s)
INFO:root:finished calculation efuel 3113 (duration 0.013164043426513672s)
INFO:root:finished calculation h2 3113 (duration 0.013641119003295898s)
INFO:root:calculation <MasterArea 3114> started
INFO:root:finished calculation electrification 3114 (duration 0.012977123260498047s)
INFO:root:finished calculation efuel 3114 (duration 18.904127836227417s)
INFO:root:finished calculation battery 3114 (duration 335.3274097442627s)
