INFO:root:calculation <MasterArea 240> started
INFO:root:calculation <MasterArea 241> started
INFO:root:calculation <MasterArea 242> started
INFO:root:calculation <MasterArea 243> started
INFO:root:calculation <MasterArea 244> started
INFO:root:calculation <MasterArea 245> started
INFO:root:calculation <MasterArea 246> started
INFO:root:calculation <MasterArea 247> started
INFO:root:calculation <MasterArea 248> started
INFO:root:calculation <MasterArea 249> started
INFO:root:calculation <MasterArea 250> started
INFO:root:calculation <MasterArea 251> started
INFO:root:calculation <MasterArea 252> started
INFO:root:calculation <MasterArea 253> started
INFO:root:calculation <MasterArea 254> started
INFO:root:calculation <MasterArea 255> started
INFO:root:calculation <MasterArea 256> started
INFO:root:calculation <MasterArea 257> started
INFO:root:calculation <MasterArea 258> started
INFO:root:calculation <MasterArea 259> started
INFO:root:calculation <MasterArea 260> started
INFO:root:calculation <MasterArea 261> started
INFO:root:calculation <MasterArea 262> started
INFO:root:calculation <MasterArea 263> started
INFO:root:calculation <MasterArea 264> started
INFO:root:calculation <MasterArea 265> started
INFO:root:calculation <MasterArea 266> started
INFO:root:calculation <MasterArea 267> started
INFO:root:calculation <MasterArea 268> started
INFO:root:calculation <MasterArea 269> started
INFO:root:calculation <MasterArea 270> started
INFO:root:calculation <MasterArea 271> started
INFO:root:calculation <MasterArea 272> started
INFO:root:calculation <MasterArea 273> started
INFO:root:calculation <MasterArea 274> started
INFO:root:calculation <MasterArea 275> started
INFO:root:calculation <MasterArea 276> started
INFO:root:calculation <MasterArea 277> started
INFO:root:calculation <MasterArea 278> started
INFO:root:calculation <MasterArea 279> started
INFO:root:calculation <MasterArea 280> started
INFO:root:calculation <MasterArea 281> started
INFO:root:calculation <MasterArea 282> started
INFO:root:calculation <MasterArea 283> started
INFO:root:calculation <MasterArea 284> started
INFO:root:calculation <MasterArea 285> started
INFO:root:calculation <MasterArea 286> started
INFO:root:calculation <MasterArea 287> started
INFO:root:calculation <MasterArea 288> started
INFO:root:calculation <MasterArea 289> started
INFO:root:calculation <MasterArea 290> started
INFO:root:calculation <MasterArea 291> started
INFO:root:calculation <MasterArea 292> started
INFO:root:calculation <MasterArea 293> started
INFO:root:calculation <MasterArea 294> started
INFO:root:calculation <MasterArea 295> started
INFO:root:calculation <MasterArea 296> started
INFO:root:calculation <MasterArea 297> started
INFO:root:calculation <MasterArea 298> started
INFO:root:calculation <MasterArea 299> started
INFO:root:calculation <MasterArea 300> started
INFO:root:calculation <MasterArea 301> started
INFO:root:calculation <MasterArea 302> started
INFO:root:calculation <MasterArea 303> started
INFO:root:calculation <MasterArea 304> started
INFO:root:calculation <MasterArea 305> started
INFO:root:calculation <MasterArea 306> started
INFO:root:calculation <MasterArea 307> started
INFO:root:calculation <MasterArea 308> started
INFO:root:calculation <MasterArea 309> started
INFO:root:calculation <MasterArea 310> started
INFO:root:calculation <MasterArea 311> started
INFO:root:calculation <MasterArea 312> started
INFO:root:calculation <MasterArea 313> started
INFO:root:calculation <MasterArea 314> started
INFO:root:calculation <MasterArea 315> started
INFO:root:calculation <MasterArea 316> started
INFO:root:calculation <MasterArea 317> started
INFO:root:calculation <MasterArea 318> started
INFO:root:calculation <MasterArea 319> started
INFO:root:calculation <MasterArea 320> started
INFO:root:calculation <MasterArea 321> started
INFO:root:calculation <MasterArea 322> started
INFO:root:calculation <MasterArea 323> started
INFO:root:Could not calculate reference speed for line TimetableLine 2186 BW35.1_N. More information on page 197 Verfahrensanleitung Standardisierte Bewertung
INFO:root:Could not calculate reference speed for line TimetableLine 2186 BW35.1_N. More information on page 197 Verfahrensanleitung Standardisierte Bewertung
INFO:root:Could not calculate reference speed for line TimetableLine 2186 BW35.1_N. More information on page 197 Verfahrensanleitung Standardisierte Bewertung
INFO:root:Could not calculate reference speed for line TimetableLine 2186 BW35.1_N. More information on page 197 Verfahrensanleitung Standardisierte Bewertung
INFO:root:calculation <MasterArea 324> started
INFO:root:calculation <MasterArea 325> started
INFO:root:calculation <MasterArea 326> started
INFO:root:calculation <MasterArea 327> started
INFO:root:calculation <MasterArea 328> started
INFO:root:calculation <MasterArea 329> started
INFO:root:calculation <MasterArea 330> started
INFO:root:calculation <MasterArea 331> started
INFO:root:Could not calculate reference speed for line TimetableLine 2356 SH20_N. More information on page 197 Verfahrensanleitung Standardisierte Bewertung
INFO:root:Could not calculate reference speed for line TimetableLine 2356 SH20_N. More information on page 197 Verfahrensanleitung Standardisierte Bewertung
INFO:root:Could not calculate reference speed for line TimetableLine 2356 SH20_N. More information on page 197 Verfahrensanleitung Standardisierte Bewertung
INFO:root:Could not calculate reference speed for line TimetableLine 2356 SH20_N. More information on page 197 Verfahrensanleitung Standardisierte Bewertung
INFO:root:Could not calculate reference speed for line TimetableLine 2356 SH20_N. More information on page 197 Verfahrensanleitung Standardisierte Bewertung
INFO:root:Could not calculate reference speed for line TimetableLine 2356 SH20_N. More information on page 197 Verfahrensanleitung Standardisierte Bewertung
INFO:root:calculation <MasterArea 332> started
INFO:root:calculation <MasterArea 333> started
INFO:root:Could not calculate reference speed for line TimetableLine 2012 BW1.a_BSB. More information on page 197 Verfahrensanleitung Standardisierte Bewertung
INFO:root:Could not calculate reference speed for line TimetableLine 2012 BW1.a_BSB. More information on page 197 Verfahrensanleitung Standardisierte Bewertung
INFO:root:Could not calculate reference speed for line TimetableLine 2007 BW1.b_BSB. More information on page 197 Verfahrensanleitung Standardisierte Bewertung
INFO:root:Could not calculate reference speed for line TimetableLine 2007 BW1.b_BSB. More information on page 197 Verfahrensanleitung Standardisierte Bewertung
INFO:root:Could not calculate reference speed for line TimetableLine 2007 BW1.b_BSB. More information on page 197 Verfahrensanleitung Standardisierte Bewertung
INFO:root:Could not calculate reference speed for line TimetableLine 2007 BW1.b_BSB. More information on page 197 Verfahrensanleitung Standardisierte Bewertung
INFO:root:Could not calculate reference speed for line TimetableLine 2012 BW1.a_BSB. More information on page 197 Verfahrensanleitung Standardisierte Bewertung
INFO:root:Could not calculate reference speed for line TimetableLine 2012 BW1.a_BSB. More information on page 197 Verfahrensanleitung Standardisierte Bewertung
INFO:root:calculation <MasterArea 334> started
INFO:root:calculation <MasterArea 335> started
INFO:root:calculation <MasterArea 336> started
INFO:root:calculation <MasterArea 337> started
INFO:root:calculation <MasterArea 338> started
INFO:root:calculation <MasterArea 339> started
INFO:root:calculation <MasterArea 340> started
INFO:root:calculation <MasterArea 341> started
INFO:root:calculation <MasterArea 342> started
INFO:root:calculation <MasterArea 343> started
INFO:root:calculation <MasterArea 344> started
INFO:root:calculation <MasterArea 345> started
INFO:root:calculation <MasterArea 346> started
INFO:root:calculation <MasterArea 347> started
INFO:root:calculation <MasterArea 348> started
INFO:root:calculation <MasterArea 349> started
INFO:root:calculation <MasterArea 350> started
INFO:root:Could not calculate reference speed for line TimetableLine 1557 HE12_S. More information on page 197 Verfahrensanleitung Standardisierte Bewertung
INFO:root:Could not calculate reference speed for line TimetableLine 1557 HE12_S. More information on page 197 Verfahrensanleitung Standardisierte Bewertung
INFO:root:Could not calculate reference speed for line TimetableLine 1557 HE12_S. More information on page 197 Verfahrensanleitung Standardisierte Bewertung
INFO:root:Could not calculate reference speed for line TimetableLine 1557 HE12_S. More information on page 197 Verfahrensanleitung Standardisierte Bewertung
INFO:root:calculation <MasterArea 351> started
INFO:root:calculation <MasterArea 352> started
INFO:root:calculation <MasterArea 353> started
INFO:root:calculation <MasterArea 354> started
INFO:root:calculation <MasterArea 355> started
INFO:root:Could not calculate reference speed for line TimetableLine 2410 SA2.2_SC. More information on page 197 Verfahrensanleitung Standardisierte Bewertung
INFO:root:Could not calculate reference speed for line TimetableLine 2410 SA2.2_SC. More information on page 197 Verfahrensanleitung Standardisierte Bewertung
INFO:root:Could not calculate reference speed for line TimetableLine 2410 SA2.2_SC. More information on page 197 Verfahrensanleitung Standardisierte Bewertung
INFO:root:Could not calculate reference speed for line TimetableLine 2410 SA2.2_SC. More information on page 197 Verfahrensanleitung Standardisierte Bewertung
INFO:root:calculation <MasterArea 356> started
INFO:root:calculation <MasterArea 357> started
INFO:root:calculation <MasterArea 358> started
INFO:root:calculation <MasterArea 359> started
INFO:root:calculation <MasterArea 360> started
INFO:root:calculation <MasterArea 361> started
INFO:root:calculation <MasterArea 362> started
INFO:root:calculation <MasterArea 363> started
INFO:root:Could not calculate reference speed for line TimetableLine 1767 NW26_N. More information on page 197 Verfahrensanleitung Standardisierte Bewertung
INFO:root:Could not calculate reference speed for line TimetableLine 1767 NW26_N. More information on page 197 Verfahrensanleitung Standardisierte Bewertung
INFO:root:calculation <MasterArea 364> started
INFO:root:calculation <MasterArea 365> started
INFO:root:calculation <MasterArea 366> started
INFO:root:calculation <MasterArea 367> started
INFO:root:calculation <MasterArea 368> started
INFO:root:calculation <MasterArea 369> started
INFO:root:Could not calculate reference speed for line TimetableLine 1582 NW12.a_S. More information on page 197 Verfahrensanleitung Standardisierte Bewertung
INFO:root:Could not calculate reference speed for line TimetableLine 1582 NW12.a_S. More information on page 197 Verfahrensanleitung Standardisierte Bewertung
INFO:root:Could not calculate reference speed for line TimetableLine 1493 NW12.b_S. More information on page 197 Verfahrensanleitung Standardisierte Bewertung
INFO:root:Could not calculate reference speed for line TimetableLine 1493 NW12.b_S. More information on page 197 Verfahrensanleitung Standardisierte Bewertung
INFO:root:Could not calculate reference speed for line TimetableLine 1582 NW12.a_S. More information on page 197 Verfahrensanleitung Standardisierte Bewertung
INFO:root:Could not calculate reference speed for line TimetableLine 1582 NW12.a_S. More information on page 197 Verfahrensanleitung Standardisierte Bewertung
INFO:root:Could not calculate reference speed for line TimetableLine 1493 NW12.b_S. More information on page 197 Verfahrensanleitung Standardisierte Bewertung
INFO:root:Could not calculate reference speed for line TimetableLine 1493 NW12.b_S. More information on page 197 Verfahrensanleitung Standardisierte Bewertung
INFO:root:Could not calculate reference speed for line TimetableLine 1490 NW12.c_S. More information on page 197 Verfahrensanleitung Standardisierte Bewertung
INFO:root:Could not calculate reference speed for line TimetableLine 1490 NW12.c_S. More information on page 197 Verfahrensanleitung Standardisierte Bewertung
INFO:root:calculation <MasterArea 370> started
INFO:root:calculation <MasterArea 371> started
INFO:root:calculation <MasterArea 372> started
INFO:root:calculation <MasterArea 373> started
INFO:root:calculation <MasterArea 374> started
INFO:root:calculation <MasterArea 375> started
INFO:root:calculation <MasterArea 376> started
INFO:root:calculation <MasterArea 377> started
INFO:root:calculation <MasterArea 378> started
INFO:root:calculation <MasterArea 379> started
INFO:root:calculation <MasterArea 380> started
INFO:root:calculation <MasterArea 381> started
INFO:root:calculation <MasterArea 382> started
INFO:root:calculation <MasterArea 383> started
INFO:root:Could not calculate reference speed for line TimetableLine 2222 BW85.b_N. More information on page 197 Verfahrensanleitung Standardisierte Bewertung
INFO:root:Could not calculate reference speed for line TimetableLine 2222 BW85.b_N. More information on page 197 Verfahrensanleitung Standardisierte Bewertung
INFO:root:Could not calculate reference speed for line TimetableLine 2223 BW85.a_N. More information on page 197 Verfahrensanleitung Standardisierte Bewertung
INFO:root:Could not calculate reference speed for line TimetableLine 2223 BW85.a_N. More information on page 197 Verfahrensanleitung Standardisierte Bewertung
INFO:root:Could not calculate reference speed for line TimetableLine 2223 BW85.a_N. More information on page 197 Verfahrensanleitung Standardisierte Bewertung
INFO:root:Could not calculate reference speed for line TimetableLine 2223 BW85.a_N. More information on page 197 Verfahrensanleitung Standardisierte Bewertung
INFO:root:Could not calculate reference speed for line TimetableLine 2222 BW85.b_N. More information on page 197 Verfahrensanleitung Standardisierte Bewertung
INFO:root:Could not calculate reference speed for line TimetableLine 2222 BW85.b_N. More information on page 197 Verfahrensanleitung Standardisierte Bewertung
INFO:root:calculation <MasterArea 384> started
INFO:root:calculation <MasterArea 385> started
INFO:root:calculation <MasterArea 386> started
INFO:root:calculation <MasterArea 387> started
INFO:root:calculation <MasterArea 388> started
INFO:root:calculation <MasterArea 389> started
INFO:root:calculation <MasterArea 390> started
INFO:root:calculation <MasterArea 391> started
INFO:root:calculation <MasterArea 392> started
INFO:root:calculation <MasterArea 393> started
INFO:root:calculation <MasterArea 394> started
INFO:root:calculation <MasterArea 395> started
INFO:root:Could not calculate reference speed for line TimetableLine 2196 BB35_N. More information on page 197 Verfahrensanleitung Standardisierte Bewertung
INFO:root:Could not calculate reference speed for line TimetableLine 2196 BB35_N. More information on page 197 Verfahrensanleitung Standardisierte Bewertung
INFO:root:calculation <MasterArea 396> started
INFO:root:calculation <MasterArea 397> started
INFO:root:calculation <MasterArea 398> started
INFO:root:calculation <MasterArea 399> started
INFO:root:calculation <MasterArea 400> started
INFO:root:calculation <MasterArea 401> started
INFO:root:calculation <MasterArea 402> started
INFO:root:calculation <MasterArea 403> started
INFO:root:calculation <MasterArea 404> started
INFO:root:calculation <MasterArea 405> started
INFO:root:calculation <MasterArea 406> started
INFO:root:calculation <MasterArea 407> started
INFO:root:calculation <MasterArea 408> started
INFO:root:calculation <MasterArea 409> started
INFO:root:calculation <MasterArea 410> started
INFO:root:calculation <MasterArea 411> started
INFO:root:calculation <MasterArea 412> started
INFO:root:calculation <MasterArea 413> started
INFO:root:calculation <MasterArea 414> started
INFO:root:calculation <MasterArea 415> started
INFO:root:calculation <MasterArea 416> started
INFO:root:calculation <MasterArea 417> started
INFO:root:calculation <MasterArea 418> started
INFO:root:calculation <MasterArea 419> started
INFO:root:calculation <MasterArea 420> started
INFO:root:calculation <MasterArea 421> started
INFO:root:Could not calculate reference speed for line TimetableLine 1767 NW26_N. More information on page 197 Verfahrensanleitung Standardisierte Bewertung
INFO:root:Could not calculate reference speed for line TimetableLine 1767 NW26_N. More information on page 197 Verfahrensanleitung Standardisierte Bewertung
INFO:root:calculation <MasterArea 422> started
INFO:root:calculation <MasterArea 423> started
INFO:root:calculation <MasterArea 424> started
INFO:root:calculation <MasterArea 425> started
INFO:root:calculation <MasterArea 426> started
INFO:root:calculation <MasterArea 427> started
INFO:root:calculation <MasterArea 428> started
INFO:root:calculation <MasterArea 429> started
