INFO:root:Starting with project: K-006-V01
INFO:root:there is an missing info, look to 1.10 in Prins of this project
INFO:root:there is an missing info, look to 1.10 in Prins of this project
INFO:root:there is an missing info, look to 1.10 in Prins of this project
INFO:root:there is an missing info, look to 1.10 in Prins of this project
WARNING:root:Could not find table Umweltbetroffenheit in Prins
INFO:root:there is an missing info, look to 1.10 in Prins of this project
INFO:root:there is an missing info, look to 1.10 in Prins of this project
INFO:root:there is an missing info, look to 1.10 in Prins of this project
WARNING:root:Could not find table Umweltbeitrag nicht monetarisiert in Prins
WARNING:root:Could not find any elements after:Weitere Sachverhalte Umwelt
WARNING:root:No spatial significance found
WARNING:root:Breaked a search between elements because of an None-element (maybe ending div) Ergänzende Betrachtungen
INFO:root:finished import to db for project: K-006-V01
DEBUG:urllib3.connectionpool:Starting new HTTPS connection (1): bvwp-projekte.de:443
DEBUG:urllib3.connectionpool:https://bvwp-projekte.de:443 "GET /schiene_2018/L02/L02.html HTTP/1.1" 404 3589
DEBUG:urllib3.connectionpool:Starting new HTTPS connection (1): bvwp-projekte.de:443
DEBUG:urllib3.connectionpool:https://bvwp-projekte.de:443 "GET /schiene_2018/2-053-V01/2-053-V01.html HTTP/1.1" 404 3589
INFO:root:Starting with project: 2-054-V02
WARNING:root:Could not find table Auswirkungen Personenverkehr in Prins
WARNING:root:Could not find table Nutzen Personenverkehr in Prins
INFO:root:there is an missing info, look to 1.10 in Prins of this project
INFO:root:there is an missing info, look to 1.10 in Prins of this project
INFO:root:there is an missing info, look to 1.10 in Prins of this project
INFO:root:there is an missing info, look to 1.10 in Prins of this project
WARNING:root:Could not find table Umweltbetroffenheit in Prins
INFO:root:there is an missing info, look to 1.10 in Prins of this project
INFO:root:there is an missing info, look to 1.10 in Prins of this project
INFO:root:there is an missing info, look to 1.10 in Prins of this project
WARNING:root:Could not find table Umweltbeitrag nicht monetarisiert in Prins
WARNING:root:Could not find any elements after:Weitere Sachverhalte Umwelt
WARNING:root:No spatial significance found
WARNING:root:Breaked a search between elements because of an None-element (maybe ending div) Ergänzende Betrachtungen
DEBUG:urllib3.connectionpool:Starting new HTTPS connection (1): bvwp-projekte.de:443
DEBUG:urllib3.connectionpool:https://bvwp-projekte.de:443 "GET /schiene_2018/2-053-V01/2-053-V01.html HTTP/1.1" 404 3589
INFO:root:Starting with project: 2-054-V02
WARNING:root:Could not find table Auswirkungen Personenverkehr in Prins
WARNING:root:Could not find table Nutzen Personenverkehr in Prins
INFO:root:there is an missing info, look to 1.10 in Prins of this project
INFO:root:there is an missing info, look to 1.10 in Prins of this project
INFO:root:there is an missing info, look to 1.10 in Prins of this project
INFO:root:there is an missing info, look to 1.10 in Prins of this project
WARNING:root:Could not find table Umweltbetroffenheit in Prins
INFO:root:there is an missing info, look to 1.10 in Prins of this project
INFO:root:there is an missing info, look to 1.10 in Prins of this project
INFO:root:there is an missing info, look to 1.10 in Prins of this project
WARNING:root:Could not find table Umweltbeitrag nicht monetarisiert in Prins
WARNING:root:Could not find any elements after:Weitere Sachverhalte Umwelt
WARNING:root:No spatial significance found
WARNING:root:Breaked a search between elements because of an None-element (maybe ending div) Ergänzende Betrachtungen
INFO:root:Starting with project: 2-054-V02
WARNING:root:Could not find table Auswirkungen Personenverkehr in Prins
WARNING:root:Could not find table Nutzen Personenverkehr in Prins
INFO:root:there is an missing info, look to 1.10 in Prins of this project
INFO:root:there is an missing info, look to 1.10 in Prins of this project
INFO:root:there is an missing info, look to 1.10 in Prins of this project
INFO:root:there is an missing info, look to 1.10 in Prins of this project
WARNING:root:Could not find table Umweltbetroffenheit in Prins
INFO:root:there is an missing info, look to 1.10 in Prins of this project
INFO:root:there is an missing info, look to 1.10 in Prins of this project
INFO:root:there is an missing info, look to 1.10 in Prins of this project
WARNING:root:Could not find table Umweltbeitrag nicht monetarisiert in Prins
WARNING:root:Could not find any elements after:Weitere Sachverhalte Umwelt
WARNING:root:No spatial significance found
WARNING:root:Breaked a search between elements because of an None-element (maybe ending div) Ergänzende Betrachtungen
INFO:root:finished import to db for project: 2-054-V02
INFO:root:Starting with project: 2-011-V01
WARNING:root:Could not find any elements after:Weitere Sachverhalte Umwelt
WARNING:root:No spatial significance found
WARNING:root:Breaked a search between elements because of an None-element (maybe ending div) Ergänzende Betrachtungen
INFO:root:finished import to db for project: 2-011-V01
INFO:root:Starting with project: 2-036-V01
INFO:root:there is an missing info, look to 1.10 in Prins of this project
INFO:root:there is an missing info, look to 1.10 in Prins of this project
INFO:root:there is an missing info, look to 1.10 in Prins of this project
INFO:root:there is an missing info, look to 1.10 in Prins of this project
WARNING:root:Could not find table Umweltbetroffenheit in Prins
INFO:root:there is an missing info, look to 1.10 in Prins of this project
INFO:root:there is an missing info, look to 1.10 in Prins of this project
INFO:root:there is an missing info, look to 1.10 in Prins of this project
WARNING:root:Could not find table Umweltbeitrag nicht monetarisiert in Prins
WARNING:root:Could not find any elements after:Weitere Sachverhalte Umwelt
WARNING:root:No spatial significance found
WARNING:root:Breaked a search between elements because of an None-element (maybe ending div) Ergänzende Betrachtungen
INFO:root:finished import to db for project: 2-036-V01
INFO:root:Starting with project: 2-056-V01
INFO:root:there is an missing info, look to 1.10 in Prins of this project
INFO:root:there is an missing info, look to 1.10 in Prins of this project
INFO:root:there is an missing info, look to 1.10 in Prins of this project
INFO:root:there is an missing info, look to 1.10 in Prins of this project
WARNING:root:Could not find table Umweltbetroffenheit in Prins
INFO:root:there is an missing info, look to 1.10 in Prins of this project
INFO:root:there is an missing info, look to 1.10 in Prins of this project
INFO:root:there is an missing info, look to 1.10 in Prins of this project
WARNING:root:Could not find table Umweltbeitrag nicht monetarisiert in Prins
WARNING:root:Could not find any elements after:Weitere Sachverhalte Umwelt
WARNING:root:No spatial significance found
WARNING:root:Breaked a search between elements because of an None-element (maybe ending div) Ergänzende Betrachtungen
WARNING:root:County not found Neubrandenburg; Kreisfreie Stadt
WARNING:root:County not found Stralsund; Kreisfreie Stadt
WARNING:root:County not found Demmin; Kreis
WARNING:root:County not found Mecklenburg-Strelitz; Kreis
WARNING:root:County not found Nordvorpommern; Kreis
INFO:root:finished import to db for project: 2-056-V01
INFO:root:Starting with project: 2-055-V01
INFO:root:there is an missing info, look to 1.10 in Prins of this project
INFO:root:there is an missing info, look to 1.10 in Prins of this project
INFO:root:there is an missing info, look to 1.10 in Prins of this project
INFO:root:there is an missing info, look to 1.10 in Prins of this project
WARNING:root:Could not find table Umweltbetroffenheit in Prins
INFO:root:there is an missing info, look to 1.10 in Prins of this project
INFO:root:there is an missing info, look to 1.10 in Prins of this project
INFO:root:there is an missing info, look to 1.10 in Prins of this project
WARNING:root:Could not find table Umweltbeitrag nicht monetarisiert in Prins
WARNING:root:Could not find any elements after:Weitere Sachverhalte Umwelt
WARNING:root:No spatial significance found
WARNING:root:Breaked a search between elements because of an None-element (maybe ending div) Ergänzende Betrachtungen
WARNING:root:County not found Greifswald; Kreisfreie Stadt
WARNING:root:County not found Stralsund; Kreisfreie Stadt
WARNING:root:County not found Nordvorpommern; Kreis
WARNING:root:County not found Ostvorpommern; Kreis
WARNING:root:County not found Uecker-Randow
INFO:root:finished import to db for project: 2-055-V01
INFO:root:Starting with project: 2-027-V01
INFO:root:there is an missing info, look to 1.10 in Prins of this project
INFO:root:there is an missing info, look to 1.10 in Prins of this project
INFO:root:there is an missing info, look to 1.10 in Prins of this project
INFO:root:there is an missing info, look to 1.10 in Prins of this project
WARNING:root:Could not find table Umweltbetroffenheit in Prins
INFO:root:there is an missing info, look to 1.10 in Prins of this project
INFO:root:there is an missing info, look to 1.10 in Prins of this project
INFO:root:there is an missing info, look to 1.10 in Prins of this project
WARNING:root:Could not find table Umweltbeitrag nicht monetarisiert in Prins
WARNING:root:Could not find any elements after:Weitere Sachverhalte Umwelt
WARNING:root:No spatial significance found
WARNING:root:Breaked a search between elements because of an None-element (maybe ending div) Ergänzende Betrachtungen
INFO:root:finished import to db for project: 2-027-V01
INFO:root:Starting with project: 2-047-V01
INFO:root:there is an missing info, look to 1.10 in Prins of this project
INFO:root:there is an missing info, look to 1.10 in Prins of this project
INFO:root:there is an missing info, look to 1.10 in Prins of this project
INFO:root:there is an missing info, look to 1.10 in Prins of this project
WARNING:root:Could not find table Umweltbetroffenheit in Prins
INFO:root:there is an missing info, look to 1.10 in Prins of this project
INFO:root:there is an missing info, look to 1.10 in Prins of this project
INFO:root:there is an missing info, look to 1.10 in Prins of this project
WARNING:root:Could not find table Umweltbeitrag nicht monetarisiert in Prins
WARNING:root:Could not find any elements after:Weitere Sachverhalte Umwelt
WARNING:root:No spatial significance found
WARNING:root:Breaked a search between elements because of an None-element (maybe ending div) Ergänzende Betrachtungen
INFO:root:finished import to db for project: 2-047-V01
INFO:root:Starting with project: K-002-V01
INFO:root:there is an missing info, look to 1.10 in Prins of this project
INFO:root:there is an missing info, look to 1.10 in Prins of this project
INFO:root:there is an missing info, look to 1.10 in Prins of this project
INFO:root:there is an missing info, look to 1.10 in Prins of this project
WARNING:root:Could not find table Umweltbetroffenheit in Prins
INFO:root:there is an missing info, look to 1.10 in Prins of this project
INFO:root:there is an missing info, look to 1.10 in Prins of this project
INFO:root:there is an missing info, look to 1.10 in Prins of this project
WARNING:root:Could not find table Umweltbeitrag nicht monetarisiert in Prins
WARNING:root:Could not find any elements after:Weitere Sachverhalte Umwelt
WARNING:root:No spatial significance found
WARNING:root:Breaked a search between elements because of an None-element (maybe ending div) Ergänzende Betrachtungen
INFO:root:finished import to db for project: K-002-V01
INFO:root:Starting with project: 2-036-V04
INFO:root:there is an missing info, look to 1.10 in Prins of this project
INFO:root:there is an missing info, look to 1.10 in Prins of this project
INFO:root:there is an missing info, look to 1.10 in Prins of this project
INFO:root:there is an missing info, look to 1.10 in Prins of this project
WARNING:root:Could not find table Umweltbetroffenheit in Prins
INFO:root:there is an missing info, look to 1.10 in Prins of this project
INFO:root:there is an missing info, look to 1.10 in Prins of this project
INFO:root:there is an missing info, look to 1.10 in Prins of this project
WARNING:root:Could not find table Umweltbeitrag nicht monetarisiert in Prins
WARNING:root:Could not find any elements after:Weitere Sachverhalte Umwelt
WARNING:root:No spatial significance found
WARNING:root:Breaked a search between elements because of an None-element (maybe ending div) Ergänzende Betrachtungen
INFO:root:finished import to db for project: 2-036-V04
INFO:root:Starting with project: 2-003-V03
WARNING:root:Could not find table Umweltbetroffenheit in Prins
WARNING:root:Could not find table Umweltbeitrag nicht monetarisiert in Prins
WARNING:root:Could not find any elements after:Weitere Sachverhalte Umwelt
WARNING:root:No spatial significance found
WARNING:root:Breaked a search between elements because of an None-element (maybe ending div) Ergänzende Betrachtungen
INFO:root:finished import to db for project: 2-003-V03
INFO:root:Starting with project: 2-018-V01
WARNING:root:Could not find any elements after:Weitere Sachverhalte Umwelt
WARNING:root:No spatial significance found
WARNING:root:Breaked a search between elements because of an None-element (maybe ending div) Ergänzende Betrachtungen
INFO:root:finished import to db for project: 2-018-V01
INFO:root:Starting with project: 2-003-V04
WARNING:root:Could not find table Auswirkungen Personenverkehr in Prins
WARNING:root:Could not find table Nutzen Personenverkehr in Prins
INFO:root:there is an missing info, look to 1.10 in Prins of this project
INFO:root:there is an missing info, look to 1.10 in Prins of this project
INFO:root:there is an missing info, look to 1.10 in Prins of this project
INFO:root:there is an missing info, look to 1.10 in Prins of this project
WARNING:root:Could not find table Umweltbetroffenheit in Prins
INFO:root:there is an missing info, look to 1.10 in Prins of this project
INFO:root:there is an missing info, look to 1.10 in Prins of this project
INFO:root:there is an missing info, look to 1.10 in Prins of this project
WARNING:root:Could not find table Umweltbeitrag nicht monetarisiert in Prins
WARNING:root:Could not find any elements after:Weitere Sachverhalte Umwelt
WARNING:root:No spatial significance found
WARNING:root:Breaked a search between elements because of an None-element (maybe ending div) Ergänzende Betrachtungen
INFO:root:finished import to db for project: 2-003-V04
INFO:root:Starting with project: 2-021-V01
INFO:root:there is an missing info, look to 1.10 in Prins of this project
INFO:root:there is an missing info, look to 1.10 in Prins of this project
INFO:root:there is an missing info, look to 1.10 in Prins of this project
INFO:root:there is an missing info, look to 1.10 in Prins of this project
WARNING:root:Could not find table Umweltbetroffenheit in Prins
INFO:root:there is an missing info, look to 1.10 in Prins of this project
INFO:root:there is an missing info, look to 1.10 in Prins of this project
INFO:root:there is an missing info, look to 1.10 in Prins of this project
WARNING:root:Could not find table Umweltbeitrag nicht monetarisiert in Prins
WARNING:root:Could not find any elements after:Weitere Sachverhalte Umwelt
WARNING:root:No spatial significance found
WARNING:root:Breaked a search between elements because of an None-element (maybe ending div) Ergänzende Betrachtungen
INFO:root:finished import to db for project: 2-021-V01
DEBUG:urllib3.connectionpool:Starting new HTTPS connection (1): bvwp-projekte.de:443
DEBUG:urllib3.connectionpool:https://bvwp-projekte.de:443 "GET /schiene_2018/2-016-V01/2-016-V01.html HTTP/1.1" 404 3589
INFO:root:Starting with project: 2-032-V01
WARNING:root:Could not find any elements after:Weitere Sachverhalte Umwelt
WARNING:root:No spatial significance found
WARNING:root:Breaked a search between elements because of an None-element (maybe ending div) Ergänzende Betrachtungen
INFO:root:finished import to db for project: 2-032-V01
INFO:root:Starting with project: K-006-V01
INFO:root:there is an missing info, look to 1.10 in Prins of this project
INFO:root:there is an missing info, look to 1.10 in Prins of this project
INFO:root:there is an missing info, look to 1.10 in Prins of this project
INFO:root:there is an missing info, look to 1.10 in Prins of this project
WARNING:root:Could not find table Umweltbetroffenheit in Prins
INFO:root:there is an missing info, look to 1.10 in Prins of this project
INFO:root:there is an missing info, look to 1.10 in Prins of this project
INFO:root:there is an missing info, look to 1.10 in Prins of this project
WARNING:root:Could not find table Umweltbeitrag nicht monetarisiert in Prins
WARNING:root:Could not find any elements after:Weitere Sachverhalte Umwelt
WARNING:root:No spatial significance found
WARNING:root:Breaked a search between elements because of an None-element (maybe ending div) Ergänzende Betrachtungen
INFO:root:finished import to db for project: K-006-V01
INFO:root:Starting with project: 2-046-V02
WARNING:root:Could not find table Auswirkungen Personenverkehr in Prins
WARNING:root:Could not find table Nutzen Personenverkehr in Prins
INFO:root:there is an missing info, look to 1.10 in Prins of this project
INFO:root:there is an missing info, look to 1.10 in Prins of this project
INFO:root:there is an missing info, look to 1.10 in Prins of this project
INFO:root:there is an missing info, look to 1.10 in Prins of this project
WARNING:root:Could not find table Umweltbetroffenheit in Prins
INFO:root:there is an missing info, look to 1.10 in Prins of this project
INFO:root:there is an missing info, look to 1.10 in Prins of this project
INFO:root:there is an missing info, look to 1.10 in Prins of this project
WARNING:root:Could not find table Umweltbeitrag nicht monetarisiert in Prins
WARNING:root:Could not find any elements after:Weitere Sachverhalte Umwelt
WARNING:root:No spatial significance found
WARNING:root:Breaked a search between elements because of an None-element (maybe ending div) Ergänzende Betrachtungen
INFO:root:finished import to db for project: 2-046-V02
INFO:root:Starting with project: 2-050-V01
INFO:root:Starting with project: 2-050-V01
INFO:root:Starting with project: 2-028-V01
INFO:root:there is an missing info, look to 1.10 in Prins of this project
INFO:root:there is an missing info, look to 1.10 in Prins of this project
INFO:root:there is an missing info, look to 1.10 in Prins of this project
INFO:root:there is an missing info, look to 1.10 in Prins of this project
WARNING:root:Could not find table Umweltbetroffenheit in Prins
INFO:root:there is an missing info, look to 1.10 in Prins of this project
INFO:root:there is an missing info, look to 1.10 in Prins of this project
INFO:root:there is an missing info, look to 1.10 in Prins of this project
WARNING:root:Could not find table Umweltbeitrag nicht monetarisiert in Prins
WARNING:root:Could not find any elements after:Weitere Sachverhalte Umwelt
WARNING:root:No spatial significance found
WARNING:root:Breaked a search between elements because of an None-element (maybe ending div) Ergänzende Betrachtungen
INFO:root:finished import to db for project: 2-028-V01
DEBUG:urllib3.connectionpool:Starting new HTTPS connection (1): bvwp-projekte.de:443
DEBUG:urllib3.connectionpool:https://bvwp-projekte.de:443 "GET /schiene_2018/2-058-V01/2-058-V01.html HTTP/1.1" 404 3589
INFO:root:Starting with project: 2-029-V01
INFO:root:there is an missing info, look to 1.10 in Prins of this project
INFO:root:there is an missing info, look to 1.10 in Prins of this project
INFO:root:there is an missing info, look to 1.10 in Prins of this project
INFO:root:there is an missing info, look to 1.10 in Prins of this project
WARNING:root:Could not find table Umweltbetroffenheit in Prins
INFO:root:there is an missing info, look to 1.10 in Prins of this project
INFO:root:there is an missing info, look to 1.10 in Prins of this project
INFO:root:there is an missing info, look to 1.10 in Prins of this project
WARNING:root:Could not find table Umweltbeitrag nicht monetarisiert in Prins
WARNING:root:Could not find any elements after:Weitere Sachverhalte Umwelt
WARNING:root:No spatial significance found
WARNING:root:Breaked a search between elements because of an None-element (maybe ending div) Ergänzende Betrachtungen
INFO:root:finished import to db for project: 2-029-V01
INFO:root:Starting with project: 2-045-V01
INFO:root:there is an missing info, look to 1.10 in Prins of this project
INFO:root:there is an missing info, look to 1.10 in Prins of this project
INFO:root:there is an missing info, look to 1.10 in Prins of this project
INFO:root:there is an missing info, look to 1.10 in Prins of this project
WARNING:root:Could not find table Umweltbetroffenheit in Prins
INFO:root:there is an missing info, look to 1.10 in Prins of this project
INFO:root:there is an missing info, look to 1.10 in Prins of this project
INFO:root:there is an missing info, look to 1.10 in Prins of this project
WARNING:root:Could not find table Umweltbeitrag nicht monetarisiert in Prins
WARNING:root:Could not find any elements after:Weitere Sachverhalte Umwelt
WARNING:root:No spatial significance found
WARNING:root:Breaked a search between elements because of an None-element (maybe ending div) Ergänzende Betrachtungen
INFO:root:finished import to db for project: 2-045-V01
INFO:root:Starting with project: 2-052-V03
WARNING:root:Could not find table Auswirkungen Güterverkehr in Prins
WARNING:root:Could not find table Nutzen Güterverkehr in Prins
INFO:root:there is an missing info, look to 1.10 in Prins of this project
INFO:root:there is an missing info, look to 1.10 in Prins of this project
INFO:root:there is an missing info, look to 1.10 in Prins of this project
INFO:root:there is an missing info, look to 1.10 in Prins of this project
WARNING:root:Could not find table Umweltbetroffenheit in Prins
INFO:root:there is an missing info, look to 1.10 in Prins of this project
INFO:root:there is an missing info, look to 1.10 in Prins of this project
INFO:root:there is an missing info, look to 1.10 in Prins of this project
WARNING:root:Could not find table Umweltbeitrag nicht monetarisiert in Prins
WARNING:root:Could not find any elements after:Weitere Sachverhalte Umwelt
WARNING:root:No spatial significance found
WARNING:root:Breaked a search between elements because of an None-element (maybe ending div) Ergänzende Betrachtungen
INFO:root:finished import to db for project: 2-052-V03
INFO:root:Starting with project: 2-030-V01
INFO:root:there is an missing info, look to 1.10 in Prins of this project
INFO:root:there is an missing info, look to 1.10 in Prins of this project
INFO:root:there is an missing info, look to 1.10 in Prins of this project
INFO:root:there is an missing info, look to 1.10 in Prins of this project
WARNING:root:Could not find table Umweltbetroffenheit in Prins
INFO:root:there is an missing info, look to 1.10 in Prins of this project
INFO:root:there is an missing info, look to 1.10 in Prins of this project
INFO:root:there is an missing info, look to 1.10 in Prins of this project
WARNING:root:Could not find table Umweltbeitrag nicht monetarisiert in Prins
WARNING:root:Could not find any elements after:Weitere Sachverhalte Umwelt
WARNING:root:No spatial significance found
WARNING:root:Breaked a search between elements because of an None-element (maybe ending div) Ergänzende Betrachtungen
INFO:root:finished import to db for project: 2-030-V01
INFO:root:Starting with project: 2-007-V01
WARNING:root:Could not find any elements after:Weitere Sachverhalte Umwelt
WARNING:root:Breaked a search between elements because of an None-element (maybe ending div) Zusammenfassung der Projektwirkungen
WARNING:root:Breaked a search between elements because of an None-element (maybe ending div) Ergänzende Betrachtungen
INFO:root:finished import to db for project: 2-007-V01
INFO:root:Starting with project: 2-002-V02
WARNING:root:Could not find any elements after:Weitere Sachverhalte Umwelt
WARNING:root:Breaked a search between elements because of an None-element (maybe ending div) Zusammenfassung der Projektwirkungen
WARNING:root:Breaked a search between elements because of an None-element (maybe ending div) Ergänzende Betrachtungen
INFO:root:finished import to db for project: 2-002-V02
INFO:root:Starting with project: 2-038-V02
INFO:root:there is an missing info, look to 1.10 in Prins of this project
INFO:root:there is an missing info, look to 1.10 in Prins of this project
INFO:root:there is an missing info, look to 1.10 in Prins of this project
INFO:root:there is an missing info, look to 1.10 in Prins of this project
WARNING:root:Could not find table Umweltbetroffenheit in Prins
INFO:root:there is an missing info, look to 1.10 in Prins of this project
INFO:root:there is an missing info, look to 1.10 in Prins of this project
INFO:root:there is an missing info, look to 1.10 in Prins of this project
WARNING:root:Could not find table Umweltbeitrag nicht monetarisiert in Prins
WARNING:root:Could not find any elements after:Weitere Sachverhalte Umwelt
WARNING:root:No spatial significance found
WARNING:root:Breaked a search between elements because of an None-element (maybe ending div) Ergänzende Betrachtungen
INFO:root:finished import to db for project: 2-038-V02
INFO:root:Starting with project: 2-049-V02
INFO:root:there is an missing info, look to 1.10 in Prins of this project
INFO:root:there is an missing info, look to 1.10 in Prins of this project
INFO:root:there is an missing info, look to 1.10 in Prins of this project
INFO:root:there is an missing info, look to 1.10 in Prins of this project
WARNING:root:Could not find table Umweltbetroffenheit in Prins
INFO:root:there is an missing info, look to 1.10 in Prins of this project
INFO:root:there is an missing info, look to 1.10 in Prins of this project
INFO:root:there is an missing info, look to 1.10 in Prins of this project
WARNING:root:Could not find table Umweltbeitrag nicht monetarisiert in Prins
WARNING:root:Could not find any elements after:Weitere Sachverhalte Umwelt
WARNING:root:No spatial significance found
WARNING:root:Breaked a search between elements because of an None-element (maybe ending div) Ergänzende Betrachtungen
INFO:root:finished import to db for project: 2-049-V02
INFO:root:Starting with project: 2-020-V01
WARNING:root:Could not find table Auswirkungen Güterverkehr in Prins
WARNING:root:Could not find table Nutzen Güterverkehr in Prins
WARNING:root:Could not find table Umweltbetroffenheit in Prins
WARNING:root:Could not find table Umweltbeitrag nicht monetarisiert in Prins
WARNING:root:Could not find any elements after:Weitere Sachverhalte Umwelt
WARNING:root:No spatial significance found
WARNING:root:Breaked a search between elements because of an None-element (maybe ending div) Ergänzende Betrachtungen
INFO:root:finished import to db for project: 2-020-V01
INFO:root:Starting with project: 2-020-V02
WARNING:root:Could not find table Auswirkungen Güterverkehr in Prins
WARNING:root:Could not find table Nutzen Güterverkehr in Prins
WARNING:root:Could not find table Umweltbetroffenheit in Prins
WARNING:root:Could not find table Umweltbeitrag nicht monetarisiert in Prins
WARNING:root:Could not find any elements after:Weitere Sachverhalte Umwelt
WARNING:root:No spatial significance found
WARNING:root:Breaked a search between elements because of an None-element (maybe ending div) Ergänzende Betrachtungen
INFO:root:finished import to db for project: 2-020-V02
INFO:root:Starting with project: 2-025-V01
INFO:root:there is an missing info, look to 1.10 in Prins of this project
INFO:root:there is an missing info, look to 1.10 in Prins of this project
INFO:root:there is an missing info, look to 1.10 in Prins of this project
INFO:root:there is an missing info, look to 1.10 in Prins of this project
WARNING:root:Could not find table Umweltbetroffenheit in Prins
INFO:root:there is an missing info, look to 1.10 in Prins of this project
INFO:root:there is an missing info, look to 1.10 in Prins of this project
INFO:root:there is an missing info, look to 1.10 in Prins of this project
WARNING:root:Could not find table Umweltbeitrag nicht monetarisiert in Prins
WARNING:root:Could not find any elements after:Weitere Sachverhalte Umwelt
WARNING:root:No spatial significance found
WARNING:root:Breaked a search between elements because of an None-element (maybe ending div) Ergänzende Betrachtungen
INFO:root:finished import to db for project: 2-025-V01
INFO:root:Starting with project: 2-015-V01
WARNING:root:Could not find table Auswirkungen Personenverkehr in Prins
WARNING:root:Could not find table Nutzen Personenverkehr in Prins
WARNING:root:Could not find any elements after:Weitere Sachverhalte Umwelt
WARNING:root:No spatial significance found
WARNING:root:Breaked a search between elements because of an None-element (maybe ending div) Ergänzende Betrachtungen
INFO:root:finished import to db for project: 2-015-V01
INFO:root:Starting with project: 2-004-V03
WARNING:root:Could not find any elements after:Weitere Sachverhalte Umwelt
WARNING:root:Breaked a search between elements because of an None-element (maybe ending div) Zusammenfassung der Projektwirkungen
WARNING:root:Breaked a search between elements because of an None-element (maybe ending div) Ergänzende Betrachtungen
INFO:root:finished import to db for project: 2-004-V03
INFO:root:Starting with project: 2-042-V01
WARNING:root:Could not find table Auswirkungen Personenverkehr in Prins
WARNING:root:Could not find table Nutzen Personenverkehr in Prins
INFO:root:there is an missing info, look to 1.10 in Prins of this project
INFO:root:there is an missing info, look to 1.10 in Prins of this project
INFO:root:there is an missing info, look to 1.10 in Prins of this project
INFO:root:there is an missing info, look to 1.10 in Prins of this project
WARNING:root:Could not find table Umweltbetroffenheit in Prins
INFO:root:there is an missing info, look to 1.10 in Prins of this project
INFO:root:there is an missing info, look to 1.10 in Prins of this project
INFO:root:there is an missing info, look to 1.10 in Prins of this project
WARNING:root:Could not find table Umweltbeitrag nicht monetarisiert in Prins
WARNING:root:Could not find any elements after:Weitere Sachverhalte Umwelt
WARNING:root:No spatial significance found
WARNING:root:Breaked a search between elements because of an None-element (maybe ending div) Ergänzende Betrachtungen
INFO:root:finished import to db for project: 2-042-V01
INFO:root:Starting with project: 2-048-V02
INFO:root:there is an missing info, look to 1.10 in Prins of this project
INFO:root:there is an missing info, look to 1.10 in Prins of this project
INFO:root:there is an missing info, look to 1.10 in Prins of this project
INFO:root:there is an missing info, look to 1.10 in Prins of this project
WARNING:root:Could not find table Umweltbetroffenheit in Prins
INFO:root:there is an missing info, look to 1.10 in Prins of this project
INFO:root:there is an missing info, look to 1.10 in Prins of this project
INFO:root:there is an missing info, look to 1.10 in Prins of this project
WARNING:root:Could not find table Umweltbeitrag nicht monetarisiert in Prins
WARNING:root:Could not find any elements after:Weitere Sachverhalte Umwelt
WARNING:root:No spatial significance found
WARNING:root:Breaked a search between elements because of an None-element (maybe ending div) Ergänzende Betrachtungen
INFO:root:finished import to db for project: 2-048-V02
INFO:root:Starting with project: K-003-V01
INFO:root:there is an missing info, look to 1.10 in Prins of this project
INFO:root:there is an missing info, look to 1.10 in Prins of this project
INFO:root:there is an missing info, look to 1.10 in Prins of this project
INFO:root:there is an missing info, look to 1.10 in Prins of this project
WARNING:root:Could not find table Umweltbetroffenheit in Prins
INFO:root:there is an missing info, look to 1.10 in Prins of this project
INFO:root:there is an missing info, look to 1.10 in Prins of this project
INFO:root:there is an missing info, look to 1.10 in Prins of this project
WARNING:root:Could not find table Umweltbeitrag nicht monetarisiert in Prins
WARNING:root:Could not find any elements after:Weitere Sachverhalte Umwelt
WARNING:root:No spatial significance found
WARNING:root:Breaked a search between elements because of an None-element (maybe ending div) Ergänzende Betrachtungen
INFO:root:finished import to db for project: K-003-V01
INFO:root:Starting with project: K-003-V01
INFO:root:there is an missing info, look to 1.10 in Prins of this project
INFO:root:there is an missing info, look to 1.10 in Prins of this project
INFO:root:there is an missing info, look to 1.10 in Prins of this project
INFO:root:there is an missing info, look to 1.10 in Prins of this project
WARNING:root:Could not find table Umweltbetroffenheit in Prins
INFO:root:there is an missing info, look to 1.10 in Prins of this project
INFO:root:there is an missing info, look to 1.10 in Prins of this project
INFO:root:there is an missing info, look to 1.10 in Prins of this project
WARNING:root:Could not find table Umweltbeitrag nicht monetarisiert in Prins
WARNING:root:Could not find any elements after:Weitere Sachverhalte Umwelt
WARNING:root:No spatial significance found
WARNING:root:Breaked a search between elements because of an None-element (maybe ending div) Ergänzende Betrachtungen
INFO:root:finished import to db for project: K-003-V01
INFO:root:Starting with project: 2-004-V04
WARNING:root:Could not find table Auswirkungen Personenverkehr in Prins
WARNING:root:Could not find table Nutzen Personenverkehr in Prins
INFO:root:there is an missing info, look to 1.10 in Prins of this project
INFO:root:there is an missing info, look to 1.10 in Prins of this project
INFO:root:there is an missing info, look to 1.10 in Prins of this project
INFO:root:there is an missing info, look to 1.10 in Prins of this project
WARNING:root:Could not find table Umweltbetroffenheit in Prins
INFO:root:there is an missing info, look to 1.10 in Prins of this project
INFO:root:there is an missing info, look to 1.10 in Prins of this project
INFO:root:there is an missing info, look to 1.10 in Prins of this project
WARNING:root:Could not find table Umweltbeitrag nicht monetarisiert in Prins
WARNING:root:Could not find any elements after:Weitere Sachverhalte Umwelt
WARNING:root:No spatial significance found
WARNING:root:Breaked a search between elements because of an None-element (maybe ending div) Ergänzende Betrachtungen
INFO:root:finished import to db for project: 2-004-V04
INFO:root:Starting with project: K-004-V01
INFO:root:there is an missing info, look to 1.10 in Prins of this project
INFO:root:there is an missing info, look to 1.10 in Prins of this project
INFO:root:there is an missing info, look to 1.10 in Prins of this project
INFO:root:there is an missing info, look to 1.10 in Prins of this project
WARNING:root:Could not find table Umweltbetroffenheit in Prins
INFO:root:there is an missing info, look to 1.10 in Prins of this project
INFO:root:there is an missing info, look to 1.10 in Prins of this project
INFO:root:there is an missing info, look to 1.10 in Prins of this project
WARNING:root:Could not find table Umweltbeitrag nicht monetarisiert in Prins
WARNING:root:Could not find any elements after:Weitere Sachverhalte Umwelt
WARNING:root:No spatial significance found
WARNING:root:Breaked a search between elements because of an None-element (maybe ending div) Ergänzende Betrachtungen
INFO:root:finished import to db for project: K-004-V01
INFO:root:Starting with project: 2-037-V01
INFO:root:there is an missing info, look to 1.10 in Prins of this project
INFO:root:there is an missing info, look to 1.10 in Prins of this project
INFO:root:there is an missing info, look to 1.10 in Prins of this project
INFO:root:there is an missing info, look to 1.10 in Prins of this project
WARNING:root:Could not find table Umweltbetroffenheit in Prins
INFO:root:there is an missing info, look to 1.10 in Prins of this project
INFO:root:there is an missing info, look to 1.10 in Prins of this project
INFO:root:there is an missing info, look to 1.10 in Prins of this project
WARNING:root:Could not find table Umweltbeitrag nicht monetarisiert in Prins
WARNING:root:Could not find any elements after:Weitere Sachverhalte Umwelt
WARNING:root:No spatial significance found
WARNING:root:Breaked a search between elements because of an None-element (maybe ending div) Ergänzende Betrachtungen
INFO:root:finished import to db for project: 2-037-V01
INFO:root:Starting with project: 2-034-V01
INFO:root:there is an missing info, look to 1.10 in Prins of this project
INFO:root:there is an missing info, look to 1.10 in Prins of this project
INFO:root:there is an missing info, look to 1.10 in Prins of this project
INFO:root:there is an missing info, look to 1.10 in Prins of this project
WARNING:root:Could not find table Umweltbetroffenheit in Prins
INFO:root:there is an missing info, look to 1.10 in Prins of this project
INFO:root:there is an missing info, look to 1.10 in Prins of this project
INFO:root:there is an missing info, look to 1.10 in Prins of this project
WARNING:root:Could not find table Umweltbeitrag nicht monetarisiert in Prins
WARNING:root:Could not find any elements after:Weitere Sachverhalte Umwelt
WARNING:root:No spatial significance found
WARNING:root:Breaked a search between elements because of an None-element (maybe ending div) Ergänzende Betrachtungen
INFO:root:finished import to db for project: 2-034-V01
INFO:root:Starting with project: 2-005-V02
WARNING:root:Could not find any elements after:Weitere Sachverhalte Umwelt
WARNING:root:Breaked a search between elements because of an None-element (maybe ending div) Zusammenfassung der Projektwirkungen
WARNING:root:Breaked a search between elements because of an None-element (maybe ending div) Ergänzende Betrachtungen
INFO:root:finished import to db for project: 2-005-V02
INFO:root:Starting with project: 2-040-V01
INFO:root:there is an missing info, look to 1.10 in Prins of this project
INFO:root:there is an missing info, look to 1.10 in Prins of this project
INFO:root:there is an missing info, look to 1.10 in Prins of this project
INFO:root:there is an missing info, look to 1.10 in Prins of this project
WARNING:root:Could not find table Umweltbetroffenheit in Prins
INFO:root:there is an missing info, look to 1.10 in Prins of this project
INFO:root:there is an missing info, look to 1.10 in Prins of this project
INFO:root:there is an missing info, look to 1.10 in Prins of this project
WARNING:root:Could not find table Umweltbeitrag nicht monetarisiert in Prins
WARNING:root:Could not find any elements after:Weitere Sachverhalte Umwelt
WARNING:root:No spatial significance found
WARNING:root:Breaked a search between elements because of an None-element (maybe ending div) Ergänzende Betrachtungen
INFO:root:finished import to db for project: 2-040-V01
INFO:root:Starting with project: 2-001-V02
WARNING:root:Could not find any elements after:Weitere Sachverhalte Umwelt
WARNING:root:Breaked a search between elements because of an None-element (maybe ending div) Zusammenfassung der Projektwirkungen
WARNING:root:Breaked a search between elements because of an None-element (maybe ending div) Ergänzende Betrachtungen
INFO:root:finished import to db for project: 2-001-V02
INFO:root:Starting with project: 2-041-V02
WARNING:root:Could not find any elements after:Weitere Sachverhalte Umwelt
WARNING:root:No spatial significance found
WARNING:root:Breaked a search between elements because of an None-element (maybe ending div) Ergänzende Betrachtungen
INFO:root:finished import to db for project: 2-041-V02
INFO:root:Starting with project: 2-026-V01
WARNING:root:Could not find table Auswirkungen Personenverkehr in Prins
WARNING:root:Could not find table Nutzen Personenverkehr in Prins
INFO:root:there is an missing info, look to 1.10 in Prins of this project
INFO:root:there is an missing info, look to 1.10 in Prins of this project
INFO:root:there is an missing info, look to 1.10 in Prins of this project
INFO:root:there is an missing info, look to 1.10 in Prins of this project
WARNING:root:Could not find table Umweltbetroffenheit in Prins
INFO:root:there is an missing info, look to 1.10 in Prins of this project
INFO:root:there is an missing info, look to 1.10 in Prins of this project
INFO:root:there is an missing info, look to 1.10 in Prins of this project
WARNING:root:Could not find table Umweltbeitrag nicht monetarisiert in Prins
WARNING:root:Could not find any elements after:Weitere Sachverhalte Umwelt
WARNING:root:No spatial significance found
WARNING:root:Breaked a search between elements because of an None-element (maybe ending div) Ergänzende Betrachtungen
INFO:root:finished import to db for project: 2-026-V01
INFO:root:Starting with project: K-005-V01
INFO:root:there is an missing info, look to 1.10 in Prins of this project
INFO:root:there is an missing info, look to 1.10 in Prins of this project
INFO:root:there is an missing info, look to 1.10 in Prins of this project
INFO:root:there is an missing info, look to 1.10 in Prins of this project
WARNING:root:Could not find table Umweltbetroffenheit in Prins
INFO:root:there is an missing info, look to 1.10 in Prins of this project
INFO:root:there is an missing info, look to 1.10 in Prins of this project
INFO:root:there is an missing info, look to 1.10 in Prins of this project
WARNING:root:Could not find table Umweltbeitrag nicht monetarisiert in Prins
WARNING:root:Could not find any elements after:Weitere Sachverhalte Umwelt
WARNING:root:No spatial significance found
WARNING:root:Breaked a search between elements because of an None-element (maybe ending div) Ergänzende Betrachtungen
WARNING:root:County not found München; Landkreis
INFO:root:finished import to db for project: K-005-V01
INFO:root:Starting with project: 2-009-V03
INFO:root:Starting with project: 2-008-V04
INFO:root:there is an missing info, look to 1.10 in Prins of this project
INFO:root:there is an missing info, look to 1.10 in Prins of this project
INFO:root:there is an missing info, look to 1.10 in Prins of this project
INFO:root:there is an missing info, look to 1.10 in Prins of this project
WARNING:root:Could not find table Umweltbetroffenheit in Prins
INFO:root:there is an missing info, look to 1.10 in Prins of this project
INFO:root:there is an missing info, look to 1.10 in Prins of this project
INFO:root:there is an missing info, look to 1.10 in Prins of this project
WARNING:root:Could not find table Umweltbeitrag nicht monetarisiert in Prins
WARNING:root:Could not find any elements after:Weitere Sachverhalte Umwelt
WARNING:root:Breaked a search between elements because of an None-element (maybe ending div) Zusammenfassung der Projektwirkungen
WARNING:root:Breaked a search between elements because of an None-element (maybe ending div) Ergänzende Betrachtungen
INFO:root:finished import to db for project: 2-008-V04
INFO:root:Starting with project: 2-039-V02
INFO:root:there is an missing info, look to 1.10 in Prins of this project
INFO:root:there is an missing info, look to 1.10 in Prins of this project
INFO:root:there is an missing info, look to 1.10 in Prins of this project
INFO:root:there is an missing info, look to 1.10 in Prins of this project
WARNING:root:Could not find table Umweltbetroffenheit in Prins
INFO:root:there is an missing info, look to 1.10 in Prins of this project
INFO:root:there is an missing info, look to 1.10 in Prins of this project
INFO:root:there is an missing info, look to 1.10 in Prins of this project
WARNING:root:Could not find table Umweltbeitrag nicht monetarisiert in Prins
WARNING:root:Could not find any elements after:Weitere Sachverhalte Umwelt
WARNING:root:No spatial significance found
WARNING:root:Breaked a search between elements because of an None-element (maybe ending div) Ergänzende Betrachtungen
INFO:root:finished import to db for project: 2-039-V02
INFO:root:Starting with project: 2-035-V02
WARNING:root:Could not find table Auswirkungen Personenverkehr in Prins
WARNING:root:Could not find table Nutzen Personenverkehr in Prins
INFO:root:there is an missing info, look to 1.10 in Prins of this project
INFO:root:there is an missing info, look to 1.10 in Prins of this project
INFO:root:there is an missing info, look to 1.10 in Prins of this project
INFO:root:there is an missing info, look to 1.10 in Prins of this project
WARNING:root:Could not find table Umweltbetroffenheit in Prins
INFO:root:there is an missing info, look to 1.10 in Prins of this project
INFO:root:there is an missing info, look to 1.10 in Prins of this project
INFO:root:there is an missing info, look to 1.10 in Prins of this project
WARNING:root:Could not find table Umweltbeitrag nicht monetarisiert in Prins
WARNING:root:Could not find any elements after:Weitere Sachverhalte Umwelt
WARNING:root:No spatial significance found
WARNING:root:Breaked a search between elements because of an None-element (maybe ending div) Ergänzende Betrachtungen
INFO:root:finished import to db for project: 2-035-V02
INFO:root:Starting with project: 2-022-V02
INFO:root:there is an missing info, look to 1.10 in Prins of this project
INFO:root:there is an missing info, look to 1.10 in Prins of this project
INFO:root:there is an missing info, look to 1.10 in Prins of this project
INFO:root:there is an missing info, look to 1.10 in Prins of this project
WARNING:root:Could not find table Umweltbetroffenheit in Prins
INFO:root:there is an missing info, look to 1.10 in Prins of this project
INFO:root:there is an missing info, look to 1.10 in Prins of this project
INFO:root:there is an missing info, look to 1.10 in Prins of this project
WARNING:root:Could not find table Umweltbeitrag nicht monetarisiert in Prins
WARNING:root:Could not find any elements after:Weitere Sachverhalte Umwelt
WARNING:root:No spatial significance found
WARNING:root:Breaked a search between elements because of an None-element (maybe ending div) Ergänzende Betrachtungen
INFO:root:finished import to db for project: 2-022-V02
INFO:root:Starting with project: 2-019-V01
WARNING:root:Could not find any elements after:Weitere Sachverhalte Umwelt
WARNING:root:Breaked a search between elements because of an None-element (maybe ending div) Zusammenfassung der Projektwirkungen
WARNING:root:Breaked a search between elements because of an None-element (maybe ending div) Ergänzende Betrachtungen
INFO:root:finished import to db for project: 2-019-V01
INFO:root:Starting with project: 2-033-V02
WARNING:root:Could not find table Auswirkungen Güterverkehr in Prins
WARNING:root:Could not find table Nutzen Güterverkehr in Prins
INFO:root:there is an missing info, look to 1.10 in Prins of this project
INFO:root:there is an missing info, look to 1.10 in Prins of this project
INFO:root:there is an missing info, look to 1.10 in Prins of this project
INFO:root:there is an missing info, look to 1.10 in Prins of this project
WARNING:root:Could not find table Umweltbetroffenheit in Prins
INFO:root:there is an missing info, look to 1.10 in Prins of this project
INFO:root:there is an missing info, look to 1.10 in Prins of this project
INFO:root:there is an missing info, look to 1.10 in Prins of this project
WARNING:root:Could not find table Umweltbeitrag nicht monetarisiert in Prins
WARNING:root:Could not find any elements after:Weitere Sachverhalte Umwelt
WARNING:root:No spatial significance found
WARNING:root:Breaked a search between elements because of an None-element (maybe ending div) Ergänzende Betrachtungen
INFO:root:finished import to db for project: 2-033-V02
INFO:root:Starting with project: 2-017-V01
WARNING:root:Could not find any elements after:Weitere Sachverhalte Umwelt
WARNING:root:Breaked a search between elements because of an None-element (maybe ending div) Zusammenfassung der Projektwirkungen
WARNING:root:Breaked a search between elements because of an None-element (maybe ending div) Ergänzende Betrachtungen
INFO:root:finished import to db for project: 2-017-V01
INFO:root:Starting with project: 2-010-V07
INFO:root:there is an missing info, look to 1.10 in Prins of this project
INFO:root:there is an missing info, look to 1.10 in Prins of this project
INFO:root:there is an missing info, look to 1.10 in Prins of this project
INFO:root:there is an missing info, look to 1.10 in Prins of this project
WARNING:root:Could not find table Umweltbetroffenheit in Prins
INFO:root:there is an missing info, look to 1.10 in Prins of this project
INFO:root:there is an missing info, look to 1.10 in Prins of this project
INFO:root:there is an missing info, look to 1.10 in Prins of this project
WARNING:root:Could not find table Umweltbeitrag nicht monetarisiert in Prins
WARNING:root:Could not find any elements after:Weitere Sachverhalte Umwelt
WARNING:root:No spatial significance found
WARNING:root:Breaked a search between elements because of an None-element (maybe ending div) Ergänzende Betrachtungen
INFO:root:finished import to db for project: 2-010-V07
INFO:root:Starting with project: 2-013-V01
WARNING:root:Could not find table Auswirkungen Personenverkehr in Prins
WARNING:root:Could not find table Nutzen Personenverkehr in Prins
WARNING:root:Could not find any elements after:Weitere Sachverhalte Umwelt
WARNING:root:No spatial significance found
WARNING:root:Breaked a search between elements because of an None-element (maybe ending div) Ergänzende Betrachtungen
INFO:root:finished import to db for project: 2-013-V01
INFO:root:Starting with project: K-001-V01
INFO:root:there is an missing info, look to 1.10 in Prins of this project
INFO:root:there is an missing info, look to 1.10 in Prins of this project
INFO:root:there is an missing info, look to 1.10 in Prins of this project
INFO:root:there is an missing info, look to 1.10 in Prins of this project
WARNING:root:Could not find table Umweltbetroffenheit in Prins
INFO:root:there is an missing info, look to 1.10 in Prins of this project
INFO:root:there is an missing info, look to 1.10 in Prins of this project
INFO:root:there is an missing info, look to 1.10 in Prins of this project
WARNING:root:Could not find table Umweltbeitrag nicht monetarisiert in Prins
WARNING:root:Could not find any elements after:Weitere Sachverhalte Umwelt
WARNING:root:No spatial significance found
WARNING:root:Breaked a search between elements because of an None-element (maybe ending div) Ergänzende Betrachtungen
INFO:root:finished import to db for project: K-001-V01
INFO:root:Starting with project: 2-014-V01
WARNING:root:Could not find table Auswirkungen Personenverkehr in Prins
WARNING:root:Could not find table Nutzen Personenverkehr in Prins
INFO:root:there is an missing info, look to 1.10 in Prins of this project
INFO:root:there is an missing info, look to 1.10 in Prins of this project
INFO:root:there is an missing info, look to 1.10 in Prins of this project
WARNING:root:Could not find any elements after:Weitere Sachverhalte Umwelt
WARNING:root:No spatial significance found
WARNING:root:Breaked a search between elements because of an None-element (maybe ending div) Ergänzende Betrachtungen
INFO:root:finished import to db for project: 2-014-V01
