INFO:root:calculation <MasterArea 1070> started
INFO:root:finished calculation electrification 1070 (duration 0.60099196434021s)
INFO:root:finished calculation efuel 1070 (duration 0.5833489894866943s)
INFO:root:finished calculation optimised_electrification 1070 (duration 0.8901169300079346s)
INFO:root:finished calculation diesel 1070 (duration 0.6310122013092041s)
INFO:root:finished calculation efuel 1070 (duration 0.5811948776245117s)
INFO:root:calculation <MasterArea 1071> started
INFO:root:finished calculation electrification 1071 (duration 0.28814101219177246s)
INFO:root:finished calculation efuel 1071 (duration 0.1865708827972412s)
INFO:root:finished calculation battery 1071 (duration 0.19040417671203613s)
INFO:root:finished calculation optimised_electrification 1071 (duration 0.30074191093444824s)
INFO:root:finished calculation diesel 1071 (duration 0.18976068496704102s)
INFO:root:finished calculation efuel 1071 (duration 0.20799016952514648s)
INFO:root:finished calculation h2 1071 (duration 0.18688201904296875s)
INFO:root:calculation <MasterArea 1072> started
INFO:root:finished calculation electrification 1072 (duration 0.0751180648803711s)
INFO:root:finished calculation efuel 1072 (duration 0.07764506340026855s)
INFO:root:finished calculation battery 1072 (duration 0.07832193374633789s)
INFO:root:finished calculation optimised_electrification 1072 (duration 0.12297797203063965s)
INFO:root:finished calculation diesel 1072 (duration 0.08245396614074707s)
INFO:root:finished calculation efuel 1072 (duration 0.10753393173217773s)
INFO:root:finished calculation h2 1072 (duration 0.11794376373291016s)
INFO:root:calculation <MasterArea 1073> started
INFO:root:finished calculation electrification 1073 (duration 0.13136625289916992s)
INFO:root:finished calculation efuel 1073 (duration 0.15822386741638184s)
INFO:root:finished calculation battery 1073 (duration 0.15442514419555664s)
INFO:root:finished calculation optimised_electrification 1073 (duration 0.2484300136566162s)
INFO:root:finished calculation diesel 1073 (duration 0.17303872108459473s)
INFO:root:finished calculation efuel 1073 (duration 0.17321515083312988s)
INFO:root:finished calculation h2 1073 (duration 0.16071200370788574s)
INFO:root:calculation <MasterArea 1074> started
INFO:root:finished calculation electrification 1074 (duration 0.1649940013885498s)
INFO:root:finished calculation efuel 1074 (duration 0.1297590732574463s)
INFO:root:finished calculation battery 1074 (duration 0.12459301948547363s)
INFO:root:finished calculation optimised_electrification 1074 (duration 0.2055981159210205s)
INFO:root:finished calculation diesel 1074 (duration 0.1475813388824463s)
INFO:root:finished calculation efuel 1074 (duration 0.14006710052490234s)
INFO:root:finished calculation h2 1074 (duration 0.14109206199645996s)
INFO:root:calculation <MasterArea 1075> started
INFO:root:finished calculation electrification 1075 (duration 0.054148197174072266s)
INFO:root:finished calculation efuel 1075 (duration 0.06003212928771973s)
INFO:root:finished calculation battery 1075 (duration 0.061560869216918945s)
INFO:root:finished calculation optimised_electrification 1075 (duration 0.0788111686706543s)
INFO:root:finished calculation diesel 1075 (duration 0.05138397216796875s)
INFO:root:finished calculation efuel 1075 (duration 0.058296918869018555s)
INFO:root:finished calculation h2 1075 (duration 0.05557823181152344s)
INFO:root:calculation <MasterArea 1076> started
INFO:root:finished calculation electrification 1076 (duration 0.4534118175506592s)
INFO:root:finished calculation efuel 1076 (duration 0.4787430763244629s)
INFO:root:finished calculation optimised_electrification 1076 (duration 0.728132963180542s)
INFO:root:finished calculation diesel 1076 (duration 0.4993441104888916s)
INFO:root:finished calculation efuel 1076 (duration 0.4778261184692383s)
INFO:root:calculation <MasterArea 1077> started
INFO:root:finished calculation electrification 1077 (duration 0.03759574890136719s)
INFO:root:finished calculation efuel 1077 (duration 0.03023815155029297s)
INFO:root:finished calculation optimised_electrification 1077 (duration 0.043290138244628906s)
INFO:root:finished calculation diesel 1077 (duration 0.03196001052856445s)
INFO:root:finished calculation efuel 1077 (duration 0.030887365341186523s)
INFO:root:calculation <MasterArea 1078> started
INFO:root:finished calculation electrification 1078 (duration 0.06740093231201172s)
INFO:root:finished calculation efuel 1078 (duration 0.06954312324523926s)
INFO:root:finished calculation battery 1078 (duration 0.06989789009094238s)
INFO:root:finished calculation optimised_electrification 1078 (duration 0.1062469482421875s)
INFO:root:finished calculation diesel 1078 (duration 0.0749349594116211s)
INFO:root:finished calculation efuel 1078 (duration 0.06350398063659668s)
INFO:root:finished calculation h2 1078 (duration 0.045648813247680664s)
INFO:root:calculation <MasterArea 1079> started
INFO:root:finished calculation electrification 1079 (duration 0.02620983123779297s)
INFO:root:finished calculation efuel 1079 (duration 0.02714991569519043s)
INFO:root:finished calculation optimised_electrification 1079 (duration 0.04586505889892578s)
INFO:root:finished calculation diesel 1079 (duration 0.0355379581451416s)
INFO:root:finished calculation efuel 1079 (duration 0.046636104583740234s)
INFO:root:calculation <MasterArea 1080> started
INFO:root:finished calculation electrification 1080 (duration 0.21109890937805176s)
INFO:root:finished calculation efuel 1080 (duration 0.16037797927856445s)
INFO:root:finished calculation optimised_electrification 1080 (duration 0.24705100059509277s)
INFO:root:finished calculation diesel 1080 (duration 0.16574788093566895s)
INFO:root:finished calculation efuel 1080 (duration 0.1666889190673828s)
INFO:root:calculation <MasterArea 1081> started
INFO:root:finished calculation electrification 1081 (duration 0.05127215385437012s)
INFO:root:finished calculation efuel 1081 (duration 0.04941201210021973s)
INFO:root:finished calculation optimised_electrification 1081 (duration 0.07228207588195801s)
INFO:root:finished calculation diesel 1081 (duration 0.051579952239990234s)
INFO:root:finished calculation efuel 1081 (duration 0.05365109443664551s)
INFO:root:calculation <MasterArea 1082> started
