INFO:root:calculation <MasterArea 1070> started
INFO:root:finished calculation electrification 1070 (duration 0.6928679943084717s)
INFO:root:finished calculation efuel 1070 (duration 0.6121630668640137s)
INFO:root:finished calculation optimised_electrification 1070 (duration 0.849963903427124s)
INFO:root:finished calculation diesel 1070 (duration 0.5986130237579346s)
INFO:root:finished calculation efuel 1070 (duration 0.7940957546234131s)
INFO:root:calculation <MasterArea 1071> started
INFO:root:finished calculation electrification 1071 (duration 0.20139098167419434s)
INFO:root:finished calculation efuel 1071 (duration 0.20455503463745117s)
INFO:root:finished calculation battery 1071 (duration 0.1912682056427002s)
INFO:root:finished calculation optimised_electrification 1071 (duration 0.28008508682250977s)
INFO:root:finished calculation diesel 1071 (duration 0.199080228805542s)
INFO:root:finished calculation efuel 1071 (duration 0.1927018165588379s)
INFO:root:finished calculation h2 1071 (duration 0.19830894470214844s)
INFO:root:calculation <MasterArea 1072> started
INFO:root:finished calculation electrification 1072 (duration 0.08045434951782227s)
INFO:root:finished calculation efuel 1072 (duration 0.07771015167236328s)
INFO:root:finished calculation battery 1072 (duration 0.07824897766113281s)
INFO:root:finished calculation optimised_electrification 1072 (duration 0.108612060546875s)
INFO:root:finished calculation diesel 1072 (duration 0.07601404190063477s)
INFO:root:finished calculation efuel 1072 (duration 0.07584786415100098s)
INFO:root:finished calculation h2 1072 (duration 0.07849907875061035s)
INFO:root:calculation <MasterArea 1073> started
INFO:root:finished calculation electrification 1073 (duration 0.10537028312683105s)
INFO:root:finished calculation efuel 1073 (duration 0.1094357967376709s)
INFO:root:finished calculation battery 1073 (duration 0.10581803321838379s)
INFO:root:finished calculation optimised_electrification 1073 (duration 0.14977526664733887s)
INFO:root:finished calculation diesel 1073 (duration 0.10425806045532227s)
INFO:root:finished calculation efuel 1073 (duration 0.10311484336853027s)
INFO:root:finished calculation h2 1073 (duration 0.10024785995483398s)
INFO:root:calculation <MasterArea 1074> started
INFO:root:finished calculation electrification 1074 (duration 0.08689689636230469s)
INFO:root:finished calculation efuel 1074 (duration 0.08451724052429199s)
INFO:root:finished calculation battery 1074 (duration 0.08567404747009277s)
INFO:root:finished calculation optimised_electrification 1074 (duration 0.12414312362670898s)
INFO:root:finished calculation diesel 1074 (duration 0.08605074882507324s)
INFO:root:finished calculation efuel 1074 (duration 0.08783388137817383s)
INFO:root:finished calculation h2 1074 (duration 0.0843348503112793s)
INFO:root:calculation <MasterArea 1075> started
INFO:root:finished calculation electrification 1075 (duration 0.03508710861206055s)
INFO:root:finished calculation efuel 1075 (duration 0.03443408012390137s)
INFO:root:finished calculation battery 1075 (duration 0.03307390213012695s)
INFO:root:finished calculation optimised_electrification 1075 (duration 0.044509172439575195s)
INFO:root:finished calculation diesel 1075 (duration 0.03228497505187988s)
INFO:root:finished calculation efuel 1075 (duration 0.03201794624328613s)
INFO:root:finished calculation h2 1075 (duration 0.03187084197998047s)
INFO:root:calculation <MasterArea 1076> started
INFO:root:finished calculation electrification 1076 (duration 0.285858154296875s)
INFO:root:finished calculation efuel 1076 (duration 0.31163597106933594s)
INFO:root:finished calculation optimised_electrification 1076 (duration 0.418745756149292s)
INFO:root:finished calculation diesel 1076 (duration 0.29285287857055664s)
INFO:root:finished calculation efuel 1076 (duration 0.28933024406433105s)
INFO:root:calculation <MasterArea 1077> started
INFO:root:finished calculation electrification 1077 (duration 0.02949666976928711s)
INFO:root:finished calculation efuel 1077 (duration 0.027467966079711914s)
INFO:root:finished calculation optimised_electrification 1077 (duration 0.03734326362609863s)
INFO:root:finished calculation diesel 1077 (duration 0.026032209396362305s)
INFO:root:finished calculation efuel 1077 (duration 0.025534868240356445s)
INFO:root:calculation <MasterArea 1078> started
INFO:root:finished calculation electrification 1078 (duration 0.05347394943237305s)
INFO:root:finished calculation efuel 1078 (duration 0.053736209869384766s)
INFO:root:finished calculation battery 1078 (duration 0.05563497543334961s)
INFO:root:finished calculation optimised_electrification 1078 (duration 0.08049798011779785s)
INFO:root:finished calculation diesel 1078 (duration 0.057949066162109375s)
INFO:root:finished calculation efuel 1078 (duration 0.0529170036315918s)
INFO:root:finished calculation h2 1078 (duration 0.05081605911254883s)
INFO:root:calculation <MasterArea 1079> started
INFO:root:finished calculation electrification 1079 (duration 0.03229784965515137s)
INFO:root:finished calculation efuel 1079 (duration 0.030211210250854492s)
INFO:root:finished calculation optimised_electrification 1079 (duration 0.04523277282714844s)
INFO:root:finished calculation diesel 1079 (duration 0.030694961547851562s)
INFO:root:finished calculation efuel 1079 (duration 0.031458139419555664s)
INFO:root:calculation <MasterArea 1080> started
INFO:root:finished calculation electrification 1080 (duration 0.2550230026245117s)
INFO:root:finished calculation efuel 1080 (duration 0.18874502182006836s)
INFO:root:finished calculation optimised_electrification 1080 (duration 0.37839293479919434s)
INFO:root:finished calculation diesel 1080 (duration 0.1945819854736328s)
INFO:root:finished calculation efuel 1080 (duration 0.16734099388122559s)
INFO:root:calculation <MasterArea 1081> started
INFO:root:finished calculation electrification 1081 (duration 0.05818009376525879s)
INFO:root:finished calculation efuel 1081 (duration 0.07422113418579102s)
INFO:root:finished calculation optimised_electrification 1081 (duration 0.09248518943786621s)
INFO:root:finished calculation diesel 1081 (duration 0.06903910636901855s)
INFO:root:finished calculation efuel 1081 (duration 0.061212778091430664s)
INFO:root:calculation <MasterArea 1082> started
INFO:root:finished calculation electrification 1082 (duration 0.42111921310424805s)
INFO:root:finished calculation efuel 1082 (duration 0.3208277225494385s)
INFO:root:finished calculation optimised_electrification 1082 (duration 0.5502800941467285s)
INFO:root:finished calculation diesel 1082 (duration 0.4460282325744629s)
INFO:root:finished calculation efuel 1082 (duration 0.4022679328918457s)
INFO:root:calculation <MasterArea 1083> started
INFO:root:finished calculation electrification 1083 (duration 0.1843550205230713s)
INFO:root:finished calculation efuel 1083 (duration 0.15688133239746094s)
INFO:root:finished calculation optimised_electrification 1083 (duration 0.2585432529449463s)
INFO:root:finished calculation diesel 1083 (duration 0.18302392959594727s)
INFO:root:finished calculation efuel 1083 (duration 0.1767740249633789s)
INFO:root:calculation <MasterArea 1084> started
INFO:root:finished calculation electrification 1084 (duration 0.12637591361999512s)
INFO:root:finished calculation efuel 1084 (duration 0.12984108924865723s)
INFO:root:finished calculation battery 1084 (duration 0.1270158290863037s)
INFO:root:finished calculation optimised_electrification 1084 (duration 0.35854482650756836s)
INFO:root:finished calculation diesel 1084 (duration 0.11205792427062988s)
INFO:root:finished calculation efuel 1084 (duration 0.10677289962768555s)
INFO:root:finished calculation h2 1084 (duration 0.11549901962280273s)
INFO:root:calculation <MasterArea 1085> started
INFO:root:finished calculation electrification 1085 (duration 0.04889392852783203s)
INFO:root:finished calculation efuel 1085 (duration 0.044773101806640625s)
INFO:root:finished calculation battery 1085 (duration 0.04399704933166504s)
INFO:root:finished calculation optimised_electrification 1085 (duration 0.061968326568603516s)
INFO:root:finished calculation diesel 1085 (duration 0.04839920997619629s)
INFO:root:finished calculation efuel 1085 (duration 0.07313680648803711s)
INFO:root:finished calculation h2 1085 (duration 0.047258853912353516s)
INFO:root:calculation <MasterArea 1086> started
INFO:root:finished calculation electrification 1086 (duration 0.050019025802612305s)
INFO:root:finished calculation efuel 1086 (duration 0.04658198356628418s)
INFO:root:finished calculation battery 1086 (duration 0.04526710510253906s)
INFO:root:finished calculation optimised_electrification 1086 (duration 0.05965590476989746s)
INFO:root:finished calculation diesel 1086 (duration 0.050585031509399414s)
INFO:root:finished calculation efuel 1086 (duration 0.043811798095703125s)
INFO:root:finished calculation h2 1086 (duration 0.03391575813293457s)
INFO:root:calculation <MasterArea 1087> started
INFO:root:finished calculation electrification 1087 (duration 0.09430623054504395s)
INFO:root:finished calculation efuel 1087 (duration 0.09857487678527832s)
INFO:root:finished calculation battery 1087 (duration 0.09376716613769531s)
INFO:root:finished calculation optimised_electrification 1087 (duration 0.13828086853027344s)
INFO:root:finished calculation diesel 1087 (duration 0.09288716316223145s)
INFO:root:finished calculation efuel 1087 (duration 0.08504915237426758s)
INFO:root:finished calculation h2 1087 (duration 0.08435678482055664s)
INFO:root:calculation <MasterArea 1088> started
INFO:root:finished calculation electrification 1088 (duration 0.25031471252441406s)
INFO:root:finished calculation efuel 1088 (duration 0.24063801765441895s)
INFO:root:finished calculation battery 1088 (duration 0.2411479949951172s)
INFO:root:finished calculation optimised_electrification 1088 (duration 0.36398887634277344s)
INFO:root:finished calculation diesel 1088 (duration 0.25802111625671387s)
INFO:root:finished calculation efuel 1088 (duration 0.23787903785705566s)
INFO:root:finished calculation h2 1088 (duration 0.23174619674682617s)
INFO:root:calculation <MasterArea 1089> started
INFO:root:finished calculation electrification 1089 (duration 0.04578280448913574s)
INFO:root:finished calculation efuel 1089 (duration 0.04130101203918457s)
INFO:root:finished calculation battery 1089 (duration 0.04127812385559082s)
INFO:root:finished calculation optimised_electrification 1089 (duration 0.056205034255981445s)
INFO:root:finished calculation diesel 1089 (duration 0.044243812561035156s)
INFO:root:finished calculation efuel 1089 (duration 0.042366981506347656s)
INFO:root:finished calculation h2 1089 (duration 0.03863883018493652s)
INFO:root:calculation <MasterArea 1090> started
INFO:root:finished calculation electrification 1090 (duration 0.07223010063171387s)
INFO:root:finished calculation efuel 1090 (duration 0.06506013870239258s)
INFO:root:finished calculation battery 1090 (duration 0.05922198295593262s)
INFO:root:finished calculation optimised_electrification 1090 (duration 0.08099508285522461s)
INFO:root:finished calculation diesel 1090 (duration 0.0587618350982666s)
INFO:root:finished calculation efuel 1090 (duration 0.06932878494262695s)
INFO:root:finished calculation h2 1090 (duration 0.05318307876586914s)
INFO:root:calculation <MasterArea 1091> started
INFO:root:finished calculation electrification 1091 (duration 0.0955812931060791s)
INFO:root:finished calculation efuel 1091 (duration 0.11739611625671387s)
INFO:root:finished calculation battery 1091 (duration 0.12945318222045898s)
INFO:root:finished calculation optimised_electrification 1091 (duration 0.18691205978393555s)
INFO:root:finished calculation diesel 1091 (duration 0.12220072746276855s)
INFO:root:finished calculation efuel 1091 (duration 0.13635492324829102s)
INFO:root:finished calculation h2 1091 (duration 0.13785314559936523s)
INFO:root:calculation <MasterArea 1092> started
INFO:root:finished calculation electrification 1092 (duration 0.09986686706542969s)
INFO:root:finished calculation efuel 1092 (duration 0.09641075134277344s)
INFO:root:finished calculation optimised_electrification 1092 (duration 0.1468050479888916s)
INFO:root:finished calculation diesel 1092 (duration 0.09460711479187012s)
INFO:root:finished calculation efuel 1092 (duration 0.07984185218811035s)
INFO:root:calculation <MasterArea 1093> started
INFO:root:finished calculation electrification 1093 (duration 0.05064892768859863s)
INFO:root:finished calculation efuel 1093 (duration 0.030859708786010742s)
INFO:root:finished calculation optimised_electrification 1093 (duration 0.07532906532287598s)
INFO:root:finished calculation diesel 1093 (duration 0.04623603820800781s)
INFO:root:finished calculation efuel 1093 (duration 0.04309201240539551s)
INFO:root:calculation <MasterArea 1094> started
INFO:root:finished calculation electrification 1094 (duration 0.04780006408691406s)
INFO:root:finished calculation efuel 1094 (duration 0.03134012222290039s)
INFO:root:finished calculation optimised_electrification 1094 (duration 0.042797088623046875s)
INFO:root:finished calculation diesel 1094 (duration 0.023542165756225586s)
INFO:root:finished calculation efuel 1094 (duration 0.036109209060668945s)
INFO:root:calculation <MasterArea 1095> started
INFO:root:finished calculation electrification 1095 (duration 0.014848947525024414s)
INFO:root:finished calculation efuel 1095 (duration 0.017804861068725586s)
INFO:root:finished calculation optimised_electrification 1095 (duration 0.024496078491210938s)
INFO:root:finished calculation diesel 1095 (duration 0.01852273941040039s)
INFO:root:finished calculation efuel 1095 (duration 0.01843881607055664s)
INFO:root:calculation <MasterArea 1096> started
INFO:root:finished calculation electrification 1096 (duration 0.05205392837524414s)
INFO:root:finished calculation efuel 1096 (duration 0.04485487937927246s)
INFO:root:finished calculation optimised_electrification 1096 (duration 0.07269906997680664s)
INFO:root:finished calculation diesel 1096 (duration 0.044610023498535156s)
INFO:root:finished calculation efuel 1096 (duration 0.04480290412902832s)
INFO:root:calculation <MasterArea 1097> started
INFO:root:finished calculation electrification 1097 (duration 0.01452016830444336s)
INFO:root:finished calculation efuel 1097 (duration 0.0184628963470459s)
INFO:root:finished calculation battery 1097 (duration 0.017243146896362305s)
INFO:root:finished calculation optimised_electrification 1097 (duration 0.024248123168945312s)
INFO:root:finished calculation diesel 1097 (duration 0.019380807876586914s)
INFO:root:finished calculation efuel 1097 (duration 0.022050142288208008s)
INFO:root:finished calculation h2 1097 (duration 0.021939992904663086s)
INFO:root:calculation <MasterArea 1098> started
INFO:root:finished calculation electrification 1098 (duration 0.035478830337524414s)
INFO:root:finished calculation efuel 1098 (duration 0.028105974197387695s)
INFO:root:finished calculation battery 1098 (duration 0.021895170211791992s)
INFO:root:finished calculation optimised_electrification 1098 (duration 0.02746891975402832s)
INFO:root:finished calculation diesel 1098 (duration 0.020196914672851562s)
INFO:root:finished calculation efuel 1098 (duration 0.020451784133911133s)
INFO:root:finished calculation h2 1098 (duration 0.02071213722229004s)
INFO:root:calculation <MasterArea 1099> started
INFO:root:finished calculation electrification 1099 (duration 0.04511570930480957s)
INFO:root:finished calculation efuel 1099 (duration 0.04565787315368652s)
INFO:root:finished calculation battery 1099 (duration 0.04561781883239746s)
INFO:root:finished calculation optimised_electrification 1099 (duration 0.07053804397583008s)
INFO:root:finished calculation diesel 1099 (duration 0.0476231575012207s)
INFO:root:finished calculation efuel 1099 (duration 0.046193838119506836s)
INFO:root:finished calculation h2 1099 (duration 0.04507279396057129s)
INFO:root:calculation <MasterArea 1100> started
INFO:root:finished calculation electrification 1100 (duration 0.027576923370361328s)
INFO:root:finished calculation efuel 1100 (duration 0.02732110023498535s)
INFO:root:finished calculation battery 1100 (duration 0.027334928512573242s)
INFO:root:finished calculation optimised_electrification 1100 (duration 0.03798985481262207s)
INFO:root:finished calculation diesel 1100 (duration 0.02789306640625s)
INFO:root:finished calculation efuel 1100 (duration 0.02742600440979004s)
INFO:root:finished calculation h2 1100 (duration 0.027806997299194336s)
INFO:root:calculation <MasterArea 1101> started
INFO:root:finished calculation electrification 1101 (duration 0.03309917449951172s)
INFO:root:finished calculation efuel 1101 (duration 0.03289508819580078s)
INFO:root:finished calculation battery 1101 (duration 0.032826900482177734s)
INFO:root:finished calculation optimised_electrification 1101 (duration 0.04546189308166504s)
INFO:root:finished calculation diesel 1101 (duration 0.031855106353759766s)
INFO:root:finished calculation efuel 1101 (duration 0.03145194053649902s)
INFO:root:finished calculation h2 1101 (duration 0.03138399124145508s)
INFO:root:calculation <MasterArea 1102> started
INFO:root:finished calculation electrification 1102 (duration 0.10303378105163574s)
INFO:root:finished calculation efuel 1102 (duration 0.10461902618408203s)
INFO:root:finished calculation battery 1102 (duration 0.11403107643127441s)
INFO:root:finished calculation optimised_electrification 1102 (duration 0.17277216911315918s)
INFO:root:finished calculation diesel 1102 (duration 0.10501909255981445s)
INFO:root:finished calculation efuel 1102 (duration 0.11040687561035156s)
INFO:root:finished calculation h2 1102 (duration 0.11122417449951172s)
INFO:root:calculation <MasterArea 1103> started
INFO:root:finished calculation electrification 1103 (duration 0.13682794570922852s)
INFO:root:finished calculation efuel 1103 (duration 0.13945603370666504s)
INFO:root:finished calculation battery 1103 (duration 0.13953685760498047s)
INFO:root:finished calculation optimised_electrification 1103 (duration 0.19137191772460938s)
INFO:root:finished calculation diesel 1103 (duration 0.14000225067138672s)
INFO:root:finished calculation efuel 1103 (duration 0.13699102401733398s)
INFO:root:finished calculation h2 1103 (duration 0.13832807540893555s)
INFO:root:calculation <MasterArea 1104> started
INFO:root:finished calculation electrification 1104 (duration 0.04094386100769043s)
INFO:root:finished calculation efuel 1104 (duration 0.04086709022521973s)
INFO:root:finished calculation battery 1104 (duration 0.04255270957946777s)
INFO:root:finished calculation optimised_electrification 1104 (duration 0.05706286430358887s)
INFO:root:finished calculation diesel 1104 (duration 0.03983807563781738s)
INFO:root:finished calculation efuel 1104 (duration 0.041996002197265625s)
INFO:root:finished calculation h2 1104 (duration 0.04184985160827637s)
INFO:root:calculation <MasterArea 1105> started
INFO:root:finished calculation electrification 1105 (duration 0.0205838680267334s)
INFO:root:finished calculation efuel 1105 (duration 0.019701004028320312s)
INFO:root:finished calculation battery 1105 (duration 0.02022409439086914s)
INFO:root:finished calculation optimised_electrification 1105 (duration 0.027100801467895508s)
INFO:root:finished calculation diesel 1105 (duration 0.02011704444885254s)
INFO:root:finished calculation efuel 1105 (duration 0.020054101943969727s)
INFO:root:finished calculation h2 1105 (duration 0.01989293098449707s)
INFO:root:calculation <MasterArea 1106> started
INFO:root:finished calculation electrification 1106 (duration 0.04505205154418945s)
INFO:root:finished calculation efuel 1106 (duration 0.04470181465148926s)
INFO:root:finished calculation battery 1106 (duration 0.05245375633239746s)
INFO:root:finished calculation optimised_electrification 1106 (duration 0.06724810600280762s)
INFO:root:finished calculation diesel 1106 (duration 0.04514002799987793s)
INFO:root:finished calculation efuel 1106 (duration 0.046389102935791016s)
INFO:root:finished calculation h2 1106 (duration 0.04642510414123535s)
INFO:root:calculation <MasterArea 1107> started
INFO:root:finished calculation electrification 1107 (duration 0.011740922927856445s)
INFO:root:finished calculation efuel 1107 (duration 0.011744022369384766s)
INFO:root:finished calculation battery 1107 (duration 0.01159977912902832s)
INFO:root:finished calculation optimised_electrification 1107 (duration 0.015341758728027344s)
INFO:root:finished calculation diesel 1107 (duration 0.011859893798828125s)
INFO:root:finished calculation efuel 1107 (duration 0.012061119079589844s)
INFO:root:finished calculation h2 1107 (duration 0.011741876602172852s)
INFO:root:calculation <MasterArea 1108> started
INFO:root:finished calculation electrification 1108 (duration 0.011889219284057617s)
INFO:root:finished calculation efuel 1108 (duration 0.011592864990234375s)
INFO:root:finished calculation battery 1108 (duration 0.011543035507202148s)
INFO:root:finished calculation optimised_electrification 1108 (duration 0.016503095626831055s)
INFO:root:finished calculation diesel 1108 (duration 0.012001991271972656s)
INFO:root:finished calculation efuel 1108 (duration 0.011934995651245117s)
INFO:root:finished calculation h2 1108 (duration 0.01169729232788086s)
INFO:root:calculation <MasterArea 1109> started
INFO:root:finished calculation electrification 1109 (duration 0.020424842834472656s)
INFO:root:finished calculation efuel 1109 (duration 0.020930051803588867s)
INFO:root:finished calculation battery 1109 (duration 0.020741701126098633s)
INFO:root:finished calculation optimised_electrification 1109 (duration 0.0279541015625s)
INFO:root:finished calculation diesel 1109 (duration 0.020838022232055664s)
INFO:root:finished calculation efuel 1109 (duration 0.021942138671875s)
INFO:root:finished calculation h2 1109 (duration 0.02108001708984375s)
INFO:root:calculation <MasterArea 1110> started
INFO:root:finished calculation electrification 1110 (duration 0.011516094207763672s)
INFO:root:finished calculation efuel 1110 (duration 0.011397123336791992s)
INFO:root:finished calculation battery 1110 (duration 0.011565208435058594s)
INFO:root:finished calculation optimised_electrification 1110 (duration 0.014930963516235352s)
INFO:root:finished calculation diesel 1110 (duration 0.011649131774902344s)
INFO:root:finished calculation efuel 1110 (duration 0.011420965194702148s)
INFO:root:finished calculation h2 1110 (duration 0.011255025863647461s)
INFO:root:calculation <MasterArea 1111> started
INFO:root:finished calculation electrification 1111 (duration 0.020196199417114258s)
INFO:root:finished calculation efuel 1111 (duration 0.019778966903686523s)
INFO:root:finished calculation battery 1111 (duration 0.01980113983154297s)
INFO:root:finished calculation optimised_electrification 1111 (duration 0.02647113800048828s)
INFO:root:finished calculation diesel 1111 (duration 0.019700288772583008s)
INFO:root:finished calculation efuel 1111 (duration 0.02004718780517578s)
INFO:root:finished calculation h2 1111 (duration 0.019379854202270508s)
INFO:root:calculation <MasterArea 1112> started
INFO:root:finished calculation electrification 1112 (duration 0.019826173782348633s)
INFO:root:finished calculation efuel 1112 (duration 0.01980113983154297s)
INFO:root:finished calculation battery 1112 (duration 0.019810914993286133s)
INFO:root:finished calculation optimised_electrification 1112 (duration 0.027163028717041016s)
INFO:root:finished calculation diesel 1112 (duration 0.020014047622680664s)
INFO:root:finished calculation efuel 1112 (duration 0.019395828247070312s)
INFO:root:finished calculation h2 1112 (duration 0.019301176071166992s)
INFO:root:calculation <MasterArea 1113> started
INFO:root:finished calculation electrification 1113 (duration 0.028849124908447266s)
INFO:root:finished calculation efuel 1113 (duration 0.028847217559814453s)
INFO:root:finished calculation battery 1113 (duration 0.0279390811920166s)
INFO:root:finished calculation optimised_electrification 1113 (duration 0.038416147232055664s)
INFO:root:finished calculation diesel 1113 (duration 0.028331995010375977s)
INFO:root:finished calculation efuel 1113 (duration 0.028006315231323242s)
INFO:root:finished calculation h2 1113 (duration 0.028047800064086914s)
INFO:root:calculation <MasterArea 1114> started
INFO:root:finished calculation electrification 1114 (duration 0.02855992317199707s)
INFO:root:finished calculation efuel 1114 (duration 0.028193950653076172s)
INFO:root:finished calculation battery 1114 (duration 0.028324127197265625s)
INFO:root:finished calculation optimised_electrification 1114 (duration 0.038182973861694336s)
INFO:root:finished calculation diesel 1114 (duration 0.028131961822509766s)
INFO:root:finished calculation efuel 1114 (duration 0.02778315544128418s)
INFO:root:finished calculation h2 1114 (duration 0.028542041778564453s)
INFO:root:calculation <MasterArea 1115> started
INFO:root:finished calculation electrification 1115 (duration 0.011863946914672852s)
INFO:root:finished calculation efuel 1115 (duration 0.011505842208862305s)
INFO:root:finished calculation battery 1115 (duration 0.011806964874267578s)
INFO:root:finished calculation optimised_electrification 1115 (duration 0.015347003936767578s)
INFO:root:finished calculation diesel 1115 (duration 0.011781930923461914s)
INFO:root:finished calculation efuel 1115 (duration 0.011098861694335938s)
INFO:root:finished calculation h2 1115 (duration 0.010968208312988281s)
INFO:root:calculation <MasterArea 1116> started
INFO:root:finished calculation electrification 1116 (duration 0.04523110389709473s)
INFO:root:finished calculation efuel 1116 (duration 0.044072866439819336s)
INFO:root:finished calculation battery 1116 (duration 0.04472684860229492s)
INFO:root:finished calculation optimised_electrification 1116 (duration 0.06218910217285156s)
INFO:root:finished calculation diesel 1116 (duration 0.04483199119567871s)
INFO:root:finished calculation efuel 1116 (duration 0.044358015060424805s)
INFO:root:finished calculation h2 1116 (duration 0.04450106620788574s)
INFO:root:calculation <MasterArea 1117> started
INFO:root:finished calculation electrification 1117 (duration 0.03635978698730469s)
INFO:root:finished calculation efuel 1117 (duration 0.03673982620239258s)
INFO:root:finished calculation battery 1117 (duration 0.0368199348449707s)
INFO:root:finished calculation optimised_electrification 1117 (duration 0.050473928451538086s)
INFO:root:finished calculation diesel 1117 (duration 0.03673601150512695s)
INFO:root:finished calculation efuel 1117 (duration 0.03652381896972656s)
INFO:root:finished calculation h2 1117 (duration 0.036624908447265625s)
INFO:root:calculation <MasterArea 1118> started
INFO:root:finished calculation electrification 1118 (duration 0.1393880844116211s)
INFO:root:finished calculation efuel 1118 (duration 0.13609027862548828s)
INFO:root:finished calculation battery 1118 (duration 0.13666915893554688s)
INFO:root:finished calculation optimised_electrification 1118 (duration 0.1933901309967041s)
INFO:root:finished calculation diesel 1118 (duration 0.13640999794006348s)
INFO:root:finished calculation efuel 1118 (duration 0.1363990306854248s)
INFO:root:finished calculation h2 1118 (duration 0.1382617950439453s)
INFO:root:calculation <MasterArea 1119> started
INFO:root:finished calculation electrification 1119 (duration 0.08093905448913574s)
INFO:root:finished calculation efuel 1119 (duration 0.08090996742248535s)
INFO:root:finished calculation battery 1119 (duration 0.08054184913635254s)
INFO:root:finished calculation optimised_electrification 1119 (duration 0.1139371395111084s)
INFO:root:finished calculation diesel 1119 (duration 0.08065509796142578s)
INFO:root:finished calculation efuel 1119 (duration 0.08070802688598633s)
INFO:root:finished calculation h2 1119 (duration 0.07744002342224121s)
INFO:root:calculation <MasterArea 1120> started
INFO:root:finished calculation electrification 1120 (duration 0.027676105499267578s)
INFO:root:finished calculation efuel 1120 (duration 0.02746415138244629s)
INFO:root:finished calculation battery 1120 (duration 0.02742791175842285s)
INFO:root:finished calculation optimised_electrification 1120 (duration 0.037960052490234375s)
INFO:root:finished calculation diesel 1120 (duration 0.030218124389648438s)
INFO:root:finished calculation efuel 1120 (duration 0.02973175048828125s)
INFO:root:finished calculation h2 1120 (duration 0.030531883239746094s)
INFO:root:calculation <MasterArea 1121> started
INFO:root:finished calculation electrification 1121 (duration 0.019814014434814453s)
INFO:root:finished calculation efuel 1121 (duration 0.01968216896057129s)
INFO:root:finished calculation battery 1121 (duration 0.019990921020507812s)
INFO:root:finished calculation optimised_electrification 1121 (duration 0.02909684181213379s)
INFO:root:finished calculation diesel 1121 (duration 0.022426128387451172s)
INFO:root:finished calculation efuel 1121 (duration 0.023325204849243164s)
INFO:root:finished calculation h2 1121 (duration 0.021917104721069336s)
INFO:root:calculation <MasterArea 1122> started
INFO:root:finished calculation electrification 1122 (duration 0.045722246170043945s)
INFO:root:finished calculation efuel 1122 (duration 0.04443502426147461s)
INFO:root:finished calculation battery 1122 (duration 0.043643951416015625s)
INFO:root:finished calculation optimised_electrification 1122 (duration 0.060534000396728516s)
INFO:root:finished calculation diesel 1122 (duration 0.043573617935180664s)
INFO:root:finished calculation efuel 1122 (duration 0.04707980155944824s)
INFO:root:finished calculation h2 1122 (duration 0.05209207534790039s)
INFO:root:calculation <MasterArea 1123> started
INFO:root:finished calculation electrification 1123 (duration 0.09087514877319336s)
INFO:root:finished calculation efuel 1123 (duration 0.09063005447387695s)
INFO:root:finished calculation optimised_electrification 1123 (duration 0.13318085670471191s)
INFO:root:finished calculation diesel 1123 (duration 0.09176969528198242s)
INFO:root:finished calculation efuel 1123 (duration 0.09361815452575684s)
INFO:root:calculation <MasterArea 1124> started
INFO:root:finished calculation electrification 1124 (duration 0.02022099494934082s)
INFO:root:finished calculation efuel 1124 (duration 0.020099163055419922s)
INFO:root:finished calculation battery 1124 (duration 0.020171165466308594s)
INFO:root:finished calculation optimised_electrification 1124 (duration 0.027178049087524414s)
INFO:root:finished calculation diesel 1124 (duration 0.020076990127563477s)
INFO:root:finished calculation efuel 1124 (duration 0.020222902297973633s)
INFO:root:finished calculation h2 1124 (duration 0.01997995376586914s)
INFO:root:calculation <MasterArea 1125> started
INFO:root:finished calculation electrification 1125 (duration 0.12552285194396973s)
INFO:root:finished calculation efuel 1125 (duration 0.12937593460083008s)
INFO:root:finished calculation battery 1125 (duration 0.13055682182312012s)
INFO:root:finished calculation optimised_electrification 1125 (duration 0.1842050552368164s)
INFO:root:finished calculation diesel 1125 (duration 0.14316821098327637s)
INFO:root:finished calculation efuel 1125 (duration 0.13542389869689941s)
INFO:root:finished calculation h2 1125 (duration 0.13100171089172363s)
INFO:root:calculation <MasterArea 1126> started
INFO:root:finished calculation electrification 1126 (duration 0.011801004409790039s)
INFO:root:finished calculation efuel 1126 (duration 0.011654853820800781s)
INFO:root:finished calculation battery 1126 (duration 0.01186990737915039s)
INFO:root:finished calculation optimised_electrification 1126 (duration 0.01528620719909668s)
INFO:root:finished calculation diesel 1126 (duration 0.011627912521362305s)
INFO:root:finished calculation efuel 1126 (duration 0.011649847030639648s)
INFO:root:finished calculation h2 1126 (duration 0.011703252792358398s)
INFO:root:calculation <MasterArea 1127> started
INFO:root:finished calculation electrification 1127 (duration 0.01176905632019043s)
INFO:root:finished calculation efuel 1127 (duration 0.011653900146484375s)
INFO:root:finished calculation battery 1127 (duration 0.011727094650268555s)
INFO:root:finished calculation optimised_electrification 1127 (duration 0.015207052230834961s)
INFO:root:finished calculation diesel 1127 (duration 0.011490106582641602s)
INFO:root:finished calculation efuel 1127 (duration 0.011200189590454102s)
INFO:root:finished calculation h2 1127 (duration 0.011094093322753906s)
INFO:root:calculation <MasterArea 1128> started
INFO:root:finished calculation electrification 1128 (duration 0.05987811088562012s)
INFO:root:finished calculation efuel 1128 (duration 0.05942106246948242s)
INFO:root:finished calculation battery 1128 (duration 0.06338715553283691s)
INFO:root:finished calculation optimised_electrification 1128 (duration 0.08732891082763672s)
INFO:root:finished calculation diesel 1128 (duration 0.06107687950134277s)
INFO:root:finished calculation efuel 1128 (duration 0.0636148452758789s)
INFO:root:finished calculation h2 1128 (duration 0.06126999855041504s)
INFO:root:calculation <MasterArea 1129> started
INFO:root:finished calculation electrification 1129 (duration 0.011276721954345703s)
INFO:root:finished calculation efuel 1129 (duration 0.011534929275512695s)
INFO:root:finished calculation battery 1129 (duration 0.013026952743530273s)
INFO:root:finished calculation optimised_electrification 1129 (duration 0.015273809432983398s)
INFO:root:finished calculation diesel 1129 (duration 0.01251220703125s)
INFO:root:finished calculation efuel 1129 (duration 0.012540102005004883s)
INFO:root:finished calculation h2 1129 (duration 0.012871980667114258s)
INFO:root:calculation <MasterArea 1130> started
INFO:root:finished calculation electrification 1130 (duration 0.02883315086364746s)
INFO:root:finished calculation efuel 1130 (duration 0.02771306037902832s)
INFO:root:finished calculation battery 1130 (duration 0.02782297134399414s)
INFO:root:finished calculation optimised_electrification 1130 (duration 0.039154767990112305s)
INFO:root:finished calculation diesel 1130 (duration 0.02848196029663086s)
INFO:root:finished calculation efuel 1130 (duration 0.02845478057861328s)
INFO:root:finished calculation h2 1130 (duration 0.028144121170043945s)
INFO:root:calculation <MasterArea 1131> started
INFO:root:finished calculation electrification 1131 (duration 0.011404991149902344s)
INFO:root:finished calculation efuel 1131 (duration 0.012894868850708008s)
INFO:root:finished calculation battery 1131 (duration 0.011446952819824219s)
INFO:root:finished calculation optimised_electrification 1131 (duration 0.014826059341430664s)
INFO:root:finished calculation diesel 1131 (duration 0.011329174041748047s)
INFO:root:finished calculation efuel 1131 (duration 0.011061906814575195s)
INFO:root:finished calculation h2 1131 (duration 0.010758161544799805s)
INFO:root:calculation <MasterArea 1132> started
INFO:root:finished calculation electrification 1132 (duration 0.011443138122558594s)
INFO:root:finished calculation efuel 1132 (duration 0.010950803756713867s)
INFO:root:finished calculation battery 1132 (duration 0.01129603385925293s)
INFO:root:finished calculation optimised_electrification 1132 (duration 0.015219926834106445s)
INFO:root:finished calculation diesel 1132 (duration 0.011214971542358398s)
INFO:root:finished calculation efuel 1132 (duration 0.011330842971801758s)
INFO:root:finished calculation h2 1132 (duration 0.01192331314086914s)
INFO:root:calculation <MasterArea 1133> started
INFO:root:finished calculation electrification 1133 (duration 0.044210195541381836s)
INFO:root:finished calculation efuel 1133 (duration 0.0439908504486084s)
INFO:root:finished calculation battery 1133 (duration 0.05073404312133789s)
INFO:root:finished calculation optimised_electrification 1133 (duration 0.061057090759277344s)
INFO:root:finished calculation diesel 1133 (duration 0.04403281211853027s)
INFO:root:finished calculation efuel 1133 (duration 0.04491686820983887s)
INFO:root:finished calculation h2 1133 (duration 0.04539799690246582s)
INFO:root:calculation <MasterArea 1134> started
INFO:root:finished calculation electrification 1134 (duration 0.05292797088623047s)
INFO:root:finished calculation efuel 1134 (duration 0.05282306671142578s)
INFO:root:finished calculation battery 1134 (duration 0.05141901969909668s)
INFO:root:finished calculation optimised_electrification 1134 (duration 0.07213282585144043s)
INFO:root:finished calculation diesel 1134 (duration 0.05088210105895996s)
INFO:root:finished calculation efuel 1134 (duration 0.053244829177856445s)
INFO:root:finished calculation h2 1134 (duration 0.051180124282836914s)
INFO:root:calculation <MasterArea 1135> started
INFO:root:finished calculation electrification 1135 (duration 0.023856163024902344s)
INFO:root:finished calculation efuel 1135 (duration 0.02362823486328125s)
INFO:root:finished calculation battery 1135 (duration 0.025011062622070312s)
INFO:root:finished calculation optimised_electrification 1135 (duration 0.03319811820983887s)
INFO:root:finished calculation diesel 1135 (duration 0.024155139923095703s)
INFO:root:finished calculation efuel 1135 (duration 0.02424907684326172s)
INFO:root:finished calculation h2 1135 (duration 0.023634910583496094s)
INFO:root:calculation <MasterArea 1136> started
INFO:root:finished calculation electrification 1136 (duration 0.020685911178588867s)
INFO:root:finished calculation efuel 1136 (duration 0.02213883399963379s)
INFO:root:finished calculation battery 1136 (duration 0.020538806915283203s)
INFO:root:finished calculation optimised_electrification 1136 (duration 0.0279390811920166s)
INFO:root:finished calculation diesel 1136 (duration 0.02058696746826172s)
INFO:root:finished calculation efuel 1136 (duration 0.021018028259277344s)
INFO:root:finished calculation h2 1136 (duration 0.021453857421875s)
INFO:root:calculation <MasterArea 1137> started
INFO:root:finished calculation electrification 1137 (duration 0.019907712936401367s)
INFO:root:finished calculation efuel 1137 (duration 0.019259214401245117s)
INFO:root:finished calculation battery 1137 (duration 0.019288063049316406s)
INFO:root:finished calculation optimised_electrification 1137 (duration 0.026936054229736328s)
INFO:root:finished calculation diesel 1137 (duration 0.019601821899414062s)
INFO:root:finished calculation efuel 1137 (duration 0.02098989486694336s)
INFO:root:finished calculation h2 1137 (duration 0.019923925399780273s)
INFO:root:calculation <MasterArea 1138> started
INFO:root:finished calculation electrification 1138 (duration 0.02862405776977539s)
INFO:root:finished calculation efuel 1138 (duration 0.027818918228149414s)
INFO:root:finished calculation battery 1138 (duration 0.02860283851623535s)
INFO:root:finished calculation optimised_electrification 1138 (duration 0.03849005699157715s)
INFO:root:finished calculation diesel 1138 (duration 0.028371334075927734s)
INFO:root:finished calculation efuel 1138 (duration 0.027825117111206055s)
INFO:root:finished calculation h2 1138 (duration 0.028465986251831055s)
INFO:root:calculation <MasterArea 1139> started
INFO:root:finished calculation electrification 1139 (duration 0.04607677459716797s)
INFO:root:finished calculation efuel 1139 (duration 0.044825077056884766s)
INFO:root:finished calculation battery 1139 (duration 0.04660367965698242s)
INFO:root:finished calculation optimised_electrification 1139 (duration 0.06290197372436523s)
INFO:root:finished calculation diesel 1139 (duration 0.04549384117126465s)
INFO:root:finished calculation efuel 1139 (duration 0.04452991485595703s)
INFO:root:finished calculation h2 1139 (duration 0.04412198066711426s)
INFO:root:calculation <MasterArea 1140> started
INFO:root:finished calculation electrification 1140 (duration 0.011760234832763672s)
INFO:root:finished calculation efuel 1140 (duration 0.011701822280883789s)
INFO:root:finished calculation battery 1140 (duration 0.011658906936645508s)
INFO:root:finished calculation optimised_electrification 1140 (duration 0.015192985534667969s)
INFO:root:finished calculation diesel 1140 (duration 0.011608123779296875s)
INFO:root:finished calculation efuel 1140 (duration 0.011560916900634766s)
INFO:root:finished calculation h2 1140 (duration 0.011568784713745117s)
INFO:root:calculation <MasterArea 1141> started
INFO:root:finished calculation electrification 1141 (duration 0.011787176132202148s)
INFO:root:finished calculation efuel 1141 (duration 0.011340141296386719s)
INFO:root:finished calculation battery 1141 (duration 0.01111602783203125s)
INFO:root:finished calculation optimised_electrification 1141 (duration 0.01452493667602539s)
INFO:root:finished calculation diesel 1141 (duration 0.01114511489868164s)
INFO:root:finished calculation efuel 1141 (duration 0.011109113693237305s)
INFO:root:finished calculation h2 1141 (duration 0.011050939559936523s)
INFO:root:calculation <MasterArea 1142> started
INFO:root:finished calculation electrification 1142 (duration 0.011342048645019531s)
INFO:root:finished calculation efuel 1142 (duration 0.011090993881225586s)
INFO:root:finished calculation battery 1142 (duration 0.011132001876831055s)
INFO:root:finished calculation optimised_electrification 1142 (duration 0.014611005783081055s)
INFO:root:finished calculation diesel 1142 (duration 0.011126041412353516s)
INFO:root:finished calculation efuel 1142 (duration 0.011254072189331055s)
INFO:root:finished calculation h2 1142 (duration 0.012382984161376953s)
INFO:root:calculation <MasterArea 1143> started
INFO:root:finished calculation electrification 1143 (duration 0.011709928512573242s)
INFO:root:finished calculation efuel 1143 (duration 0.01168060302734375s)
INFO:root:finished calculation battery 1143 (duration 0.011666059494018555s)
INFO:root:finished calculation optimised_electrification 1143 (duration 0.015286922454833984s)
INFO:root:finished calculation diesel 1143 (duration 0.011644124984741211s)
INFO:root:finished calculation efuel 1143 (duration 0.011358976364135742s)
INFO:root:finished calculation h2 1143 (duration 0.011135101318359375s)
INFO:root:calculation <MasterArea 1144> started
INFO:root:finished calculation electrification 1144 (duration 0.01950383186340332s)
INFO:root:finished calculation efuel 1144 (duration 0.019259929656982422s)
INFO:root:finished calculation battery 1144 (duration 0.0200040340423584s)
INFO:root:finished calculation optimised_electrification 1144 (duration 0.027894020080566406s)
INFO:root:finished calculation diesel 1144 (duration 0.01947498321533203s)
INFO:root:finished calculation efuel 1144 (duration 0.023125171661376953s)
INFO:root:finished calculation h2 1144 (duration 0.022839784622192383s)
INFO:root:calculation <MasterArea 1145> started
INFO:root:finished calculation electrification 1145 (duration 0.019608736038208008s)
INFO:root:finished calculation efuel 1145 (duration 0.021190881729125977s)
INFO:root:finished calculation battery 1145 (duration 0.019919872283935547s)
INFO:root:finished calculation optimised_electrification 1145 (duration 0.0271759033203125s)
INFO:root:finished calculation diesel 1145 (duration 0.1954059600830078s)
INFO:root:finished calculation efuel 1145 (duration 0.025968074798583984s)
INFO:root:finished calculation h2 1145 (duration 0.02452683448791504s)
INFO:root:calculation <MasterArea 1146> started
INFO:root:finished calculation electrification 1146 (duration 0.020617961883544922s)
INFO:root:finished calculation efuel 1146 (duration 0.020380020141601562s)
INFO:root:finished calculation battery 1146 (duration 0.020264863967895508s)
INFO:root:finished calculation optimised_electrification 1146 (duration 0.02643895149230957s)
INFO:root:finished calculation diesel 1146 (duration 0.019256114959716797s)
INFO:root:finished calculation efuel 1146 (duration 0.01920604705810547s)
INFO:root:finished calculation h2 1146 (duration 0.019190073013305664s)
INFO:root:calculation <MasterArea 1147> started
INFO:root:finished calculation electrification 1147 (duration 0.03712797164916992s)
INFO:root:finished calculation efuel 1147 (duration 0.037368059158325195s)
INFO:root:finished calculation battery 1147 (duration 0.03721189498901367s)
INFO:root:finished calculation optimised_electrification 1147 (duration 0.04941916465759277s)
INFO:root:finished calculation diesel 1147 (duration 0.03521990776062012s)
INFO:root:finished calculation efuel 1147 (duration 0.03523111343383789s)
INFO:root:finished calculation h2 1147 (duration 0.03684687614440918s)
INFO:root:calculation <MasterArea 1148> started
INFO:root:finished calculation electrification 1148 (duration 0.013475179672241211s)
INFO:root:finished calculation efuel 1148 (duration 0.011558055877685547s)
INFO:root:finished calculation battery 1148 (duration 0.011268138885498047s)
INFO:root:finished calculation optimised_electrification 1148 (duration 0.015550851821899414s)
INFO:root:finished calculation diesel 1148 (duration 0.012826919555664062s)
INFO:root:finished calculation efuel 1148 (duration 0.012679100036621094s)
INFO:root:finished calculation h2 1148 (duration 0.011832952499389648s)
INFO:root:calculation <MasterArea 1149> started
INFO:root:finished calculation electrification 1149 (duration 0.011835813522338867s)
INFO:root:finished calculation efuel 1149 (duration 0.011852025985717773s)
INFO:root:finished calculation battery 1149 (duration 0.012672901153564453s)
INFO:root:finished calculation optimised_electrification 1149 (duration 0.016068220138549805s)
INFO:root:finished calculation diesel 1149 (duration 0.0124969482421875s)
INFO:root:finished calculation efuel 1149 (duration 0.014683961868286133s)
INFO:root:finished calculation h2 1149 (duration 0.012868165969848633s)
INFO:root:calculation <MasterArea 1150> started
INFO:root:finished calculation electrification 1150 (duration 0.022188186645507812s)
INFO:root:finished calculation efuel 1150 (duration 0.021178007125854492s)
INFO:root:finished calculation battery 1150 (duration 0.019920825958251953s)
INFO:root:finished calculation optimised_electrification 1150 (duration 0.02653813362121582s)
INFO:root:finished calculation diesel 1150 (duration 0.02106332778930664s)
INFO:root:finished calculation efuel 1150 (duration 0.022117137908935547s)
INFO:root:finished calculation h2 1150 (duration 0.020725011825561523s)
INFO:root:calculation <MasterArea 1151> started
INFO:root:finished calculation electrification 1151 (duration 0.011919975280761719s)
INFO:root:finished calculation efuel 1151 (duration 0.011481761932373047s)
INFO:root:finished calculation battery 1151 (duration 0.011202096939086914s)
INFO:root:finished calculation optimised_electrification 1151 (duration 0.014639854431152344s)
INFO:root:finished calculation diesel 1151 (duration 0.011117935180664062s)
INFO:root:finished calculation efuel 1151 (duration 0.011141061782836914s)
INFO:root:finished calculation h2 1151 (duration 0.011316061019897461s)
INFO:root:calculation <MasterArea 1152> started
INFO:root:finished calculation electrification 1152 (duration 0.030122995376586914s)
INFO:root:finished calculation efuel 1152 (duration 0.030843734741210938s)
INFO:root:finished calculation battery 1152 (duration 0.03185105323791504s)
INFO:root:finished calculation optimised_electrification 1152 (duration 0.03827476501464844s)
INFO:root:finished calculation diesel 1152 (duration 0.02811908721923828s)
INFO:root:finished calculation efuel 1152 (duration 0.030265092849731445s)
INFO:root:finished calculation h2 1152 (duration 0.027933120727539062s)
INFO:root:calculation <MasterArea 1153> started
INFO:root:finished calculation electrification 1153 (duration 0.011791229248046875s)
INFO:root:finished calculation efuel 1153 (duration 0.011261940002441406s)
INFO:root:finished calculation battery 1153 (duration 0.011067867279052734s)
INFO:root:finished calculation optimised_electrification 1153 (duration 0.014701128005981445s)
INFO:root:finished calculation diesel 1153 (duration 0.011732101440429688s)
INFO:root:finished calculation efuel 1153 (duration 0.011673927307128906s)
INFO:root:finished calculation h2 1153 (duration 0.011732101440429688s)
INFO:root:calculation <MasterArea 1154> started
INFO:root:finished calculation electrification 1154 (duration 0.023955345153808594s)
INFO:root:finished calculation efuel 1154 (duration 0.023944377899169922s)
INFO:root:finished calculation battery 1154 (duration 0.026100873947143555s)
INFO:root:finished calculation optimised_electrification 1154 (duration 0.03272128105163574s)
INFO:root:finished calculation diesel 1154 (duration 0.024398088455200195s)
INFO:root:finished calculation efuel 1154 (duration 0.023370981216430664s)
INFO:root:finished calculation h2 1154 (duration 0.02479839324951172s)
INFO:root:calculation <MasterArea 1155> started
INFO:root:finished calculation electrification 1155 (duration 0.019448041915893555s)
INFO:root:finished calculation efuel 1155 (duration 0.020287036895751953s)
INFO:root:finished calculation battery 1155 (duration 0.020357847213745117s)
INFO:root:finished calculation optimised_electrification 1155 (duration 0.029288768768310547s)
INFO:root:finished calculation diesel 1155 (duration 0.021425962448120117s)
INFO:root:finished calculation efuel 1155 (duration 0.02122020721435547s)
INFO:root:finished calculation h2 1155 (duration 0.019268035888671875s)
INFO:root:calculation <MasterArea 1156> started
INFO:root:finished calculation electrification 1156 (duration 0.011795997619628906s)
INFO:root:finished calculation efuel 1156 (duration 0.011218070983886719s)
INFO:root:finished calculation battery 1156 (duration 0.011047840118408203s)
INFO:root:finished calculation optimised_electrification 1156 (duration 0.015766143798828125s)
INFO:root:finished calculation diesel 1156 (duration 0.011229991912841797s)
INFO:root:finished calculation efuel 1156 (duration 0.011616945266723633s)
INFO:root:finished calculation h2 1156 (duration 0.011759042739868164s)
INFO:root:calculation <MasterArea 1157> started
INFO:root:finished calculation electrification 1157 (duration 0.011353015899658203s)
INFO:root:finished calculation efuel 1157 (duration 0.01129603385925293s)
INFO:root:finished calculation battery 1157 (duration 0.011517763137817383s)
INFO:root:finished calculation optimised_electrification 1157 (duration 0.02112579345703125s)
INFO:root:finished calculation diesel 1157 (duration 0.01181793212890625s)
INFO:root:finished calculation efuel 1157 (duration 0.011501789093017578s)
INFO:root:finished calculation h2 1157 (duration 0.011171102523803711s)
INFO:root:calculation <MasterArea 1158> started
INFO:root:finished calculation electrification 1158 (duration 0.011617898941040039s)
INFO:root:finished calculation efuel 1158 (duration 0.011312007904052734s)
INFO:root:finished calculation battery 1158 (duration 0.011157035827636719s)
INFO:root:finished calculation optimised_electrification 1158 (duration 0.015023946762084961s)
INFO:root:finished calculation diesel 1158 (duration 0.011430025100708008s)
INFO:root:finished calculation efuel 1158 (duration 0.011361837387084961s)
INFO:root:finished calculation h2 1158 (duration 0.011474132537841797s)
INFO:root:calculation <MasterArea 1159> started
INFO:root:finished calculation electrification 1159 (duration 0.011647939682006836s)
INFO:root:finished calculation efuel 1159 (duration 0.011300086975097656s)
INFO:root:finished calculation battery 1159 (duration 0.011687994003295898s)
INFO:root:finished calculation optimised_electrification 1159 (duration 0.014858007431030273s)
INFO:root:finished calculation diesel 1159 (duration 0.01147603988647461s)
INFO:root:finished calculation efuel 1159 (duration 0.011402130126953125s)
INFO:root:finished calculation h2 1159 (duration 0.011714696884155273s)
INFO:root:calculation <MasterArea 1160> started
INFO:root:finished calculation electrification 1160 (duration 0.011224031448364258s)
INFO:root:finished calculation efuel 1160 (duration 0.011171102523803711s)
INFO:root:finished calculation battery 1160 (duration 0.012449026107788086s)
INFO:root:finished calculation optimised_electrification 1160 (duration 0.015180110931396484s)
INFO:root:finished calculation diesel 1160 (duration 0.011373043060302734s)
INFO:root:finished calculation efuel 1160 (duration 0.013740062713623047s)
INFO:root:finished calculation h2 1160 (duration 0.011432886123657227s)
INFO:root:calculation <MasterArea 1161> started
INFO:root:finished calculation electrification 1161 (duration 0.011320114135742188s)
INFO:root:finished calculation efuel 1161 (duration 0.011694669723510742s)
INFO:root:finished calculation battery 1161 (duration 0.011858940124511719s)
INFO:root:finished calculation optimised_electrification 1161 (duration 0.014943361282348633s)
INFO:root:finished calculation diesel 1161 (duration 0.011146068572998047s)
INFO:root:finished calculation efuel 1161 (duration 0.011192083358764648s)
INFO:root:finished calculation h2 1161 (duration 0.011732101440429688s)
INFO:root:calculation <MasterArea 1162> started
INFO:root:finished calculation electrification 1162 (duration 0.028088808059692383s)
INFO:root:finished calculation efuel 1162 (duration 0.027889013290405273s)
INFO:root:finished calculation battery 1162 (duration 0.02847909927368164s)
INFO:root:finished calculation optimised_electrification 1162 (duration 0.038388967514038086s)
INFO:root:finished calculation diesel 1162 (duration 0.027904748916625977s)
INFO:root:finished calculation efuel 1162 (duration 0.029805660247802734s)
INFO:root:finished calculation h2 1162 (duration 0.02856588363647461s)
INFO:root:calculation <MasterArea 1163> started
INFO:root:finished calculation electrification 1163 (duration 0.01985001564025879s)
INFO:root:finished calculation efuel 1163 (duration 0.01964116096496582s)
INFO:root:finished calculation battery 1163 (duration 0.019735097885131836s)
INFO:root:finished calculation optimised_electrification 1163 (duration 0.026871919631958008s)
INFO:root:finished calculation diesel 1163 (duration 0.020097017288208008s)
INFO:root:finished calculation efuel 1163 (duration 0.019513845443725586s)
INFO:root:finished calculation h2 1163 (duration 0.019648075103759766s)
INFO:root:calculation <MasterArea 1164> started
INFO:root:finished calculation electrification 1164 (duration 0.011669158935546875s)
INFO:root:finished calculation efuel 1164 (duration 0.011976003646850586s)
INFO:root:finished calculation battery 1164 (duration 0.011732816696166992s)
INFO:root:finished calculation optimised_electrification 1164 (duration 0.014761924743652344s)
INFO:root:finished calculation diesel 1164 (duration 0.011478900909423828s)
INFO:root:finished calculation efuel 1164 (duration 0.014364957809448242s)
INFO:root:finished calculation h2 1164 (duration 0.011332035064697266s)
INFO:root:calculation <MasterArea 1165> started
INFO:root:finished calculation electrification 1165 (duration 0.012006998062133789s)
INFO:root:finished calculation efuel 1165 (duration 0.013418912887573242s)
INFO:root:finished calculation battery 1165 (duration 0.011692047119140625s)
INFO:root:finished calculation optimised_electrification 1165 (duration 0.014837026596069336s)
INFO:root:finished calculation diesel 1165 (duration 0.011106252670288086s)
INFO:root:finished calculation efuel 1165 (duration 0.012125968933105469s)
INFO:root:finished calculation h2 1165 (duration 0.01394510269165039s)
INFO:root:calculation <MasterArea 1166> started
INFO:root:finished calculation electrification 1166 (duration 0.03709006309509277s)
INFO:root:finished calculation efuel 1166 (duration 0.03615903854370117s)
INFO:root:finished calculation battery 1166 (duration 0.035556793212890625s)
INFO:root:finished calculation optimised_electrification 1166 (duration 0.04029703140258789s)
INFO:root:finished calculation diesel 1166 (duration 0.028280973434448242s)
INFO:root:finished calculation efuel 1166 (duration 0.028937101364135742s)
INFO:root:finished calculation h2 1166 (duration 0.028936386108398438s)
INFO:root:calculation <MasterArea 1167> started
INFO:root:finished calculation electrification 1167 (duration 0.01181483268737793s)
INFO:root:finished calculation efuel 1167 (duration 0.01178884506225586s)
INFO:root:finished calculation optimised_electrification 1167 (duration 0.018623828887939453s)
INFO:root:finished calculation diesel 1167 (duration 0.011790752410888672s)
INFO:root:finished calculation efuel 1167 (duration 0.011592864990234375s)
INFO:root:calculation <MasterArea 1168> started
INFO:root:finished calculation electrification 1168 (duration 0.01171112060546875s)
INFO:root:finished calculation efuel 1168 (duration 0.011452913284301758s)
INFO:root:finished calculation battery 1168 (duration 0.011739015579223633s)
INFO:root:finished calculation optimised_electrification 1168 (duration 0.014671087265014648s)
INFO:root:finished calculation diesel 1168 (duration 0.011629819869995117s)
INFO:root:finished calculation efuel 1168 (duration 0.01121211051940918s)
INFO:root:finished calculation h2 1168 (duration 0.011605024337768555s)
INFO:root:calculation <MasterArea 1169> started
INFO:root:finished calculation electrification 1169 (duration 0.011750936508178711s)
INFO:root:finished calculation efuel 1169 (duration 0.01235508918762207s)
INFO:root:finished calculation battery 1169 (duration 0.011308908462524414s)
INFO:root:finished calculation optimised_electrification 1169 (duration 0.01524806022644043s)
INFO:root:finished calculation diesel 1169 (duration 0.01169586181640625s)
INFO:root:finished calculation efuel 1169 (duration 0.011523008346557617s)
INFO:root:finished calculation h2 1169 (duration 0.011388063430786133s)
INFO:root:calculation <MasterArea 1170> started
INFO:root:finished calculation electrification 1170 (duration 0.011710882186889648s)
INFO:root:finished calculation efuel 1170 (duration 0.011483907699584961s)
INFO:root:finished calculation battery 1170 (duration 0.011572837829589844s)
INFO:root:finished calculation optimised_electrification 1170 (duration 0.015093088150024414s)
INFO:root:finished calculation diesel 1170 (duration 0.01277303695678711s)
INFO:root:finished calculation efuel 1170 (duration 0.013862848281860352s)
INFO:root:finished calculation h2 1170 (duration 0.012955904006958008s)
INFO:root:calculation <MasterArea 1171> started
INFO:root:finished calculation electrification 1171 (duration 0.013157844543457031s)
INFO:root:finished calculation efuel 1171 (duration 0.012982845306396484s)
INFO:root:finished calculation battery 1171 (duration 0.013070821762084961s)
INFO:root:finished calculation optimised_electrification 1171 (duration 0.01685190200805664s)
INFO:root:finished calculation diesel 1171 (duration 0.01296687126159668s)
INFO:root:finished calculation efuel 1171 (duration 0.01459503173828125s)
INFO:root:finished calculation h2 1171 (duration 0.014868021011352539s)
INFO:root:calculation <MasterArea 1172> started
INFO:root:finished calculation electrification 1172 (duration 0.027538061141967773s)
INFO:root:finished calculation efuel 1172 (duration 0.025796175003051758s)
INFO:root:finished calculation battery 1172 (duration 0.03006911277770996s)
INFO:root:finished calculation optimised_electrification 1172 (duration 0.0452730655670166s)
INFO:root:finished calculation diesel 1172 (duration 0.037323951721191406s)
INFO:root:finished calculation efuel 1172 (duration 0.024260759353637695s)
INFO:root:finished calculation h2 1172 (duration 0.024042367935180664s)
INFO:root:calculation <MasterArea 1173> started
INFO:root:finished calculation electrification 1173 (duration 0.014554023742675781s)
INFO:root:finished calculation efuel 1173 (duration 0.015218019485473633s)
INFO:root:finished calculation battery 1173 (duration 0.02263188362121582s)
INFO:root:finished calculation optimised_electrification 1173 (duration 0.034433841705322266s)
INFO:root:finished calculation diesel 1173 (duration 0.017372846603393555s)
INFO:root:finished calculation efuel 1173 (duration 0.018856048583984375s)
INFO:root:finished calculation h2 1173 (duration 0.02045607566833496s)
INFO:root:calculation <MasterArea 1174> started
INFO:root:finished calculation electrification 1174 (duration 0.02116703987121582s)
INFO:root:finished calculation efuel 1174 (duration 0.021323204040527344s)
INFO:root:finished calculation battery 1174 (duration 0.019629955291748047s)
INFO:root:finished calculation optimised_electrification 1174 (duration 0.0265810489654541s)
INFO:root:finished calculation diesel 1174 (duration 0.020786762237548828s)
INFO:root:finished calculation efuel 1174 (duration 0.020657777786254883s)
INFO:root:finished calculation h2 1174 (duration 0.02076578140258789s)
INFO:root:calculation <MasterArea 1175> started
INFO:root:finished calculation electrification 1175 (duration 0.022796154022216797s)
INFO:root:finished calculation efuel 1175 (duration 0.022509098052978516s)
INFO:root:finished calculation battery 1175 (duration 0.021898984909057617s)
INFO:root:finished calculation optimised_electrification 1175 (duration 0.027425050735473633s)
INFO:root:finished calculation diesel 1175 (duration 0.02303791046142578s)
INFO:root:finished calculation efuel 1175 (duration 0.02367424964904785s)
INFO:root:finished calculation h2 1175 (duration 0.02386617660522461s)
INFO:root:calculation <MasterArea 1176> started
INFO:root:finished calculation electrification 1176 (duration 0.06697416305541992s)
INFO:root:finished calculation efuel 1176 (duration 0.06774115562438965s)
INFO:root:finished calculation optimised_electrification 1176 (duration 0.08930206298828125s)
INFO:root:finished calculation diesel 1176 (duration 0.07072710990905762s)
INFO:root:finished calculation efuel 1176 (duration 0.06622529029846191s)
INFO:root:calculation <MasterArea 1177> started
INFO:root:finished calculation electrification 1177 (duration 0.02585601806640625s)
INFO:root:finished calculation efuel 1177 (duration 0.02583479881286621s)
INFO:root:finished calculation battery 1177 (duration 0.025236845016479492s)
INFO:root:finished calculation optimised_electrification 1177 (duration 0.030653953552246094s)
INFO:root:finished calculation diesel 1177 (duration 0.018891096115112305s)
INFO:root:finished calculation efuel 1177 (duration 0.01474308967590332s)
INFO:root:finished calculation h2 1177 (duration 0.014285087585449219s)
INFO:root:calculation <MasterArea 1178> started
INFO:root:finished calculation electrification 1178 (duration 0.029577016830444336s)
INFO:root:finished calculation efuel 1178 (duration 0.027512788772583008s)
INFO:root:finished calculation battery 1178 (duration 0.028678178787231445s)
INFO:root:finished calculation optimised_electrification 1178 (duration 0.03581809997558594s)
INFO:root:finished calculation diesel 1178 (duration 0.026485919952392578s)
INFO:root:finished calculation efuel 1178 (duration 0.026487112045288086s)
INFO:root:finished calculation h2 1178 (duration 0.02627086639404297s)
INFO:root:calculation <MasterArea 1179> started
INFO:root:finished calculation electrification 1179 (duration 0.027005910873413086s)
INFO:root:finished calculation efuel 1179 (duration 0.02609705924987793s)
INFO:root:finished calculation battery 1179 (duration 0.024523019790649414s)
INFO:root:finished calculation optimised_electrification 1179 (duration 0.03379368782043457s)
INFO:root:finished calculation diesel 1179 (duration 0.026112079620361328s)
INFO:root:finished calculation efuel 1179 (duration 0.02665400505065918s)
INFO:root:finished calculation h2 1179 (duration 0.02621006965637207s)
INFO:root:calculation <MasterArea 1180> started
INFO:root:finished calculation electrification 1180 (duration 0.02714705467224121s)
INFO:root:finished calculation efuel 1180 (duration 0.026324987411499023s)
INFO:root:finished calculation battery 1180 (duration 0.026298046112060547s)
INFO:root:finished calculation optimised_electrification 1180 (duration 0.03536510467529297s)
INFO:root:finished calculation diesel 1180 (duration 0.026143550872802734s)
INFO:root:finished calculation efuel 1180 (duration 0.026025772094726562s)
INFO:root:finished calculation h2 1180 (duration 0.02613997459411621s)
INFO:root:calculation <MasterArea 1181> started
INFO:root:finished calculation electrification 1181 (duration 0.02390003204345703s)
INFO:root:finished calculation efuel 1181 (duration 0.026144981384277344s)
INFO:root:finished calculation battery 1181 (duration 0.02841806411743164s)
INFO:root:finished calculation optimised_electrification 1181 (duration 0.059422969818115234s)
INFO:root:finished calculation diesel 1181 (duration 0.04276466369628906s)
INFO:root:finished calculation efuel 1181 (duration 0.044734954833984375s)
INFO:root:finished calculation h2 1181 (duration 0.04401206970214844s)
INFO:root:calculation <MasterArea 1182> started
INFO:root:finished calculation electrification 1182 (duration 0.026283979415893555s)
INFO:root:finished calculation efuel 1182 (duration 0.02444005012512207s)
INFO:root:finished calculation battery 1182 (duration 0.029042959213256836s)
INFO:root:finished calculation optimised_electrification 1182 (duration 0.031770944595336914s)
INFO:root:finished calculation diesel 1182 (duration 0.016080141067504883s)
INFO:root:finished calculation efuel 1182 (duration 0.014609813690185547s)
INFO:root:finished calculation h2 1182 (duration 0.014959096908569336s)
INFO:root:calculation <MasterArea 1183> started
INFO:root:finished calculation electrification 1183 (duration 0.01761627197265625s)
INFO:root:finished calculation efuel 1183 (duration 0.016508102416992188s)
INFO:root:finished calculation battery 1183 (duration 0.01687479019165039s)
INFO:root:finished calculation optimised_electrification 1183 (duration 0.024447917938232422s)
INFO:root:finished calculation diesel 1183 (duration 0.019748926162719727s)
INFO:root:finished calculation efuel 1183 (duration 0.019855260848999023s)
INFO:root:finished calculation h2 1183 (duration 0.02444005012512207s)
INFO:root:calculation <MasterArea 1184> started
INFO:root:finished calculation electrification 1184 (duration 0.046295166015625s)
INFO:root:finished calculation efuel 1184 (duration 0.044329166412353516s)
INFO:root:finished calculation battery 1184 (duration 0.04354977607727051s)
INFO:root:finished calculation optimised_electrification 1184 (duration 0.05680203437805176s)
INFO:root:finished calculation diesel 1184 (duration 0.04106497764587402s)
INFO:root:finished calculation efuel 1184 (duration 0.03786182403564453s)
INFO:root:finished calculation h2 1184 (duration 0.03540921211242676s)
INFO:root:calculation <MasterArea 1185> started
INFO:root:finished calculation electrification 1185 (duration 0.020498275756835938s)
INFO:root:finished calculation efuel 1185 (duration 0.02000904083251953s)
INFO:root:finished calculation battery 1185 (duration 0.020426034927368164s)
INFO:root:finished calculation optimised_electrification 1185 (duration 0.02587103843688965s)
INFO:root:finished calculation diesel 1185 (duration 0.01923990249633789s)
INFO:root:finished calculation efuel 1185 (duration 0.022810935974121094s)
INFO:root:finished calculation h2 1185 (duration 0.022884845733642578s)
INFO:root:calculation <MasterArea 1186> started
INFO:root:finished calculation electrification 1186 (duration 0.02528834342956543s)
INFO:root:finished calculation efuel 1186 (duration 0.024328947067260742s)
INFO:root:finished calculation battery 1186 (duration 0.023964881896972656s)
INFO:root:finished calculation optimised_electrification 1186 (duration 0.02986598014831543s)
INFO:root:finished calculation diesel 1186 (duration 0.02078104019165039s)
INFO:root:finished calculation efuel 1186 (duration 0.021007299423217773s)
INFO:root:finished calculation h2 1186 (duration 0.022565126419067383s)
INFO:root:calculation <MasterArea 1187> started
INFO:root:finished calculation electrification 1187 (duration 0.053917884826660156s)
INFO:root:finished calculation efuel 1187 (duration 0.05259227752685547s)
INFO:root:finished calculation battery 1187 (duration 0.04763507843017578s)
INFO:root:finished calculation optimised_electrification 1187 (duration 0.061105966567993164s)
INFO:root:finished calculation diesel 1187 (duration 0.037407875061035156s)
INFO:root:finished calculation efuel 1187 (duration 0.0415499210357666s)
INFO:root:finished calculation h2 1187 (duration 0.04118609428405762s)
INFO:root:calculation <MasterArea 1188> started
INFO:root:finished calculation electrification 1188 (duration 0.017061948776245117s)
INFO:root:finished calculation efuel 1188 (duration 0.016601085662841797s)
INFO:root:finished calculation battery 1188 (duration 0.017567157745361328s)
INFO:root:finished calculation optimised_electrification 1188 (duration 0.023072004318237305s)
INFO:root:finished calculation diesel 1188 (duration 0.017665863037109375s)
INFO:root:finished calculation efuel 1188 (duration 0.017659902572631836s)
INFO:root:finished calculation h2 1188 (duration 0.0183408260345459s)
INFO:root:calculation <MasterArea 1189> started
INFO:root:finished calculation electrification 1189 (duration 0.02006387710571289s)
INFO:root:finished calculation efuel 1189 (duration 0.02091383934020996s)
INFO:root:finished calculation battery 1189 (duration 0.020808935165405273s)
INFO:root:finished calculation optimised_electrification 1189 (duration 0.029341936111450195s)
INFO:root:finished calculation diesel 1189 (duration 0.02161097526550293s)
INFO:root:finished calculation efuel 1189 (duration 0.022844791412353516s)
INFO:root:finished calculation h2 1189 (duration 0.0232393741607666s)
INFO:root:calculation <MasterArea 1190> started
INFO:root:finished calculation electrification 1190 (duration 0.019325971603393555s)
INFO:root:finished calculation efuel 1190 (duration 0.01832413673400879s)
INFO:root:finished calculation battery 1190 (duration 0.02066493034362793s)
INFO:root:finished calculation optimised_electrification 1190 (duration 0.02945709228515625s)
INFO:root:finished calculation diesel 1190 (duration 0.022936105728149414s)
INFO:root:finished calculation efuel 1190 (duration 0.02326488494873047s)
INFO:root:finished calculation h2 1190 (duration 0.021870851516723633s)
INFO:root:calculation <MasterArea 1191> started
INFO:root:finished calculation electrification 1191 (duration 0.020900726318359375s)
INFO:root:finished calculation efuel 1191 (duration 0.022344112396240234s)
INFO:root:finished calculation battery 1191 (duration 0.018069028854370117s)
INFO:root:finished calculation optimised_electrification 1191 (duration 0.02285289764404297s)
INFO:root:finished calculation diesel 1191 (duration 0.01729106903076172s)
INFO:root:finished calculation efuel 1191 (duration 0.017289161682128906s)
INFO:root:finished calculation h2 1191 (duration 0.017612218856811523s)
INFO:root:calculation <MasterArea 1192> started
INFO:root:finished calculation electrification 1192 (duration 0.01727890968322754s)
INFO:root:finished calculation efuel 1192 (duration 0.018640995025634766s)
INFO:root:finished calculation battery 1192 (duration 0.01840686798095703s)
INFO:root:finished calculation optimised_electrification 1192 (duration 0.02030205726623535s)
INFO:root:finished calculation diesel 1192 (duration 0.015619754791259766s)
INFO:root:finished calculation efuel 1192 (duration 0.015102863311767578s)
INFO:root:finished calculation h2 1192 (duration 0.014748811721801758s)
INFO:root:calculation <MasterArea 1193> started
INFO:root:finished calculation electrification 1193 (duration 0.01329183578491211s)
INFO:root:finished calculation efuel 1193 (duration 0.01467585563659668s)
INFO:root:finished calculation battery 1193 (duration 0.013838052749633789s)
INFO:root:finished calculation optimised_electrification 1193 (duration 0.019365310668945312s)
INFO:root:finished calculation diesel 1193 (duration 0.015358924865722656s)
INFO:root:finished calculation efuel 1193 (duration 0.014777183532714844s)
INFO:root:finished calculation h2 1193 (duration 0.013025999069213867s)
INFO:root:calculation <MasterArea 1194> started
INFO:root:finished calculation electrification 1194 (duration 0.013289928436279297s)
INFO:root:finished calculation efuel 1194 (duration 0.013891220092773438s)
INFO:root:finished calculation battery 1194 (duration 0.021732091903686523s)
INFO:root:finished calculation optimised_electrification 1194 (duration 0.0168917179107666s)
INFO:root:finished calculation diesel 1194 (duration 0.013112068176269531s)
INFO:root:finished calculation efuel 1194 (duration 0.01839423179626465s)
INFO:root:finished calculation h2 1194 (duration 0.014214277267456055s)
INFO:root:calculation <MasterArea 1195> started
INFO:root:finished calculation electrification 1195 (duration 0.018316030502319336s)
INFO:root:finished calculation efuel 1195 (duration 0.022844314575195312s)
INFO:root:finished calculation battery 1195 (duration 0.018690824508666992s)
INFO:root:finished calculation optimised_electrification 1195 (duration 0.02547287940979004s)
INFO:root:finished calculation diesel 1195 (duration 0.02271580696105957s)
INFO:root:finished calculation efuel 1195 (duration 0.01663684844970703s)
INFO:root:finished calculation h2 1195 (duration 0.014773130416870117s)
INFO:root:calculation <MasterArea 1196> started
INFO:root:finished calculation electrification 1196 (duration 0.026774883270263672s)
INFO:root:finished calculation efuel 1196 (duration 0.02875494956970215s)
INFO:root:finished calculation battery 1196 (duration 0.02542710304260254s)
INFO:root:finished calculation optimised_electrification 1196 (duration 0.040366172790527344s)
INFO:root:finished calculation diesel 1196 (duration 0.02873396873474121s)
INFO:root:finished calculation efuel 1196 (duration 0.02666616439819336s)
INFO:root:finished calculation h2 1196 (duration 0.02434706687927246s)
INFO:root:calculation <MasterArea 1197> started
INFO:root:finished calculation electrification 1197 (duration 0.02449798583984375s)
INFO:root:finished calculation efuel 1197 (duration 0.023041963577270508s)
INFO:root:finished calculation battery 1197 (duration 0.025213956832885742s)
INFO:root:finished calculation optimised_electrification 1197 (duration 0.0313107967376709s)
INFO:root:finished calculation diesel 1197 (duration 0.0235140323638916s)
INFO:root:finished calculation efuel 1197 (duration 0.02175164222717285s)
INFO:root:finished calculation h2 1197 (duration 0.022470951080322266s)
INFO:root:calculation <MasterArea 1198> started
INFO:root:finished calculation electrification 1198 (duration 0.02342391014099121s)
INFO:root:finished calculation efuel 1198 (duration 0.022010087966918945s)
INFO:root:finished calculation battery 1198 (duration 0.021010160446166992s)
INFO:root:finished calculation optimised_electrification 1198 (duration 0.028662919998168945s)
INFO:root:finished calculation diesel 1198 (duration 0.020045995712280273s)
INFO:root:finished calculation efuel 1198 (duration 0.01981520652770996s)
INFO:root:finished calculation h2 1198 (duration 0.01830005645751953s)
INFO:root:calculation <MasterArea 1199> started
INFO:root:finished calculation electrification 1199 (duration 0.014019966125488281s)
INFO:root:finished calculation efuel 1199 (duration 0.013580083847045898s)
INFO:root:finished calculation battery 1199 (duration 0.014369010925292969s)
INFO:root:finished calculation optimised_electrification 1199 (duration 0.01817011833190918s)
INFO:root:finished calculation diesel 1199 (duration 0.014732837677001953s)
INFO:root:finished calculation efuel 1199 (duration 0.014920234680175781s)
INFO:root:finished calculation h2 1199 (duration 0.012996196746826172s)
INFO:root:calculation <MasterArea 1200> started
INFO:root:finished calculation electrification 1200 (duration 0.013109922409057617s)
INFO:root:finished calculation efuel 1200 (duration 0.013698101043701172s)
INFO:root:finished calculation battery 1200 (duration 0.021293163299560547s)
INFO:root:finished calculation optimised_electrification 1200 (duration 0.017359256744384766s)
INFO:root:finished calculation diesel 1200 (duration 0.0158841609954834s)
INFO:root:finished calculation efuel 1200 (duration 0.017956018447875977s)
INFO:root:finished calculation h2 1200 (duration 0.01522374153137207s)
INFO:root:calculation <MasterArea 1201> started
INFO:root:finished calculation electrification 1201 (duration 0.015427112579345703s)
INFO:root:finished calculation efuel 1201 (duration 0.021226882934570312s)
INFO:root:finished calculation battery 1201 (duration 0.01816701889038086s)
INFO:root:finished calculation optimised_electrification 1201 (duration 0.02533698081970215s)
INFO:root:finished calculation diesel 1201 (duration 0.026731014251708984s)
INFO:root:finished calculation efuel 1201 (duration 0.02284979820251465s)
INFO:root:finished calculation h2 1201 (duration 0.024026155471801758s)
INFO:root:calculation <MasterArea 1202> started
INFO:root:finished calculation electrification 1202 (duration 0.0186769962310791s)
INFO:root:finished calculation efuel 1202 (duration 0.015696048736572266s)
INFO:root:finished calculation battery 1202 (duration 0.018175840377807617s)
INFO:root:finished calculation optimised_electrification 1202 (duration 0.03714585304260254s)
INFO:root:finished calculation diesel 1202 (duration 0.03051900863647461s)
INFO:root:finished calculation efuel 1202 (duration 0.028497695922851562s)
INFO:root:finished calculation h2 1202 (duration 0.031137943267822266s)
INFO:root:calculation <MasterArea 1203> started
INFO:root:finished calculation electrification 1203 (duration 0.029356002807617188s)
INFO:root:finished calculation efuel 1203 (duration 0.0264279842376709s)
INFO:root:finished calculation battery 1203 (duration 0.023722171783447266s)
INFO:root:finished calculation optimised_electrification 1203 (duration 0.0302889347076416s)
INFO:root:finished calculation diesel 1203 (duration 0.023159027099609375s)
INFO:root:finished calculation efuel 1203 (duration 0.022749900817871094s)
INFO:root:finished calculation h2 1203 (duration 0.02266716957092285s)
INFO:root:calculation <MasterArea 1204> started
INFO:root:finished calculation electrification 1204 (duration 0.01440286636352539s)
INFO:root:finished calculation efuel 1204 (duration 0.016572952270507812s)
INFO:root:finished calculation battery 1204 (duration 0.01514124870300293s)
INFO:root:finished calculation optimised_electrification 1204 (duration 0.020045995712280273s)
INFO:root:finished calculation diesel 1204 (duration 0.016129016876220703s)
INFO:root:finished calculation efuel 1204 (duration 0.015705108642578125s)
INFO:root:finished calculation h2 1204 (duration 0.015339136123657227s)
INFO:root:calculation <MasterArea 1205> started
INFO:root:finished calculation electrification 1205 (duration 0.023873090744018555s)
INFO:root:finished calculation efuel 1205 (duration 0.0235750675201416s)
INFO:root:finished calculation battery 1205 (duration 0.023666858673095703s)
INFO:root:finished calculation optimised_electrification 1205 (duration 0.030112028121948242s)
INFO:root:finished calculation diesel 1205 (duration 0.021146297454833984s)
INFO:root:finished calculation efuel 1205 (duration 0.022883176803588867s)
INFO:root:finished calculation h2 1205 (duration 0.022649765014648438s)
INFO:root:calculation <MasterArea 1206> started
INFO:root:finished calculation electrification 1206 (duration 0.026463985443115234s)
INFO:root:finished calculation efuel 1206 (duration 0.026510000228881836s)
INFO:root:finished calculation battery 1206 (duration 0.026894092559814453s)
INFO:root:finished calculation optimised_electrification 1206 (duration 0.03284001350402832s)
INFO:root:finished calculation diesel 1206 (duration 0.025368690490722656s)
INFO:root:finished calculation efuel 1206 (duration 0.025274038314819336s)
INFO:root:finished calculation h2 1206 (duration 0.025913000106811523s)
INFO:root:calculation <MasterArea 1207> started
INFO:root:finished calculation electrification 1207 (duration 0.027611255645751953s)
INFO:root:finished calculation efuel 1207 (duration 0.02591705322265625s)
INFO:root:finished calculation battery 1207 (duration 0.025388002395629883s)
INFO:root:finished calculation optimised_electrification 1207 (duration 0.03291177749633789s)
INFO:root:finished calculation diesel 1207 (duration 0.025653839111328125s)
INFO:root:finished calculation efuel 1207 (duration 0.02535700798034668s)
INFO:root:finished calculation h2 1207 (duration 0.023092031478881836s)
INFO:root:calculation <MasterArea 1208> started
INFO:root:finished calculation electrification 1208 (duration 0.024898052215576172s)
INFO:root:finished calculation efuel 1208 (duration 0.026195049285888672s)
INFO:root:finished calculation battery 1208 (duration 0.026539087295532227s)
INFO:root:finished calculation optimised_electrification 1208 (duration 0.03335404396057129s)
INFO:root:finished calculation diesel 1208 (duration 0.025216102600097656s)
INFO:root:finished calculation efuel 1208 (duration 0.026118755340576172s)
INFO:root:finished calculation h2 1208 (duration 0.02518010139465332s)
INFO:root:calculation <MasterArea 1209> started
INFO:root:finished calculation electrification 1209 (duration 0.029130935668945312s)
INFO:root:finished calculation efuel 1209 (duration 0.027327775955200195s)
INFO:root:finished calculation battery 1209 (duration 0.026140928268432617s)
INFO:root:finished calculation optimised_electrification 1209 (duration 0.030930042266845703s)
INFO:root:finished calculation diesel 1209 (duration 0.02386188507080078s)
INFO:root:finished calculation efuel 1209 (duration 0.02575206756591797s)
INFO:root:finished calculation h2 1209 (duration 0.026225805282592773s)
INFO:root:calculation <MasterArea 1210> started
INFO:root:finished calculation electrification 1210 (duration 0.02785515785217285s)
INFO:root:finished calculation efuel 1210 (duration 0.028508901596069336s)
INFO:root:finished calculation battery 1210 (duration 0.025382041931152344s)
INFO:root:finished calculation optimised_electrification 1210 (duration 659.6786839962006s)
INFO:root:finished calculation diesel 1210 (duration 0.683178186416626s)
INFO:root:finished calculation efuel 1210 (duration 0.014965057373046875s)
INFO:root:finished calculation h2 1210 (duration 11.097881078720093s)
