INFO:root:calculation <MasterArea 1800> started
INFO:root:finished calculation electrification 1800 (duration 0.07467889785766602s)
INFO:root:finished calculation efuel 1800 (duration 0.029379844665527344s)
INFO:root:finished calculation battery 1800 (duration 0.022614002227783203s)
INFO:root:finished calculation optimised_electrification 1800 (duration 0.034211158752441406s)
INFO:root:finished calculation diesel 1800 (duration 0.02222299575805664s)
INFO:root:finished calculation efuel 1800 (duration 0.031487226486206055s)
INFO:root:finished calculation h2 1800 (duration 0.08917999267578125s)
INFO:root:calculation <MasterArea 1801> started
INFO:root:finished calculation electrification 1801 (duration 0.025343894958496094s)
INFO:root:finished calculation efuel 1801 (duration 0.037683963775634766s)
INFO:root:finished calculation battery 1801 (duration 0.03291893005371094s)
INFO:root:finished calculation optimised_electrification 1801 (duration 0.044374942779541016s)
INFO:root:finished calculation diesel 1801 (duration 0.02503824234008789s)
INFO:root:finished calculation efuel 1801 (duration 0.026294946670532227s)
INFO:root:finished calculation h2 1801 (duration 0.025538921356201172s)
INFO:root:calculation <MasterArea 1802> started
INFO:root:finished calculation electrification 1802 (duration 0.016642093658447266s)
INFO:root:finished calculation efuel 1802 (duration 0.03818011283874512s)
INFO:root:finished calculation battery 1802 (duration 0.018707990646362305s)
INFO:root:finished calculation optimised_electrification 1802 (duration 0.022155046463012695s)
INFO:root:finished calculation diesel 1802 (duration 0.017882108688354492s)
INFO:root:finished calculation efuel 1802 (duration 0.017388105392456055s)
INFO:root:finished calculation h2 1802 (duration 0.015446901321411133s)
INFO:root:calculation <MasterArea 1803> started
INFO:root:finished calculation electrification 1803 (duration 0.7081899642944336s)
INFO:root:finished calculation efuel 1803 (duration 0.7335391044616699s)
INFO:root:finished calculation optimised_electrification 1803 (duration 1.044856071472168s)
INFO:root:finished calculation diesel 1803 (duration 1.048457145690918s)
INFO:root:finished calculation efuel 1803 (duration 0.9096369743347168s)
INFO:root:calculation <MasterArea 1804> started
INFO:root:finished calculation electrification 1804 (duration 0.0241091251373291s)
INFO:root:finished calculation efuel 1804 (duration 0.0275728702545166s)
INFO:root:finished calculation battery 1804 (duration 0.020655155181884766s)
INFO:root:finished calculation optimised_electrification 1804 (duration 0.029273033142089844s)
INFO:root:finished calculation diesel 1804 (duration 0.02444291114807129s)
INFO:root:finished calculation efuel 1804 (duration 0.04115605354309082s)
INFO:root:finished calculation h2 1804 (duration 0.034861087799072266s)
INFO:root:calculation <MasterArea 1805> started
INFO:root:finished calculation electrification 1805 (duration 0.4701709747314453s)
INFO:root:finished calculation efuel 1805 (duration 0.3419229984283447s)
INFO:root:finished calculation battery 1805 (duration 0.35227513313293457s)
INFO:root:finished calculation optimised_electrification 1805 (duration 0.4894092082977295s)
INFO:root:finished calculation diesel 1805 (duration 0.28725314140319824s)
INFO:root:finished calculation efuel 1805 (duration 0.25053906440734863s)
INFO:root:finished calculation h2 1805 (duration 0.22960901260375977s)
INFO:root:calculation <MasterArea 1806> started
INFO:root:finished calculation electrification 1806 (duration 0.13013100624084473s)
INFO:root:finished calculation efuel 1806 (duration 0.17477798461914062s)
INFO:root:finished calculation battery 1806 (duration 0.1667630672454834s)
INFO:root:finished calculation optimised_electrification 1806 (duration 0.2270216941833496s)
INFO:root:finished calculation diesel 1806 (duration 0.17250990867614746s)
INFO:root:finished calculation efuel 1806 (duration 0.11461496353149414s)
INFO:root:finished calculation h2 1806 (duration 0.15021800994873047s)
INFO:root:calculation <MasterArea 1807> started
INFO:root:finished calculation electrification 1807 (duration 0.19417428970336914s)
INFO:root:finished calculation efuel 1807 (duration 0.21524691581726074s)
INFO:root:finished calculation battery 1807 (duration 0.17954301834106445s)
INFO:root:finished calculation optimised_electrification 1807 (duration 0.24072813987731934s)
INFO:root:finished calculation diesel 1807 (duration 0.15815186500549316s)
INFO:root:finished calculation efuel 1807 (duration 0.20160603523254395s)
INFO:root:finished calculation h2 1807 (duration 0.22239422798156738s)
INFO:root:calculation <MasterArea 1808> started
INFO:root:finished calculation electrification 1808 (duration 0.05987191200256348s)
INFO:root:finished calculation efuel 1808 (duration 0.06199383735656738s)
INFO:root:finished calculation battery 1808 (duration 0.06065797805786133s)
INFO:root:finished calculation optimised_electrification 1808 (duration 0.07468485832214355s)
INFO:root:finished calculation diesel 1808 (duration 0.06764793395996094s)
INFO:root:finished calculation efuel 1808 (duration 0.08284807205200195s)
INFO:root:finished calculation h2 1808 (duration 0.08164691925048828s)
INFO:root:calculation <MasterArea 1809> started
INFO:root:finished calculation electrification 1809 (duration 0.17912507057189941s)
INFO:root:finished calculation efuel 1809 (duration 0.16480207443237305s)
INFO:root:finished calculation battery 1809 (duration 0.16190600395202637s)
INFO:root:finished calculation optimised_electrification 1809 (duration 0.22076869010925293s)
INFO:root:finished calculation diesel 1809 (duration 0.15984797477722168s)
INFO:root:finished calculation efuel 1809 (duration 0.1929919719696045s)
INFO:root:finished calculation h2 1809 (duration 0.13242793083190918s)
INFO:root:calculation <MasterArea 1810> started
INFO:root:finished calculation electrification 1810 (duration 0.31807398796081543s)
INFO:root:finished calculation efuel 1810 (duration 0.3108038902282715s)
INFO:root:finished calculation battery 1810 (duration 0.306535005569458s)
INFO:root:finished calculation optimised_electrification 1810 (duration 0.3975200653076172s)
INFO:root:finished calculation diesel 1810 (duration 0.30632543563842773s)
INFO:root:finished calculation efuel 1810 (duration 0.3158998489379883s)
INFO:root:finished calculation h2 1810 (duration 0.302901029586792s)
INFO:root:calculation <MasterArea 1811> started
INFO:root:finished calculation electrification 1811 (duration 0.04767918586730957s)
INFO:root:finished calculation efuel 1811 (duration 0.04564714431762695s)
INFO:root:finished calculation battery 1811 (duration 0.04433798789978027s)
INFO:root:finished calculation optimised_electrification 1811 (duration 0.07002782821655273s)
INFO:root:finished calculation diesel 1811 (duration 0.042012929916381836s)
INFO:root:finished calculation efuel 1811 (duration 0.04168891906738281s)
INFO:root:finished calculation h2 1811 (duration 0.04607701301574707s)
INFO:root:calculation <MasterArea 1812> started
INFO:root:finished calculation electrification 1812 (duration 0.5980510711669922s)
INFO:root:finished calculation efuel 1812 (duration 0.38605284690856934s)
INFO:root:finished calculation optimised_electrification 1812 (duration 0.7962329387664795s)
INFO:root:finished calculation diesel 1812 (duration 0.49646806716918945s)
INFO:root:finished calculation efuel 1812 (duration 0.477139949798584s)
INFO:root:calculation <MasterArea 1813> started
INFO:root:finished calculation electrification 1813 (duration 0.07123613357543945s)
INFO:root:finished calculation efuel 1813 (duration 0.06236696243286133s)
INFO:root:finished calculation battery 1813 (duration 0.06402802467346191s)
INFO:root:finished calculation optimised_electrification 1813 (duration 0.08335709571838379s)
INFO:root:finished calculation diesel 1813 (duration 0.05979299545288086s)
INFO:root:finished calculation efuel 1813 (duration 0.06377887725830078s)
INFO:root:finished calculation h2 1813 (duration 0.06255888938903809s)
INFO:root:calculation <MasterArea 1814> started
INFO:root:finished calculation electrification 1814 (duration 0.11091995239257812s)
INFO:root:finished calculation efuel 1814 (duration 0.11590099334716797s)
INFO:root:finished calculation battery 1814 (duration 0.0715188980102539s)
INFO:root:finished calculation optimised_electrification 1814 (duration 0.11666202545166016s)
INFO:root:finished calculation diesel 1814 (duration 0.08738088607788086s)
INFO:root:finished calculation efuel 1814 (duration 0.08601117134094238s)
INFO:root:finished calculation h2 1814 (duration 0.08678984642028809s)
INFO:root:calculation <MasterArea 1815> started
INFO:root:finished calculation electrification 1815 (duration 0.2358381748199463s)
INFO:root:finished calculation efuel 1815 (duration 0.2303450107574463s)
INFO:root:finished calculation battery 1815 (duration 0.21378302574157715s)
INFO:root:finished calculation optimised_electrification 1815 (duration 0.2976691722869873s)
INFO:root:finished calculation diesel 1815 (duration 0.19855713844299316s)
INFO:root:finished calculation efuel 1815 (duration 0.22390484809875488s)
INFO:root:finished calculation h2 1815 (duration 0.2250669002532959s)
INFO:root:calculation <MasterArea 1816> started
INFO:root:finished calculation electrification 1816 (duration 0.1900501251220703s)
INFO:root:finished calculation efuel 1816 (duration 0.17345905303955078s)
INFO:root:finished calculation battery 1816 (duration 0.1763160228729248s)
INFO:root:finished calculation optimised_electrification 1816 (duration 0.27175068855285645s)
INFO:root:finished calculation diesel 1816 (duration 0.17471599578857422s)
INFO:root:finished calculation efuel 1816 (duration 0.1766500473022461s)
INFO:root:finished calculation h2 1816 (duration 0.17236089706420898s)
INFO:root:calculation <MasterArea 1817> started
INFO:root:finished calculation electrification 1817 (duration 0.06302070617675781s)
INFO:root:finished calculation efuel 1817 (duration 0.0412449836730957s)
INFO:root:finished calculation battery 1817 (duration 0.03535103797912598s)
INFO:root:finished calculation optimised_electrification 1817 (duration 0.05013608932495117s)
INFO:root:finished calculation diesel 1817 (duration 0.035307884216308594s)
INFO:root:finished calculation efuel 1817 (duration 0.03140616416931152s)
INFO:root:finished calculation h2 1817 (duration 0.03800320625305176s)
INFO:root:calculation <MasterArea 1818> started
INFO:root:finished calculation electrification 1818 (duration 0.3601090908050537s)
INFO:root:finished calculation efuel 1818 (duration 0.34112000465393066s)
INFO:root:finished calculation optimised_electrification 1818 (duration 0.434751033782959s)
INFO:root:finished calculation diesel 1818 (duration 0.34003305435180664s)
INFO:root:finished calculation efuel 1818 (duration 0.3328521251678467s)
INFO:root:calculation <MasterArea 1819> started
INFO:root:finished calculation electrification 1819 (duration 0.25021791458129883s)
INFO:root:finished calculation efuel 1819 (duration 0.19892501831054688s)
INFO:root:finished calculation battery 1819 (duration 0.1965780258178711s)
INFO:root:finished calculation optimised_electrification 1819 (duration 0.3403010368347168s)
INFO:root:finished calculation diesel 1819 (duration 0.1514749526977539s)
INFO:root:finished calculation efuel 1819 (duration 0.18524503707885742s)
INFO:root:finished calculation h2 1819 (duration 0.1646728515625s)
INFO:root:calculation <MasterArea 1820> started
INFO:root:finished calculation electrification 1820 (duration 0.33040595054626465s)
INFO:root:finished calculation efuel 1820 (duration 0.32286715507507324s)
ERROR:root:Possible Groups has a non valid length set()
ERROR:root:Possible Groups has a non valid length set()
ERROR:root:Possible Groups has a non valid length set()
ERROR:root:Possible Groups has a non valid length set()
ERROR:root:Possible Groups has a non valid length set()
ERROR:root:Possible Groups has a non valid length set()
ERROR:root:Possible Groups has a non valid length set()
ERROR:root:Possible Groups has a non valid length set()
ERROR:root:Possible Groups has a non valid length set()
ERROR:root:Possible Groups has a non valid length set()
ERROR:root:Possible Groups has a non valid length set()
ERROR:root:Possible Groups has a non valid length set()
ERROR:root:For TimetableLine 1429 BY57_N there is a one_cycle_problem on the backward path which can't be solved yet
ERROR:root:For TimetableLine 1442 BY54_N there is a one_cycle_problem on the backward path which can't be solved yet
