INFO:root:calculation <MasterArea 1800> started
INFO:root:finished calculation electrification 1800 (duration 0.07691121101379395s)
INFO:root:finished calculation efuel 1800 (duration 0.020689010620117188s)
INFO:root:finished calculation battery 1800 (duration 0.021004199981689453s)
INFO:root:finished calculation optimised_electrification 1800 (duration 0.03323483467102051s)
INFO:root:finished calculation diesel 1800 (duration 0.02077174186706543s)
INFO:root:finished calculation efuel 1800 (duration 0.02025008201599121s)
INFO:root:finished calculation h2 1800 (duration 0.020700931549072266s)
INFO:root:calculation <MasterArea 1801> started
INFO:root:finished calculation electrification 1801 (duration 0.021826982498168945s)
INFO:root:finished calculation efuel 1801 (duration 0.020275115966796875s)
INFO:root:finished calculation battery 1801 (duration 0.020167112350463867s)
INFO:root:finished calculation optimised_electrification 1801 (duration 0.02783799171447754s)
INFO:root:finished calculation diesel 1801 (duration 0.02056288719177246s)
INFO:root:finished calculation efuel 1801 (duration 0.02031993865966797s)
INFO:root:finished calculation h2 1801 (duration 0.020493030548095703s)
INFO:root:calculation <MasterArea 1802> started
INFO:root:finished calculation electrification 1802 (duration 0.012722969055175781s)
INFO:root:finished calculation efuel 1802 (duration 0.012008905410766602s)
INFO:root:finished calculation battery 1802 (duration 0.012053966522216797s)
INFO:root:finished calculation optimised_electrification 1802 (duration 0.01578068733215332s)
INFO:root:finished calculation diesel 1802 (duration 0.013514041900634766s)
INFO:root:finished calculation efuel 1802 (duration 0.01462411880493164s)
INFO:root:finished calculation h2 1802 (duration 0.013051033020019531s)
INFO:root:calculation <MasterArea 1803> started
INFO:root:finished calculation electrification 1803 (duration 0.5575690269470215s)
INFO:root:finished calculation efuel 1803 (duration 0.5537388324737549s)
INFO:root:finished calculation optimised_electrification 1803 (duration 0.7357752323150635s)
INFO:root:finished calculation diesel 1803 (duration 0.517340898513794s)
INFO:root:finished calculation efuel 1803 (duration 0.5124118328094482s)
INFO:root:calculation <MasterArea 1804> started
INFO:root:finished calculation electrification 1804 (duration 0.014266014099121094s)
INFO:root:finished calculation efuel 1804 (duration 0.013258934020996094s)
INFO:root:finished calculation battery 1804 (duration 0.013657093048095703s)
INFO:root:finished calculation optimised_electrification 1804 (duration 0.017988920211791992s)
INFO:root:finished calculation diesel 1804 (duration 0.014383077621459961s)
INFO:root:finished calculation efuel 1804 (duration 0.013691186904907227s)
INFO:root:finished calculation h2 1804 (duration 0.013303995132446289s)
INFO:root:calculation <MasterArea 1805> started
INFO:root:finished calculation electrification 1805 (duration 0.17851018905639648s)
INFO:root:finished calculation efuel 1805 (duration 0.17145586013793945s)
INFO:root:finished calculation battery 1805 (duration 0.16990208625793457s)
INFO:root:finished calculation optimised_electrification 1805 (duration 0.23862195014953613s)
INFO:root:finished calculation diesel 1805 (duration 0.1715841293334961s)
INFO:root:finished calculation efuel 1805 (duration 0.16923189163208008s)
INFO:root:finished calculation h2 1805 (duration 0.16615700721740723s)
INFO:root:calculation <MasterArea 1806> started
INFO:root:finished calculation electrification 1806 (duration 0.07844400405883789s)
INFO:root:finished calculation efuel 1806 (duration 0.07882213592529297s)
INFO:root:finished calculation battery 1806 (duration 0.07779598236083984s)
INFO:root:finished calculation optimised_electrification 1806 (duration 0.11233997344970703s)
INFO:root:finished calculation diesel 1806 (duration 0.07923388481140137s)
INFO:root:finished calculation efuel 1806 (duration 0.07873106002807617s)
INFO:root:finished calculation h2 1806 (duration 0.07929778099060059s)
INFO:root:calculation <MasterArea 1807> started
INFO:root:finished calculation electrification 1807 (duration 0.13400506973266602s)
INFO:root:finished calculation efuel 1807 (duration 0.12452101707458496s)
INFO:root:finished calculation battery 1807 (duration 0.12609004974365234s)
INFO:root:finished calculation optimised_electrification 1807 (duration 0.16973328590393066s)
INFO:root:finished calculation diesel 1807 (duration 0.12235903739929199s)
INFO:root:finished calculation efuel 1807 (duration 0.12007784843444824s)
INFO:root:finished calculation h2 1807 (duration 0.12416672706604004s)
INFO:root:calculation <MasterArea 1808> started
INFO:root:finished calculation electrification 1808 (duration 0.04874992370605469s)
INFO:root:finished calculation efuel 1808 (duration 0.04515790939331055s)
INFO:root:finished calculation battery 1808 (duration 0.043969154357910156s)
INFO:root:finished calculation optimised_electrification 1808 (duration 0.05746102333068848s)
INFO:root:finished calculation diesel 1808 (duration 0.04158830642700195s)
INFO:root:finished calculation efuel 1808 (duration 0.04123497009277344s)
INFO:root:finished calculation h2 1808 (duration 0.04033994674682617s)
INFO:root:calculation <MasterArea 1809> started
INFO:root:finished calculation electrification 1809 (duration 0.0863962173461914s)
INFO:root:finished calculation efuel 1809 (duration 0.07886195182800293s)
INFO:root:finished calculation battery 1809 (duration 0.0791008472442627s)
INFO:root:finished calculation optimised_electrification 1809 (duration 0.11121511459350586s)
INFO:root:finished calculation diesel 1809 (duration 0.07586407661437988s)
INFO:root:finished calculation efuel 1809 (duration 0.07667422294616699s)
INFO:root:finished calculation h2 1809 (duration 0.07987618446350098s)
INFO:root:calculation <MasterArea 1810> started
INFO:root:finished calculation electrification 1810 (duration 0.1511547565460205s)
INFO:root:finished calculation efuel 1810 (duration 0.14073491096496582s)
INFO:root:finished calculation battery 1810 (duration 0.1361091136932373s)
INFO:root:finished calculation optimised_electrification 1810 (duration 0.18552875518798828s)
INFO:root:finished calculation diesel 1810 (duration 0.13336801528930664s)
INFO:root:finished calculation efuel 1810 (duration 0.13633322715759277s)
INFO:root:finished calculation h2 1810 (duration 0.13136005401611328s)
INFO:root:calculation <MasterArea 1811> started
INFO:root:finished calculation electrification 1811 (duration 0.02588486671447754s)
INFO:root:finished calculation efuel 1811 (duration 0.0230410099029541s)
INFO:root:finished calculation battery 1811 (duration 0.022181987762451172s)
INFO:root:finished calculation optimised_electrification 1811 (duration 0.029591798782348633s)
INFO:root:finished calculation diesel 1811 (duration 0.021732807159423828s)
INFO:root:finished calculation efuel 1811 (duration 0.022372007369995117s)
INFO:root:finished calculation h2 1811 (duration 0.022928953170776367s)
INFO:root:calculation <MasterArea 1812> started
INFO:root:finished calculation electrification 1812 (duration 0.2814469337463379s)
INFO:root:finished calculation efuel 1812 (duration 0.26399803161621094s)
INFO:root:finished calculation optimised_electrification 1812 (duration 0.38095784187316895s)
INFO:root:finished calculation diesel 1812 (duration 0.2601909637451172s)
INFO:root:finished calculation efuel 1812 (duration 0.257688045501709s)
INFO:root:calculation <MasterArea 1813> started
INFO:root:finished calculation electrification 1813 (duration 0.03600907325744629s)
INFO:root:finished calculation efuel 1813 (duration 0.034224748611450195s)
INFO:root:finished calculation battery 1813 (duration 0.032578229904174805s)
INFO:root:finished calculation optimised_electrification 1813 (duration 0.04175090789794922s)
INFO:root:finished calculation diesel 1813 (duration 0.02926015853881836s)
INFO:root:finished calculation efuel 1813 (duration 0.029969215393066406s)
INFO:root:finished calculation h2 1813 (duration 0.03163909912109375s)
INFO:root:calculation <MasterArea 1814> started
INFO:root:finished calculation electrification 1814 (duration 0.05252504348754883s)
INFO:root:finished calculation efuel 1814 (duration 0.04837608337402344s)
INFO:root:finished calculation battery 1814 (duration 0.046241044998168945s)
INFO:root:finished calculation optimised_electrification 1814 (duration 0.06512689590454102s)
INFO:root:finished calculation diesel 1814 (duration 0.04712700843811035s)
INFO:root:finished calculation efuel 1814 (duration 0.04622006416320801s)
INFO:root:finished calculation h2 1814 (duration 0.046407222747802734s)
INFO:root:calculation <MasterArea 1815> started
INFO:root:finished calculation electrification 1815 (duration 0.11176919937133789s)
INFO:root:finished calculation efuel 1815 (duration 0.10370802879333496s)
INFO:root:finished calculation battery 1815 (duration 0.10163307189941406s)
INFO:root:finished calculation optimised_electrification 1815 (duration 0.14027023315429688s)
INFO:root:finished calculation diesel 1815 (duration 0.10409212112426758s)
INFO:root:finished calculation efuel 1815 (duration 0.10303688049316406s)
INFO:root:finished calculation h2 1815 (duration 0.1030580997467041s)
INFO:root:calculation <MasterArea 1816> started
INFO:root:finished calculation electrification 1816 (duration 0.08595108985900879s)
INFO:root:finished calculation efuel 1816 (duration 0.07924103736877441s)
INFO:root:finished calculation battery 1816 (duration 0.07866406440734863s)
INFO:root:finished calculation optimised_electrification 1816 (duration 0.10858011245727539s)
INFO:root:finished calculation diesel 1816 (duration 0.07641983032226562s)
INFO:root:finished calculation efuel 1816 (duration 0.08014512062072754s)
INFO:root:finished calculation h2 1816 (duration 0.08027386665344238s)
INFO:root:calculation <MasterArea 1817> started
INFO:root:finished calculation electrification 1817 (duration 0.03325009346008301s)
INFO:root:finished calculation efuel 1817 (duration 0.03128385543823242s)
INFO:root:finished calculation battery 1817 (duration 0.03176093101501465s)
INFO:root:finished calculation optimised_electrification 1817 (duration 0.041127920150756836s)
INFO:root:finished calculation diesel 1817 (duration 0.029529094696044922s)
INFO:root:finished calculation efuel 1817 (duration 0.029348134994506836s)
INFO:root:finished calculation h2 1817 (duration 0.02893996238708496s)
INFO:root:calculation <MasterArea 1818> started
INFO:root:finished calculation electrification 1818 (duration 0.2704470157623291s)
INFO:root:finished calculation efuel 1818 (duration 0.26793599128723145s)
INFO:root:finished calculation optimised_electrification 1818 (duration 0.38466310501098633s)
INFO:root:finished calculation diesel 1818 (duration 0.27080297470092773s)
INFO:root:finished calculation efuel 1818 (duration 0.2828397750854492s)
INFO:root:calculation <MasterArea 1819> started
INFO:root:finished calculation electrification 1819 (duration 0.15027379989624023s)
INFO:root:finished calculation efuel 1819 (duration 0.1556379795074463s)
INFO:root:finished calculation battery 1819 (duration 0.15214800834655762s)
INFO:root:finished calculation optimised_electrification 1819 (duration 0.21340203285217285s)
INFO:root:finished calculation diesel 1819 (duration 0.15146493911743164s)
INFO:root:finished calculation efuel 1819 (duration 0.15244579315185547s)
INFO:root:finished calculation h2 1819 (duration 0.15153980255126953s)
INFO:root:calculation <MasterArea 1820> started
INFO:root:finished calculation electrification 1820 (duration 0.17201828956604004s)
INFO:root:finished calculation efuel 1820 (duration 0.1840357780456543s)
ERROR:root:Possible Groups has a non valid length set()
ERROR:root:Possible Groups has a non valid length set()
ERROR:root:Possible Groups has a non valid length set()
ERROR:root:Possible Groups has a non valid length set()
ERROR:root:Possible Groups has a non valid length set()
ERROR:root:Possible Groups has a non valid length set()
ERROR:root:Possible Groups has a non valid length set()
ERROR:root:Possible Groups has a non valid length set()
ERROR:root:Possible Groups has a non valid length set()
ERROR:root:Possible Groups has a non valid length set()
ERROR:root:Possible Groups has a non valid length set()
ERROR:root:Possible Groups has a non valid length set()
ERROR:root:For TimetableLine 1429 BY57_N there is a one_cycle_problem on the backward path which can't be solved yet
ERROR:root:For TimetableLine 1442 BY54_N there is a one_cycle_problem on the backward path which can't be solved yet
