INFO:root:calculation <MasterArea 1070> started
INFO:root:finished calculation electrification 1070 (duration 0.09720206260681152s)
INFO:root:finished calculation efuel 1070 (duration 0.0715169906616211s)
INFO:root:finished calculation optimised_electrification 1070 (duration 0.09281468391418457s)
INFO:root:finished calculation diesel 1070 (duration 0.05780625343322754s)
INFO:root:finished calculation efuel 1070 (duration 0.05757308006286621s)
INFO:root:calculation <MasterArea 1071> started
INFO:root:finished calculation electrification 1071 (duration 0.026134014129638672s)
INFO:root:finished calculation efuel 1071 (duration 0.027359962463378906s)
INFO:root:finished calculation battery 1071 (duration 0.024034976959228516s)
INFO:root:finished calculation optimised_electrification 1071 (duration 0.029165029525756836s)
INFO:root:finished calculation diesel 1071 (duration 0.019336223602294922s)
INFO:root:finished calculation efuel 1071 (duration 0.019112825393676758s)
INFO:root:finished calculation h2 1071 (duration 0.019163131713867188s)
INFO:root:calculation <MasterArea 1072> started
INFO:root:finished calculation electrification 1072 (duration 0.011368989944458008s)
INFO:root:finished calculation efuel 1072 (duration 0.010602951049804688s)
INFO:root:finished calculation battery 1072 (duration 0.010461091995239258s)
INFO:root:finished calculation optimised_electrification 1072 (duration 0.014616966247558594s)
INFO:root:finished calculation diesel 1072 (duration 0.009006023406982422s)
INFO:root:finished calculation efuel 1072 (duration 0.008788108825683594s)
INFO:root:finished calculation h2 1072 (duration 0.008581161499023438s)
INFO:root:calculation <MasterArea 1073> started
INFO:root:finished calculation electrification 1073 (duration 0.01282501220703125s)
INFO:root:finished calculation efuel 1073 (duration 0.012902259826660156s)
INFO:root:finished calculation battery 1073 (duration 0.013173818588256836s)
INFO:root:finished calculation optimised_electrification 1073 (duration 0.017795085906982422s)
INFO:root:finished calculation diesel 1073 (duration 0.01130223274230957s)
INFO:root:finished calculation efuel 1073 (duration 0.011422157287597656s)
INFO:root:finished calculation h2 1073 (duration 0.011273860931396484s)
INFO:root:calculation <MasterArea 1074> started
INFO:root:finished calculation electrification 1074 (duration 0.01584792137145996s)
INFO:root:finished calculation efuel 1074 (duration 0.013276815414428711s)
INFO:root:finished calculation battery 1074 (duration 0.012578010559082031s)
INFO:root:finished calculation optimised_electrification 1074 (duration 0.01700425148010254s)
INFO:root:finished calculation diesel 1074 (duration 0.010315179824829102s)
INFO:root:finished calculation efuel 1074 (duration 0.009678840637207031s)
INFO:root:finished calculation h2 1074 (duration 0.009486913681030273s)
INFO:root:calculation <MasterArea 1075> started
INFO:root:finished calculation electrification 1075 (duration 0.004975080490112305s)
INFO:root:finished calculation efuel 1075 (duration 0.0050199031829833984s)
INFO:root:finished calculation battery 1075 (duration 0.004992008209228516s)
INFO:root:finished calculation optimised_electrification 1075 (duration 0.005980968475341797s)
INFO:root:finished calculation diesel 1075 (duration 0.004112720489501953s)
INFO:root:finished calculation efuel 1075 (duration 0.004313945770263672s)
INFO:root:finished calculation h2 1075 (duration 0.004374980926513672s)
INFO:root:calculation <MasterArea 1076> started
INFO:root:finished calculation electrification 1076 (duration 0.035321712493896484s)
INFO:root:finished calculation efuel 1076 (duration 0.0370941162109375s)
INFO:root:finished calculation optimised_electrification 1076 (duration 0.04613018035888672s)
INFO:root:finished calculation diesel 1076 (duration 0.03021097183227539s)
INFO:root:finished calculation efuel 1076 (duration 0.0298919677734375s)
INFO:root:calculation <MasterArea 1077> started
INFO:root:finished calculation electrification 1077 (duration 0.022876739501953125s)
INFO:root:finished calculation efuel 1077 (duration 0.01965618133544922s)
INFO:root:finished calculation optimised_electrification 1077 (duration 0.011002063751220703s)
INFO:root:finished calculation diesel 1077 (duration 0.0044901371002197266s)
INFO:root:finished calculation efuel 1077 (duration 0.0041179656982421875s)
INFO:root:calculation <MasterArea 1078> started
INFO:root:finished calculation electrification 1078 (duration 0.0073070526123046875s)
INFO:root:finished calculation efuel 1078 (duration 0.006165027618408203s)
INFO:root:finished calculation battery 1078 (duration 0.005903005599975586s)
INFO:root:finished calculation optimised_electrification 1078 (duration 0.008285999298095703s)
INFO:root:finished calculation diesel 1078 (duration 0.005526065826416016s)
INFO:root:finished calculation efuel 1078 (duration 0.005239963531494141s)
INFO:root:finished calculation h2 1078 (duration 0.005278825759887695s)
INFO:root:calculation <MasterArea 1079> started
INFO:root:finished calculation electrification 1079 (duration 0.3082618713378906s)
INFO:root:finished calculation efuel 1079 (duration 0.00968313217163086s)
INFO:root:finished calculation optimised_electrification 1079 (duration 0.016354799270629883s)
INFO:root:finished calculation diesel 1079 (duration 0.00859689712524414s)
INFO:root:finished calculation efuel 1079 (duration 0.008931159973144531s)
INFO:root:calculation <MasterArea 1080> started
INFO:root:finished calculation electrification 1080 (duration 0.018161773681640625s)
INFO:root:finished calculation efuel 1080 (duration 0.018553972244262695s)
INFO:root:finished calculation optimised_electrification 1080 (duration 0.037627220153808594s)
INFO:root:finished calculation diesel 1080 (duration 0.03747415542602539s)
INFO:root:finished calculation efuel 1080 (duration 0.03407096862792969s)
INFO:root:calculation <MasterArea 1081> started
INFO:root:finished calculation electrification 1081 (duration 0.0058629512786865234s)
INFO:root:finished calculation efuel 1081 (duration 0.0062961578369140625s)
INFO:root:finished calculation optimised_electrification 1081 (duration 0.028496980667114258s)
INFO:root:finished calculation diesel 1081 (duration 0.03454709053039551s)
INFO:root:finished calculation efuel 1081 (duration 0.0052907466888427734s)
INFO:root:calculation <MasterArea 1082> started
INFO:root:finished calculation electrification 1082 (duration 0.22908473014831543s)
INFO:root:finished calculation efuel 1082 (duration 0.203643798828125s)
INFO:root:finished calculation optimised_electrification 1082 (duration 0.25711488723754883s)
INFO:root:finished calculation diesel 1082 (duration 0.1509699821472168s)
INFO:root:finished calculation efuel 1082 (duration 0.16459107398986816s)
INFO:root:calculation <MasterArea 1083> started
INFO:root:finished calculation electrification 1083 (duration 0.050862789154052734s)
INFO:root:finished calculation efuel 1083 (duration 0.05405998229980469s)
INFO:root:finished calculation optimised_electrification 1083 (duration 0.05501389503479004s)
INFO:root:finished calculation diesel 1083 (duration 0.03949999809265137s)
INFO:root:finished calculation efuel 1083 (duration 0.062270164489746094s)
INFO:root:calculation <MasterArea 1084> started
INFO:root:finished calculation electrification 1084 (duration 0.036704063415527344s)
INFO:root:finished calculation efuel 1084 (duration 0.03658699989318848s)
INFO:root:finished calculation battery 1084 (duration 0.057494163513183594s)
INFO:root:finished calculation optimised_electrification 1084 (duration 0.11851978302001953s)
INFO:root:finished calculation diesel 1084 (duration 0.03593707084655762s)
INFO:root:finished calculation efuel 1084 (duration 0.019495010375976562s)
INFO:root:finished calculation h2 1084 (duration 0.016424894332885742s)
INFO:root:calculation <MasterArea 1085> started
INFO:root:finished calculation electrification 1085 (duration 0.012588024139404297s)
INFO:root:finished calculation efuel 1085 (duration 0.01417088508605957s)
INFO:root:finished calculation battery 1085 (duration 0.03152799606323242s)
INFO:root:finished calculation optimised_electrification 1085 (duration 0.02708601951599121s)
INFO:root:finished calculation diesel 1085 (duration 0.01114201545715332s)
INFO:root:finished calculation efuel 1085 (duration 0.0067768096923828125s)
INFO:root:finished calculation h2 1085 (duration 0.006370067596435547s)
INFO:root:calculation <MasterArea 1086> started
INFO:root:finished calculation electrification 1086 (duration 0.014094114303588867s)
INFO:root:finished calculation efuel 1086 (duration 0.025542020797729492s)
INFO:root:finished calculation battery 1086 (duration 0.019017934799194336s)
INFO:root:finished calculation optimised_electrification 1086 (duration 0.026273012161254883s)
INFO:root:finished calculation diesel 1086 (duration 0.01282501220703125s)
INFO:root:finished calculation efuel 1086 (duration 0.014562129974365234s)
INFO:root:finished calculation h2 1086 (duration 0.015580177307128906s)
INFO:root:calculation <MasterArea 1087> started
INFO:root:finished calculation electrification 1087 (duration 0.028918027877807617s)
INFO:root:finished calculation efuel 1087 (duration 0.029639005661010742s)
INFO:root:finished calculation battery 1087 (duration 0.03348493576049805s)
INFO:root:finished calculation optimised_electrification 1087 (duration 0.04315686225891113s)
INFO:root:finished calculation diesel 1087 (duration 0.04291701316833496s)
INFO:root:finished calculation efuel 1087 (duration 0.03666186332702637s)
INFO:root:finished calculation h2 1087 (duration 0.03524208068847656s)
INFO:root:calculation <MasterArea 1088> started
INFO:root:finished calculation electrification 1088 (duration 0.0333101749420166s)
INFO:root:finished calculation efuel 1088 (duration 0.026699066162109375s)
INFO:root:finished calculation battery 1088 (duration 0.025568008422851562s)
INFO:root:finished calculation optimised_electrification 1088 (duration 0.027452945709228516s)
INFO:root:finished calculation diesel 1088 (duration 0.017138957977294922s)
INFO:root:finished calculation efuel 1088 (duration 0.017285823822021484s)
INFO:root:finished calculation h2 1088 (duration 0.016324996948242188s)
INFO:root:calculation <MasterArea 1089> started
INFO:root:finished calculation electrification 1089 (duration 0.0036652088165283203s)
INFO:root:finished calculation efuel 1089 (duration 0.0033998489379882812s)
INFO:root:finished calculation battery 1089 (duration 0.0034241676330566406s)
INFO:root:finished calculation optimised_electrification 1089 (duration 0.004564046859741211s)
INFO:root:finished calculation diesel 1089 (duration 0.0034568309783935547s)
INFO:root:finished calculation efuel 1089 (duration 0.003324747085571289s)
INFO:root:finished calculation h2 1089 (duration 0.0033621788024902344s)
INFO:root:calculation <MasterArea 1090> started
INFO:root:finished calculation electrification 1090 (duration 0.006666898727416992s)
INFO:root:finished calculation efuel 1090 (duration 0.006485939025878906s)
INFO:root:finished calculation battery 1090 (duration 0.006808757781982422s)
INFO:root:finished calculation optimised_electrification 1090 (duration 0.009217977523803711s)
INFO:root:finished calculation diesel 1090 (duration 0.005506992340087891s)
INFO:root:finished calculation efuel 1090 (duration 0.005973100662231445s)
INFO:root:finished calculation h2 1090 (duration 0.005094766616821289s)
INFO:root:calculation <MasterArea 1091> started
INFO:root:finished calculation electrification 1091 (duration 0.01760101318359375s)
INFO:root:finished calculation efuel 1091 (duration 0.01774430274963379s)
INFO:root:finished calculation battery 1091 (duration 0.016645193099975586s)
INFO:root:finished calculation optimised_electrification 1091 (duration 0.020850181579589844s)
INFO:root:finished calculation diesel 1091 (duration 0.01583266258239746s)
INFO:root:finished calculation efuel 1091 (duration 0.01628422737121582s)
INFO:root:finished calculation h2 1091 (duration 0.013427019119262695s)
INFO:root:calculation <MasterArea 1092> started
INFO:root:finished calculation electrification 1092 (duration 0.009376049041748047s)
INFO:root:finished calculation efuel 1092 (duration 0.00934600830078125s)
INFO:root:finished calculation optimised_electrification 1092 (duration 0.014164209365844727s)
INFO:root:finished calculation diesel 1092 (duration 0.0077190399169921875s)
INFO:root:finished calculation efuel 1092 (duration 0.008538961410522461s)
INFO:root:calculation <MasterArea 1093> started
INFO:root:finished calculation electrification 1093 (duration 0.004541158676147461s)
INFO:root:finished calculation efuel 1093 (duration 0.0037717819213867188s)
INFO:root:finished calculation optimised_electrification 1093 (duration 0.006337165832519531s)
INFO:root:finished calculation diesel 1093 (duration 0.00464320182800293s)
INFO:root:finished calculation efuel 1093 (duration 0.00436091423034668s)
INFO:root:calculation <MasterArea 1094> started
INFO:root:finished calculation electrification 1094 (duration 0.004087686538696289s)
INFO:root:finished calculation efuel 1094 (duration 0.0032858848571777344s)
INFO:root:finished calculation optimised_electrification 1094 (duration 0.00521397590637207s)
INFO:root:finished calculation diesel 1094 (duration 0.0032830238342285156s)
INFO:root:finished calculation efuel 1094 (duration 0.0033719539642333984s)
INFO:root:calculation <MasterArea 1095> started
INFO:root:finished calculation electrification 1095 (duration 0.0032110214233398438s)
INFO:root:finished calculation efuel 1095 (duration 0.0020558834075927734s)
INFO:root:finished calculation optimised_electrification 1095 (duration 0.0026018619537353516s)
INFO:root:finished calculation diesel 1095 (duration 0.00209808349609375s)
INFO:root:finished calculation efuel 1095 (duration 0.002032041549682617s)
INFO:root:calculation <MasterArea 1096> started
INFO:root:finished calculation electrification 1096 (duration 0.009616851806640625s)
INFO:root:finished calculation efuel 1096 (duration 0.010050058364868164s)
INFO:root:finished calculation optimised_electrification 1096 (duration 0.014947891235351562s)
INFO:root:finished calculation diesel 1096 (duration 0.010196924209594727s)
INFO:root:finished calculation efuel 1096 (duration 0.010961294174194336s)
INFO:root:calculation <MasterArea 1097> started
INFO:root:finished calculation electrification 1097 (duration 0.005896806716918945s)
INFO:root:finished calculation efuel 1097 (duration 0.005321025848388672s)
INFO:root:finished calculation battery 1097 (duration 0.006303310394287109s)
INFO:root:finished calculation optimised_electrification 1097 (duration 0.007754087448120117s)
INFO:root:finished calculation diesel 1097 (duration 0.006272077560424805s)
INFO:root:finished calculation efuel 1097 (duration 0.006060123443603516s)
INFO:root:finished calculation h2 1097 (duration 0.006853818893432617s)
INFO:root:calculation <MasterArea 1098> started
INFO:root:finished calculation electrification 1098 (duration 0.009943008422851562s)
INFO:root:finished calculation efuel 1098 (duration 0.007745981216430664s)
INFO:root:finished calculation battery 1098 (duration 0.0037899017333984375s)
INFO:root:finished calculation optimised_electrification 1098 (duration 0.005202054977416992s)
INFO:root:finished calculation diesel 1098 (duration 0.003648996353149414s)
INFO:root:finished calculation efuel 1098 (duration 0.007318973541259766s)
INFO:root:finished calculation h2 1098 (duration 0.008775949478149414s)
INFO:root:calculation <MasterArea 1099> started
INFO:root:finished calculation electrification 1099 (duration 0.03105616569519043s)
INFO:root:finished calculation efuel 1099 (duration 0.029118061065673828s)
INFO:root:finished calculation battery 1099 (duration 0.018752098083496094s)
INFO:root:finished calculation optimised_electrification 1099 (duration 0.035119056701660156s)
INFO:root:finished calculation diesel 1099 (duration 0.02596282958984375s)
INFO:root:finished calculation efuel 1099 (duration 0.016790151596069336s)
INFO:root:finished calculation h2 1099 (duration 0.018526315689086914s)
INFO:root:calculation <MasterArea 1100> started
INFO:root:finished calculation electrification 1100 (duration 0.01811695098876953s)
INFO:root:finished calculation efuel 1100 (duration 0.016521930694580078s)
INFO:root:finished calculation battery 1100 (duration 0.017075777053833008s)
INFO:root:finished calculation optimised_electrification 1100 (duration 0.025170087814331055s)
INFO:root:finished calculation diesel 1100 (duration 0.018467187881469727s)
INFO:root:finished calculation efuel 1100 (duration 0.01835799217224121s)
INFO:root:finished calculation h2 1100 (duration 0.020210981369018555s)
INFO:root:calculation <MasterArea 1101> started
INFO:root:finished calculation electrification 1101 (duration 0.02244091033935547s)
INFO:root:finished calculation efuel 1101 (duration 0.024148225784301758s)
INFO:root:finished calculation battery 1101 (duration 0.02514815330505371s)
INFO:root:finished calculation optimised_electrification 1101 (duration 0.03166007995605469s)
INFO:root:finished calculation diesel 1101 (duration 0.028715133666992188s)
INFO:root:finished calculation efuel 1101 (duration 0.03213620185852051s)
INFO:root:finished calculation h2 1101 (duration 0.021738052368164062s)
INFO:root:calculation <MasterArea 1102> started
INFO:root:finished calculation electrification 1102 (duration 0.07871007919311523s)
INFO:root:finished calculation efuel 1102 (duration 0.08214879035949707s)
INFO:root:finished calculation battery 1102 (duration 0.06035614013671875s)
INFO:root:finished calculation optimised_electrification 1102 (duration 0.07764005661010742s)
INFO:root:finished calculation diesel 1102 (duration 0.10323596000671387s)
INFO:root:finished calculation efuel 1102 (duration 0.035266876220703125s)
INFO:root:finished calculation h2 1102 (duration 0.06733226776123047s)
INFO:root:calculation <MasterArea 1103> started
INFO:root:finished calculation electrification 1103 (duration 0.045477867126464844s)
INFO:root:finished calculation efuel 1103 (duration 0.027373075485229492s)
INFO:root:finished calculation battery 1103 (duration 0.020854711532592773s)
INFO:root:finished calculation optimised_electrification 1103 (duration 0.030198097229003906s)
INFO:root:finished calculation diesel 1103 (duration 0.01917886734008789s)
INFO:root:finished calculation efuel 1103 (duration 0.01813197135925293s)
INFO:root:finished calculation h2 1103 (duration 0.020346879959106445s)
INFO:root:calculation <MasterArea 1104> started
INFO:root:finished calculation electrification 1104 (duration 0.0069429874420166016s)
INFO:root:finished calculation efuel 1104 (duration 0.0066030025482177734s)
INFO:root:finished calculation battery 1104 (duration 0.006176948547363281s)
INFO:root:finished calculation optimised_electrification 1104 (duration 0.00867605209350586s)
INFO:root:finished calculation diesel 1104 (duration 0.006127834320068359s)
INFO:root:finished calculation efuel 1104 (duration 0.006125926971435547s)
INFO:root:finished calculation h2 1104 (duration 0.005861043930053711s)
INFO:root:calculation <MasterArea 1105> started
INFO:root:finished calculation electrification 1105 (duration 0.003671884536743164s)
INFO:root:finished calculation efuel 1105 (duration 0.0032129287719726562s)
INFO:root:finished calculation battery 1105 (duration 0.0033638477325439453s)
INFO:root:finished calculation optimised_electrification 1105 (duration 0.004599094390869141s)
INFO:root:finished calculation diesel 1105 (duration 0.003325939178466797s)
INFO:root:finished calculation efuel 1105 (duration 0.003326892852783203s)
INFO:root:finished calculation h2 1105 (duration 0.0033321380615234375s)
INFO:root:calculation <MasterArea 1106> started
INFO:root:finished calculation electrification 1106 (duration 0.00899195671081543s)
INFO:root:finished calculation efuel 1106 (duration 0.008285284042358398s)
INFO:root:finished calculation battery 1106 (duration 0.008138179779052734s)
INFO:root:finished calculation optimised_electrification 1106 (duration 0.010566234588623047s)
INFO:root:finished calculation diesel 1106 (duration 0.007097721099853516s)
INFO:root:finished calculation efuel 1106 (duration 0.006997108459472656s)
INFO:root:finished calculation h2 1106 (duration 0.006757974624633789s)
INFO:root:calculation <MasterArea 1107> started
INFO:root:finished calculation electrification 1107 (duration 0.002544879913330078s)
INFO:root:finished calculation efuel 1107 (duration 0.0024042129516601562s)
INFO:root:finished calculation battery 1107 (duration 0.0022280216217041016s)
INFO:root:finished calculation optimised_electrification 1107 (duration 0.0029838085174560547s)
INFO:root:finished calculation diesel 1107 (duration 0.0024051666259765625s)
INFO:root:finished calculation efuel 1107 (duration 0.0023021697998046875s)
INFO:root:finished calculation h2 1107 (duration 0.0024509429931640625s)
INFO:root:calculation <MasterArea 1108> started
INFO:root:finished calculation electrification 1108 (duration 0.002817869186401367s)
INFO:root:finished calculation efuel 1108 (duration 0.0026090145111083984s)
INFO:root:finished calculation battery 1108 (duration 0.0024340152740478516s)
INFO:root:finished calculation optimised_electrification 1108 (duration 0.0030050277709960938s)
INFO:root:finished calculation diesel 1108 (duration 0.0023849010467529297s)
INFO:root:finished calculation efuel 1108 (duration 0.002357006072998047s)
INFO:root:finished calculation h2 1108 (duration 0.0023751258850097656s)
INFO:root:calculation <MasterArea 1109> started
INFO:root:finished calculation electrification 1109 (duration 0.004227161407470703s)
INFO:root:finished calculation efuel 1109 (duration 0.003998994827270508s)
INFO:root:finished calculation battery 1109 (duration 0.00457763671875s)
INFO:root:finished calculation optimised_electrification 1109 (duration 0.005522966384887695s)
INFO:root:finished calculation diesel 1109 (duration 0.004140138626098633s)
INFO:root:finished calculation efuel 1109 (duration 0.0043201446533203125s)
INFO:root:finished calculation h2 1109 (duration 0.004243135452270508s)
INFO:root:calculation <MasterArea 1110> started
INFO:root:finished calculation electrification 1110 (duration 0.0034186840057373047s)
INFO:root:finished calculation efuel 1110 (duration 0.003245830535888672s)
INFO:root:finished calculation battery 1110 (duration 0.003144979476928711s)
INFO:root:finished calculation optimised_electrification 1110 (duration 0.003919839859008789s)
INFO:root:finished calculation diesel 1110 (duration 0.003020048141479492s)
INFO:root:finished calculation efuel 1110 (duration 0.0027980804443359375s)
INFO:root:finished calculation h2 1110 (duration 0.002933979034423828s)
INFO:root:calculation <MasterArea 1111> started
INFO:root:finished calculation electrification 1111 (duration 0.006294727325439453s)
INFO:root:finished calculation efuel 1111 (duration 0.007322788238525391s)
INFO:root:finished calculation battery 1111 (duration 0.00664210319519043s)
INFO:root:finished calculation optimised_electrification 1111 (duration 0.008603096008300781s)
INFO:root:finished calculation diesel 1111 (duration 0.006991147994995117s)
INFO:root:finished calculation efuel 1111 (duration 0.006276130676269531s)
INFO:root:finished calculation h2 1111 (duration 0.007068157196044922s)
INFO:root:calculation <MasterArea 1112> started
INFO:root:finished calculation electrification 1112 (duration 0.005306720733642578s)
INFO:root:finished calculation efuel 1112 (duration 0.005511045455932617s)
INFO:root:finished calculation battery 1112 (duration 0.00795602798461914s)
INFO:root:finished calculation optimised_electrification 1112 (duration 0.00562286376953125s)
INFO:root:finished calculation diesel 1112 (duration 0.004076242446899414s)
INFO:root:finished calculation efuel 1112 (duration 0.004790067672729492s)
INFO:root:finished calculation h2 1112 (duration 0.005355119705200195s)
INFO:root:calculation <MasterArea 1113> started
INFO:root:finished calculation electrification 1113 (duration 0.006753683090209961s)
INFO:root:finished calculation efuel 1113 (duration 0.005856037139892578s)
INFO:root:finished calculation battery 1113 (duration 0.00760197639465332s)
INFO:root:finished calculation optimised_electrification 1113 (duration 0.012439966201782227s)
INFO:root:finished calculation diesel 1113 (duration 0.00727081298828125s)
INFO:root:finished calculation efuel 1113 (duration 0.010540962219238281s)
INFO:root:finished calculation h2 1113 (duration 0.014744043350219727s)
INFO:root:calculation <MasterArea 1114> started
INFO:root:finished calculation electrification 1114 (duration 0.00618290901184082s)
INFO:root:finished calculation efuel 1114 (duration 0.008249044418334961s)
INFO:root:finished calculation battery 1114 (duration 0.007143974304199219s)
INFO:root:finished calculation optimised_electrification 1114 (duration 0.014020204544067383s)
INFO:root:finished calculation diesel 1114 (duration 0.009962081909179688s)
INFO:root:finished calculation efuel 1114 (duration 0.008817195892333984s)
INFO:root:finished calculation h2 1114 (duration 0.008565902709960938s)
INFO:root:calculation <MasterArea 1115> started
INFO:root:finished calculation electrification 1115 (duration 0.008196830749511719s)
INFO:root:finished calculation efuel 1115 (duration 0.004703044891357422s)
INFO:root:finished calculation battery 1115 (duration 0.005949974060058594s)
INFO:root:finished calculation optimised_electrification 1115 (duration 0.005806922912597656s)
INFO:root:finished calculation diesel 1115 (duration 0.003998994827270508s)
INFO:root:finished calculation efuel 1115 (duration 0.005195140838623047s)
INFO:root:finished calculation h2 1115 (duration 0.00952911376953125s)
INFO:root:calculation <MasterArea 1116> started
INFO:root:finished calculation electrification 1116 (duration 0.07040095329284668s)
INFO:root:finished calculation efuel 1116 (duration 0.031616926193237305s)
INFO:root:finished calculation battery 1116 (duration 0.04385185241699219s)
INFO:root:finished calculation optimised_electrification 1116 (duration 0.05453205108642578s)
INFO:root:finished calculation diesel 1116 (duration 0.042652130126953125s)
INFO:root:finished calculation efuel 1116 (duration 0.038561105728149414s)
INFO:root:finished calculation h2 1116 (duration 0.03878593444824219s)
INFO:root:calculation <MasterArea 1117> started
INFO:root:finished calculation electrification 1117 (duration 0.022431135177612305s)
INFO:root:finished calculation efuel 1117 (duration 0.027393817901611328s)
INFO:root:finished calculation battery 1117 (duration 0.026858091354370117s)
INFO:root:finished calculation optimised_electrification 1117 (duration 0.045680999755859375s)
INFO:root:finished calculation diesel 1117 (duration 0.023123979568481445s)
INFO:root:finished calculation efuel 1117 (duration 0.022633790969848633s)
INFO:root:finished calculation h2 1117 (duration 0.02445220947265625s)
INFO:root:calculation <MasterArea 1118> started
INFO:root:finished calculation electrification 1118 (duration 0.09974002838134766s)
INFO:root:finished calculation efuel 1118 (duration 0.10009908676147461s)
INFO:root:finished calculation battery 1118 (duration 0.06314921379089355s)
INFO:root:finished calculation optimised_electrification 1118 (duration 0.08521175384521484s)
INFO:root:finished calculation diesel 1118 (duration 0.09316611289978027s)
INFO:root:finished calculation efuel 1118 (duration 0.03489995002746582s)
INFO:root:finished calculation h2 1118 (duration 0.08279705047607422s)
INFO:root:calculation <MasterArea 1119> started
INFO:root:finished calculation electrification 1119 (duration 0.012497186660766602s)
INFO:root:finished calculation efuel 1119 (duration 0.010977745056152344s)
INFO:root:finished calculation battery 1119 (duration 0.012141227722167969s)
INFO:root:finished calculation optimised_electrification 1119 (duration 0.025511980056762695s)
INFO:root:finished calculation diesel 1119 (duration 0.01989006996154785s)
INFO:root:finished calculation efuel 1119 (duration 0.029632568359375s)
INFO:root:finished calculation h2 1119 (duration 0.022409915924072266s)
INFO:root:calculation <MasterArea 1120> started
INFO:root:finished calculation electrification 1120 (duration 0.014097213745117188s)
INFO:root:finished calculation efuel 1120 (duration 0.013925790786743164s)
INFO:root:finished calculation battery 1120 (duration 0.05031299591064453s)
INFO:root:finished calculation optimised_electrification 1120 (duration 0.00756382942199707s)
INFO:root:finished calculation diesel 1120 (duration 0.005405902862548828s)
INFO:root:finished calculation efuel 1120 (duration 0.005660057067871094s)
INFO:root:finished calculation h2 1120 (duration 0.006354808807373047s)
INFO:root:calculation <MasterArea 1121> started
INFO:root:finished calculation electrification 1121 (duration 0.005930185317993164s)
INFO:root:finished calculation efuel 1121 (duration 0.02964496612548828s)
INFO:root:finished calculation battery 1121 (duration 0.02007007598876953s)
INFO:root:finished calculation optimised_electrification 1121 (duration 0.04935884475708008s)
INFO:root:finished calculation diesel 1121 (duration 0.01779627799987793s)
INFO:root:finished calculation efuel 1121 (duration 0.022331953048706055s)
INFO:root:finished calculation h2 1121 (duration 0.03342485427856445s)
INFO:root:calculation <MasterArea 1122> started
INFO:root:finished calculation electrification 1122 (duration 0.04294180870056152s)
INFO:root:finished calculation efuel 1122 (duration 0.015790939331054688s)
INFO:root:finished calculation battery 1122 (duration 0.03998398780822754s)
INFO:root:finished calculation optimised_electrification 1122 (duration 0.05142092704772949s)
INFO:root:finished calculation diesel 1122 (duration 0.03362393379211426s)
INFO:root:finished calculation efuel 1122 (duration 0.01508021354675293s)
INFO:root:finished calculation h2 1122 (duration 0.02639317512512207s)
INFO:root:calculation <MasterArea 1123> started
INFO:root:finished calculation electrification 1123 (duration 0.06086993217468262s)
INFO:root:finished calculation efuel 1123 (duration 0.06208324432373047s)
INFO:root:finished calculation optimised_electrification 1123 (duration 0.1200399398803711s)
INFO:root:finished calculation diesel 1123 (duration 0.0786428451538086s)
INFO:root:finished calculation efuel 1123 (duration 0.025486230850219727s)
INFO:root:calculation <MasterArea 1124> started
INFO:root:finished calculation electrification 1124 (duration 0.012469053268432617s)
INFO:root:finished calculation efuel 1124 (duration 0.012787103652954102s)
INFO:root:finished calculation battery 1124 (duration 0.011053085327148438s)
INFO:root:finished calculation optimised_electrification 1124 (duration 0.017867088317871094s)
INFO:root:finished calculation diesel 1124 (duration 0.013103723526000977s)
INFO:root:finished calculation efuel 1124 (duration 0.012782096862792969s)
INFO:root:finished calculation h2 1124 (duration 0.012372016906738281s)
INFO:root:calculation <MasterArea 1125> started
INFO:root:finished calculation electrification 1125 (duration 0.07019495964050293s)
INFO:root:finished calculation efuel 1125 (duration 0.07311320304870605s)
INFO:root:finished calculation battery 1125 (duration 0.0687417984008789s)
INFO:root:finished calculation optimised_electrification 1125 (duration 0.1116180419921875s)
INFO:root:finished calculation diesel 1125 (duration 0.0839390754699707s)
INFO:root:finished calculation efuel 1125 (duration 0.07831811904907227s)
INFO:root:finished calculation h2 1125 (duration 0.07861495018005371s)
INFO:root:calculation <MasterArea 1126> started
INFO:root:finished calculation electrification 1126 (duration 0.008722782135009766s)
INFO:root:finished calculation efuel 1126 (duration 0.008172035217285156s)
INFO:root:finished calculation battery 1126 (duration 0.007862091064453125s)
INFO:root:finished calculation optimised_electrification 1126 (duration 0.009665966033935547s)
INFO:root:finished calculation diesel 1126 (duration 0.007358074188232422s)
INFO:root:finished calculation efuel 1126 (duration 0.0072209835052490234s)
INFO:root:finished calculation h2 1126 (duration 0.00703120231628418s)
INFO:root:calculation <MasterArea 1127> started
INFO:root:finished calculation electrification 1127 (duration 0.007748126983642578s)
INFO:root:finished calculation efuel 1127 (duration 0.00757288932800293s)
INFO:root:finished calculation battery 1127 (duration 0.007500648498535156s)
INFO:root:finished calculation optimised_electrification 1127 (duration 0.009728670120239258s)
INFO:root:finished calculation diesel 1127 (duration 0.00778508186340332s)
INFO:root:finished calculation efuel 1127 (duration 0.007781982421875s)
INFO:root:finished calculation h2 1127 (duration 0.00790715217590332s)
INFO:root:calculation <MasterArea 1128> started
INFO:root:finished calculation electrification 1128 (duration 0.04288911819458008s)
INFO:root:finished calculation efuel 1128 (duration 0.03242206573486328s)
INFO:root:finished calculation battery 1128 (duration 0.0329437255859375s)
INFO:root:finished calculation optimised_electrification 1128 (duration 0.05149984359741211s)
INFO:root:finished calculation diesel 1128 (duration 0.034945011138916016s)
INFO:root:finished calculation efuel 1128 (duration 0.03271889686584473s)
INFO:root:finished calculation h2 1128 (duration 0.035871028900146484s)
INFO:root:calculation <MasterArea 1129> started
INFO:root:finished calculation electrification 1129 (duration 0.007828950881958008s)
INFO:root:finished calculation efuel 1129 (duration 0.007921218872070312s)
INFO:root:finished calculation battery 1129 (duration 0.008438825607299805s)
INFO:root:finished calculation optimised_electrification 1129 (duration 0.013167142868041992s)
INFO:root:finished calculation diesel 1129 (duration 0.012829065322875977s)
INFO:root:finished calculation efuel 1129 (duration 0.013323783874511719s)
INFO:root:finished calculation h2 1129 (duration 0.008605241775512695s)
INFO:root:calculation <MasterArea 1130> started
INFO:root:finished calculation electrification 1130 (duration 0.01657414436340332s)
INFO:root:finished calculation efuel 1130 (duration 0.016267061233520508s)
INFO:root:finished calculation battery 1130 (duration 0.016323089599609375s)
INFO:root:finished calculation optimised_electrification 1130 (duration 0.025771141052246094s)
INFO:root:finished calculation diesel 1130 (duration 0.021271705627441406s)
INFO:root:finished calculation efuel 1130 (duration 0.024734973907470703s)
INFO:root:finished calculation h2 1130 (duration 0.021389007568359375s)
INFO:root:calculation <MasterArea 1131> started
INFO:root:finished calculation electrification 1131 (duration 0.011446714401245117s)
INFO:root:finished calculation efuel 1131 (duration 0.007462978363037109s)
INFO:root:finished calculation battery 1131 (duration 0.007840871810913086s)
INFO:root:finished calculation optimised_electrification 1131 (duration 0.009886980056762695s)
INFO:root:finished calculation diesel 1131 (duration 0.010796785354614258s)
INFO:root:finished calculation efuel 1131 (duration 0.009715080261230469s)
INFO:root:finished calculation h2 1131 (duration 0.008020877838134766s)
INFO:root:calculation <MasterArea 1132> started
INFO:root:finished calculation electrification 1132 (duration 0.008899211883544922s)
INFO:root:finished calculation efuel 1132 (duration 0.008495092391967773s)
INFO:root:finished calculation battery 1132 (duration 0.010664939880371094s)
INFO:root:finished calculation optimised_electrification 1132 (duration 0.011976242065429688s)
INFO:root:finished calculation diesel 1132 (duration 0.012195110321044922s)
INFO:root:finished calculation efuel 1132 (duration 0.014207124710083008s)
INFO:root:finished calculation h2 1132 (duration 0.014909982681274414s)
INFO:root:calculation <MasterArea 1133> started
INFO:root:finished calculation electrification 1133 (duration 0.028923988342285156s)
INFO:root:finished calculation efuel 1133 (duration 0.029154062271118164s)
INFO:root:finished calculation battery 1133 (duration 0.04087495803833008s)
INFO:root:finished calculation optimised_electrification 1133 (duration 0.04885983467102051s)
INFO:root:finished calculation diesel 1133 (duration 0.041101932525634766s)
INFO:root:finished calculation efuel 1133 (duration 0.03149223327636719s)
INFO:root:finished calculation h2 1133 (duration 0.029326677322387695s)
INFO:root:calculation <MasterArea 1134> started
INFO:root:finished calculation electrification 1134 (duration 0.03367280960083008s)
INFO:root:finished calculation efuel 1134 (duration 0.04444313049316406s)
INFO:root:finished calculation battery 1134 (duration 0.03356170654296875s)
INFO:root:finished calculation optimised_electrification 1134 (duration 0.0564420223236084s)
INFO:root:finished calculation diesel 1134 (duration 0.0350031852722168s)
INFO:root:finished calculation efuel 1134 (duration 0.0354156494140625s)
INFO:root:finished calculation h2 1134 (duration 0.030584096908569336s)
INFO:root:calculation <MasterArea 1135> started
INFO:root:finished calculation electrification 1135 (duration 0.012826919555664062s)
INFO:root:finished calculation efuel 1135 (duration 0.0113677978515625s)
INFO:root:finished calculation battery 1135 (duration 0.014564990997314453s)
INFO:root:finished calculation optimised_electrification 1135 (duration 0.022320032119750977s)
INFO:root:finished calculation diesel 1135 (duration 0.019821882247924805s)
INFO:root:finished calculation efuel 1135 (duration 0.015187978744506836s)
INFO:root:finished calculation h2 1135 (duration 0.013401031494140625s)
INFO:root:calculation <MasterArea 1136> started
INFO:root:finished calculation electrification 1136 (duration 0.017781972885131836s)
INFO:root:finished calculation efuel 1136 (duration 0.012600898742675781s)
INFO:root:finished calculation battery 1136 (duration 0.013911008834838867s)
INFO:root:finished calculation optimised_electrification 1136 (duration 0.022229909896850586s)
INFO:root:finished calculation diesel 1136 (duration 0.016535043716430664s)
INFO:root:finished calculation efuel 1136 (duration 0.012581825256347656s)
INFO:root:finished calculation h2 1136 (duration 0.023713111877441406s)
INFO:root:calculation <MasterArea 1137> started
INFO:root:finished calculation electrification 1137 (duration 0.011745214462280273s)
INFO:root:finished calculation efuel 1137 (duration 0.012620925903320312s)
INFO:root:finished calculation battery 1137 (duration 0.012571096420288086s)
INFO:root:finished calculation optimised_electrification 1137 (duration 0.01704883575439453s)
INFO:root:finished calculation diesel 1137 (duration 0.013772010803222656s)
INFO:root:finished calculation efuel 1137 (duration 0.021126985549926758s)
INFO:root:finished calculation h2 1137 (duration 0.023492097854614258s)
INFO:root:calculation <MasterArea 1138> started
INFO:root:finished calculation electrification 1138 (duration 0.016659259796142578s)
INFO:root:finished calculation efuel 1138 (duration 0.013575077056884766s)
INFO:root:finished calculation battery 1138 (duration 0.016796112060546875s)
INFO:root:finished calculation optimised_electrification 1138 (duration 0.02503490447998047s)
INFO:root:finished calculation diesel 1138 (duration 0.02514505386352539s)
INFO:root:finished calculation efuel 1138 (duration 0.024784088134765625s)
INFO:root:finished calculation h2 1138 (duration 0.02391791343688965s)
INFO:root:calculation <MasterArea 1139> started
INFO:root:finished calculation electrification 1139 (duration 0.02266693115234375s)
INFO:root:finished calculation efuel 1139 (duration 0.021078824996948242s)
INFO:root:finished calculation battery 1139 (duration 0.009604215621948242s)
INFO:root:finished calculation optimised_electrification 1139 (duration 0.011404037475585938s)
INFO:root:finished calculation diesel 1139 (duration 0.006375312805175781s)
INFO:root:finished calculation efuel 1139 (duration 0.005936861038208008s)
INFO:root:finished calculation h2 1139 (duration 0.005548238754272461s)
INFO:root:calculation <MasterArea 1140> started
INFO:root:finished calculation electrification 1140 (duration 0.0023391246795654297s)
INFO:root:finished calculation efuel 1140 (duration 0.002035856246948242s)
INFO:root:finished calculation battery 1140 (duration 0.002112865447998047s)
INFO:root:finished calculation optimised_electrification 1140 (duration 0.002668142318725586s)
INFO:root:finished calculation diesel 1140 (duration 0.0021071434020996094s)
INFO:root:finished calculation efuel 1140 (duration 0.0019392967224121094s)
INFO:root:finished calculation h2 1140 (duration 0.0019762516021728516s)
INFO:root:calculation <MasterArea 1141> started
INFO:root:finished calculation electrification 1141 (duration 0.002223968505859375s)
INFO:root:finished calculation efuel 1141 (duration 0.0019307136535644531s)
INFO:root:finished calculation battery 1141 (duration 0.0019309520721435547s)
INFO:root:finished calculation optimised_electrification 1141 (duration 0.002424955368041992s)
INFO:root:finished calculation diesel 1141 (duration 0.0019550323486328125s)
INFO:root:finished calculation efuel 1141 (duration 0.0019118785858154297s)
INFO:root:finished calculation h2 1141 (duration 0.0019218921661376953s)
INFO:root:calculation <MasterArea 1142> started
INFO:root:finished calculation electrification 1142 (duration 0.002231121063232422s)
INFO:root:finished calculation efuel 1142 (duration 0.002110004425048828s)
INFO:root:finished calculation battery 1142 (duration 0.0019559860229492188s)
INFO:root:finished calculation optimised_electrification 1142 (duration 0.002471923828125s)
INFO:root:finished calculation diesel 1142 (duration 0.001943826675415039s)
INFO:root:finished calculation efuel 1142 (duration 0.0019681453704833984s)
INFO:root:finished calculation h2 1142 (duration 0.00203704833984375s)
INFO:root:calculation <MasterArea 1143> started
INFO:root:finished calculation electrification 1143 (duration 0.010513067245483398s)
INFO:root:finished calculation efuel 1143 (duration 0.005300998687744141s)
INFO:root:finished calculation battery 1143 (duration 0.007610321044921875s)
INFO:root:finished calculation optimised_electrification 1143 (duration 0.009979009628295898s)
INFO:root:finished calculation diesel 1143 (duration 0.007462739944458008s)
INFO:root:finished calculation efuel 1143 (duration 0.007059812545776367s)
INFO:root:finished calculation h2 1143 (duration 0.0071239471435546875s)
INFO:root:calculation <MasterArea 1144> started
INFO:root:finished calculation electrification 1144 (duration 0.010196924209594727s)
INFO:root:finished calculation efuel 1144 (duration 0.009985923767089844s)
INFO:root:finished calculation battery 1144 (duration 0.012186050415039062s)
INFO:root:finished calculation optimised_electrification 1144 (duration 0.016405105590820312s)
INFO:root:finished calculation diesel 1144 (duration 0.015106916427612305s)
INFO:root:finished calculation efuel 1144 (duration 0.011385917663574219s)
INFO:root:finished calculation h2 1144 (duration 0.01172184944152832s)
INFO:root:calculation <MasterArea 1145> started
INFO:root:finished calculation electrification 1145 (duration 0.010122060775756836s)
INFO:root:finished calculation efuel 1145 (duration 0.011259317398071289s)
INFO:root:finished calculation battery 1145 (duration 0.012181997299194336s)
INFO:root:finished calculation optimised_electrification 1145 (duration 0.016525983810424805s)
INFO:root:finished calculation diesel 1145 (duration 0.011677026748657227s)
INFO:root:finished calculation efuel 1145 (duration 0.012783050537109375s)
INFO:root:finished calculation h2 1145 (duration 0.012508869171142578s)
INFO:root:calculation <MasterArea 1146> started
INFO:root:finished calculation electrification 1146 (duration 0.018106937408447266s)
INFO:root:finished calculation efuel 1146 (duration 0.014844894409179688s)
INFO:root:finished calculation battery 1146 (duration 0.013700723648071289s)
INFO:root:finished calculation optimised_electrification 1146 (duration 0.019842147827148438s)
INFO:root:finished calculation diesel 1146 (duration 0.017831802368164062s)
INFO:root:finished calculation efuel 1146 (duration 0.02082681655883789s)
INFO:root:finished calculation h2 1146 (duration 0.022806167602539062s)
INFO:root:calculation <MasterArea 1147> started
INFO:root:finished calculation electrification 1147 (duration 0.02185988426208496s)
INFO:root:finished calculation efuel 1147 (duration 0.026353120803833008s)
INFO:root:finished calculation battery 1147 (duration 0.026018857955932617s)
INFO:root:finished calculation optimised_electrification 1147 (duration 0.045001983642578125s)
INFO:root:finished calculation diesel 1147 (duration 0.03446793556213379s)
INFO:root:finished calculation efuel 1147 (duration 0.03627800941467285s)
INFO:root:finished calculation h2 1147 (duration 0.0247189998626709s)
INFO:root:calculation <MasterArea 1148> started
INFO:root:finished calculation electrification 1148 (duration 0.009530067443847656s)
INFO:root:finished calculation efuel 1148 (duration 0.009344100952148438s)
INFO:root:finished calculation battery 1148 (duration 0.009886026382446289s)
INFO:root:finished calculation optimised_electrification 1148 (duration 0.01253819465637207s)
INFO:root:finished calculation diesel 1148 (duration 0.015001058578491211s)
INFO:root:finished calculation efuel 1148 (duration 0.01282811164855957s)
INFO:root:finished calculation h2 1148 (duration 0.012649059295654297s)
INFO:root:calculation <MasterArea 1149> started
INFO:root:finished calculation electrification 1149 (duration 0.0105133056640625s)
INFO:root:finished calculation efuel 1149 (duration 0.009533882141113281s)
INFO:root:finished calculation battery 1149 (duration 0.010694265365600586s)
INFO:root:finished calculation optimised_electrification 1149 (duration 0.013537883758544922s)
INFO:root:finished calculation diesel 1149 (duration 0.011775970458984375s)
INFO:root:finished calculation efuel 1149 (duration 0.012516021728515625s)
INFO:root:finished calculation h2 1149 (duration 0.013529062271118164s)
INFO:root:calculation <MasterArea 1150> started
INFO:root:finished calculation electrification 1150 (duration 0.01672983169555664s)
INFO:root:finished calculation efuel 1150 (duration 0.016326189041137695s)
INFO:root:finished calculation battery 1150 (duration 0.01741313934326172s)
INFO:root:finished calculation optimised_electrification 1150 (duration 0.026501893997192383s)
INFO:root:finished calculation diesel 1150 (duration 0.014926910400390625s)
INFO:root:finished calculation efuel 1150 (duration 0.014006853103637695s)
INFO:root:finished calculation h2 1150 (duration 0.013814687728881836s)
INFO:root:calculation <MasterArea 1151> started
INFO:root:finished calculation electrification 1151 (duration 0.008739948272705078s)
INFO:root:finished calculation efuel 1151 (duration 0.009843826293945312s)
INFO:root:finished calculation battery 1151 (duration 0.009540081024169922s)
INFO:root:finished calculation optimised_electrification 1151 (duration 0.014396905899047852s)
INFO:root:finished calculation diesel 1151 (duration 0.010763168334960938s)
INFO:root:finished calculation efuel 1151 (duration 0.011538028717041016s)
INFO:root:finished calculation h2 1151 (duration 0.010190963745117188s)
INFO:root:calculation <MasterArea 1152> started
INFO:root:finished calculation electrification 1152 (duration 0.024357080459594727s)
INFO:root:finished calculation efuel 1152 (duration 0.019195079803466797s)
INFO:root:finished calculation battery 1152 (duration 0.019585847854614258s)
INFO:root:finished calculation optimised_electrification 1152 (duration 0.024574995040893555s)
INFO:root:finished calculation diesel 1152 (duration 0.028398990631103516s)
INFO:root:finished calculation efuel 1152 (duration 0.02856612205505371s)
INFO:root:finished calculation h2 1152 (duration 0.03143787384033203s)
INFO:root:calculation <MasterArea 1153> started
INFO:root:finished calculation electrification 1153 (duration 0.009509086608886719s)
INFO:root:finished calculation efuel 1153 (duration 0.009639978408813477s)
INFO:root:finished calculation battery 1153 (duration 0.009505033493041992s)
INFO:root:finished calculation optimised_electrification 1153 (duration 0.013478279113769531s)
INFO:root:finished calculation diesel 1153 (duration 0.010937213897705078s)
INFO:root:finished calculation efuel 1153 (duration 0.009155988693237305s)
INFO:root:finished calculation h2 1153 (duration 0.011620044708251953s)
INFO:root:calculation <MasterArea 1154> started
INFO:root:finished calculation electrification 1154 (duration 0.018187999725341797s)
INFO:root:finished calculation efuel 1154 (duration 0.020595788955688477s)
INFO:root:finished calculation battery 1154 (duration 0.018249034881591797s)
INFO:root:finished calculation optimised_electrification 1154 (duration 0.028707265853881836s)
INFO:root:finished calculation diesel 1154 (duration 0.022838830947875977s)
INFO:root:finished calculation efuel 1154 (duration 0.01815199851989746s)
INFO:root:finished calculation h2 1154 (duration 0.01860523223876953s)
INFO:root:calculation <MasterArea 1155> started
INFO:root:finished calculation electrification 1155 (duration 0.01491093635559082s)
INFO:root:finished calculation efuel 1155 (duration 0.015017032623291016s)
INFO:root:finished calculation battery 1155 (duration 0.032586097717285156s)
INFO:root:finished calculation optimised_electrification 1155 (duration 0.01955723762512207s)
INFO:root:finished calculation diesel 1155 (duration 0.012965917587280273s)
INFO:root:finished calculation efuel 1155 (duration 0.012944221496582031s)
INFO:root:finished calculation h2 1155 (duration 0.014178037643432617s)
INFO:root:calculation <MasterArea 1156> started
INFO:root:finished calculation electrification 1156 (duration 0.013123035430908203s)
INFO:root:finished calculation efuel 1156 (duration 0.011422872543334961s)
INFO:root:finished calculation battery 1156 (duration 0.009423255920410156s)
INFO:root:finished calculation optimised_electrification 1156 (duration 0.010834932327270508s)
INFO:root:finished calculation diesel 1156 (duration 0.009417057037353516s)
INFO:root:finished calculation efuel 1156 (duration 0.011258840560913086s)
INFO:root:finished calculation h2 1156 (duration 0.01077890396118164s)
INFO:root:calculation <MasterArea 1157> started
INFO:root:finished calculation electrification 1157 (duration 0.009796142578125s)
INFO:root:finished calculation efuel 1157 (duration 0.008702993392944336s)
INFO:root:finished calculation battery 1157 (duration 0.010782003402709961s)
INFO:root:finished calculation optimised_electrification 1157 (duration 0.012534618377685547s)
INFO:root:finished calculation diesel 1157 (duration 0.015491962432861328s)
INFO:root:finished calculation efuel 1157 (duration 0.009584903717041016s)
INFO:root:finished calculation h2 1157 (duration 0.009354829788208008s)
INFO:root:calculation <MasterArea 1158> started
INFO:root:finished calculation electrification 1158 (duration 0.009966135025024414s)
INFO:root:finished calculation efuel 1158 (duration 0.01085805892944336s)
INFO:root:finished calculation battery 1158 (duration 0.010334968566894531s)
INFO:root:finished calculation optimised_electrification 1158 (duration 0.012394905090332031s)
INFO:root:finished calculation diesel 1158 (duration 0.011707067489624023s)
INFO:root:finished calculation efuel 1158 (duration 0.00981593132019043s)
INFO:root:finished calculation h2 1158 (duration 0.011012077331542969s)
INFO:root:calculation <MasterArea 1159> started
INFO:root:finished calculation electrification 1159 (duration 0.00964808464050293s)
INFO:root:finished calculation efuel 1159 (duration 0.011639118194580078s)
INFO:root:finished calculation battery 1159 (duration 0.013851165771484375s)
INFO:root:finished calculation optimised_electrification 1159 (duration 0.01394510269165039s)
INFO:root:finished calculation diesel 1159 (duration 0.011259794235229492s)
INFO:root:finished calculation efuel 1159 (duration 0.01073598861694336s)
INFO:root:finished calculation h2 1159 (duration 0.012154102325439453s)
INFO:root:calculation <MasterArea 1160> started
INFO:root:finished calculation electrification 1160 (duration 0.012746095657348633s)
INFO:root:finished calculation efuel 1160 (duration 0.010772228240966797s)
INFO:root:finished calculation battery 1160 (duration 0.011718988418579102s)
INFO:root:finished calculation optimised_electrification 1160 (duration 0.013243913650512695s)
INFO:root:finished calculation diesel 1160 (duration 0.012113094329833984s)
INFO:root:finished calculation efuel 1160 (duration 0.013168811798095703s)
INFO:root:finished calculation h2 1160 (duration 0.014824151992797852s)
INFO:root:calculation <MasterArea 1161> started
INFO:root:finished calculation electrification 1161 (duration 0.011121034622192383s)
INFO:root:finished calculation efuel 1161 (duration 0.01082301139831543s)
INFO:root:finished calculation battery 1161 (duration 0.012381792068481445s)
INFO:root:finished calculation optimised_electrification 1161 (duration 0.014917135238647461s)
INFO:root:finished calculation diesel 1161 (duration 0.013875961303710938s)
INFO:root:finished calculation efuel 1161 (duration 0.014014005661010742s)
INFO:root:finished calculation h2 1161 (duration 0.009673118591308594s)
INFO:root:calculation <MasterArea 1162> started
INFO:root:finished calculation electrification 1162 (duration 0.01489400863647461s)
INFO:root:finished calculation efuel 1162 (duration 0.018652915954589844s)
INFO:root:finished calculation battery 1162 (duration 0.02070331573486328s)
INFO:root:finished calculation optimised_electrification 1162 (duration 0.03196310997009277s)
INFO:root:finished calculation diesel 1162 (duration 0.01823902130126953s)
INFO:root:finished calculation efuel 1162 (duration 0.01981210708618164s)
INFO:root:finished calculation h2 1162 (duration 0.01734185218811035s)
INFO:root:calculation <MasterArea 1163> started
INFO:root:finished calculation electrification 1163 (duration 0.014545202255249023s)
INFO:root:finished calculation efuel 1163 (duration 0.016338825225830078s)
INFO:root:finished calculation battery 1163 (duration 0.01594710350036621s)
INFO:root:finished calculation optimised_electrification 1163 (duration 0.0222470760345459s)
INFO:root:finished calculation diesel 1163 (duration 0.015731334686279297s)
INFO:root:finished calculation efuel 1163 (duration 0.01648688316345215s)
INFO:root:finished calculation h2 1163 (duration 0.01371312141418457s)
INFO:root:calculation <MasterArea 1164> started
INFO:root:finished calculation electrification 1164 (duration 0.012321949005126953s)
INFO:root:finished calculation efuel 1164 (duration 0.009367942810058594s)
INFO:root:finished calculation battery 1164 (duration 0.009953022003173828s)
INFO:root:finished calculation optimised_electrification 1164 (duration 0.01407313346862793s)
INFO:root:finished calculation diesel 1164 (duration 0.01006317138671875s)
INFO:root:finished calculation efuel 1164 (duration 0.009067058563232422s)
INFO:root:finished calculation h2 1164 (duration 0.008677005767822266s)
INFO:root:calculation <MasterArea 1165> started
INFO:root:finished calculation electrification 1165 (duration 0.010580062866210938s)
INFO:root:finished calculation efuel 1165 (duration 0.010189056396484375s)
INFO:root:finished calculation battery 1165 (duration 0.011775970458984375s)
INFO:root:finished calculation optimised_electrification 1165 (duration 0.014339923858642578s)
INFO:root:finished calculation diesel 1165 (duration 0.009257793426513672s)
INFO:root:finished calculation efuel 1165 (duration 0.009685993194580078s)
INFO:root:finished calculation h2 1165 (duration 0.011384963989257812s)
INFO:root:calculation <MasterArea 1166> started
INFO:root:finished calculation electrification 1166 (duration 0.024828195571899414s)
INFO:root:finished calculation efuel 1166 (duration 0.02055501937866211s)
INFO:root:finished calculation battery 1166 (duration 0.023227214813232422s)
INFO:root:finished calculation optimised_electrification 1166 (duration 0.038633108139038086s)
INFO:root:finished calculation diesel 1166 (duration 0.025763750076293945s)
INFO:root:finished calculation efuel 1166 (duration 0.02488112449645996s)
INFO:root:finished calculation h2 1166 (duration 0.03173494338989258s)
INFO:root:calculation <MasterArea 1167> started
INFO:root:finished calculation electrification 1167 (duration 0.00958108901977539s)
INFO:root:finished calculation efuel 1167 (duration 0.010030031204223633s)
INFO:root:finished calculation optimised_electrification 1167 (duration 0.014971256256103516s)
INFO:root:finished calculation diesel 1167 (duration 0.009712934494018555s)
INFO:root:finished calculation efuel 1167 (duration 0.010779142379760742s)
INFO:root:calculation <MasterArea 1168> started
INFO:root:finished calculation electrification 1168 (duration 0.012132883071899414s)
INFO:root:finished calculation efuel 1168 (duration 0.013942956924438477s)
INFO:root:finished calculation battery 1168 (duration 0.009248018264770508s)
INFO:root:finished calculation optimised_electrification 1168 (duration 0.012673139572143555s)
INFO:root:finished calculation diesel 1168 (duration 0.011242866516113281s)
INFO:root:finished calculation efuel 1168 (duration 0.013548851013183594s)
INFO:root:finished calculation h2 1168 (duration 0.01115870475769043s)
INFO:root:calculation <MasterArea 1169> started
INFO:root:finished calculation electrification 1169 (duration 0.011377096176147461s)
INFO:root:finished calculation efuel 1169 (duration 0.010741949081420898s)
INFO:root:finished calculation battery 1169 (duration 0.011401891708374023s)
INFO:root:finished calculation optimised_electrification 1169 (duration 0.012790918350219727s)
INFO:root:finished calculation diesel 1169 (duration 0.010469913482666016s)
INFO:root:finished calculation efuel 1169 (duration 0.01151895523071289s)
INFO:root:finished calculation h2 1169 (duration 0.017581939697265625s)
INFO:root:calculation <MasterArea 1170> started
INFO:root:finished calculation electrification 1170 (duration 0.010225057601928711s)
INFO:root:finished calculation efuel 1170 (duration 0.009804725646972656s)
INFO:root:finished calculation battery 1170 (duration 0.012371063232421875s)
INFO:root:finished calculation optimised_electrification 1170 (duration 0.016629934310913086s)
INFO:root:finished calculation diesel 1170 (duration 0.011521100997924805s)
INFO:root:finished calculation efuel 1170 (duration 0.009088993072509766s)
INFO:root:finished calculation h2 1170 (duration 0.010202884674072266s)
INFO:root:calculation <MasterArea 1171> started
INFO:root:finished calculation electrification 1171 (duration 0.00832676887512207s)
INFO:root:finished calculation efuel 1171 (duration 0.009778261184692383s)
INFO:root:finished calculation battery 1171 (duration 0.00812220573425293s)
INFO:root:finished calculation optimised_electrification 1171 (duration 0.01563715934753418s)
INFO:root:finished calculation diesel 1171 (duration 0.009903669357299805s)
INFO:root:finished calculation efuel 1171 (duration 0.010257959365844727s)
INFO:root:finished calculation h2 1171 (duration 0.00875997543334961s)
INFO:root:calculation <MasterArea 1172> started
INFO:root:finished calculation electrification 1172 (duration 0.01843571662902832s)
INFO:root:finished calculation efuel 1172 (duration 0.014536857604980469s)
INFO:root:finished calculation battery 1172 (duration 0.018179893493652344s)
INFO:root:finished calculation optimised_electrification 1172 (duration 0.026012182235717773s)
INFO:root:finished calculation diesel 1172 (duration 0.017622709274291992s)
INFO:root:finished calculation efuel 1172 (duration 0.017316102981567383s)
INFO:root:finished calculation h2 1172 (duration 0.016353130340576172s)
INFO:root:calculation <MasterArea 1173> started
INFO:root:finished calculation electrification 1173 (duration 0.00899195671081543s)
INFO:root:finished calculation efuel 1173 (duration 0.010004997253417969s)
INFO:root:finished calculation battery 1173 (duration 0.014562845230102539s)
INFO:root:finished calculation optimised_electrification 1173 (duration 0.017252206802368164s)
INFO:root:finished calculation diesel 1173 (duration 0.010897159576416016s)
INFO:root:finished calculation efuel 1173 (duration 0.009459972381591797s)
INFO:root:finished calculation h2 1173 (duration 0.009611129760742188s)
INFO:root:calculation <MasterArea 1174> started
INFO:root:finished calculation electrification 1174 (duration 0.008989810943603516s)
INFO:root:finished calculation efuel 1174 (duration 0.010177135467529297s)
INFO:root:finished calculation battery 1174 (duration 0.009696006774902344s)
INFO:root:finished calculation optimised_electrification 1174 (duration 0.014191150665283203s)
INFO:root:finished calculation diesel 1174 (duration 0.010140180587768555s)
INFO:root:finished calculation efuel 1174 (duration 0.008712053298950195s)
INFO:root:finished calculation h2 1174 (duration 0.010893821716308594s)
INFO:root:calculation <MasterArea 1175> started
INFO:root:finished calculation electrification 1175 (duration 0.00857090950012207s)
INFO:root:finished calculation efuel 1175 (duration 0.009362936019897461s)
INFO:root:finished calculation battery 1175 (duration 0.009289026260375977s)
INFO:root:finished calculation optimised_electrification 1175 (duration 0.011260032653808594s)
INFO:root:finished calculation diesel 1175 (duration 0.010257720947265625s)
INFO:root:finished calculation efuel 1175 (duration 0.013921022415161133s)
INFO:root:finished calculation h2 1175 (duration 0.009962081909179688s)
INFO:root:calculation <MasterArea 1176> started
INFO:root:finished calculation electrification 1176 (duration 0.01646900177001953s)
INFO:root:finished calculation efuel 1176 (duration 0.018848896026611328s)
INFO:root:finished calculation optimised_electrification 1176 (duration 0.0304110050201416s)
INFO:root:finished calculation diesel 1176 (duration 0.026376962661743164s)
INFO:root:finished calculation efuel 1176 (duration 0.02704787254333496s)
INFO:root:calculation <MasterArea 1177> started
INFO:root:finished calculation electrification 1177 (duration 0.010996818542480469s)
INFO:root:finished calculation efuel 1177 (duration 0.009882688522338867s)
INFO:root:finished calculation battery 1177 (duration 0.011380910873413086s)
INFO:root:finished calculation optimised_electrification 1177 (duration 0.015101909637451172s)
INFO:root:finished calculation diesel 1177 (duration 0.01036524772644043s)
INFO:root:finished calculation efuel 1177 (duration 0.01072835922241211s)
INFO:root:finished calculation h2 1177 (duration 0.01116800308227539s)
INFO:root:calculation <MasterArea 1178> started
INFO:root:finished calculation electrification 1178 (duration 0.011858940124511719s)
INFO:root:finished calculation efuel 1178 (duration 0.01116490364074707s)
INFO:root:finished calculation battery 1178 (duration 0.014816999435424805s)
INFO:root:finished calculation optimised_electrification 1178 (duration 0.022001981735229492s)
INFO:root:finished calculation diesel 1178 (duration 0.01128387451171875s)
INFO:root:finished calculation efuel 1178 (duration 0.010784149169921875s)
INFO:root:finished calculation h2 1178 (duration 0.012710094451904297s)
INFO:root:calculation <MasterArea 1179> started
INFO:root:finished calculation electrification 1179 (duration 0.010535240173339844s)
INFO:root:finished calculation efuel 1179 (duration 0.008583784103393555s)
INFO:root:finished calculation battery 1179 (duration 0.008817195892333984s)
INFO:root:finished calculation optimised_electrification 1179 (duration 0.012343883514404297s)
INFO:root:finished calculation diesel 1179 (duration 0.010429143905639648s)
INFO:root:finished calculation efuel 1179 (duration 0.010543107986450195s)
INFO:root:finished calculation h2 1179 (duration 0.012177705764770508s)
INFO:root:calculation <MasterArea 1180> started
INFO:root:finished calculation electrification 1180 (duration 0.008729934692382812s)
INFO:root:finished calculation efuel 1180 (duration 0.008377790451049805s)
INFO:root:finished calculation battery 1180 (duration 0.008990049362182617s)
INFO:root:finished calculation optimised_electrification 1180 (duration 0.010814189910888672s)
INFO:root:finished calculation diesel 1180 (duration 0.0217893123626709s)
INFO:root:finished calculation efuel 1180 (duration 0.009125709533691406s)
INFO:root:finished calculation h2 1180 (duration 0.014364957809448242s)
INFO:root:calculation <MasterArea 1181> started
INFO:root:finished calculation electrification 1181 (duration 0.014147758483886719s)
INFO:root:finished calculation efuel 1181 (duration 0.015625s)
INFO:root:finished calculation battery 1181 (duration 0.016128063201904297s)
INFO:root:finished calculation optimised_electrification 1181 (duration 0.02251887321472168s)
INFO:root:finished calculation diesel 1181 (duration 0.01732802391052246s)
INFO:root:finished calculation efuel 1181 (duration 0.014066219329833984s)
INFO:root:finished calculation h2 1181 (duration 0.014880895614624023s)
INFO:root:calculation <MasterArea 1182> started
INFO:root:finished calculation electrification 1182 (duration 0.009410858154296875s)
INFO:root:finished calculation efuel 1182 (duration 0.010462284088134766s)
INFO:root:finished calculation battery 1182 (duration 0.009014129638671875s)
INFO:root:finished calculation optimised_electrification 1182 (duration 0.012603998184204102s)
INFO:root:finished calculation diesel 1182 (duration 0.008368968963623047s)
INFO:root:finished calculation efuel 1182 (duration 0.00963902473449707s)
INFO:root:finished calculation h2 1182 (duration 0.012006998062133789s)
INFO:root:calculation <MasterArea 1183> started
INFO:root:finished calculation electrification 1183 (duration 0.009064912796020508s)
INFO:root:finished calculation efuel 1183 (duration 0.010243892669677734s)
INFO:root:finished calculation battery 1183 (duration 0.010855913162231445s)
INFO:root:finished calculation optimised_electrification 1183 (duration 0.01067209243774414s)
INFO:root:finished calculation diesel 1183 (duration 0.010287046432495117s)
INFO:root:finished calculation efuel 1183 (duration 0.009690999984741211s)
INFO:root:finished calculation h2 1183 (duration 0.009353876113891602s)
INFO:root:calculation <MasterArea 1184> started
INFO:root:finished calculation electrification 1184 (duration 0.012359857559204102s)
INFO:root:finished calculation efuel 1184 (duration 0.01664876937866211s)
INFO:root:finished calculation battery 1184 (duration 0.015902996063232422s)
INFO:root:finished calculation optimised_electrification 1184 (duration 0.0210421085357666s)
INFO:root:finished calculation diesel 1184 (duration 0.017101764678955078s)
INFO:root:finished calculation efuel 1184 (duration 0.018427133560180664s)
INFO:root:finished calculation h2 1184 (duration 0.01740288734436035s)
INFO:root:calculation <MasterArea 1185> started
INFO:root:finished calculation electrification 1185 (duration 0.013566017150878906s)
INFO:root:finished calculation efuel 1185 (duration 0.009876251220703125s)
INFO:root:finished calculation battery 1185 (duration 0.011132001876831055s)
INFO:root:finished calculation optimised_electrification 1185 (duration 0.013254165649414062s)
INFO:root:finished calculation diesel 1185 (duration 0.009210824966430664s)
INFO:root:finished calculation efuel 1185 (duration 0.011081218719482422s)
INFO:root:finished calculation h2 1185 (duration 0.010553836822509766s)
INFO:root:calculation <MasterArea 1186> started
INFO:root:finished calculation electrification 1186 (duration 0.01102590560913086s)
INFO:root:finished calculation efuel 1186 (duration 0.00985097885131836s)
INFO:root:finished calculation battery 1186 (duration 0.010412216186523438s)
INFO:root:finished calculation optimised_electrification 1186 (duration 0.011480093002319336s)
INFO:root:finished calculation diesel 1186 (duration 0.009602785110473633s)
INFO:root:finished calculation efuel 1186 (duration 0.009551048278808594s)
INFO:root:finished calculation h2 1186 (duration 0.009122133255004883s)
INFO:root:calculation <MasterArea 1187> started
INFO:root:finished calculation electrification 1187 (duration 0.01913762092590332s)
INFO:root:finished calculation efuel 1187 (duration 0.01948094367980957s)
INFO:root:finished calculation battery 1187 (duration 0.025786876678466797s)
INFO:root:finished calculation optimised_electrification 1187 (duration 0.038156986236572266s)
INFO:root:finished calculation diesel 1187 (duration 0.02030205726623535s)
INFO:root:finished calculation efuel 1187 (duration 0.022780179977416992s)
INFO:root:finished calculation h2 1187 (duration 0.020786046981811523s)
INFO:root:calculation <MasterArea 1188> started
INFO:root:finished calculation electrification 1188 (duration 0.010531187057495117s)
INFO:root:finished calculation efuel 1188 (duration 0.009099006652832031s)
INFO:root:finished calculation battery 1188 (duration 0.010872125625610352s)
INFO:root:finished calculation optimised_electrification 1188 (duration 0.014325380325317383s)
INFO:root:finished calculation diesel 1188 (duration 0.00957798957824707s)
INFO:root:finished calculation efuel 1188 (duration 0.008543014526367188s)
INFO:root:finished calculation h2 1188 (duration 0.011507987976074219s)
INFO:root:calculation <MasterArea 1189> started
INFO:root:finished calculation electrification 1189 (duration 0.010119915008544922s)
INFO:root:finished calculation efuel 1189 (duration 0.011627197265625s)
INFO:root:finished calculation battery 1189 (duration 0.012109994888305664s)
INFO:root:finished calculation optimised_electrification 1189 (duration 0.01995110511779785s)
INFO:root:finished calculation diesel 1189 (duration 0.015591144561767578s)
INFO:root:finished calculation efuel 1189 (duration 0.015635967254638672s)
INFO:root:finished calculation h2 1189 (duration 0.009788751602172852s)
INFO:root:calculation <MasterArea 1190> started
INFO:root:finished calculation electrification 1190 (duration 0.008889913558959961s)
INFO:root:finished calculation efuel 1190 (duration 0.009783029556274414s)
INFO:root:finished calculation battery 1190 (duration 0.009606122970581055s)
INFO:root:finished calculation optimised_electrification 1190 (duration 0.013664007186889648s)
INFO:root:finished calculation diesel 1190 (duration 0.009932994842529297s)
INFO:root:finished calculation efuel 1190 (duration 0.00990915298461914s)
INFO:root:finished calculation h2 1190 (duration 0.013772010803222656s)
INFO:root:calculation <MasterArea 1191> started
INFO:root:finished calculation electrification 1191 (duration 0.012507200241088867s)
INFO:root:finished calculation efuel 1191 (duration 0.008940935134887695s)
INFO:root:finished calculation battery 1191 (duration 0.008758068084716797s)
INFO:root:finished calculation optimised_electrification 1191 (duration 0.011997222900390625s)
INFO:root:finished calculation diesel 1191 (duration 0.01131582260131836s)
INFO:root:finished calculation efuel 1191 (duration 0.011829853057861328s)
INFO:root:finished calculation h2 1191 (duration 0.012955904006958008s)
INFO:root:calculation <MasterArea 1192> started
INFO:root:finished calculation electrification 1192 (duration 0.010338068008422852s)
INFO:root:finished calculation efuel 1192 (duration 0.008785247802734375s)
INFO:root:finished calculation battery 1192 (duration 0.010190010070800781s)
INFO:root:finished calculation optimised_electrification 1192 (duration 0.014945030212402344s)
INFO:root:finished calculation diesel 1192 (duration 0.011967897415161133s)
INFO:root:finished calculation efuel 1192 (duration 0.014906883239746094s)
INFO:root:finished calculation h2 1192 (duration 0.014958858489990234s)
INFO:root:calculation <MasterArea 1193> started
INFO:root:finished calculation electrification 1193 (duration 0.00957798957824707s)
INFO:root:finished calculation efuel 1193 (duration 0.01032114028930664s)
INFO:root:finished calculation battery 1193 (duration 0.009150981903076172s)
INFO:root:finished calculation optimised_electrification 1193 (duration 0.013653039932250977s)
INFO:root:finished calculation diesel 1193 (duration 0.011878013610839844s)
INFO:root:finished calculation efuel 1193 (duration 0.013101816177368164s)
INFO:root:finished calculation h2 1193 (duration 0.016254186630249023s)
INFO:root:calculation <MasterArea 1194> started
INFO:root:finished calculation electrification 1194 (duration 0.008617877960205078s)
INFO:root:finished calculation efuel 1194 (duration 0.009830713272094727s)
INFO:root:finished calculation battery 1194 (duration 0.010069608688354492s)
INFO:root:finished calculation optimised_electrification 1194 (duration 0.01635599136352539s)
INFO:root:finished calculation diesel 1194 (duration 0.013334035873413086s)
INFO:root:finished calculation efuel 1194 (duration 0.011425971984863281s)
INFO:root:finished calculation h2 1194 (duration 0.01055908203125s)
INFO:root:calculation <MasterArea 1195> started
INFO:root:finished calculation electrification 1195 (duration 0.008461952209472656s)
INFO:root:finished calculation efuel 1195 (duration 0.010350942611694336s)
INFO:root:finished calculation battery 1195 (duration 0.009235858917236328s)
INFO:root:finished calculation optimised_electrification 1195 (duration 0.015831947326660156s)
INFO:root:finished calculation diesel 1195 (duration 0.011734962463378906s)
INFO:root:finished calculation efuel 1195 (duration 0.014748096466064453s)
INFO:root:finished calculation h2 1195 (duration 0.01388692855834961s)
INFO:root:calculation <MasterArea 1196> started
INFO:root:finished calculation electrification 1196 (duration 0.009174108505249023s)
INFO:root:finished calculation efuel 1196 (duration 0.009367704391479492s)
INFO:root:finished calculation battery 1196 (duration 0.011071920394897461s)
INFO:root:finished calculation optimised_electrification 1196 (duration 0.013054847717285156s)
INFO:root:finished calculation diesel 1196 (duration 0.00868988037109375s)
INFO:root:finished calculation efuel 1196 (duration 0.009875059127807617s)
INFO:root:finished calculation h2 1196 (duration 0.009464025497436523s)
INFO:root:calculation <MasterArea 1197> started
INFO:root:finished calculation electrification 1197 (duration 0.026673078536987305s)
INFO:root:finished calculation efuel 1197 (duration 0.0034351348876953125s)
INFO:root:finished calculation battery 1197 (duration 0.0034110546112060547s)
INFO:root:finished calculation optimised_electrification 1197 (duration 0.004648923873901367s)
INFO:root:finished calculation diesel 1197 (duration 0.00393223762512207s)
INFO:root:finished calculation efuel 1197 (duration 0.00439906120300293s)
INFO:root:finished calculation h2 1197 (duration 0.011349916458129883s)
INFO:root:calculation <MasterArea 1198> started
INFO:root:finished calculation electrification 1198 (duration 0.008586883544921875s)
INFO:root:finished calculation efuel 1198 (duration 0.013353824615478516s)
INFO:root:finished calculation battery 1198 (duration 0.011915922164916992s)
INFO:root:finished calculation optimised_electrification 1198 (duration 0.02283763885498047s)
INFO:root:finished calculation diesel 1198 (duration 0.016017913818359375s)
INFO:root:finished calculation efuel 1198 (duration 0.01593804359436035s)
INFO:root:finished calculation h2 1198 (duration 0.012072324752807617s)
INFO:root:calculation <MasterArea 1199> started
INFO:root:finished calculation electrification 1199 (duration 0.00801992416381836s)
INFO:root:finished calculation efuel 1199 (duration 0.00884103775024414s)
INFO:root:finished calculation battery 1199 (duration 0.015027999877929688s)
INFO:root:finished calculation optimised_electrification 1199 (duration 0.017472028732299805s)
INFO:root:finished calculation diesel 1199 (duration 0.012032747268676758s)
INFO:root:finished calculation efuel 1199 (duration 0.012118816375732422s)
INFO:root:finished calculation h2 1199 (duration 0.012459039688110352s)
INFO:root:calculation <MasterArea 1200> started
INFO:root:finished calculation electrification 1200 (duration 0.008896112442016602s)
INFO:root:finished calculation efuel 1200 (duration 0.01061701774597168s)
INFO:root:finished calculation battery 1200 (duration 0.014069080352783203s)
INFO:root:finished calculation optimised_electrification 1200 (duration 0.017193078994750977s)
INFO:root:finished calculation diesel 1200 (duration 0.014321088790893555s)
INFO:root:finished calculation efuel 1200 (duration 0.012336969375610352s)
INFO:root:finished calculation h2 1200 (duration 0.011529922485351562s)
INFO:root:calculation <MasterArea 1201> started
INFO:root:finished calculation electrification 1201 (duration 0.008826971054077148s)
INFO:root:finished calculation efuel 1201 (duration 0.009886026382446289s)
INFO:root:finished calculation battery 1201 (duration 0.010694026947021484s)
INFO:root:finished calculation optimised_electrification 1201 (duration 0.016542911529541016s)
INFO:root:finished calculation diesel 1201 (duration 0.014300823211669922s)
INFO:root:finished calculation efuel 1201 (duration 0.015794992446899414s)
INFO:root:finished calculation h2 1201 (duration 0.017372846603393555s)
INFO:root:calculation <MasterArea 1202> started
INFO:root:finished calculation electrification 1202 (duration 0.01104879379272461s)
INFO:root:finished calculation efuel 1202 (duration 0.011466026306152344s)
INFO:root:finished calculation battery 1202 (duration 0.014094114303588867s)
INFO:root:finished calculation optimised_electrification 1202 (duration 0.01887989044189453s)
INFO:root:finished calculation diesel 1202 (duration 0.015306949615478516s)
INFO:root:finished calculation efuel 1202 (duration 0.011346101760864258s)
INFO:root:finished calculation h2 1202 (duration 0.012434244155883789s)
INFO:root:calculation <MasterArea 1203> started
INFO:root:finished calculation electrification 1203 (duration 0.009626150131225586s)
INFO:root:finished calculation efuel 1203 (duration 0.01054835319519043s)
INFO:root:finished calculation battery 1203 (duration 0.011426210403442383s)
INFO:root:finished calculation optimised_electrification 1203 (duration 0.015512228012084961s)
INFO:root:finished calculation diesel 1203 (duration 0.014010906219482422s)
INFO:root:finished calculation efuel 1203 (duration 0.014817953109741211s)
INFO:root:finished calculation h2 1203 (duration 0.0157163143157959s)
INFO:root:calculation <MasterArea 1204> started
INFO:root:finished calculation electrification 1204 (duration 0.006910085678100586s)
INFO:root:finished calculation efuel 1204 (duration 0.00792384147644043s)
INFO:root:finished calculation battery 1204 (duration 0.008310079574584961s)
INFO:root:finished calculation optimised_electrification 1204 (duration 0.00963282585144043s)
INFO:root:finished calculation diesel 1204 (duration 0.010860919952392578s)
INFO:root:finished calculation efuel 1204 (duration 0.009422063827514648s)
INFO:root:finished calculation h2 1204 (duration 0.007729768753051758s)
INFO:root:calculation <MasterArea 1205> started
INFO:root:finished calculation electrification 1205 (duration 0.008977174758911133s)
INFO:root:finished calculation efuel 1205 (duration 0.00972890853881836s)
INFO:root:finished calculation battery 1205 (duration 0.0097808837890625s)
INFO:root:finished calculation optimised_electrification 1205 (duration 0.010278940200805664s)
INFO:root:finished calculation diesel 1205 (duration 0.007977962493896484s)
INFO:root:finished calculation efuel 1205 (duration 0.008358955383300781s)
INFO:root:finished calculation h2 1205 (duration 0.00851583480834961s)
INFO:root:calculation <MasterArea 1206> started
INFO:root:finished calculation electrification 1206 (duration 0.010265111923217773s)
INFO:root:finished calculation efuel 1206 (duration 0.020548105239868164s)
INFO:root:finished calculation battery 1206 (duration 0.004330873489379883s)
INFO:root:finished calculation optimised_electrification 1206 (duration 0.004540920257568359s)
INFO:root:finished calculation diesel 1206 (duration 0.004402875900268555s)
INFO:root:finished calculation efuel 1206 (duration 0.005084991455078125s)
INFO:root:finished calculation h2 1206 (duration 0.006913900375366211s)
INFO:root:calculation <MasterArea 1207> started
INFO:root:finished calculation electrification 1207 (duration 0.011360883712768555s)
INFO:root:finished calculation efuel 1207 (duration 0.011384248733520508s)
INFO:root:finished calculation battery 1207 (duration 0.008611679077148438s)
INFO:root:finished calculation optimised_electrification 1207 (duration 0.012202978134155273s)
INFO:root:finished calculation diesel 1207 (duration 0.009594917297363281s)
INFO:root:finished calculation efuel 1207 (duration 0.011214017868041992s)
INFO:root:finished calculation h2 1207 (duration 0.01184701919555664s)
INFO:root:calculation <MasterArea 1208> started
INFO:root:finished calculation electrification 1208 (duration 0.01044321060180664s)
INFO:root:finished calculation efuel 1208 (duration 0.009351015090942383s)
INFO:root:finished calculation battery 1208 (duration 0.009757041931152344s)
INFO:root:finished calculation optimised_electrification 1208 (duration 0.014580011367797852s)
INFO:root:finished calculation diesel 1208 (duration 0.011970043182373047s)
INFO:root:finished calculation efuel 1208 (duration 0.015340805053710938s)
INFO:root:finished calculation h2 1208 (duration 0.008383989334106445s)
INFO:root:calculation <MasterArea 1209> started
INFO:root:finished calculation electrification 1209 (duration 0.010998010635375977s)
INFO:root:finished calculation efuel 1209 (duration 0.009335041046142578s)
INFO:root:finished calculation battery 1209 (duration 0.00981593132019043s)
INFO:root:finished calculation optimised_electrification 1209 (duration 0.013622760772705078s)
INFO:root:finished calculation diesel 1209 (duration 0.011786222457885742s)
INFO:root:finished calculation efuel 1209 (duration 0.014589071273803711s)
INFO:root:finished calculation h2 1209 (duration 0.014721155166625977s)
INFO:root:calculation <MasterArea 1210> started
INFO:root:finished calculation electrification 1210 (duration 0.009403228759765625s)
INFO:root:finished calculation efuel 1210 (duration 0.009459972381591797s)
INFO:root:finished calculation battery 1210 (duration 29.23747205734253s)
