INFO:root:calculation <MasterArea 1070> started
INFO:root:finished calculation electrification 1070 (duration 0.5665616989135742s)
INFO:root:finished calculation efuel 1070 (duration 0.5375921726226807s)
INFO:root:finished calculation optimised_electrification 1070 (duration 0.7818288803100586s)
INFO:root:finished calculation diesel 1070 (duration 0.5829582214355469s)
INFO:root:finished calculation efuel 1070 (duration 0.5832531452178955s)
INFO:root:calculation <MasterArea 1071> started
INFO:root:finished calculation electrification 1071 (duration 0.18857789039611816s)
INFO:root:finished calculation efuel 1071 (duration 0.17863917350769043s)
INFO:root:finished calculation battery 1071 (duration 0.19872117042541504s)
INFO:root:finished calculation optimised_electrification 1071 (duration 0.2523229122161865s)
INFO:root:finished calculation diesel 1071 (duration 0.17467737197875977s)
INFO:root:finished calculation efuel 1071 (duration 0.1800398826599121s)
INFO:root:finished calculation h2 1071 (duration 0.17716717720031738s)
INFO:root:calculation <MasterArea 1072> started
INFO:root:finished calculation electrification 1072 (duration 0.07164883613586426s)
INFO:root:finished calculation efuel 1072 (duration 0.09072685241699219s)
INFO:root:finished calculation battery 1072 (duration 0.07053279876708984s)
INFO:root:finished calculation optimised_electrification 1072 (duration 0.09763193130493164s)
INFO:root:finished calculation diesel 1072 (duration 0.07070302963256836s)
INFO:root:finished calculation efuel 1072 (duration 0.06902885437011719s)
INFO:root:finished calculation h2 1072 (duration 0.06931900978088379s)
INFO:root:calculation <MasterArea 1073> started
INFO:root:finished calculation electrification 1073 (duration 0.13259005546569824s)
INFO:root:finished calculation efuel 1073 (duration 0.11217927932739258s)
INFO:root:finished calculation battery 1073 (duration 0.09242820739746094s)
INFO:root:finished calculation optimised_electrification 1073 (duration 0.1371140480041504s)
INFO:root:finished calculation diesel 1073 (duration 0.09555912017822266s)
INFO:root:finished calculation efuel 1073 (duration 0.09407377243041992s)
INFO:root:finished calculation h2 1073 (duration 0.0964972972869873s)
INFO:root:calculation <MasterArea 1074> started
INFO:root:finished calculation electrification 1074 (duration 0.11618494987487793s)
INFO:root:finished calculation efuel 1074 (duration 0.0877690315246582s)
INFO:root:finished calculation battery 1074 (duration 0.0851600170135498s)
INFO:root:finished calculation optimised_electrification 1074 (duration 0.11303091049194336s)
INFO:root:finished calculation diesel 1074 (duration 0.07830595970153809s)
INFO:root:finished calculation efuel 1074 (duration 0.07735180854797363s)
INFO:root:finished calculation h2 1074 (duration 0.07722282409667969s)
INFO:root:calculation <MasterArea 1075> started
INFO:root:finished calculation electrification 1075 (duration 0.03214597702026367s)
INFO:root:finished calculation efuel 1075 (duration 0.0325469970703125s)
INFO:root:finished calculation battery 1075 (duration 0.03167986869812012s)
INFO:root:finished calculation optimised_electrification 1075 (duration 0.04042387008666992s)
INFO:root:finished calculation diesel 1075 (duration 0.029610157012939453s)
INFO:root:finished calculation efuel 1075 (duration 0.02874898910522461s)
INFO:root:finished calculation h2 1075 (duration 0.027777910232543945s)
INFO:root:calculation <MasterArea 1076> started
INFO:root:finished calculation electrification 1076 (duration 0.2764430046081543s)
INFO:root:finished calculation efuel 1076 (duration 0.2565770149230957s)
INFO:root:finished calculation optimised_electrification 1076 (duration 0.38526368141174316s)
INFO:root:finished calculation diesel 1076 (duration 0.2751138210296631s)
INFO:root:finished calculation efuel 1076 (duration 0.26880383491516113s)
INFO:root:calculation <MasterArea 1077> started
INFO:root:finished calculation electrification 1077 (duration 0.027261972427368164s)
INFO:root:finished calculation efuel 1077 (duration 0.028495311737060547s)
INFO:root:finished calculation optimised_electrification 1077 (duration 0.03875923156738281s)
INFO:root:finished calculation diesel 1077 (duration 0.027843236923217773s)
INFO:root:finished calculation efuel 1077 (duration 0.02678084373474121s)
INFO:root:calculation <MasterArea 1078> started
INFO:root:finished calculation electrification 1078 (duration 0.055547237396240234s)
INFO:root:finished calculation efuel 1078 (duration 0.05498075485229492s)
INFO:root:finished calculation battery 1078 (duration 0.049597978591918945s)
INFO:root:finished calculation optimised_electrification 1078 (duration 0.06082725524902344s)
INFO:root:finished calculation diesel 1078 (duration 0.0420680046081543s)
INFO:root:finished calculation efuel 1078 (duration 0.04107999801635742s)
INFO:root:finished calculation h2 1078 (duration 0.040184974670410156s)
INFO:root:calculation <MasterArea 1079> started
INFO:root:finished calculation electrification 1079 (duration 0.032106876373291016s)
INFO:root:finished calculation efuel 1079 (duration 0.029381990432739258s)
INFO:root:finished calculation optimised_electrification 1079 (duration 0.04004788398742676s)
INFO:root:finished calculation diesel 1079 (duration 0.03176093101501465s)
INFO:root:finished calculation efuel 1079 (duration 0.033677101135253906s)
INFO:root:calculation <MasterArea 1080> started
INFO:root:finished calculation electrification 1080 (duration 0.17641592025756836s)
INFO:root:finished calculation efuel 1080 (duration 0.16515707969665527s)
INFO:root:finished calculation optimised_electrification 1080 (duration 0.2253880500793457s)
INFO:root:finished calculation diesel 1080 (duration 0.14820384979248047s)
INFO:root:finished calculation efuel 1080 (duration 0.1481609344482422s)
INFO:root:calculation <MasterArea 1081> started
INFO:root:finished calculation electrification 1081 (duration 0.04666304588317871s)
INFO:root:finished calculation efuel 1081 (duration 0.038140296936035156s)
INFO:root:finished calculation optimised_electrification 1081 (duration 0.05431389808654785s)
INFO:root:finished calculation diesel 1081 (duration 0.03575611114501953s)
INFO:root:finished calculation efuel 1081 (duration 0.03584790229797363s)
INFO:root:calculation <MasterArea 1082> started
INFO:root:finished calculation electrification 1082 (duration 0.3194410800933838s)
INFO:root:finished calculation efuel 1082 (duration 0.2566652297973633s)
INFO:root:finished calculation optimised_electrification 1082 (duration 0.3767869472503662s)
INFO:root:finished calculation diesel 1082 (duration 0.2579538822174072s)
INFO:root:finished calculation efuel 1082 (duration 0.2587242126464844s)
INFO:root:calculation <MasterArea 1083> started
INFO:root:finished calculation electrification 1083 (duration 0.10579895973205566s)
INFO:root:finished calculation efuel 1083 (duration 0.08291411399841309s)
INFO:root:finished calculation optimised_electrification 1083 (duration 0.12212300300598145s)
INFO:root:finished calculation diesel 1083 (duration 0.09076619148254395s)
INFO:root:finished calculation efuel 1083 (duration 0.09243178367614746s)
INFO:root:calculation <MasterArea 1084> started
INFO:root:finished calculation electrification 1084 (duration 0.0814211368560791s)
INFO:root:finished calculation efuel 1084 (duration 0.09045004844665527s)
INFO:root:finished calculation battery 1084 (duration 0.08446383476257324s)
INFO:root:finished calculation optimised_electrification 1084 (duration 0.12701010704040527s)
INFO:root:finished calculation diesel 1084 (duration 0.09027624130249023s)
INFO:root:finished calculation efuel 1084 (duration 0.09550690650939941s)
INFO:root:finished calculation h2 1084 (duration 0.09983420372009277s)
INFO:root:calculation <MasterArea 1085> started
INFO:root:finished calculation electrification 1085 (duration 0.035585880279541016s)
INFO:root:finished calculation efuel 1085 (duration 0.04186582565307617s)
INFO:root:finished calculation battery 1085 (duration 0.037908077239990234s)
INFO:root:finished calculation optimised_electrification 1085 (duration 0.03693127632141113s)
INFO:root:finished calculation diesel 1085 (duration 0.028611183166503906s)
INFO:root:finished calculation efuel 1085 (duration 0.028538942337036133s)
INFO:root:finished calculation h2 1085 (duration 0.03870368003845215s)
INFO:root:calculation <MasterArea 1086> started
INFO:root:finished calculation electrification 1086 (duration 0.04577207565307617s)
INFO:root:finished calculation efuel 1086 (duration 0.0428469181060791s)
INFO:root:finished calculation battery 1086 (duration 0.04245710372924805s)
INFO:root:finished calculation optimised_electrification 1086 (duration 0.05654191970825195s)
INFO:root:finished calculation diesel 1086 (duration 0.04267430305480957s)
INFO:root:finished calculation efuel 1086 (duration 0.04219388961791992s)
INFO:root:finished calculation h2 1086 (duration 0.04201698303222656s)
INFO:root:calculation <MasterArea 1087> started
INFO:root:finished calculation electrification 1087 (duration 0.09165215492248535s)
INFO:root:finished calculation efuel 1087 (duration 0.09276890754699707s)
INFO:root:finished calculation battery 1087 (duration 0.0790550708770752s)
INFO:root:finished calculation optimised_electrification 1087 (duration 0.11377120018005371s)
INFO:root:finished calculation diesel 1087 (duration 0.06626009941101074s)
INFO:root:finished calculation efuel 1087 (duration 0.057888031005859375s)
INFO:root:finished calculation h2 1087 (duration 0.07795882225036621s)
INFO:root:calculation <MasterArea 1088> started
INFO:root:finished calculation electrification 1088 (duration 0.23576903343200684s)
INFO:root:finished calculation efuel 1088 (duration 0.22005510330200195s)
INFO:root:finished calculation battery 1088 (duration 0.22993993759155273s)
INFO:root:finished calculation optimised_electrification 1088 (duration 0.30451512336730957s)
INFO:root:finished calculation diesel 1088 (duration 0.21998000144958496s)
INFO:root:finished calculation efuel 1088 (duration 0.19312214851379395s)
INFO:root:finished calculation h2 1088 (duration 0.21414899826049805s)
INFO:root:calculation <MasterArea 1089> started
INFO:root:finished calculation electrification 1089 (duration 0.04052615165710449s)
INFO:root:finished calculation efuel 1089 (duration 0.0381619930267334s)
INFO:root:finished calculation battery 1089 (duration 0.04131007194519043s)
INFO:root:finished calculation optimised_electrification 1089 (duration 0.056540727615356445s)
INFO:root:finished calculation diesel 1089 (duration 0.03913688659667969s)
INFO:root:finished calculation efuel 1089 (duration 0.04237794876098633s)
INFO:root:finished calculation h2 1089 (duration 0.03734993934631348s)
INFO:root:calculation <MasterArea 1090> started
INFO:root:finished calculation electrification 1090 (duration 0.061553955078125s)
INFO:root:finished calculation efuel 1090 (duration 0.05059099197387695s)
INFO:root:finished calculation battery 1090 (duration 0.05205583572387695s)
INFO:root:finished calculation optimised_electrification 1090 (duration 0.0716397762298584s)
INFO:root:finished calculation diesel 1090 (duration 0.05235791206359863s)
INFO:root:finished calculation efuel 1090 (duration 0.05262303352355957s)
INFO:root:finished calculation h2 1090 (duration 0.051888227462768555s)
INFO:root:calculation <MasterArea 1091> started
INFO:root:finished calculation electrification 1091 (duration 0.18091392517089844s)
INFO:root:finished calculation efuel 1091 (duration 0.17946505546569824s)
INFO:root:finished calculation battery 1091 (duration 0.17390799522399902s)
INFO:root:finished calculation optimised_electrification 1091 (duration 0.25796008110046387s)
INFO:root:finished calculation diesel 1091 (duration 0.17099785804748535s)
INFO:root:finished calculation efuel 1091 (duration 0.1695239543914795s)
INFO:root:finished calculation h2 1091 (duration 0.12468814849853516s)
INFO:root:calculation <MasterArea 1092> started
INFO:root:finished calculation electrification 1092 (duration 0.10226583480834961s)
INFO:root:finished calculation efuel 1092 (duration 0.09986591339111328s)
INFO:root:finished calculation optimised_electrification 1092 (duration 0.13820910453796387s)
INFO:root:finished calculation diesel 1092 (duration 0.09675288200378418s)
INFO:root:finished calculation efuel 1092 (duration 0.0884087085723877s)
INFO:root:calculation <MasterArea 1093> started
INFO:root:finished calculation electrification 1093 (duration 0.03713631629943848s)
INFO:root:finished calculation efuel 1093 (duration 0.03538990020751953s)
INFO:root:finished calculation optimised_electrification 1093 (duration 0.06146097183227539s)
INFO:root:finished calculation diesel 1093 (duration 0.02542591094970703s)
INFO:root:finished calculation efuel 1093 (duration 0.02855086326599121s)
INFO:root:calculation <MasterArea 1094> started
INFO:root:finished calculation electrification 1094 (duration 0.030230045318603516s)
INFO:root:finished calculation efuel 1094 (duration 0.03053426742553711s)
INFO:root:finished calculation optimised_electrification 1094 (duration 0.05011796951293945s)
INFO:root:finished calculation diesel 1094 (duration 0.03145861625671387s)
INFO:root:finished calculation efuel 1094 (duration 0.031640052795410156s)
INFO:root:calculation <MasterArea 1095> started
INFO:root:finished calculation electrification 1095 (duration 0.017615795135498047s)
INFO:root:finished calculation efuel 1095 (duration 0.017808914184570312s)
INFO:root:finished calculation optimised_electrification 1095 (duration 0.02469801902770996s)
INFO:root:finished calculation diesel 1095 (duration 0.016672134399414062s)
INFO:root:finished calculation efuel 1095 (duration 0.01684880256652832s)
INFO:root:calculation <MasterArea 1096> started
INFO:root:finished calculation electrification 1096 (duration 0.052928924560546875s)
INFO:root:finished calculation efuel 1096 (duration 0.051043033599853516s)
INFO:root:finished calculation optimised_electrification 1096 (duration 0.07308292388916016s)
INFO:root:finished calculation diesel 1096 (duration 0.051436662673950195s)
INFO:root:finished calculation efuel 1096 (duration 0.05118083953857422s)
INFO:root:calculation <MasterArea 1097> started
INFO:root:finished calculation electrification 1097 (duration 0.0273129940032959s)
INFO:root:finished calculation efuel 1097 (duration 0.026502132415771484s)
INFO:root:finished calculation battery 1097 (duration 0.026648998260498047s)
INFO:root:finished calculation optimised_electrification 1097 (duration 0.034503936767578125s)
INFO:root:finished calculation diesel 1097 (duration 0.023865938186645508s)
INFO:root:finished calculation efuel 1097 (duration 0.022027969360351562s)
INFO:root:finished calculation h2 1097 (duration 0.02159714698791504s)
INFO:root:calculation <MasterArea 1098> started
INFO:root:finished calculation electrification 1098 (duration 0.04548215866088867s)
INFO:root:finished calculation efuel 1098 (duration 0.04404616355895996s)
INFO:root:finished calculation battery 1098 (duration 0.04271411895751953s)
INFO:root:finished calculation optimised_electrification 1098 (duration 0.057415008544921875s)
INFO:root:finished calculation diesel 1098 (duration 0.04296398162841797s)
INFO:root:finished calculation efuel 1098 (duration 0.04234814643859863s)
INFO:root:finished calculation h2 1098 (duration 0.04186582565307617s)
INFO:root:calculation <MasterArea 1099> started
INFO:root:finished calculation electrification 1099 (duration 0.09240126609802246s)
INFO:root:finished calculation efuel 1099 (duration 0.08412003517150879s)
INFO:root:finished calculation battery 1099 (duration 0.08687925338745117s)
INFO:root:finished calculation optimised_electrification 1099 (duration 0.11215806007385254s)
INFO:root:finished calculation diesel 1099 (duration 0.056912899017333984s)
INFO:root:finished calculation efuel 1099 (duration 0.05545616149902344s)
INFO:root:finished calculation h2 1099 (duration 0.05611085891723633s)
INFO:root:calculation <MasterArea 1100> started
INFO:root:finished calculation electrification 1100 (duration 0.03899502754211426s)
INFO:root:finished calculation efuel 1100 (duration 0.0410308837890625s)
INFO:root:finished calculation battery 1100 (duration 0.043206214904785156s)
INFO:root:finished calculation optimised_electrification 1100 (duration 0.05802321434020996s)
INFO:root:finished calculation diesel 1100 (duration 0.04266691207885742s)
INFO:root:finished calculation efuel 1100 (duration 0.046189069747924805s)
INFO:root:finished calculation h2 1100 (duration 0.05058479309082031s)
INFO:root:calculation <MasterArea 1101> started
INFO:root:finished calculation electrification 1101 (duration 0.06257295608520508s)
INFO:root:finished calculation efuel 1101 (duration 0.05965995788574219s)
INFO:root:finished calculation battery 1101 (duration 0.06102490425109863s)
INFO:root:finished calculation optimised_electrification 1101 (duration 0.09007596969604492s)
INFO:root:finished calculation diesel 1101 (duration 0.07038426399230957s)
INFO:root:finished calculation efuel 1101 (duration 0.0668642520904541s)
INFO:root:finished calculation h2 1101 (duration 0.0611109733581543s)
INFO:root:calculation <MasterArea 1102> started
INFO:root:finished calculation electrification 1102 (duration 0.1493682861328125s)
INFO:root:finished calculation efuel 1102 (duration 0.15271711349487305s)
INFO:root:finished calculation battery 1102 (duration 0.15035438537597656s)
INFO:root:finished calculation optimised_electrification 1102 (duration 0.23799991607666016s)
INFO:root:finished calculation diesel 1102 (duration 0.17600607872009277s)
INFO:root:finished calculation efuel 1102 (duration 0.1598038673400879s)
INFO:root:finished calculation h2 1102 (duration 0.18135881423950195s)
INFO:root:calculation <MasterArea 1103> started
INFO:root:finished calculation electrification 1103 (duration 0.2797420024871826s)
INFO:root:finished calculation efuel 1103 (duration 0.2450859546661377s)
INFO:root:finished calculation battery 1103 (duration 0.24674415588378906s)
INFO:root:finished calculation optimised_electrification 1103 (duration 0.39846205711364746s)
INFO:root:finished calculation diesel 1103 (duration 0.27449917793273926s)
INFO:root:finished calculation efuel 1103 (duration 0.26573681831359863s)
INFO:root:finished calculation h2 1103 (duration 0.27886199951171875s)
INFO:root:calculation <MasterArea 1104> started
INFO:root:finished calculation electrification 1104 (duration 0.06114935874938965s)
INFO:root:finished calculation efuel 1104 (duration 0.060321807861328125s)
INFO:root:finished calculation battery 1104 (duration 0.0628502368927002s)
INFO:root:finished calculation optimised_electrification 1104 (duration 0.09458398818969727s)
INFO:root:finished calculation diesel 1104 (duration 0.06963086128234863s)
INFO:root:finished calculation efuel 1104 (duration 0.07189202308654785s)
INFO:root:finished calculation h2 1104 (duration 0.07274794578552246s)
INFO:root:calculation <MasterArea 1105> started
INFO:root:finished calculation electrification 1105 (duration 0.0371551513671875s)
INFO:root:finished calculation efuel 1105 (duration 0.02814197540283203s)
INFO:root:finished calculation battery 1105 (duration 0.022388935089111328s)
INFO:root:finished calculation optimised_electrification 1105 (duration 0.030766010284423828s)
INFO:root:finished calculation diesel 1105 (duration 0.02402019500732422s)
INFO:root:finished calculation efuel 1105 (duration 0.03141498565673828s)
INFO:root:finished calculation h2 1105 (duration 0.03650784492492676s)
INFO:root:calculation <MasterArea 1106> started
INFO:root:finished calculation electrification 1106 (duration 0.08339309692382812s)
INFO:root:finished calculation efuel 1106 (duration 0.08171486854553223s)
INFO:root:finished calculation battery 1106 (duration 0.08271503448486328s)
INFO:root:finished calculation optimised_electrification 1106 (duration 0.11232781410217285s)
INFO:root:finished calculation diesel 1106 (duration 0.08138918876647949s)
INFO:root:finished calculation efuel 1106 (duration 0.08304405212402344s)
INFO:root:finished calculation h2 1106 (duration 0.0813298225402832s)
INFO:root:calculation <MasterArea 1107> started
INFO:root:finished calculation electrification 1107 (duration 0.019343852996826172s)
INFO:root:finished calculation efuel 1107 (duration 0.0176999568939209s)
INFO:root:finished calculation battery 1107 (duration 0.016954898834228516s)
INFO:root:finished calculation optimised_electrification 1107 (duration 0.02228689193725586s)
INFO:root:finished calculation diesel 1107 (duration 0.019684314727783203s)
INFO:root:finished calculation efuel 1107 (duration 0.019138813018798828s)
INFO:root:finished calculation h2 1107 (duration 0.01895594596862793s)
INFO:root:calculation <MasterArea 1108> started
INFO:root:finished calculation electrification 1108 (duration 0.02277398109436035s)
INFO:root:finished calculation efuel 1108 (duration 0.022333860397338867s)
INFO:root:finished calculation battery 1108 (duration 0.022182941436767578s)
INFO:root:finished calculation optimised_electrification 1108 (duration 0.03031301498413086s)
INFO:root:finished calculation diesel 1108 (duration 0.023102998733520508s)
INFO:root:finished calculation efuel 1108 (duration 0.021775245666503906s)
INFO:root:finished calculation h2 1108 (duration 0.021848201751708984s)
INFO:root:calculation <MasterArea 1109> started
INFO:root:finished calculation electrification 1109 (duration 0.04065895080566406s)
INFO:root:finished calculation efuel 1109 (duration 0.04094219207763672s)
INFO:root:finished calculation battery 1109 (duration 0.03171372413635254s)
INFO:root:finished calculation optimised_electrification 1109 (duration 0.03364133834838867s)
INFO:root:finished calculation diesel 1109 (duration 0.022890090942382812s)
INFO:root:finished calculation efuel 1109 (duration 0.025001049041748047s)
INFO:root:finished calculation h2 1109 (duration 0.022928953170776367s)
INFO:root:calculation <MasterArea 1110> started
INFO:root:finished calculation electrification 1110 (duration 0.013087987899780273s)
INFO:root:finished calculation efuel 1110 (duration 0.012477874755859375s)
INFO:root:finished calculation battery 1110 (duration 0.01530599594116211s)
INFO:root:finished calculation optimised_electrification 1110 (duration 0.016935110092163086s)
INFO:root:finished calculation diesel 1110 (duration 0.021704912185668945s)
INFO:root:finished calculation efuel 1110 (duration 0.012878179550170898s)
INFO:root:finished calculation h2 1110 (duration 0.014576911926269531s)
INFO:root:calculation <MasterArea 1111> started
INFO:root:finished calculation electrification 1111 (duration 0.049490928649902344s)
INFO:root:finished calculation efuel 1111 (duration 0.04351806640625s)
INFO:root:finished calculation battery 1111 (duration 0.04246711730957031s)
INFO:root:finished calculation optimised_electrification 1111 (duration 0.05742597579956055s)
INFO:root:finished calculation diesel 1111 (duration 0.038507938385009766s)
INFO:root:finished calculation efuel 1111 (duration 0.03799700736999512s)
INFO:root:finished calculation h2 1111 (duration 0.03980588912963867s)
INFO:root:calculation <MasterArea 1112> started
INFO:root:finished calculation electrification 1112 (duration 0.043601036071777344s)
INFO:root:finished calculation efuel 1112 (duration 0.04066824913024902s)
INFO:root:finished calculation battery 1112 (duration 0.03573012351989746s)
INFO:root:finished calculation optimised_electrification 1112 (duration 0.04760026931762695s)
INFO:root:finished calculation diesel 1112 (duration 0.037106990814208984s)
INFO:root:finished calculation efuel 1112 (duration 0.04036402702331543s)
INFO:root:finished calculation h2 1112 (duration 0.03548002243041992s)
INFO:root:calculation <MasterArea 1113> started
INFO:root:finished calculation electrification 1113 (duration 0.06661176681518555s)
INFO:root:finished calculation efuel 1113 (duration 0.059535980224609375s)
INFO:root:finished calculation battery 1113 (duration 0.051774024963378906s)
INFO:root:finished calculation optimised_electrification 1113 (duration 0.08299994468688965s)
INFO:root:finished calculation diesel 1113 (duration 0.05604290962219238s)
INFO:root:finished calculation efuel 1113 (duration 0.05669975280761719s)
INFO:root:finished calculation h2 1113 (duration 0.036772966384887695s)
INFO:root:calculation <MasterArea 1114> started
INFO:root:finished calculation electrification 1114 (duration 0.03687477111816406s)
INFO:root:finished calculation efuel 1114 (duration 0.04063987731933594s)
INFO:root:finished calculation battery 1114 (duration 0.04404091835021973s)
INFO:root:finished calculation optimised_electrification 1114 (duration 0.058663129806518555s)
INFO:root:finished calculation diesel 1114 (duration 0.044738054275512695s)
INFO:root:finished calculation efuel 1114 (duration 0.04928898811340332s)
INFO:root:finished calculation h2 1114 (duration 0.04825878143310547s)
INFO:root:calculation <MasterArea 1115> started
INFO:root:finished calculation electrification 1115 (duration 0.021997928619384766s)
INFO:root:finished calculation efuel 1115 (duration 0.02317976951599121s)
INFO:root:finished calculation battery 1115 (duration 0.025475025177001953s)
INFO:root:finished calculation optimised_electrification 1115 (duration 0.030210018157958984s)
INFO:root:finished calculation diesel 1115 (duration 0.024307966232299805s)
INFO:root:finished calculation efuel 1115 (duration 0.023923873901367188s)
INFO:root:finished calculation h2 1115 (duration 0.022209882736206055s)
INFO:root:calculation <MasterArea 1116> started
INFO:root:finished calculation electrification 1116 (duration 0.09600305557250977s)
INFO:root:finished calculation efuel 1116 (duration 0.09379768371582031s)
INFO:root:finished calculation battery 1116 (duration 0.09381484985351562s)
INFO:root:finished calculation optimised_electrification 1116 (duration 0.13083505630493164s)
INFO:root:finished calculation diesel 1116 (duration 0.08778810501098633s)
INFO:root:finished calculation efuel 1116 (duration 0.07972931861877441s)
INFO:root:finished calculation h2 1116 (duration 0.08059310913085938s)
INFO:root:calculation <MasterArea 1117> started
INFO:root:finished calculation electrification 1117 (duration 0.04007315635681152s)
INFO:root:finished calculation efuel 1117 (duration 0.04197096824645996s)
INFO:root:finished calculation battery 1117 (duration 0.058014869689941406s)
INFO:root:finished calculation optimised_electrification 1117 (duration 0.10803604125976562s)
INFO:root:finished calculation diesel 1117 (duration 0.07175302505493164s)
INFO:root:finished calculation efuel 1117 (duration 0.07201623916625977s)
INFO:root:finished calculation h2 1117 (duration 0.07643604278564453s)
INFO:root:calculation <MasterArea 1118> started
INFO:root:finished calculation electrification 1118 (duration 0.2191169261932373s)
INFO:root:finished calculation efuel 1118 (duration 0.20192193984985352s)
INFO:root:finished calculation battery 1118 (duration 0.20244097709655762s)
INFO:root:finished calculation optimised_electrification 1118 (duration 0.3290441036224365s)
INFO:root:finished calculation diesel 1118 (duration 0.24953794479370117s)
INFO:root:finished calculation efuel 1118 (duration 0.2468550205230713s)
INFO:root:finished calculation h2 1118 (duration 0.26313209533691406s)
INFO:root:calculation <MasterArea 1119> started
INFO:root:finished calculation electrification 1119 (duration 0.1657700538635254s)
INFO:root:finished calculation efuel 1119 (duration 0.16347002983093262s)
INFO:root:finished calculation battery 1119 (duration 0.1681230068206787s)
INFO:root:finished calculation optimised_electrification 1119 (duration 0.19977879524230957s)
INFO:root:finished calculation diesel 1119 (duration 0.08866190910339355s)
INFO:root:finished calculation efuel 1119 (duration 0.08350682258605957s)
INFO:root:finished calculation h2 1119 (duration 0.08358001708984375s)
INFO:root:calculation <MasterArea 1120> started
INFO:root:finished calculation electrification 1120 (duration 0.04851102828979492s)
INFO:root:finished calculation efuel 1120 (duration 0.034935951232910156s)
INFO:root:finished calculation battery 1120 (duration 0.032202959060668945s)
INFO:root:finished calculation optimised_electrification 1120 (duration 0.040493011474609375s)
INFO:root:finished calculation diesel 1120 (duration 0.0313260555267334s)
INFO:root:finished calculation efuel 1120 (duration 0.032338857650756836s)
INFO:root:finished calculation h2 1120 (duration 0.03398489952087402s)
INFO:root:calculation <MasterArea 1121> started
INFO:root:finished calculation electrification 1121 (duration 0.026948928833007812s)
INFO:root:finished calculation efuel 1121 (duration 0.022623062133789062s)
INFO:root:finished calculation battery 1121 (duration 0.023601055145263672s)
INFO:root:finished calculation optimised_electrification 1121 (duration 0.03606414794921875s)
INFO:root:finished calculation diesel 1121 (duration 0.02286696434020996s)
INFO:root:finished calculation efuel 1121 (duration 0.03164196014404297s)
INFO:root:finished calculation h2 1121 (duration 0.023889780044555664s)
INFO:root:calculation <MasterArea 1122> started
INFO:root:finished calculation electrification 1122 (duration 0.06130504608154297s)
INFO:root:finished calculation efuel 1122 (duration 0.05461716651916504s)
INFO:root:finished calculation battery 1122 (duration 0.05034017562866211s)
INFO:root:finished calculation optimised_electrification 1122 (duration 0.070281982421875s)
INFO:root:finished calculation diesel 1122 (duration 0.05038905143737793s)
INFO:root:finished calculation efuel 1122 (duration 0.05009102821350098s)
INFO:root:finished calculation h2 1122 (duration 0.05146908760070801s)
INFO:root:calculation <MasterArea 1123> started
INFO:root:finished calculation electrification 1123 (duration 0.1047670841217041s)
INFO:root:finished calculation efuel 1123 (duration 0.11977601051330566s)
INFO:root:finished calculation optimised_electrification 1123 (duration 0.18689203262329102s)
INFO:root:finished calculation diesel 1123 (duration 0.16341567039489746s)
INFO:root:finished calculation efuel 1123 (duration 0.12597370147705078s)
INFO:root:calculation <MasterArea 1124> started
INFO:root:finished calculation electrification 1124 (duration 0.028365135192871094s)
INFO:root:finished calculation efuel 1124 (duration 0.04531407356262207s)
INFO:root:finished calculation battery 1124 (duration 0.03653597831726074s)
INFO:root:finished calculation optimised_electrification 1124 (duration 0.040077924728393555s)
INFO:root:finished calculation diesel 1124 (duration 0.03920793533325195s)
INFO:root:finished calculation efuel 1124 (duration 0.02665400505065918s)
INFO:root:finished calculation h2 1124 (duration 0.03931999206542969s)
INFO:root:calculation <MasterArea 1125> started
INFO:root:finished calculation electrification 1125 (duration 0.13907313346862793s)
INFO:root:finished calculation efuel 1125 (duration 0.18216609954833984s)
INFO:root:finished calculation battery 1125 (duration 0.14772891998291016s)
INFO:root:finished calculation optimised_electrification 1125 (duration 0.20281767845153809s)
INFO:root:finished calculation diesel 1125 (duration 0.1492919921875s)
INFO:root:finished calculation efuel 1125 (duration 0.15089011192321777s)
INFO:root:finished calculation h2 1125 (duration 0.14171504974365234s)
INFO:root:calculation <MasterArea 1126> started
INFO:root:finished calculation electrification 1126 (duration 0.013143062591552734s)
INFO:root:finished calculation efuel 1126 (duration 0.013540983200073242s)
INFO:root:finished calculation battery 1126 (duration 0.014129161834716797s)
INFO:root:finished calculation optimised_electrification 1126 (duration 0.01907801628112793s)
INFO:root:finished calculation diesel 1126 (duration 0.015461921691894531s)
INFO:root:finished calculation efuel 1126 (duration 0.015897035598754883s)
INFO:root:finished calculation h2 1126 (duration 0.016134977340698242s)
INFO:root:calculation <MasterArea 1127> started
INFO:root:finished calculation electrification 1127 (duration 0.012759923934936523s)
INFO:root:finished calculation efuel 1127 (duration 0.012835025787353516s)
INFO:root:finished calculation battery 1127 (duration 0.013646841049194336s)
INFO:root:finished calculation optimised_electrification 1127 (duration 0.022403955459594727s)
INFO:root:finished calculation diesel 1127 (duration 0.026936054229736328s)
INFO:root:finished calculation efuel 1127 (duration 0.024296998977661133s)
INFO:root:finished calculation h2 1127 (duration 0.016237974166870117s)
INFO:root:calculation <MasterArea 1128> started
INFO:root:finished calculation electrification 1128 (duration 0.0708000659942627s)
INFO:root:finished calculation efuel 1128 (duration 0.07141280174255371s)
INFO:root:finished calculation battery 1128 (duration 0.06851506233215332s)
INFO:root:finished calculation optimised_electrification 1128 (duration 0.10360240936279297s)
INFO:root:finished calculation diesel 1128 (duration 0.09754705429077148s)
INFO:root:finished calculation efuel 1128 (duration 0.12915897369384766s)
INFO:root:finished calculation h2 1128 (duration 0.10290312767028809s)
INFO:root:calculation <MasterArea 1129> started
INFO:root:finished calculation electrification 1129 (duration 0.013453006744384766s)
INFO:root:finished calculation efuel 1129 (duration 0.0255889892578125s)
INFO:root:finished calculation battery 1129 (duration 0.01739192008972168s)
INFO:root:finished calculation optimised_electrification 1129 (duration 0.03284192085266113s)
INFO:root:finished calculation diesel 1129 (duration 0.021287918090820312s)
INFO:root:finished calculation efuel 1129 (duration 0.0237429141998291s)
INFO:root:finished calculation h2 1129 (duration 0.027009010314941406s)
INFO:root:calculation <MasterArea 1130> started
INFO:root:finished calculation electrification 1130 (duration 0.04746294021606445s)
INFO:root:finished calculation efuel 1130 (duration 0.06940531730651855s)
INFO:root:finished calculation battery 1130 (duration 0.05307197570800781s)
INFO:root:finished calculation optimised_electrification 1130 (duration 0.06064200401306152s)
INFO:root:finished calculation diesel 1130 (duration 0.04875802993774414s)
INFO:root:finished calculation efuel 1130 (duration 0.05497384071350098s)
INFO:root:finished calculation h2 1130 (duration 0.05236005783081055s)
INFO:root:calculation <MasterArea 1131> started
INFO:root:finished calculation electrification 1131 (duration 0.02762913703918457s)
INFO:root:finished calculation efuel 1131 (duration 0.0256502628326416s)
INFO:root:finished calculation battery 1131 (duration 0.022849082946777344s)
INFO:root:finished calculation optimised_electrification 1131 (duration 0.029449939727783203s)
INFO:root:finished calculation diesel 1131 (duration 0.026010751724243164s)
INFO:root:finished calculation efuel 1131 (duration 0.024028301239013672s)
INFO:root:finished calculation h2 1131 (duration 0.02257513999938965s)
INFO:root:calculation <MasterArea 1132> started
INFO:root:finished calculation electrification 1132 (duration 0.026573896408081055s)
INFO:root:finished calculation efuel 1132 (duration 0.0253908634185791s)
INFO:root:finished calculation battery 1132 (duration 0.024067163467407227s)
INFO:root:finished calculation optimised_electrification 1132 (duration 0.034107208251953125s)
INFO:root:finished calculation diesel 1132 (duration 0.026387929916381836s)
INFO:root:finished calculation efuel 1132 (duration 0.024775266647338867s)
INFO:root:finished calculation h2 1132 (duration 0.022985219955444336s)
INFO:root:calculation <MasterArea 1133> started
INFO:root:finished calculation electrification 1133 (duration 0.0730438232421875s)
INFO:root:finished calculation efuel 1133 (duration 0.08742117881774902s)
INFO:root:finished calculation battery 1133 (duration 0.09090185165405273s)
INFO:root:finished calculation optimised_electrification 1133 (duration 0.13772892951965332s)
INFO:root:finished calculation diesel 1133 (duration 0.09842491149902344s)
INFO:root:finished calculation efuel 1133 (duration 0.0937652587890625s)
INFO:root:finished calculation h2 1133 (duration 0.08951520919799805s)
INFO:root:calculation <MasterArea 1134> started
INFO:root:finished calculation electrification 1134 (duration 0.11082196235656738s)
INFO:root:finished calculation efuel 1134 (duration 0.10246920585632324s)
INFO:root:finished calculation battery 1134 (duration 0.09741377830505371s)
INFO:root:finished calculation optimised_electrification 1134 (duration 0.1352250576019287s)
INFO:root:finished calculation diesel 1134 (duration 0.09702110290527344s)
INFO:root:finished calculation efuel 1134 (duration 0.09827804565429688s)
INFO:root:finished calculation h2 1134 (duration 0.0966498851776123s)
INFO:root:calculation <MasterArea 1135> started
INFO:root:finished calculation electrification 1135 (duration 0.04947090148925781s)
INFO:root:finished calculation efuel 1135 (duration 0.04970431327819824s)
INFO:root:finished calculation battery 1135 (duration 0.053079843521118164s)
INFO:root:finished calculation optimised_electrification 1135 (duration 0.07026815414428711s)
INFO:root:finished calculation diesel 1135 (duration 0.04671001434326172s)
INFO:root:finished calculation efuel 1135 (duration 0.04584503173828125s)
INFO:root:finished calculation h2 1135 (duration 0.04805278778076172s)
INFO:root:calculation <MasterArea 1136> started
INFO:root:finished calculation electrification 1136 (duration 0.043781280517578125s)
INFO:root:finished calculation efuel 1136 (duration 0.04364204406738281s)
INFO:root:finished calculation battery 1136 (duration 0.040415048599243164s)
INFO:root:finished calculation optimised_electrification 1136 (duration 0.05327010154724121s)
INFO:root:finished calculation diesel 1136 (duration 0.037782907485961914s)
INFO:root:finished calculation efuel 1136 (duration 0.037904977798461914s)
INFO:root:finished calculation h2 1136 (duration 0.037178993225097656s)
INFO:root:calculation <MasterArea 1137> started
INFO:root:finished calculation electrification 1137 (duration 0.04344487190246582s)
INFO:root:finished calculation efuel 1137 (duration 0.04502511024475098s)
INFO:root:finished calculation battery 1137 (duration 0.04297494888305664s)
INFO:root:finished calculation optimised_electrification 1137 (duration 0.052052974700927734s)
INFO:root:finished calculation diesel 1137 (duration 0.03661394119262695s)
INFO:root:finished calculation efuel 1137 (duration 0.0368189811706543s)
INFO:root:finished calculation h2 1137 (duration 0.035511016845703125s)
INFO:root:calculation <MasterArea 1138> started
INFO:root:finished calculation electrification 1138 (duration 0.06355500221252441s)
INFO:root:finished calculation efuel 1138 (duration 0.06033921241760254s)
INFO:root:finished calculation battery 1138 (duration 0.05867600440979004s)
INFO:root:finished calculation optimised_electrification 1138 (duration 0.07499313354492188s)
INFO:root:finished calculation diesel 1138 (duration 0.052909135818481445s)
INFO:root:finished calculation efuel 1138 (duration 0.054936885833740234s)
INFO:root:finished calculation h2 1138 (duration 0.055711984634399414s)
INFO:root:calculation <MasterArea 1139> started
INFO:root:finished calculation electrification 1139 (duration 0.06644773483276367s)
INFO:root:finished calculation efuel 1139 (duration 0.07435107231140137s)
INFO:root:finished calculation battery 1139 (duration 0.09143495559692383s)
INFO:root:finished calculation optimised_electrification 1139 (duration 0.1167459487915039s)
INFO:root:finished calculation diesel 1139 (duration 0.054342031478881836s)
INFO:root:finished calculation efuel 1139 (duration 0.05600309371948242s)
INFO:root:finished calculation h2 1139 (duration 0.05526399612426758s)
INFO:root:calculation <MasterArea 1140> started
INFO:root:finished calculation electrification 1140 (duration 0.015514850616455078s)
INFO:root:finished calculation efuel 1140 (duration 0.01665782928466797s)
INFO:root:finished calculation battery 1140 (duration 0.01761484146118164s)
INFO:root:finished calculation optimised_electrification 1140 (duration 0.022143125534057617s)
INFO:root:finished calculation diesel 1140 (duration 0.017941951751708984s)
INFO:root:finished calculation efuel 1140 (duration 0.01960587501525879s)
INFO:root:finished calculation h2 1140 (duration 0.018414974212646484s)
INFO:root:calculation <MasterArea 1141> started
INFO:root:finished calculation electrification 1141 (duration 0.01911020278930664s)
INFO:root:finished calculation efuel 1141 (duration 0.02032780647277832s)
INFO:root:finished calculation battery 1141 (duration 0.02237701416015625s)
INFO:root:finished calculation optimised_electrification 1141 (duration 0.027399778366088867s)
INFO:root:finished calculation diesel 1141 (duration 0.022545814514160156s)
INFO:root:finished calculation efuel 1141 (duration 0.021256208419799805s)
INFO:root:finished calculation h2 1141 (duration 0.021439075469970703s)
INFO:root:calculation <MasterArea 1142> started
INFO:root:finished calculation electrification 1142 (duration 0.0244753360748291s)
INFO:root:finished calculation efuel 1142 (duration 0.021648883819580078s)
INFO:root:finished calculation battery 1142 (duration 0.020951032638549805s)
INFO:root:finished calculation optimised_electrification 1142 (duration 0.02774500846862793s)
INFO:root:finished calculation diesel 1142 (duration 0.021218061447143555s)
INFO:root:finished calculation efuel 1142 (duration 0.021218061447143555s)
INFO:root:finished calculation h2 1142 (duration 0.02123713493347168s)
INFO:root:calculation <MasterArea 1143> started
INFO:root:finished calculation electrification 1143 (duration 0.022172927856445312s)
INFO:root:finished calculation efuel 1143 (duration 0.0226438045501709s)
INFO:root:finished calculation battery 1143 (duration 0.02157282829284668s)
INFO:root:finished calculation optimised_electrification 1143 (duration 0.02962517738342285s)
INFO:root:finished calculation diesel 1143 (duration 0.022632122039794922s)
INFO:root:finished calculation efuel 1143 (duration 0.02113795280456543s)
INFO:root:finished calculation h2 1143 (duration 0.021047115325927734s)
INFO:root:calculation <MasterArea 1144> started
INFO:root:finished calculation electrification 1144 (duration 0.04259037971496582s)
INFO:root:finished calculation efuel 1144 (duration 0.0469968318939209s)
INFO:root:finished calculation battery 1144 (duration 0.04702901840209961s)
INFO:root:finished calculation optimised_electrification 1144 (duration 0.05660510063171387s)
INFO:root:finished calculation diesel 1144 (duration 0.042894840240478516s)
INFO:root:finished calculation efuel 1144 (duration 0.03766179084777832s)
INFO:root:finished calculation h2 1144 (duration 0.03622126579284668s)
INFO:root:calculation <MasterArea 1145> started
INFO:root:finished calculation electrification 1145 (duration 0.04100489616394043s)
INFO:root:finished calculation efuel 1145 (duration 0.04621315002441406s)
INFO:root:finished calculation battery 1145 (duration 0.0402379035949707s)
INFO:root:finished calculation optimised_electrification 1145 (duration 0.05014395713806152s)
INFO:root:finished calculation diesel 1145 (duration 0.03902888298034668s)
INFO:root:finished calculation efuel 1145 (duration 0.036898136138916016s)
INFO:root:finished calculation h2 1145 (duration 0.037937164306640625s)
INFO:root:calculation <MasterArea 1146> started
INFO:root:finished calculation electrification 1146 (duration 0.04074692726135254s)
INFO:root:finished calculation efuel 1146 (duration 0.04079294204711914s)
INFO:root:finished calculation battery 1146 (duration 0.04114079475402832s)
INFO:root:finished calculation optimised_electrification 1146 (duration 0.04981184005737305s)
INFO:root:finished calculation diesel 1146 (duration 0.041712045669555664s)
INFO:root:finished calculation efuel 1146 (duration 0.03825497627258301s)
INFO:root:finished calculation h2 1146 (duration 0.03703594207763672s)
INFO:root:calculation <MasterArea 1147> started
INFO:root:finished calculation electrification 1147 (duration 0.07934999465942383s)
INFO:root:finished calculation efuel 1147 (duration 0.07211589813232422s)
INFO:root:finished calculation battery 1147 (duration 0.07039189338684082s)
INFO:root:finished calculation optimised_electrification 1147 (duration 0.09704399108886719s)
INFO:root:finished calculation diesel 1147 (duration 0.06912589073181152s)
INFO:root:finished calculation efuel 1147 (duration 0.0735628604888916s)
INFO:root:finished calculation h2 1147 (duration 0.07135224342346191s)
INFO:root:calculation <MasterArea 1148> started
INFO:root:finished calculation electrification 1148 (duration 0.023778676986694336s)
INFO:root:finished calculation efuel 1148 (duration 0.024488210678100586s)
INFO:root:finished calculation battery 1148 (duration 0.024960994720458984s)
INFO:root:finished calculation optimised_electrification 1148 (duration 0.03241109848022461s)
INFO:root:finished calculation diesel 1148 (duration 0.02478194236755371s)
INFO:root:finished calculation efuel 1148 (duration 0.020343780517578125s)
INFO:root:finished calculation h2 1148 (duration 0.020406007766723633s)
INFO:root:calculation <MasterArea 1149> started
INFO:root:finished calculation electrification 1149 (duration 0.02346014976501465s)
INFO:root:finished calculation efuel 1149 (duration 0.02586507797241211s)
INFO:root:finished calculation battery 1149 (duration 0.02423715591430664s)
INFO:root:finished calculation optimised_electrification 1149 (duration 0.0322260856628418s)
INFO:root:finished calculation diesel 1149 (duration 0.027355194091796875s)
INFO:root:finished calculation efuel 1149 (duration 0.028046131134033203s)
INFO:root:finished calculation h2 1149 (duration 0.027110815048217773s)
INFO:root:calculation <MasterArea 1150> started
INFO:root:finished calculation electrification 1150 (duration 0.04695391654968262s)
INFO:root:finished calculation efuel 1150 (duration 0.04549980163574219s)
INFO:root:finished calculation battery 1150 (duration 0.043811798095703125s)
INFO:root:finished calculation optimised_electrification 1150 (duration 0.05916309356689453s)
INFO:root:finished calculation diesel 1150 (duration 0.044283151626586914s)
INFO:root:finished calculation efuel 1150 (duration 0.04361391067504883s)
INFO:root:finished calculation h2 1150 (duration 0.04328584671020508s)
INFO:root:calculation <MasterArea 1151> started
INFO:root:finished calculation electrification 1151 (duration 0.026037931442260742s)
INFO:root:finished calculation efuel 1151 (duration 0.02903890609741211s)
INFO:root:finished calculation battery 1151 (duration 0.02721118927001953s)
INFO:root:finished calculation optimised_electrification 1151 (duration 0.034214019775390625s)
INFO:root:finished calculation diesel 1151 (duration 0.027252912521362305s)
INFO:root:finished calculation efuel 1151 (duration 0.025808095932006836s)
INFO:root:finished calculation h2 1151 (duration 0.028534889221191406s)
INFO:root:calculation <MasterArea 1152> started
INFO:root:finished calculation electrification 1152 (duration 0.03869295120239258s)
INFO:root:finished calculation efuel 1152 (duration 0.04326009750366211s)
INFO:root:finished calculation battery 1152 (duration 0.04414010047912598s)
INFO:root:finished calculation optimised_electrification 1152 (duration 0.0635828971862793s)
INFO:root:finished calculation diesel 1152 (duration 0.04470086097717285s)
INFO:root:finished calculation efuel 1152 (duration 0.04273796081542969s)
INFO:root:finished calculation h2 1152 (duration 0.0429229736328125s)
INFO:root:calculation <MasterArea 1153> started
INFO:root:finished calculation electrification 1153 (duration 0.01995706558227539s)
INFO:root:finished calculation efuel 1153 (duration 0.022439956665039062s)
INFO:root:finished calculation battery 1153 (duration 0.023225784301757812s)
INFO:root:finished calculation optimised_electrification 1153 (duration 0.025103092193603516s)
INFO:root:finished calculation diesel 1153 (duration 0.018031835556030273s)
INFO:root:finished calculation efuel 1153 (duration 0.018146038055419922s)
INFO:root:finished calculation h2 1153 (duration 0.01944112777709961s)
INFO:root:calculation <MasterArea 1154> started
INFO:root:finished calculation electrification 1154 (duration 0.05170702934265137s)
INFO:root:finished calculation efuel 1154 (duration 0.049590110778808594s)
INFO:root:finished calculation battery 1154 (duration 0.05032825469970703s)
INFO:root:finished calculation optimised_electrification 1154 (duration 0.07042407989501953s)
INFO:root:finished calculation diesel 1154 (duration 0.05205988883972168s)
INFO:root:finished calculation efuel 1154 (duration 0.046942949295043945s)
INFO:root:finished calculation h2 1154 (duration 0.04601097106933594s)
INFO:root:calculation <MasterArea 1155> started
INFO:root:finished calculation electrification 1155 (duration 0.04212617874145508s)
INFO:root:finished calculation efuel 1155 (duration 0.04142904281616211s)
INFO:root:finished calculation battery 1155 (duration 0.04379701614379883s)
INFO:root:finished calculation optimised_electrification 1155 (duration 0.053288936614990234s)
INFO:root:finished calculation diesel 1155 (duration 0.036737918853759766s)
INFO:root:finished calculation efuel 1155 (duration 0.03744792938232422s)
INFO:root:finished calculation h2 1155 (duration 0.0367732048034668s)
INFO:root:calculation <MasterArea 1156> started
INFO:root:finished calculation electrification 1156 (duration 0.02298879623413086s)
INFO:root:finished calculation efuel 1156 (duration 0.021439075469970703s)
INFO:root:finished calculation battery 1156 (duration 0.021099090576171875s)
INFO:root:finished calculation optimised_electrification 1156 (duration 0.02844381332397461s)
INFO:root:finished calculation diesel 1156 (duration 0.023015737533569336s)
INFO:root:finished calculation efuel 1156 (duration 0.02239513397216797s)
INFO:root:finished calculation h2 1156 (duration 0.02313399314880371s)
INFO:root:calculation <MasterArea 1157> started
INFO:root:finished calculation electrification 1157 (duration 0.023127079010009766s)
INFO:root:finished calculation efuel 1157 (duration 0.02275395393371582s)
INFO:root:finished calculation battery 1157 (duration 0.02236008644104004s)
INFO:root:finished calculation optimised_electrification 1157 (duration 0.02924203872680664s)
INFO:root:finished calculation diesel 1157 (duration 0.023125648498535156s)
INFO:root:finished calculation efuel 1157 (duration 0.022547006607055664s)
INFO:root:finished calculation h2 1157 (duration 0.023660898208618164s)
INFO:root:calculation <MasterArea 1158> started
INFO:root:finished calculation electrification 1158 (duration 0.026757240295410156s)
INFO:root:finished calculation efuel 1158 (duration 0.027515888214111328s)
INFO:root:finished calculation battery 1158 (duration 0.02631688117980957s)
INFO:root:finished calculation optimised_electrification 1158 (duration 0.037195682525634766s)
INFO:root:finished calculation diesel 1158 (duration 0.0258638858795166s)
INFO:root:finished calculation efuel 1158 (duration 0.028326749801635742s)
INFO:root:finished calculation h2 1158 (duration 0.02548360824584961s)
INFO:root:calculation <MasterArea 1159> started
INFO:root:finished calculation electrification 1159 (duration 0.025162935256958008s)
INFO:root:finished calculation efuel 1159 (duration 0.025358915328979492s)
INFO:root:finished calculation battery 1159 (duration 0.026007890701293945s)
INFO:root:finished calculation optimised_electrification 1159 (duration 0.030764102935791016s)
INFO:root:finished calculation diesel 1159 (duration 0.02119922637939453s)
INFO:root:finished calculation efuel 1159 (duration 0.022389888763427734s)
INFO:root:finished calculation h2 1159 (duration 0.02308797836303711s)
INFO:root:calculation <MasterArea 1160> started
INFO:root:finished calculation electrification 1160 (duration 0.02434682846069336s)
INFO:root:finished calculation efuel 1160 (duration 0.02478170394897461s)
INFO:root:finished calculation battery 1160 (duration 0.0252230167388916s)
INFO:root:finished calculation optimised_electrification 1160 (duration 0.03003692626953125s)
INFO:root:finished calculation diesel 1160 (duration 0.022565841674804688s)
INFO:root:finished calculation efuel 1160 (duration 0.022121906280517578s)
INFO:root:finished calculation h2 1160 (duration 0.021275997161865234s)
INFO:root:calculation <MasterArea 1161> started
INFO:root:finished calculation electrification 1161 (duration 0.020824909210205078s)
INFO:root:finished calculation efuel 1161 (duration 0.02223682403564453s)
INFO:root:finished calculation battery 1161 (duration 0.022233009338378906s)
INFO:root:finished calculation optimised_electrification 1161 (duration 0.02888178825378418s)
INFO:root:finished calculation diesel 1161 (duration 0.02222895622253418s)
INFO:root:finished calculation efuel 1161 (duration 0.022649049758911133s)
INFO:root:finished calculation h2 1161 (duration 0.022797107696533203s)
INFO:root:calculation <MasterArea 1162> started
INFO:root:finished calculation electrification 1162 (duration 0.05803489685058594s)
INFO:root:finished calculation efuel 1162 (duration 0.05730414390563965s)
INFO:root:finished calculation battery 1162 (duration 0.05647420883178711s)
INFO:root:finished calculation optimised_electrification 1162 (duration 0.0755012035369873s)
INFO:root:finished calculation diesel 1162 (duration 0.05140805244445801s)
INFO:root:finished calculation efuel 1162 (duration 0.05271291732788086s)
INFO:root:finished calculation h2 1162 (duration 0.051728010177612305s)
INFO:root:calculation <MasterArea 1163> started
INFO:root:finished calculation electrification 1163 (duration 0.03535890579223633s)
INFO:root:finished calculation efuel 1163 (duration 0.03753304481506348s)
INFO:root:finished calculation battery 1163 (duration 0.03705286979675293s)
INFO:root:finished calculation optimised_electrification 1163 (duration 0.050421953201293945s)
INFO:root:finished calculation diesel 1163 (duration 0.038008928298950195s)
INFO:root:finished calculation efuel 1163 (duration 0.03879284858703613s)
INFO:root:finished calculation h2 1163 (duration 0.04012417793273926s)
INFO:root:calculation <MasterArea 1164> started
INFO:root:finished calculation electrification 1164 (duration 0.024480104446411133s)
INFO:root:finished calculation efuel 1164 (duration 0.02660512924194336s)
INFO:root:finished calculation battery 1164 (duration 0.026793956756591797s)
INFO:root:finished calculation optimised_electrification 1164 (duration 0.03355598449707031s)
INFO:root:finished calculation diesel 1164 (duration 0.026571035385131836s)
INFO:root:finished calculation efuel 1164 (duration 0.02600407600402832s)
INFO:root:finished calculation h2 1164 (duration 0.02855086326599121s)
INFO:root:calculation <MasterArea 1165> started
INFO:root:finished calculation electrification 1165 (duration 0.03139209747314453s)
INFO:root:finished calculation efuel 1165 (duration 0.02771615982055664s)
INFO:root:finished calculation battery 1165 (duration 0.026417016983032227s)
INFO:root:finished calculation optimised_electrification 1165 (duration 0.03425312042236328s)
INFO:root:finished calculation diesel 1165 (duration 0.026896238327026367s)
INFO:root:finished calculation efuel 1165 (duration 0.02863597869873047s)
INFO:root:finished calculation h2 1165 (duration 0.02533102035522461s)
INFO:root:calculation <MasterArea 1166> started
INFO:root:finished calculation electrification 1166 (duration 0.03832674026489258s)
INFO:root:finished calculation efuel 1166 (duration 0.030364036560058594s)
INFO:root:finished calculation battery 1166 (duration 0.03297996520996094s)
INFO:root:finished calculation optimised_electrification 1166 (duration 0.047297000885009766s)
INFO:root:finished calculation diesel 1166 (duration 0.04088330268859863s)
INFO:root:finished calculation efuel 1166 (duration 0.0343019962310791s)
INFO:root:finished calculation h2 1166 (duration 0.035437822341918945s)
INFO:root:calculation <MasterArea 1167> started
INFO:root:finished calculation electrification 1167 (duration 0.017733097076416016s)
INFO:root:finished calculation efuel 1167 (duration 0.01772308349609375s)
INFO:root:finished calculation optimised_electrification 1167 (duration 0.03001999855041504s)
INFO:root:finished calculation diesel 1167 (duration 0.020014047622680664s)
INFO:root:finished calculation efuel 1167 (duration 0.018473386764526367s)
INFO:root:calculation <MasterArea 1168> started
INFO:root:finished calculation electrification 1168 (duration 0.022293806076049805s)
INFO:root:finished calculation efuel 1168 (duration 0.022103071212768555s)
INFO:root:finished calculation battery 1168 (duration 0.022148847579956055s)
INFO:root:finished calculation optimised_electrification 1168 (duration 0.025156736373901367s)
INFO:root:finished calculation diesel 1168 (duration 0.02141594886779785s)
INFO:root:finished calculation efuel 1168 (duration 0.021241188049316406s)
INFO:root:finished calculation h2 1168 (duration 0.02073812484741211s)
INFO:root:calculation <MasterArea 1169> started
INFO:root:finished calculation electrification 1169 (duration 0.02147197723388672s)
INFO:root:finished calculation efuel 1169 (duration 0.02198195457458496s)
INFO:root:finished calculation battery 1169 (duration 0.02181720733642578s)
INFO:root:finished calculation optimised_electrification 1169 (duration 0.028149843215942383s)
INFO:root:finished calculation diesel 1169 (duration 0.0212857723236084s)
INFO:root:finished calculation efuel 1169 (duration 0.02060222625732422s)
INFO:root:finished calculation h2 1169 (duration 0.019015789031982422s)
INFO:root:calculation <MasterArea 1170> started
INFO:root:finished calculation electrification 1170 (duration 0.021017074584960938s)
INFO:root:finished calculation efuel 1170 (duration 0.02040386199951172s)
INFO:root:finished calculation battery 1170 (duration 0.017889976501464844s)
INFO:root:finished calculation optimised_electrification 1170 (duration 0.02588796615600586s)
INFO:root:finished calculation diesel 1170 (duration 0.02054309844970703s)
INFO:root:finished calculation efuel 1170 (duration 0.020292997360229492s)
INFO:root:finished calculation h2 1170 (duration 0.016981840133666992s)
INFO:root:calculation <MasterArea 1171> started
INFO:root:finished calculation electrification 1171 (duration 0.02195596694946289s)
INFO:root:finished calculation efuel 1171 (duration 0.021023988723754883s)
INFO:root:finished calculation battery 1171 (duration 0.022357940673828125s)
INFO:root:finished calculation optimised_electrification 1171 (duration 0.03205132484436035s)
INFO:root:finished calculation diesel 1171 (duration 0.025141000747680664s)
INFO:root:finished calculation efuel 1171 (duration 0.025577783584594727s)
INFO:root:finished calculation h2 1171 (duration 0.024972915649414062s)
INFO:root:calculation <MasterArea 1172> started
INFO:root:finished calculation electrification 1172 (duration 0.04766392707824707s)
INFO:root:finished calculation efuel 1172 (duration 0.04408907890319824s)
INFO:root:finished calculation battery 1172 (duration 0.043419837951660156s)
INFO:root:finished calculation optimised_electrification 1172 (duration 0.05243992805480957s)
INFO:root:finished calculation diesel 1172 (duration 0.03664422035217285s)
INFO:root:finished calculation efuel 1172 (duration 0.03741621971130371s)
INFO:root:finished calculation h2 1172 (duration 0.04186582565307617s)
INFO:root:calculation <MasterArea 1173> started
INFO:root:finished calculation electrification 1173 (duration 0.025729894638061523s)
INFO:root:finished calculation efuel 1173 (duration 0.02505183219909668s)
INFO:root:finished calculation battery 1173 (duration 0.02165699005126953s)
INFO:root:finished calculation optimised_electrification 1173 (duration 0.02999591827392578s)
INFO:root:finished calculation diesel 1173 (duration 0.021399974822998047s)
INFO:root:finished calculation efuel 1173 (duration 0.0201718807220459s)
INFO:root:finished calculation h2 1173 (duration 0.019561052322387695s)
INFO:root:calculation <MasterArea 1174> started
INFO:root:finished calculation electrification 1174 (duration 0.02342700958251953s)
INFO:root:finished calculation efuel 1174 (duration 0.0209810733795166s)
INFO:root:finished calculation battery 1174 (duration 0.021528005599975586s)
INFO:root:finished calculation optimised_electrification 1174 (duration 0.02786993980407715s)
INFO:root:finished calculation diesel 1174 (duration 0.02235102653503418s)
INFO:root:finished calculation efuel 1174 (duration 0.02060699462890625s)
INFO:root:finished calculation h2 1174 (duration 0.02096724510192871s)
INFO:root:calculation <MasterArea 1175> started
INFO:root:finished calculation electrification 1175 (duration 0.02640509605407715s)
INFO:root:finished calculation efuel 1175 (duration 0.0227200984954834s)
INFO:root:finished calculation battery 1175 (duration 0.023603200912475586s)
INFO:root:finished calculation optimised_electrification 1175 (duration 0.025878190994262695s)
INFO:root:finished calculation diesel 1175 (duration 0.0195620059967041s)
INFO:root:finished calculation efuel 1175 (duration 0.019800901412963867s)
INFO:root:finished calculation h2 1175 (duration 0.021888017654418945s)
INFO:root:calculation <MasterArea 1176> started
INFO:root:finished calculation electrification 1176 (duration 0.05915689468383789s)
INFO:root:finished calculation efuel 1176 (duration 0.0700218677520752s)
INFO:root:finished calculation optimised_electrification 1176 (duration 0.0897989273071289s)
INFO:root:finished calculation diesel 1176 (duration 0.06020784378051758s)
INFO:root:finished calculation efuel 1176 (duration 0.06300687789916992s)
INFO:root:calculation <MasterArea 1177> started
INFO:root:finished calculation electrification 1177 (duration 0.022989273071289062s)
INFO:root:finished calculation efuel 1177 (duration 0.022156953811645508s)
INFO:root:finished calculation battery 1177 (duration 0.024096965789794922s)
INFO:root:finished calculation optimised_electrification 1177 (duration 0.03360605239868164s)
INFO:root:finished calculation diesel 1177 (duration 0.026887178421020508s)
INFO:root:finished calculation efuel 1177 (duration 0.026868104934692383s)
INFO:root:finished calculation h2 1177 (duration 0.02399301528930664s)
INFO:root:calculation <MasterArea 1178> started
INFO:root:finished calculation electrification 1178 (duration 0.025593996047973633s)
INFO:root:finished calculation efuel 1178 (duration 0.024838685989379883s)
INFO:root:finished calculation battery 1178 (duration 0.022711992263793945s)
INFO:root:finished calculation optimised_electrification 1178 (duration 0.029201269149780273s)
INFO:root:finished calculation diesel 1178 (duration 0.0205690860748291s)
INFO:root:finished calculation efuel 1178 (duration 0.021780967712402344s)
INFO:root:finished calculation h2 1178 (duration 0.022444963455200195s)
INFO:root:calculation <MasterArea 1179> started
INFO:root:finished calculation electrification 1179 (duration 0.023979902267456055s)
INFO:root:finished calculation efuel 1179 (duration 0.024451732635498047s)
INFO:root:finished calculation battery 1179 (duration 0.024670839309692383s)
INFO:root:finished calculation optimised_electrification 1179 (duration 0.032850027084350586s)
INFO:root:finished calculation diesel 1179 (duration 0.025299787521362305s)
INFO:root:finished calculation efuel 1179 (duration 0.024319887161254883s)
INFO:root:finished calculation h2 1179 (duration 0.02251267433166504s)
INFO:root:calculation <MasterArea 1180> started
INFO:root:finished calculation electrification 1180 (duration 0.02428269386291504s)
INFO:root:finished calculation efuel 1180 (duration 0.024075031280517578s)
INFO:root:finished calculation battery 1180 (duration 0.023849010467529297s)
INFO:root:finished calculation optimised_electrification 1180 (duration 0.03188896179199219s)
INFO:root:finished calculation diesel 1180 (duration 0.025740861892700195s)
INFO:root:finished calculation efuel 1180 (duration 0.023335933685302734s)
INFO:root:finished calculation h2 1180 (duration 0.024206161499023438s)
INFO:root:calculation <MasterArea 1181> started
INFO:root:finished calculation electrification 1181 (duration 0.037158966064453125s)
INFO:root:finished calculation efuel 1181 (duration 0.03830718994140625s)
INFO:root:finished calculation battery 1181 (duration 0.03960609436035156s)
INFO:root:finished calculation optimised_electrification 1181 (duration 0.05516791343688965s)
INFO:root:finished calculation diesel 1181 (duration 0.039687156677246094s)
INFO:root:finished calculation efuel 1181 (duration 0.03857588768005371s)
INFO:root:finished calculation h2 1181 (duration 0.034034013748168945s)
INFO:root:calculation <MasterArea 1182> started
INFO:root:finished calculation electrification 1182 (duration 0.024219751358032227s)
INFO:root:finished calculation efuel 1182 (duration 0.02375006675720215s)
INFO:root:finished calculation battery 1182 (duration 0.02342700958251953s)
INFO:root:finished calculation optimised_electrification 1182 (duration 0.029191970825195312s)
INFO:root:finished calculation diesel 1182 (duration 0.024946928024291992s)
INFO:root:finished calculation efuel 1182 (duration 0.023108243942260742s)
INFO:root:finished calculation h2 1182 (duration 0.024126052856445312s)
INFO:root:calculation <MasterArea 1183> started
INFO:root:finished calculation electrification 1183 (duration 0.023498058319091797s)
INFO:root:finished calculation efuel 1183 (duration 0.02345585823059082s)
INFO:root:finished calculation battery 1183 (duration 0.02299189567565918s)
INFO:root:finished calculation optimised_electrification 1183 (duration 0.030691862106323242s)
INFO:root:finished calculation diesel 1183 (duration 0.024350881576538086s)
INFO:root:finished calculation efuel 1183 (duration 0.022873640060424805s)
INFO:root:finished calculation h2 1183 (duration 0.02246403694152832s)
INFO:root:calculation <MasterArea 1184> started
INFO:root:finished calculation electrification 1184 (duration 0.04337930679321289s)
INFO:root:finished calculation efuel 1184 (duration 0.04492306709289551s)
INFO:root:finished calculation battery 1184 (duration 0.04213881492614746s)
INFO:root:finished calculation optimised_electrification 1184 (duration 0.05246591567993164s)
INFO:root:finished calculation diesel 1184 (duration 0.03949594497680664s)
INFO:root:finished calculation efuel 1184 (duration 0.04192399978637695s)
INFO:root:finished calculation h2 1184 (duration 0.037683963775634766s)
INFO:root:calculation <MasterArea 1185> started
INFO:root:finished calculation electrification 1185 (duration 0.02516484260559082s)
INFO:root:finished calculation efuel 1185 (duration 0.02608323097229004s)
INFO:root:finished calculation battery 1185 (duration 0.025969982147216797s)
INFO:root:finished calculation optimised_electrification 1185 (duration 0.02835392951965332s)
INFO:root:finished calculation diesel 1185 (duration 0.020689964294433594s)
INFO:root:finished calculation efuel 1185 (duration 0.022253990173339844s)
INFO:root:finished calculation h2 1185 (duration 0.02532196044921875s)
INFO:root:calculation <MasterArea 1186> started
INFO:root:finished calculation electrification 1186 (duration 0.0190432071685791s)
INFO:root:finished calculation efuel 1186 (duration 0.0155029296875s)
INFO:root:finished calculation battery 1186 (duration 0.017272233963012695s)
INFO:root:finished calculation optimised_electrification 1186 (duration 0.01973724365234375s)
INFO:root:finished calculation diesel 1186 (duration 0.01852893829345703s)
INFO:root:finished calculation efuel 1186 (duration 0.018388986587524414s)
INFO:root:finished calculation h2 1186 (duration 0.018407106399536133s)
INFO:root:calculation <MasterArea 1187> started
INFO:root:finished calculation electrification 1187 (duration 0.0465550422668457s)
INFO:root:finished calculation efuel 1187 (duration 0.04852581024169922s)
INFO:root:finished calculation battery 1187 (duration 0.048815011978149414s)
INFO:root:finished calculation optimised_electrification 1187 (duration 0.06653904914855957s)
INFO:root:finished calculation diesel 1187 (duration 0.04912590980529785s)
INFO:root:finished calculation efuel 1187 (duration 0.05323386192321777s)
INFO:root:finished calculation h2 1187 (duration 0.056680917739868164s)
INFO:root:calculation <MasterArea 1188> started
INFO:root:finished calculation electrification 1188 (duration 0.020039081573486328s)
INFO:root:finished calculation efuel 1188 (duration 0.019149065017700195s)
INFO:root:finished calculation battery 1188 (duration 0.01772785186767578s)
INFO:root:finished calculation optimised_electrification 1188 (duration 0.02347397804260254s)
INFO:root:finished calculation diesel 1188 (duration 0.019295930862426758s)
INFO:root:finished calculation efuel 1188 (duration 0.019134998321533203s)
INFO:root:finished calculation h2 1188 (duration 0.019527912139892578s)
INFO:root:calculation <MasterArea 1189> started
INFO:root:finished calculation electrification 1189 (duration 0.021857023239135742s)
INFO:root:finished calculation efuel 1189 (duration 0.022891759872436523s)
INFO:root:finished calculation battery 1189 (duration 0.021542787551879883s)
INFO:root:finished calculation optimised_electrification 1189 (duration 0.025974035263061523s)
INFO:root:finished calculation diesel 1189 (duration 0.018909215927124023s)
INFO:root:finished calculation efuel 1189 (duration 0.019652128219604492s)
INFO:root:finished calculation h2 1189 (duration 0.01943802833557129s)
INFO:root:calculation <MasterArea 1190> started
INFO:root:finished calculation electrification 1190 (duration 0.02266407012939453s)
INFO:root:finished calculation efuel 1190 (duration 0.02354717254638672s)
INFO:root:finished calculation battery 1190 (duration 0.02469801902770996s)
INFO:root:finished calculation optimised_electrification 1190 (duration 0.031517982482910156s)
INFO:root:finished calculation diesel 1190 (duration 0.024118900299072266s)
INFO:root:finished calculation efuel 1190 (duration 0.023871898651123047s)
INFO:root:finished calculation h2 1190 (duration 0.02403092384338379s)
INFO:root:calculation <MasterArea 1191> started
INFO:root:finished calculation electrification 1191 (duration 0.023334741592407227s)
INFO:root:finished calculation efuel 1191 (duration 0.023469209671020508s)
INFO:root:finished calculation battery 1191 (duration 0.02404928207397461s)
INFO:root:finished calculation optimised_electrification 1191 (duration 0.027609825134277344s)
INFO:root:finished calculation diesel 1191 (duration 0.022034883499145508s)
INFO:root:finished calculation efuel 1191 (duration 0.022116899490356445s)
INFO:root:finished calculation h2 1191 (duration 0.02074718475341797s)
INFO:root:calculation <MasterArea 1192> started
INFO:root:finished calculation electrification 1192 (duration 0.0200650691986084s)
INFO:root:finished calculation efuel 1192 (duration 0.02208995819091797s)
INFO:root:finished calculation battery 1192 (duration 0.02423691749572754s)
INFO:root:finished calculation optimised_electrification 1192 (duration 0.029406070709228516s)
INFO:root:finished calculation diesel 1192 (duration 0.023535966873168945s)
INFO:root:finished calculation efuel 1192 (duration 0.0237429141998291s)
INFO:root:finished calculation h2 1192 (duration 0.0251007080078125s)
INFO:root:calculation <MasterArea 1193> started
INFO:root:finished calculation electrification 1193 (duration 0.021947860717773438s)
INFO:root:finished calculation efuel 1193 (duration 0.02300715446472168s)
INFO:root:finished calculation battery 1193 (duration 0.025938987731933594s)
INFO:root:finished calculation optimised_electrification 1193 (duration 0.029113054275512695s)
INFO:root:finished calculation diesel 1193 (duration 0.023473262786865234s)
INFO:root:finished calculation efuel 1193 (duration 0.02374100685119629s)
INFO:root:finished calculation h2 1193 (duration 0.022753000259399414s)
INFO:root:calculation <MasterArea 1194> started
INFO:root:finished calculation electrification 1194 (duration 0.03185415267944336s)
INFO:root:finished calculation efuel 1194 (duration 0.022665977478027344s)
INFO:root:finished calculation battery 1194 (duration 0.016730308532714844s)
INFO:root:finished calculation optimised_electrification 1194 (duration 0.01871204376220703s)
INFO:root:finished calculation diesel 1194 (duration 0.013379812240600586s)
INFO:root:finished calculation efuel 1194 (duration 0.014124631881713867s)
INFO:root:finished calculation h2 1194 (duration 0.013599872589111328s)
INFO:root:calculation <MasterArea 1195> started
INFO:root:finished calculation electrification 1195 (duration 0.024986982345581055s)
INFO:root:finished calculation efuel 1195 (duration 0.02644515037536621s)
INFO:root:finished calculation battery 1195 (duration 0.027150630950927734s)
INFO:root:finished calculation optimised_electrification 1195 (duration 0.03631877899169922s)
INFO:root:finished calculation diesel 1195 (duration 0.024779081344604492s)
INFO:root:finished calculation efuel 1195 (duration 0.022064924240112305s)
INFO:root:finished calculation h2 1195 (duration 0.025032997131347656s)
INFO:root:calculation <MasterArea 1196> started
INFO:root:finished calculation electrification 1196 (duration 0.02489185333251953s)
INFO:root:finished calculation efuel 1196 (duration 0.0253908634185791s)
INFO:root:finished calculation battery 1196 (duration 0.02395796775817871s)
INFO:root:finished calculation optimised_electrification 1196 (duration 0.032257080078125s)
INFO:root:finished calculation diesel 1196 (duration 0.02239203453063965s)
INFO:root:finished calculation efuel 1196 (duration 0.023170948028564453s)
INFO:root:finished calculation h2 1196 (duration 0.02229595184326172s)
INFO:root:calculation <MasterArea 1197> started
INFO:root:finished calculation electrification 1197 (duration 0.015267133712768555s)
INFO:root:finished calculation efuel 1197 (duration 0.016691207885742188s)
INFO:root:finished calculation battery 1197 (duration 0.026314258575439453s)
INFO:root:finished calculation optimised_electrification 1197 (duration 0.032488107681274414s)
INFO:root:finished calculation diesel 1197 (duration 0.03438115119934082s)
INFO:root:finished calculation efuel 1197 (duration 0.019245147705078125s)
INFO:root:finished calculation h2 1197 (duration 0.022169113159179688s)
INFO:root:calculation <MasterArea 1198> started
INFO:root:finished calculation electrification 1198 (duration 0.014858007431030273s)
INFO:root:finished calculation efuel 1198 (duration 0.014226198196411133s)
INFO:root:finished calculation battery 1198 (duration 0.013984918594360352s)
INFO:root:finished calculation optimised_electrification 1198 (duration 0.02129387855529785s)
INFO:root:finished calculation diesel 1198 (duration 0.014063119888305664s)
INFO:root:finished calculation efuel 1198 (duration 0.013456106185913086s)
INFO:root:finished calculation h2 1198 (duration 0.01514291763305664s)
INFO:root:calculation <MasterArea 1199> started
INFO:root:finished calculation electrification 1199 (duration 0.02648305892944336s)
INFO:root:finished calculation efuel 1199 (duration 0.02725982666015625s)
INFO:root:finished calculation battery 1199 (duration 0.02488875389099121s)
INFO:root:finished calculation optimised_electrification 1199 (duration 0.03159785270690918s)
INFO:root:finished calculation diesel 1199 (duration 0.02493000030517578s)
INFO:root:finished calculation efuel 1199 (duration 0.025159835815429688s)
INFO:root:finished calculation h2 1199 (duration 0.025751829147338867s)
INFO:root:calculation <MasterArea 1200> started
INFO:root:finished calculation electrification 1200 (duration 0.024056196212768555s)
INFO:root:finished calculation efuel 1200 (duration 0.025943756103515625s)
INFO:root:finished calculation battery 1200 (duration 0.026627063751220703s)
INFO:root:finished calculation optimised_electrification 1200 (duration 0.03696393966674805s)
INFO:root:finished calculation diesel 1200 (duration 0.023502826690673828s)
INFO:root:finished calculation efuel 1200 (duration 0.023993253707885742s)
INFO:root:finished calculation h2 1200 (duration 0.02410292625427246s)
INFO:root:calculation <MasterArea 1201> started
INFO:root:finished calculation electrification 1201 (duration 0.02529001235961914s)
INFO:root:finished calculation efuel 1201 (duration 0.025668859481811523s)
INFO:root:finished calculation battery 1201 (duration 0.025716066360473633s)
INFO:root:finished calculation optimised_electrification 1201 (duration 0.033676862716674805s)
INFO:root:finished calculation diesel 1201 (duration 0.026813030242919922s)
INFO:root:finished calculation efuel 1201 (duration 0.02406001091003418s)
INFO:root:finished calculation h2 1201 (duration 0.024502038955688477s)
INFO:root:calculation <MasterArea 1202> started
INFO:root:finished calculation electrification 1202 (duration 0.027855873107910156s)
INFO:root:finished calculation efuel 1202 (duration 0.028914928436279297s)
INFO:root:finished calculation battery 1202 (duration 0.02675914764404297s)
INFO:root:finished calculation optimised_electrification 1202 (duration 0.034126996994018555s)
INFO:root:finished calculation diesel 1202 (duration 0.02581000328063965s)
INFO:root:finished calculation efuel 1202 (duration 0.026855945587158203s)
INFO:root:finished calculation h2 1202 (duration 0.025765180587768555s)
INFO:root:calculation <MasterArea 1203> started
INFO:root:finished calculation electrification 1203 (duration 0.02863907814025879s)
INFO:root:finished calculation efuel 1203 (duration 0.028872966766357422s)
INFO:root:finished calculation battery 1203 (duration 0.026810884475708008s)
INFO:root:finished calculation optimised_electrification 1203 (duration 0.034265995025634766s)
INFO:root:finished calculation diesel 1203 (duration 0.023220062255859375s)
INFO:root:finished calculation efuel 1203 (duration 0.02508711814880371s)
INFO:root:finished calculation h2 1203 (duration 0.026147842407226562s)
INFO:root:calculation <MasterArea 1204> started
INFO:root:finished calculation electrification 1204 (duration 0.01683497428894043s)
INFO:root:finished calculation efuel 1204 (duration 0.017255783081054688s)
INFO:root:finished calculation battery 1204 (duration 0.01697087287902832s)
INFO:root:finished calculation optimised_electrification 1204 (duration 0.020934104919433594s)
INFO:root:finished calculation diesel 1204 (duration 0.01699090003967285s)
INFO:root:finished calculation efuel 1204 (duration 0.017261981964111328s)
INFO:root:finished calculation h2 1204 (duration 0.016093015670776367s)
INFO:root:calculation <MasterArea 1205> started
INFO:root:finished calculation electrification 1205 (duration 0.025172948837280273s)
INFO:root:finished calculation efuel 1205 (duration 0.02512502670288086s)
INFO:root:finished calculation battery 1205 (duration 0.026720046997070312s)
INFO:root:finished calculation optimised_electrification 1205 (duration 0.03417801856994629s)
INFO:root:finished calculation diesel 1205 (duration 0.027749061584472656s)
INFO:root:finished calculation efuel 1205 (duration 0.026389122009277344s)
INFO:root:finished calculation h2 1205 (duration 0.024376869201660156s)
INFO:root:calculation <MasterArea 1206> started
INFO:root:finished calculation electrification 1206 (duration 0.02466607093811035s)
INFO:root:finished calculation efuel 1206 (duration 0.023930788040161133s)
INFO:root:finished calculation battery 1206 (duration 0.02196192741394043s)
INFO:root:finished calculation optimised_electrification 1206 (duration 0.026336193084716797s)
INFO:root:finished calculation diesel 1206 (duration 0.020498037338256836s)
INFO:root:finished calculation efuel 1206 (duration 0.02268195152282715s)
INFO:root:finished calculation h2 1206 (duration 0.022327899932861328s)
INFO:root:calculation <MasterArea 1207> started
INFO:root:finished calculation electrification 1207 (duration 0.02449798583984375s)
INFO:root:finished calculation efuel 1207 (duration 0.024949073791503906s)
INFO:root:finished calculation battery 1207 (duration 0.0262451171875s)
INFO:root:finished calculation optimised_electrification 1207 (duration 0.0345311164855957s)
INFO:root:finished calculation diesel 1207 (duration 0.024736881256103516s)
INFO:root:finished calculation efuel 1207 (duration 0.026111125946044922s)
INFO:root:finished calculation h2 1207 (duration 0.026772022247314453s)
INFO:root:calculation <MasterArea 1208> started
INFO:root:finished calculation electrification 1208 (duration 0.020570993423461914s)
INFO:root:finished calculation efuel 1208 (duration 0.016803741455078125s)
INFO:root:finished calculation battery 1208 (duration 0.014832258224487305s)
INFO:root:finished calculation optimised_electrification 1208 (duration 0.03147268295288086s)
INFO:root:finished calculation diesel 1208 (duration 0.024750947952270508s)
INFO:root:finished calculation efuel 1208 (duration 0.025593996047973633s)
INFO:root:finished calculation h2 1208 (duration 0.027218103408813477s)
INFO:root:calculation <MasterArea 1209> started
INFO:root:finished calculation electrification 1209 (duration 0.027664899826049805s)
INFO:root:finished calculation efuel 1209 (duration 0.026060104370117188s)
INFO:root:finished calculation battery 1209 (duration 0.026459932327270508s)
INFO:root:finished calculation optimised_electrification 1209 (duration 0.03398489952087402s)
INFO:root:finished calculation diesel 1209 (duration 0.026991844177246094s)
INFO:root:finished calculation efuel 1209 (duration 0.026283979415893555s)
INFO:root:finished calculation h2 1209 (duration 0.026694297790527344s)
INFO:root:calculation <MasterArea 1210> started
INFO:root:finished calculation electrification 1210 (duration 0.017405033111572266s)
INFO:root:finished calculation efuel 1210 (duration 0.01823902130126953s)
INFO:root:finished calculation battery 1210 (duration 0.02109384536743164s)
