INFO:root:calculation <MasterArea 1070> started
INFO:root:finished calculation electrification 1070 (duration 0.08227777481079102s)
INFO:root:finished calculation efuel 1070 (duration 0.07369494438171387s)
INFO:root:finished calculation optimised_electrification 1070 (duration 0.1011199951171875s)
INFO:root:finished calculation diesel 1070 (duration 0.05934715270996094s)
INFO:root:finished calculation efuel 1070 (duration 0.06661820411682129s)
INFO:root:calculation <MasterArea 1071> started
INFO:root:finished calculation electrification 1071 (duration 0.02539992332458496s)
INFO:root:finished calculation efuel 1071 (duration 0.026770830154418945s)
INFO:root:finished calculation battery 1071 (duration 0.027682065963745117s)
INFO:root:finished calculation optimised_electrification 1071 (duration 0.036560773849487305s)
INFO:root:finished calculation diesel 1071 (duration 0.025228023529052734s)
INFO:root:finished calculation efuel 1071 (duration 0.02526688575744629s)
INFO:root:finished calculation h2 1071 (duration 0.019192934036254883s)
INFO:root:calculation <MasterArea 1072> started
INFO:root:finished calculation electrification 1072 (duration 0.012494802474975586s)
INFO:root:finished calculation efuel 1072 (duration 0.011574983596801758s)
INFO:root:finished calculation battery 1072 (duration 0.011450052261352539s)
INFO:root:finished calculation optimised_electrification 1072 (duration 0.015639066696166992s)
INFO:root:finished calculation diesel 1072 (duration 0.010358095169067383s)
INFO:root:finished calculation efuel 1072 (duration 0.01007080078125s)
INFO:root:finished calculation h2 1072 (duration 0.009623050689697266s)
INFO:root:calculation <MasterArea 1073> started
INFO:root:finished calculation electrification 1073 (duration 0.016772747039794922s)
INFO:root:finished calculation efuel 1073 (duration 0.01566004753112793s)
INFO:root:finished calculation battery 1073 (duration 0.012544870376586914s)
INFO:root:finished calculation optimised_electrification 1073 (duration 0.01863694190979004s)
INFO:root:finished calculation diesel 1073 (duration 0.012745857238769531s)
INFO:root:finished calculation efuel 1073 (duration 0.012674808502197266s)
INFO:root:finished calculation h2 1073 (duration 0.014154195785522461s)
INFO:root:calculation <MasterArea 1074> started
INFO:root:finished calculation electrification 1074 (duration 0.011996030807495117s)
INFO:root:finished calculation efuel 1074 (duration 0.01094675064086914s)
INFO:root:finished calculation battery 1074 (duration 0.011155128479003906s)
INFO:root:finished calculation optimised_electrification 1074 (duration 0.015278100967407227s)
INFO:root:finished calculation diesel 1074 (duration 0.010636091232299805s)
INFO:root:finished calculation efuel 1074 (duration 0.010890960693359375s)
INFO:root:finished calculation h2 1074 (duration 0.011252164840698242s)
INFO:root:calculation <MasterArea 1075> started
INFO:root:finished calculation electrification 1075 (duration 0.005441904067993164s)
INFO:root:finished calculation efuel 1075 (duration 0.004530906677246094s)
INFO:root:finished calculation battery 1075 (duration 0.0046651363372802734s)
INFO:root:finished calculation optimised_electrification 1075 (duration 0.006475925445556641s)
INFO:root:finished calculation diesel 1075 (duration 0.0045130252838134766s)
INFO:root:finished calculation efuel 1075 (duration 0.004547834396362305s)
INFO:root:finished calculation h2 1075 (duration 0.004483938217163086s)
INFO:root:calculation <MasterArea 1076> started
INFO:root:finished calculation electrification 1076 (duration 0.06308603286743164s)
INFO:root:finished calculation efuel 1076 (duration 0.054026126861572266s)
INFO:root:finished calculation optimised_electrification 1076 (duration 0.0573430061340332s)
INFO:root:finished calculation diesel 1076 (duration 0.03355288505554199s)
INFO:root:finished calculation efuel 1076 (duration 0.02962803840637207s)
INFO:root:calculation <MasterArea 1077> started
INFO:root:finished calculation electrification 1077 (duration 0.0033478736877441406s)
INFO:root:finished calculation efuel 1077 (duration 0.003262042999267578s)
INFO:root:finished calculation optimised_electrification 1077 (duration 0.004571199417114258s)
INFO:root:finished calculation diesel 1077 (duration 0.0034508705139160156s)
INFO:root:finished calculation efuel 1077 (duration 0.0034279823303222656s)
INFO:root:calculation <MasterArea 1078> started
INFO:root:finished calculation electrification 1078 (duration 0.0078887939453125s)
INFO:root:finished calculation efuel 1078 (duration 0.00666499137878418s)
INFO:root:finished calculation battery 1078 (duration 0.006861686706542969s)
INFO:root:finished calculation optimised_electrification 1078 (duration 0.008912801742553711s)
INFO:root:finished calculation diesel 1078 (duration 0.005882740020751953s)
INFO:root:finished calculation efuel 1078 (duration 0.005764961242675781s)
INFO:root:finished calculation h2 1078 (duration 0.005693912506103516s)
INFO:root:calculation <MasterArea 1079> started
INFO:root:finished calculation electrification 1079 (duration 0.004667758941650391s)
INFO:root:finished calculation efuel 1079 (duration 0.004227161407470703s)
INFO:root:finished calculation optimised_electrification 1079 (duration 0.0060710906982421875s)
INFO:root:finished calculation diesel 1079 (duration 0.004025697708129883s)
INFO:root:finished calculation efuel 1079 (duration 0.0039560794830322266s)
INFO:root:calculation <MasterArea 1080> started
INFO:root:finished calculation electrification 1080 (duration 0.03810572624206543s)
INFO:root:finished calculation efuel 1080 (duration 0.026459932327270508s)
INFO:root:finished calculation optimised_electrification 1080 (duration 0.03974318504333496s)
INFO:root:finished calculation diesel 1080 (duration 0.02206110954284668s)
INFO:root:finished calculation efuel 1080 (duration 0.02100396156311035s)
INFO:root:calculation <MasterArea 1081> started
INFO:root:finished calculation electrification 1081 (duration 0.006623983383178711s)
INFO:root:finished calculation efuel 1081 (duration 0.006392955780029297s)
INFO:root:finished calculation optimised_electrification 1081 (duration 0.009891033172607422s)
INFO:root:finished calculation diesel 1081 (duration 0.006667137145996094s)
INFO:root:finished calculation efuel 1081 (duration 0.006357908248901367s)
INFO:root:calculation <MasterArea 1082> started
INFO:root:finished calculation electrification 1082 (duration 0.0673971176147461s)
INFO:root:finished calculation efuel 1082 (duration 0.05052375793457031s)
INFO:root:finished calculation optimised_electrification 1082 (duration 0.05411505699157715s)
INFO:root:finished calculation diesel 1082 (duration 0.031209945678710938s)
INFO:root:finished calculation efuel 1082 (duration 0.03071117401123047s)
INFO:root:calculation <MasterArea 1083> started
INFO:root:finished calculation electrification 1083 (duration 0.018625974655151367s)
INFO:root:finished calculation efuel 1083 (duration 0.014929771423339844s)
INFO:root:finished calculation optimised_electrification 1083 (duration 0.019079923629760742s)
INFO:root:finished calculation diesel 1083 (duration 0.011974811553955078s)
INFO:root:finished calculation efuel 1083 (duration 0.012002944946289062s)
INFO:root:calculation <MasterArea 1084> started
INFO:root:finished calculation electrification 1084 (duration 0.011803865432739258s)
INFO:root:finished calculation efuel 1084 (duration 0.01095890998840332s)
INFO:root:finished calculation battery 1084 (duration 0.010338068008422852s)
INFO:root:finished calculation optimised_electrification 1084 (duration 0.01341700553894043s)
INFO:root:finished calculation diesel 1084 (duration 0.008996009826660156s)
INFO:root:finished calculation efuel 1084 (duration 0.008836984634399414s)
INFO:root:finished calculation h2 1084 (duration 0.008890867233276367s)
INFO:root:calculation <MasterArea 1085> started
INFO:root:finished calculation electrification 1085 (duration 0.003793001174926758s)
INFO:root:finished calculation efuel 1085 (duration 0.0032813549041748047s)
INFO:root:finished calculation battery 1085 (duration 0.0031728744506835938s)
INFO:root:finished calculation optimised_electrification 1085 (duration 0.004171133041381836s)
INFO:root:finished calculation diesel 1085 (duration 0.0033271312713623047s)
INFO:root:finished calculation efuel 1085 (duration 0.0034570693969726562s)
INFO:root:finished calculation h2 1085 (duration 0.0036127567291259766s)
INFO:root:calculation <MasterArea 1086> started
INFO:root:finished calculation electrification 1086 (duration 0.004065752029418945s)
INFO:root:finished calculation efuel 1086 (duration 0.0038139820098876953s)
INFO:root:finished calculation battery 1086 (duration 0.003937959671020508s)
INFO:root:finished calculation optimised_electrification 1086 (duration 0.005014896392822266s)
INFO:root:finished calculation diesel 1086 (duration 0.0035750865936279297s)
INFO:root:finished calculation efuel 1086 (duration 0.0036017894744873047s)
INFO:root:finished calculation h2 1086 (duration 0.003632783889770508s)
INFO:root:calculation <MasterArea 1087> started
INFO:root:finished calculation electrification 1087 (duration 0.009016036987304688s)
INFO:root:finished calculation efuel 1087 (duration 0.009325981140136719s)
INFO:root:finished calculation battery 1087 (duration 0.008453845977783203s)
INFO:root:finished calculation optimised_electrification 1087 (duration 0.010887861251831055s)
INFO:root:finished calculation diesel 1087 (duration 0.007859945297241211s)
INFO:root:finished calculation efuel 1087 (duration 0.007756948471069336s)
INFO:root:finished calculation h2 1087 (duration 0.007802248001098633s)
INFO:root:calculation <MasterArea 1088> started
INFO:root:finished calculation electrification 1088 (duration 0.01993703842163086s)
INFO:root:finished calculation efuel 1088 (duration 0.021033048629760742s)
INFO:root:finished calculation battery 1088 (duration 0.020966768264770508s)
INFO:root:finished calculation optimised_electrification 1088 (duration 0.027692079544067383s)
INFO:root:finished calculation diesel 1088 (duration 0.016722917556762695s)
INFO:root:finished calculation efuel 1088 (duration 0.01620316505432129s)
INFO:root:finished calculation h2 1088 (duration 0.016157150268554688s)
INFO:root:calculation <MasterArea 1089> started
INFO:root:finished calculation electrification 1089 (duration 0.003676891326904297s)
INFO:root:finished calculation efuel 1089 (duration 0.0034809112548828125s)
INFO:root:finished calculation battery 1089 (duration 0.003406047821044922s)
INFO:root:finished calculation optimised_electrification 1089 (duration 0.004417896270751953s)
INFO:root:finished calculation diesel 1089 (duration 0.003319978713989258s)
INFO:root:finished calculation efuel 1089 (duration 0.0035588741302490234s)
INFO:root:finished calculation h2 1089 (duration 0.003606081008911133s)
INFO:root:calculation <MasterArea 1090> started
INFO:root:finished calculation electrification 1090 (duration 0.00501704216003418s)
INFO:root:finished calculation efuel 1090 (duration 0.004937171936035156s)
INFO:root:finished calculation battery 1090 (duration 0.0048787593841552734s)
INFO:root:finished calculation optimised_electrification 1090 (duration 0.006684064865112305s)
INFO:root:finished calculation diesel 1090 (duration 0.004583120346069336s)
INFO:root:finished calculation efuel 1090 (duration 0.004870891571044922s)
INFO:root:finished calculation h2 1090 (duration 0.004648923873901367s)
INFO:root:calculation <MasterArea 1091> started
INFO:root:finished calculation electrification 1091 (duration 0.012830018997192383s)
INFO:root:finished calculation efuel 1091 (duration 0.016144990921020508s)
INFO:root:finished calculation battery 1091 (duration 0.01609015464782715s)
INFO:root:finished calculation optimised_electrification 1091 (duration 0.023174285888671875s)
INFO:root:finished calculation diesel 1091 (duration 0.015764951705932617s)
INFO:root:finished calculation efuel 1091 (duration 0.016141891479492188s)
INFO:root:finished calculation h2 1091 (duration 0.01510310173034668s)
INFO:root:calculation <MasterArea 1092> started
INFO:root:finished calculation electrification 1092 (duration 0.008624076843261719s)
INFO:root:finished calculation efuel 1092 (duration 0.008144140243530273s)
INFO:root:finished calculation optimised_electrification 1092 (duration 0.012572765350341797s)
INFO:root:finished calculation diesel 1092 (duration 0.008368730545043945s)
INFO:root:finished calculation efuel 1092 (duration 0.008129119873046875s)
INFO:root:calculation <MasterArea 1093> started
INFO:root:finished calculation electrification 1093 (duration 0.004060983657836914s)
INFO:root:finished calculation efuel 1093 (duration 0.0038688182830810547s)
INFO:root:finished calculation optimised_electrification 1093 (duration 0.0058078765869140625s)
INFO:root:finished calculation diesel 1093 (duration 0.004202604293823242s)
INFO:root:finished calculation efuel 1093 (duration 0.004086971282958984s)
INFO:root:calculation <MasterArea 1094> started
INFO:root:finished calculation electrification 1094 (duration 0.0033800601959228516s)
INFO:root:finished calculation efuel 1094 (duration 0.003267049789428711s)
INFO:root:finished calculation optimised_electrification 1094 (duration 0.004599094390869141s)
INFO:root:finished calculation diesel 1094 (duration 0.002933979034423828s)
INFO:root:finished calculation efuel 1094 (duration 0.0030820369720458984s)
INFO:root:calculation <MasterArea 1095> started
INFO:root:finished calculation electrification 1095 (duration 0.002401113510131836s)
INFO:root:finished calculation efuel 1095 (duration 0.0020742416381835938s)
INFO:root:finished calculation optimised_electrification 1095 (duration 0.002708911895751953s)
INFO:root:finished calculation diesel 1095 (duration 0.002042055130004883s)
INFO:root:finished calculation efuel 1095 (duration 0.0020301342010498047s)
INFO:root:calculation <MasterArea 1096> started
INFO:root:finished calculation electrification 1096 (duration 0.006741046905517578s)
INFO:root:finished calculation efuel 1096 (duration 0.006341218948364258s)
INFO:root:finished calculation optimised_electrification 1096 (duration 0.00807499885559082s)
INFO:root:finished calculation diesel 1096 (duration 0.005026817321777344s)
INFO:root:finished calculation efuel 1096 (duration 0.004846096038818359s)
INFO:root:calculation <MasterArea 1097> started
INFO:root:finished calculation electrification 1097 (duration 0.002540111541748047s)
INFO:root:finished calculation efuel 1097 (duration 0.0021877288818359375s)
INFO:root:finished calculation battery 1097 (duration 0.002393007278442383s)
INFO:root:finished calculation optimised_electrification 1097 (duration 0.0031092166900634766s)
INFO:root:finished calculation diesel 1097 (duration 0.002412080764770508s)
INFO:root:finished calculation efuel 1097 (duration 0.002524137496948242s)
INFO:root:finished calculation h2 1097 (duration 0.0024509429931640625s)
INFO:root:calculation <MasterArea 1098> started
INFO:root:finished calculation electrification 1098 (duration 0.004260063171386719s)
INFO:root:finished calculation efuel 1098 (duration 0.0039348602294921875s)
INFO:root:finished calculation battery 1098 (duration 0.0038847923278808594s)
INFO:root:finished calculation optimised_electrification 1098 (duration 0.004743337631225586s)
INFO:root:finished calculation diesel 1098 (duration 0.0037000179290771484s)
INFO:root:finished calculation efuel 1098 (duration 0.0034110546112060547s)
INFO:root:finished calculation h2 1098 (duration 0.003816843032836914s)
INFO:root:calculation <MasterArea 1099> started
INFO:root:finished calculation electrification 1099 (duration 0.00816488265991211s)
INFO:root:finished calculation efuel 1099 (duration 0.008212089538574219s)
INFO:root:finished calculation battery 1099 (duration 0.009620904922485352s)
INFO:root:finished calculation optimised_electrification 1099 (duration 0.015606880187988281s)
INFO:root:finished calculation diesel 1099 (duration 0.011844873428344727s)
INFO:root:finished calculation efuel 1099 (duration 0.010167598724365234s)
INFO:root:finished calculation h2 1099 (duration 0.011056184768676758s)
INFO:root:calculation <MasterArea 1100> started
INFO:root:finished calculation electrification 1100 (duration 0.0058040618896484375s)
INFO:root:finished calculation efuel 1100 (duration 0.00665593147277832s)
INFO:root:finished calculation battery 1100 (duration 0.006974220275878906s)
INFO:root:finished calculation optimised_electrification 1100 (duration 0.009270906448364258s)
INFO:root:finished calculation diesel 1100 (duration 0.006850004196166992s)
INFO:root:finished calculation efuel 1100 (duration 0.006572723388671875s)
INFO:root:finished calculation h2 1100 (duration 0.006601095199584961s)
INFO:root:calculation <MasterArea 1101> started
INFO:root:finished calculation electrification 1101 (duration 0.006203889846801758s)
INFO:root:finished calculation efuel 1101 (duration 0.006723165512084961s)
INFO:root:finished calculation battery 1101 (duration 0.0072879791259765625s)
INFO:root:finished calculation optimised_electrification 1101 (duration 0.009997844696044922s)
INFO:root:finished calculation diesel 1101 (duration 0.007528066635131836s)
INFO:root:finished calculation efuel 1101 (duration 0.00830221176147461s)
INFO:root:finished calculation h2 1101 (duration 0.008248090744018555s)
INFO:root:calculation <MasterArea 1102> started
INFO:root:finished calculation electrification 1102 (duration 0.051819801330566406s)
INFO:root:finished calculation efuel 1102 (duration 0.05081987380981445s)
INFO:root:finished calculation battery 1102 (duration 0.07289600372314453s)
INFO:root:finished calculation optimised_electrification 1102 (duration 0.1051168441772461s)
INFO:root:finished calculation diesel 1102 (duration 0.05635690689086914s)
INFO:root:finished calculation efuel 1102 (duration 0.060076236724853516s)
INFO:root:finished calculation h2 1102 (duration 0.05507206916809082s)
INFO:root:calculation <MasterArea 1103> started
INFO:root:finished calculation electrification 1103 (duration 0.07453799247741699s)
INFO:root:finished calculation efuel 1103 (duration 0.07936882972717285s)
INFO:root:finished calculation battery 1103 (duration 0.07136821746826172s)
INFO:root:finished calculation optimised_electrification 1103 (duration 0.11590194702148438s)
INFO:root:finished calculation diesel 1103 (duration 0.0942680835723877s)
INFO:root:finished calculation efuel 1103 (duration 0.08527207374572754s)
INFO:root:finished calculation h2 1103 (duration 0.10102200508117676s)
INFO:root:calculation <MasterArea 1104> started
INFO:root:finished calculation electrification 1104 (duration 0.02507495880126953s)
INFO:root:finished calculation efuel 1104 (duration 0.01260995864868164s)
INFO:root:finished calculation battery 1104 (duration 0.007390260696411133s)
INFO:root:finished calculation optimised_electrification 1104 (duration 0.010618925094604492s)
INFO:root:finished calculation diesel 1104 (duration 0.007925033569335938s)
INFO:root:finished calculation efuel 1104 (duration 0.006780862808227539s)
INFO:root:finished calculation h2 1104 (duration 0.009305238723754883s)
INFO:root:calculation <MasterArea 1105> started
INFO:root:finished calculation electrification 1105 (duration 0.003462076187133789s)
INFO:root:finished calculation efuel 1105 (duration 0.004602909088134766s)
INFO:root:finished calculation battery 1105 (duration 0.007936954498291016s)
INFO:root:finished calculation optimised_electrification 1105 (duration 0.011624336242675781s)
INFO:root:finished calculation diesel 1105 (duration 0.006760835647583008s)
INFO:root:finished calculation efuel 1105 (duration 0.008793115615844727s)
INFO:root:finished calculation h2 1105 (duration 0.00853109359741211s)
INFO:root:calculation <MasterArea 1106> started
INFO:root:finished calculation electrification 1106 (duration 0.02953505516052246s)
INFO:root:finished calculation efuel 1106 (duration 0.021990060806274414s)
INFO:root:finished calculation battery 1106 (duration 0.02724289894104004s)
INFO:root:finished calculation optimised_electrification 1106 (duration 0.049139976501464844s)
INFO:root:finished calculation diesel 1106 (duration 0.023273229598999023s)
INFO:root:finished calculation efuel 1106 (duration 0.027362823486328125s)
INFO:root:finished calculation h2 1106 (duration 0.02931523323059082s)
INFO:root:calculation <MasterArea 1107> started
INFO:root:finished calculation electrification 1107 (duration 0.0060842037200927734s)
INFO:root:finished calculation efuel 1107 (duration 0.0065500736236572266s)
INFO:root:finished calculation battery 1107 (duration 0.007397174835205078s)
INFO:root:finished calculation optimised_electrification 1107 (duration 0.010400056838989258s)
INFO:root:finished calculation diesel 1107 (duration 0.008180856704711914s)
INFO:root:finished calculation efuel 1107 (duration 0.008188009262084961s)
INFO:root:finished calculation h2 1107 (duration 0.01102304458618164s)
INFO:root:calculation <MasterArea 1108> started
INFO:root:finished calculation electrification 1108 (duration 0.006756782531738281s)
INFO:root:finished calculation efuel 1108 (duration 0.01148080825805664s)
INFO:root:finished calculation battery 1108 (duration 0.012960195541381836s)
INFO:root:finished calculation optimised_electrification 1108 (duration 0.046994924545288086s)
INFO:root:finished calculation diesel 1108 (duration 0.0037298202514648438s)
INFO:root:finished calculation efuel 1108 (duration 0.007428169250488281s)
INFO:root:finished calculation h2 1108 (duration 0.005348920822143555s)
INFO:root:calculation <MasterArea 1109> started
INFO:root:finished calculation electrification 1109 (duration 0.01579117774963379s)
INFO:root:finished calculation efuel 1109 (duration 0.015319108963012695s)
INFO:root:finished calculation battery 1109 (duration 0.014573097229003906s)
INFO:root:finished calculation optimised_electrification 1109 (duration 0.015642166137695312s)
INFO:root:finished calculation diesel 1109 (duration 0.014436006546020508s)
INFO:root:finished calculation efuel 1109 (duration 0.01631903648376465s)
INFO:root:finished calculation h2 1109 (duration 0.021014928817749023s)
INFO:root:calculation <MasterArea 1110> started
INFO:root:finished calculation electrification 1110 (duration 0.007643222808837891s)
INFO:root:finished calculation efuel 1110 (duration 0.009059906005859375s)
INFO:root:finished calculation battery 1110 (duration 0.009370088577270508s)
INFO:root:finished calculation optimised_electrification 1110 (duration 0.012969970703125s)
INFO:root:finished calculation diesel 1110 (duration 0.012449979782104492s)
INFO:root:finished calculation efuel 1110 (duration 0.010904073715209961s)
INFO:root:finished calculation h2 1110 (duration 0.015196800231933594s)
INFO:root:calculation <MasterArea 1111> started
INFO:root:finished calculation electrification 1111 (duration 0.015872955322265625s)
INFO:root:finished calculation efuel 1111 (duration 0.01440572738647461s)
INFO:root:finished calculation battery 1111 (duration 0.018590211868286133s)
INFO:root:finished calculation optimised_electrification 1111 (duration 0.023320913314819336s)
INFO:root:finished calculation diesel 1111 (duration 0.014599084854125977s)
INFO:root:finished calculation efuel 1111 (duration 0.01275181770324707s)
INFO:root:finished calculation h2 1111 (duration 0.012007951736450195s)
INFO:root:calculation <MasterArea 1112> started
INFO:root:finished calculation electrification 1112 (duration 0.011597633361816406s)
INFO:root:finished calculation efuel 1112 (duration 0.015759944915771484s)
INFO:root:finished calculation battery 1112 (duration 0.01626276969909668s)
INFO:root:finished calculation optimised_electrification 1112 (duration 0.01463007926940918s)
INFO:root:finished calculation diesel 1112 (duration 0.010957956314086914s)
INFO:root:finished calculation efuel 1112 (duration 0.015028953552246094s)
INFO:root:finished calculation h2 1112 (duration 0.012443065643310547s)
INFO:root:calculation <MasterArea 1113> started
INFO:root:finished calculation electrification 1113 (duration 0.025500774383544922s)
INFO:root:finished calculation efuel 1113 (duration 0.014859199523925781s)
INFO:root:finished calculation battery 1113 (duration 0.013159990310668945s)
INFO:root:finished calculation optimised_electrification 1113 (duration 0.02582716941833496s)
INFO:root:finished calculation diesel 1113 (duration 0.017456769943237305s)
INFO:root:finished calculation efuel 1113 (duration 0.015105009078979492s)
INFO:root:finished calculation h2 1113 (duration 0.015316009521484375s)
INFO:root:calculation <MasterArea 1114> started
INFO:root:finished calculation electrification 1114 (duration 0.014833211898803711s)
INFO:root:finished calculation efuel 1114 (duration 0.04065108299255371s)
INFO:root:finished calculation battery 1114 (duration 0.0222628116607666s)
INFO:root:finished calculation optimised_electrification 1114 (duration 0.028938770294189453s)
INFO:root:finished calculation diesel 1114 (duration 0.026885986328125s)
INFO:root:finished calculation efuel 1114 (duration 0.017492055892944336s)
INFO:root:finished calculation h2 1114 (duration 0.016845703125s)
INFO:root:calculation <MasterArea 1115> started
INFO:root:finished calculation electrification 1115 (duration 0.008327960968017578s)
INFO:root:finished calculation efuel 1115 (duration 0.009379863739013672s)
INFO:root:finished calculation battery 1115 (duration 0.007363796234130859s)
INFO:root:finished calculation optimised_electrification 1115 (duration 0.013091087341308594s)
INFO:root:finished calculation diesel 1115 (duration 0.010833978652954102s)
INFO:root:finished calculation efuel 1115 (duration 0.008211851119995117s)
INFO:root:finished calculation h2 1115 (duration 0.010050058364868164s)
INFO:root:calculation <MasterArea 1116> started
INFO:root:finished calculation electrification 1116 (duration 0.021518707275390625s)
INFO:root:finished calculation efuel 1116 (duration 0.022752761840820312s)
INFO:root:finished calculation battery 1116 (duration 0.032483816146850586s)
INFO:root:finished calculation optimised_electrification 1116 (duration 0.04834914207458496s)
INFO:root:finished calculation diesel 1116 (duration 0.03472495079040527s)
INFO:root:finished calculation efuel 1116 (duration 0.040405988693237305s)
INFO:root:finished calculation h2 1116 (duration 0.03620481491088867s)
INFO:root:calculation <MasterArea 1117> started
INFO:root:finished calculation electrification 1117 (duration 0.018407106399536133s)
INFO:root:finished calculation efuel 1117 (duration 0.020160675048828125s)
INFO:root:finished calculation battery 1117 (duration 0.024264097213745117s)
INFO:root:finished calculation optimised_electrification 1117 (duration 0.03678488731384277s)
INFO:root:finished calculation diesel 1117 (duration 0.029425859451293945s)
INFO:root:finished calculation efuel 1117 (duration 0.022047996520996094s)
INFO:root:finished calculation h2 1117 (duration 0.017656803131103516s)
INFO:root:calculation <MasterArea 1118> started
INFO:root:finished calculation electrification 1118 (duration 0.04097723960876465s)
INFO:root:finished calculation efuel 1118 (duration 0.02479696273803711s)
INFO:root:finished calculation battery 1118 (duration 0.025516986846923828s)
INFO:root:finished calculation optimised_electrification 1118 (duration 0.030018091201782227s)
INFO:root:finished calculation diesel 1118 (duration 0.02270984649658203s)
INFO:root:finished calculation efuel 1118 (duration 0.01959705352783203s)
INFO:root:finished calculation h2 1118 (duration 0.024209260940551758s)
INFO:root:calculation <MasterArea 1119> started
INFO:root:finished calculation electrification 1119 (duration 0.012848854064941406s)
INFO:root:finished calculation efuel 1119 (duration 0.013206005096435547s)
INFO:root:finished calculation battery 1119 (duration 0.012987136840820312s)
INFO:root:finished calculation optimised_electrification 1119 (duration 0.017152070999145508s)
INFO:root:finished calculation diesel 1119 (duration 0.012495994567871094s)
INFO:root:finished calculation efuel 1119 (duration 0.015187978744506836s)
INFO:root:finished calculation h2 1119 (duration 0.017863988876342773s)
INFO:root:calculation <MasterArea 1120> started
INFO:root:finished calculation electrification 1120 (duration 0.0058290958404541016s)
INFO:root:finished calculation efuel 1120 (duration 0.008945941925048828s)
INFO:root:finished calculation battery 1120 (duration 0.0071370601654052734s)
INFO:root:finished calculation optimised_electrification 1120 (duration 0.01636219024658203s)
INFO:root:finished calculation diesel 1120 (duration 0.006619930267333984s)
INFO:root:finished calculation efuel 1120 (duration 0.010174989700317383s)
INFO:root:finished calculation h2 1120 (duration 0.010290145874023438s)
INFO:root:calculation <MasterArea 1121> started
INFO:root:finished calculation electrification 1121 (duration 0.005338907241821289s)
INFO:root:finished calculation efuel 1121 (duration 0.004602193832397461s)
INFO:root:finished calculation battery 1121 (duration 0.005759000778198242s)
INFO:root:finished calculation optimised_electrification 1121 (duration 0.00878596305847168s)
INFO:root:finished calculation diesel 1121 (duration 0.00670313835144043s)
INFO:root:finished calculation efuel 1121 (duration 0.006680965423583984s)
INFO:root:finished calculation h2 1121 (duration 0.013948917388916016s)
INFO:root:calculation <MasterArea 1122> started
INFO:root:finished calculation electrification 1122 (duration 0.008178949356079102s)
INFO:root:finished calculation efuel 1122 (duration 0.007876157760620117s)
INFO:root:finished calculation battery 1122 (duration 0.008889198303222656s)
INFO:root:finished calculation optimised_electrification 1122 (duration 0.014278888702392578s)
INFO:root:finished calculation diesel 1122 (duration 0.01293635368347168s)
INFO:root:finished calculation efuel 1122 (duration 0.008401870727539062s)
INFO:root:finished calculation h2 1122 (duration 0.009598970413208008s)
INFO:root:calculation <MasterArea 1123> started
INFO:root:finished calculation electrification 1123 (duration 0.02200794219970703s)
INFO:root:finished calculation efuel 1123 (duration 0.018368005752563477s)
INFO:root:finished calculation optimised_electrification 1123 (duration 0.030997037887573242s)
INFO:root:finished calculation diesel 1123 (duration 0.02329087257385254s)
INFO:root:finished calculation efuel 1123 (duration 0.02201390266418457s)
INFO:root:calculation <MasterArea 1124> started
INFO:root:finished calculation electrification 1124 (duration 0.005430936813354492s)
INFO:root:finished calculation efuel 1124 (duration 0.005179882049560547s)
INFO:root:finished calculation battery 1124 (duration 0.005224943161010742s)
INFO:root:finished calculation optimised_electrification 1124 (duration 0.0070989131927490234s)
INFO:root:finished calculation diesel 1124 (duration 0.005391836166381836s)
INFO:root:finished calculation efuel 1124 (duration 0.0056760311126708984s)
INFO:root:finished calculation h2 1124 (duration 0.006585121154785156s)
INFO:root:calculation <MasterArea 1125> started
INFO:root:finished calculation electrification 1125 (duration 0.06478214263916016s)
INFO:root:finished calculation efuel 1125 (duration 0.0973203182220459s)
INFO:root:finished calculation battery 1125 (duration 0.05329108238220215s)
INFO:root:finished calculation optimised_electrification 1125 (duration 0.0935981273651123s)
INFO:root:finished calculation diesel 1125 (duration 0.07210206985473633s)
INFO:root:finished calculation efuel 1125 (duration 0.0598452091217041s)
INFO:root:finished calculation h2 1125 (duration 0.07670974731445312s)
INFO:root:calculation <MasterArea 1126> started
INFO:root:finished calculation electrification 1126 (duration 0.006428956985473633s)
INFO:root:finished calculation efuel 1126 (duration 0.007176876068115234s)
INFO:root:finished calculation battery 1126 (duration 0.008082151412963867s)
INFO:root:finished calculation optimised_electrification 1126 (duration 0.012145042419433594s)
INFO:root:finished calculation diesel 1126 (duration 0.008734941482543945s)
INFO:root:finished calculation efuel 1126 (duration 0.012783050537109375s)
INFO:root:finished calculation h2 1126 (duration 0.01315617561340332s)
INFO:root:calculation <MasterArea 1127> started
INFO:root:finished calculation electrification 1127 (duration 0.005012035369873047s)
INFO:root:finished calculation efuel 1127 (duration 0.007170200347900391s)
INFO:root:finished calculation battery 1127 (duration 0.007386207580566406s)
INFO:root:finished calculation optimised_electrification 1127 (duration 0.009692192077636719s)
INFO:root:finished calculation diesel 1127 (duration 0.008610010147094727s)
INFO:root:finished calculation efuel 1127 (duration 0.008128881454467773s)
INFO:root:finished calculation h2 1127 (duration 0.009209156036376953s)
INFO:root:calculation <MasterArea 1128> started
INFO:root:finished calculation electrification 1128 (duration 0.02825188636779785s)
INFO:root:finished calculation efuel 1128 (duration 0.011927127838134766s)
INFO:root:finished calculation battery 1128 (duration 0.012870073318481445s)
INFO:root:finished calculation optimised_electrification 1128 (duration 0.01959705352783203s)
INFO:root:finished calculation diesel 1128 (duration 0.013572931289672852s)
INFO:root:finished calculation efuel 1128 (duration 0.014178752899169922s)
INFO:root:finished calculation h2 1128 (duration 0.021091938018798828s)
INFO:root:calculation <MasterArea 1129> started
INFO:root:finished calculation electrification 1129 (duration 0.006224870681762695s)
INFO:root:finished calculation efuel 1129 (duration 0.005697965621948242s)
INFO:root:finished calculation battery 1129 (duration 0.0071489810943603516s)
INFO:root:finished calculation optimised_electrification 1129 (duration 0.009217023849487305s)
INFO:root:finished calculation diesel 1129 (duration 0.008217096328735352s)
INFO:root:finished calculation efuel 1129 (duration 0.009635686874389648s)
INFO:root:finished calculation h2 1129 (duration 0.00990605354309082s)
INFO:root:calculation <MasterArea 1130> started
INFO:root:finished calculation electrification 1130 (duration 0.015521049499511719s)
INFO:root:finished calculation efuel 1130 (duration 0.022758960723876953s)
INFO:root:finished calculation battery 1130 (duration 0.03482389450073242s)
INFO:root:finished calculation optimised_electrification 1130 (duration 0.02831101417541504s)
INFO:root:finished calculation diesel 1130 (duration 0.022335052490234375s)
INFO:root:finished calculation efuel 1130 (duration 0.0262908935546875s)
INFO:root:finished calculation h2 1130 (duration 0.024707794189453125s)
INFO:root:calculation <MasterArea 1131> started
INFO:root:finished calculation electrification 1131 (duration 0.01030421257019043s)
INFO:root:finished calculation efuel 1131 (duration 0.009254932403564453s)
INFO:root:finished calculation battery 1131 (duration 0.010334253311157227s)
INFO:root:finished calculation optimised_electrification 1131 (duration 0.012552976608276367s)
INFO:root:finished calculation diesel 1131 (duration 0.010241031646728516s)
INFO:root:finished calculation efuel 1131 (duration 0.006989955902099609s)
INFO:root:finished calculation h2 1131 (duration 0.008073091506958008s)
INFO:root:calculation <MasterArea 1132> started
INFO:root:finished calculation electrification 1132 (duration 0.007877111434936523s)
INFO:root:finished calculation efuel 1132 (duration 0.006128787994384766s)
INFO:root:finished calculation battery 1132 (duration 0.007811784744262695s)
INFO:root:finished calculation optimised_electrification 1132 (duration 0.008978128433227539s)
INFO:root:finished calculation diesel 1132 (duration 0.010236978530883789s)
INFO:root:finished calculation efuel 1132 (duration 0.008589029312133789s)
INFO:root:finished calculation h2 1132 (duration 0.007008075714111328s)
INFO:root:calculation <MasterArea 1133> started
INFO:root:finished calculation electrification 1133 (duration 0.01712203025817871s)
INFO:root:finished calculation efuel 1133 (duration 0.020061016082763672s)
INFO:root:finished calculation battery 1133 (duration 0.02451300621032715s)
INFO:root:finished calculation optimised_electrification 1133 (duration 0.033696889877319336s)
INFO:root:finished calculation diesel 1133 (duration 0.029639005661010742s)
INFO:root:finished calculation efuel 1133 (duration 0.03832602500915527s)
INFO:root:finished calculation h2 1133 (duration 0.024896860122680664s)
INFO:root:calculation <MasterArea 1134> started
INFO:root:finished calculation electrification 1134 (duration 0.03551793098449707s)
INFO:root:finished calculation efuel 1134 (duration 0.029510974884033203s)
INFO:root:finished calculation battery 1134 (duration 0.02643728256225586s)
INFO:root:finished calculation optimised_electrification 1134 (duration 0.053236961364746094s)
INFO:root:finished calculation diesel 1134 (duration 0.036501169204711914s)
INFO:root:finished calculation efuel 1134 (duration 0.03122091293334961s)
INFO:root:finished calculation h2 1134 (duration 0.02746295928955078s)
INFO:root:calculation <MasterArea 1135> started
INFO:root:finished calculation electrification 1135 (duration 0.016803264617919922s)
INFO:root:finished calculation efuel 1135 (duration 0.013410806655883789s)
INFO:root:finished calculation battery 1135 (duration 0.015749216079711914s)
INFO:root:finished calculation optimised_electrification 1135 (duration 0.02732992172241211s)
INFO:root:finished calculation diesel 1135 (duration 0.021673917770385742s)
INFO:root:finished calculation efuel 1135 (duration 0.01766681671142578s)
INFO:root:finished calculation h2 1135 (duration 0.014111995697021484s)
INFO:root:calculation <MasterArea 1136> started
INFO:root:finished calculation electrification 1136 (duration 0.0088348388671875s)
INFO:root:finished calculation efuel 1136 (duration 0.011337995529174805s)
INFO:root:finished calculation battery 1136 (duration 0.015418052673339844s)
INFO:root:finished calculation optimised_electrification 1136 (duration 0.01911616325378418s)
INFO:root:finished calculation diesel 1136 (duration 0.012537002563476562s)
INFO:root:finished calculation efuel 1136 (duration 0.014468908309936523s)
INFO:root:finished calculation h2 1136 (duration 0.013029098510742188s)
INFO:root:calculation <MasterArea 1137> started
INFO:root:finished calculation electrification 1137 (duration 0.00838780403137207s)
INFO:root:finished calculation efuel 1137 (duration 0.010073184967041016s)
INFO:root:finished calculation battery 1137 (duration 0.011635303497314453s)
INFO:root:finished calculation optimised_electrification 1137 (duration 0.017973899841308594s)
INFO:root:finished calculation diesel 1137 (duration 0.015398025512695312s)
INFO:root:finished calculation efuel 1137 (duration 0.01378488540649414s)
INFO:root:finished calculation h2 1137 (duration 0.012986183166503906s)
INFO:root:calculation <MasterArea 1138> started
INFO:root:finished calculation electrification 1138 (duration 0.020605087280273438s)
INFO:root:finished calculation efuel 1138 (duration 0.0183258056640625s)
INFO:root:finished calculation battery 1138 (duration 0.015234231948852539s)
INFO:root:finished calculation optimised_electrification 1138 (duration 0.0205991268157959s)
INFO:root:finished calculation diesel 1138 (duration 0.024113893508911133s)
INFO:root:finished calculation efuel 1138 (duration 0.02923893928527832s)
INFO:root:finished calculation h2 1138 (duration 0.028837203979492188s)
INFO:root:calculation <MasterArea 1139> started
INFO:root:finished calculation electrification 1139 (duration 0.026884794235229492s)
INFO:root:finished calculation efuel 1139 (duration 0.02173471450805664s)
INFO:root:finished calculation battery 1139 (duration 0.01996898651123047s)
INFO:root:finished calculation optimised_electrification 1139 (duration 0.02886509895324707s)
INFO:root:finished calculation diesel 1139 (duration 0.01675701141357422s)
INFO:root:finished calculation efuel 1139 (duration 0.022114038467407227s)
INFO:root:finished calculation h2 1139 (duration 0.023579120635986328s)
INFO:root:calculation <MasterArea 1140> started
INFO:root:finished calculation electrification 1140 (duration 0.007020235061645508s)
INFO:root:finished calculation efuel 1140 (duration 0.006411075592041016s)
INFO:root:finished calculation battery 1140 (duration 0.008924245834350586s)
INFO:root:finished calculation optimised_electrification 1140 (duration 0.010146856307983398s)
INFO:root:finished calculation diesel 1140 (duration 0.009537696838378906s)
INFO:root:finished calculation efuel 1140 (duration 0.0068700313568115234s)
INFO:root:finished calculation h2 1140 (duration 0.008901119232177734s)
INFO:root:calculation <MasterArea 1141> started
INFO:root:finished calculation electrification 1141 (duration 0.008081912994384766s)
INFO:root:finished calculation efuel 1141 (duration 0.0071392059326171875s)
INFO:root:finished calculation battery 1141 (duration 0.007649898529052734s)
INFO:root:finished calculation optimised_electrification 1141 (duration 0.009870052337646484s)
INFO:root:finished calculation diesel 1141 (duration 0.010589122772216797s)
INFO:root:finished calculation efuel 1141 (duration 0.009641885757446289s)
INFO:root:finished calculation h2 1141 (duration 0.008315086364746094s)
INFO:root:calculation <MasterArea 1142> started
INFO:root:finished calculation electrification 1142 (duration 0.007775306701660156s)
INFO:root:finished calculation efuel 1142 (duration 0.008346080780029297s)
INFO:root:finished calculation battery 1142 (duration 0.007506132125854492s)
INFO:root:finished calculation optimised_electrification 1142 (duration 0.007772922515869141s)
INFO:root:finished calculation diesel 1142 (duration 0.007603883743286133s)
INFO:root:finished calculation efuel 1142 (duration 0.006291866302490234s)
INFO:root:finished calculation h2 1142 (duration 0.008173942565917969s)
INFO:root:calculation <MasterArea 1143> started
INFO:root:finished calculation electrification 1143 (duration 0.005712032318115234s)
INFO:root:finished calculation efuel 1143 (duration 0.0058481693267822266s)
INFO:root:finished calculation battery 1143 (duration 0.006453990936279297s)
INFO:root:finished calculation optimised_electrification 1143 (duration 0.010818958282470703s)
INFO:root:finished calculation diesel 1143 (duration 0.007689952850341797s)
INFO:root:finished calculation efuel 1143 (duration 0.007938861846923828s)
INFO:root:finished calculation h2 1143 (duration 0.009006738662719727s)
INFO:root:calculation <MasterArea 1144> started
INFO:root:finished calculation electrification 1144 (duration 0.013363838195800781s)
INFO:root:finished calculation efuel 1144 (duration 0.013752222061157227s)
INFO:root:finished calculation battery 1144 (duration 0.017554044723510742s)
INFO:root:finished calculation optimised_electrification 1144 (duration 0.02163982391357422s)
INFO:root:finished calculation diesel 1144 (duration 0.016386032104492188s)
INFO:root:finished calculation efuel 1144 (duration 0.012897014617919922s)
INFO:root:finished calculation h2 1144 (duration 0.014416933059692383s)
INFO:root:calculation <MasterArea 1145> started
INFO:root:finished calculation electrification 1145 (duration 0.009289979934692383s)
INFO:root:finished calculation efuel 1145 (duration 0.009091854095458984s)
INFO:root:finished calculation battery 1145 (duration 0.01105809211730957s)
INFO:root:finished calculation optimised_electrification 1145 (duration 0.014587879180908203s)
INFO:root:finished calculation diesel 1145 (duration 0.012227058410644531s)
INFO:root:finished calculation efuel 1145 (duration 0.01081705093383789s)
INFO:root:finished calculation h2 1145 (duration 0.010583162307739258s)
INFO:root:calculation <MasterArea 1146> started
INFO:root:finished calculation electrification 1146 (duration 0.009845972061157227s)
INFO:root:finished calculation efuel 1146 (duration 0.010872125625610352s)
INFO:root:finished calculation battery 1146 (duration 0.013025045394897461s)
INFO:root:finished calculation optimised_electrification 1146 (duration 0.015525102615356445s)
INFO:root:finished calculation diesel 1146 (duration 0.015094995498657227s)
INFO:root:finished calculation efuel 1146 (duration 0.011372089385986328s)
INFO:root:finished calculation h2 1146 (duration 0.011919260025024414s)
INFO:root:calculation <MasterArea 1147> started
INFO:root:finished calculation electrification 1147 (duration 0.017154932022094727s)
INFO:root:finished calculation efuel 1147 (duration 0.01785111427307129s)
INFO:root:finished calculation battery 1147 (duration 0.01889324188232422s)
INFO:root:finished calculation optimised_electrification 1147 (duration 0.029640913009643555s)
INFO:root:finished calculation diesel 1147 (duration 0.019860029220581055s)
INFO:root:finished calculation efuel 1147 (duration 0.020537853240966797s)
INFO:root:finished calculation h2 1147 (duration 0.018392086029052734s)
INFO:root:calculation <MasterArea 1148> started
INFO:root:finished calculation electrification 1148 (duration 0.007378101348876953s)
INFO:root:finished calculation efuel 1148 (duration 0.006761789321899414s)
INFO:root:finished calculation battery 1148 (duration 0.008074045181274414s)
INFO:root:finished calculation optimised_electrification 1148 (duration 0.008655786514282227s)
INFO:root:finished calculation diesel 1148 (duration 0.012481927871704102s)
INFO:root:finished calculation efuel 1148 (duration 0.013803958892822266s)
INFO:root:finished calculation h2 1148 (duration 0.01482081413269043s)
INFO:root:calculation <MasterArea 1149> started
INFO:root:finished calculation electrification 1149 (duration 0.009125947952270508s)
INFO:root:finished calculation efuel 1149 (duration 0.007547140121459961s)
INFO:root:finished calculation battery 1149 (duration 0.006798982620239258s)
INFO:root:finished calculation optimised_electrification 1149 (duration 0.007941961288452148s)
INFO:root:finished calculation diesel 1149 (duration 0.007321834564208984s)
INFO:root:finished calculation efuel 1149 (duration 0.007280111312866211s)
INFO:root:finished calculation h2 1149 (duration 0.008074045181274414s)
INFO:root:calculation <MasterArea 1150> started
INFO:root:finished calculation electrification 1150 (duration 0.008604049682617188s)
INFO:root:finished calculation efuel 1150 (duration 0.009589195251464844s)
INFO:root:finished calculation battery 1150 (duration 0.011867284774780273s)
INFO:root:finished calculation optimised_electrification 1150 (duration 0.033638954162597656s)
INFO:root:finished calculation diesel 1150 (duration 0.00734400749206543s)
INFO:root:finished calculation efuel 1150 (duration 0.008723020553588867s)
INFO:root:finished calculation h2 1150 (duration 0.009759902954101562s)
INFO:root:calculation <MasterArea 1151> started
INFO:root:finished calculation electrification 1151 (duration 0.025550127029418945s)
INFO:root:finished calculation efuel 1151 (duration 0.0077440738677978516s)
INFO:root:finished calculation battery 1151 (duration 0.00890493392944336s)
INFO:root:finished calculation optimised_electrification 1151 (duration 0.009249687194824219s)
INFO:root:finished calculation diesel 1151 (duration 0.006757974624633789s)
INFO:root:finished calculation efuel 1151 (duration 0.0072100162506103516s)
INFO:root:finished calculation h2 1151 (duration 0.008450984954833984s)
INFO:root:calculation <MasterArea 1152> started
INFO:root:finished calculation electrification 1152 (duration 0.015247821807861328s)
INFO:root:finished calculation efuel 1152 (duration 0.015910863876342773s)
INFO:root:finished calculation battery 1152 (duration 0.014309167861938477s)
INFO:root:finished calculation optimised_electrification 1152 (duration 0.02513885498046875s)
INFO:root:finished calculation diesel 1152 (duration 0.021264076232910156s)
INFO:root:finished calculation efuel 1152 (duration 0.015192747116088867s)
INFO:root:finished calculation h2 1152 (duration 0.018642187118530273s)
INFO:root:calculation <MasterArea 1153> started
INFO:root:finished calculation electrification 1153 (duration 0.008226633071899414s)
INFO:root:finished calculation efuel 1153 (duration 0.0074307918548583984s)
INFO:root:finished calculation battery 1153 (duration 0.006812095642089844s)
INFO:root:finished calculation optimised_electrification 1153 (duration 0.012394905090332031s)
INFO:root:finished calculation diesel 1153 (duration 0.010833740234375s)
INFO:root:finished calculation efuel 1153 (duration 0.00858306884765625s)
INFO:root:finished calculation h2 1153 (duration 0.006735086441040039s)
INFO:root:calculation <MasterArea 1154> started
INFO:root:finished calculation electrification 1154 (duration 1.5002520084381104s)
INFO:root:finished calculation efuel 1154 (duration 1.091719150543213s)
INFO:root:finished calculation battery 1154 (duration 22.13072180747986s)
INFO:root:Catenary in Zinnowitz for 22257 is too long 12780m
INFO:root:Catenary in Wolgast for 21172 is too long 3409m
INFO:root:finished calculation optimised_electrification 1154 (duration 38.337581157684326s)
INFO:root:finished calculation diesel 1154 (duration 1.0251150131225586s)
INFO:root:finished calculation efuel 1154 (duration 0.00481414794921875s)
INFO:root:finished calculation h2 1154 (duration 17.40865683555603s)
INFO:root:calculation <MasterArea 1155> started
INFO:root:finished calculation electrification 1155 (duration 0.08319211006164551s)
INFO:root:finished calculation efuel 1155 (duration 0.08044910430908203s)
INFO:root:finished calculation battery 1155 (duration 33.33602499961853s)
INFO:root:finished calculation optimised_electrification 1155 (duration 21.783377170562744s)
INFO:root:finished calculation diesel 1155 (duration 0.08169412612915039s)
INFO:root:finished calculation efuel 1155 (duration 0.004515171051025391s)
INFO:root:finished calculation h2 1155 (duration 11.231302976608276s)
INFO:root:calculation <MasterArea 1156> started
INFO:root:finished calculation electrification 1156 (duration 0.07697606086730957s)
INFO:root:finished calculation efuel 1156 (duration 0.07590508460998535s)
ERROR:root:Possible Groups has a non valid length set()
INFO:root:Could not calculate reference speed for train_group TrainGroup HE12_S 12001 Bad Vilbel - Bad Homburg - Neu-Isenburg Birkengewann. More information on page 197 Verfahrensanleitung Standardisierte Bewertung
INFO:root:Could not calculate reference speed for train_group TrainGroup HE12_S 12001 Bad Vilbel - Bad Homburg - Neu-Isenburg Birkengewann. More information on page 197 Verfahrensanleitung Standardisierte Bewertung
INFO:root:Could not calculate reference speed for train_group TrainGroup HE12_S 12001 Bad Vilbel - Bad Homburg - Neu-Isenburg Birkengewann. More information on page 197 Verfahrensanleitung Standardisierte Bewertung
ERROR:root:Possible Groups has a non valid length set()
INFO:root:Could not calculate reference speed for train_group TrainGroup HE12_S 12002 Neu-Isenburg Birkengewann - Bad Homburg - Bad Vilbel. More information on page 197 Verfahrensanleitung Standardisierte Bewertung
INFO:root:Could not calculate reference speed for train_group TrainGroup HE12_S 12002 Neu-Isenburg Birkengewann - Bad Homburg - Bad Vilbel. More information on page 197 Verfahrensanleitung Standardisierte Bewertung
INFO:root:finished calculation battery 1156 (duration 15.003648042678833s)
ERROR:root:Possible Groups has a non valid length set()
INFO:root:Could not calculate reference speed for train_group TrainGroup HE12_S 12001 Bad Vilbel - Bad Homburg - Neu-Isenburg Birkengewann. More information on page 197 Verfahrensanleitung Standardisierte Bewertung
INFO:root:Could not calculate reference speed for train_group TrainGroup HE12_S 12001 Bad Vilbel - Bad Homburg - Neu-Isenburg Birkengewann. More information on page 197 Verfahrensanleitung Standardisierte Bewertung
INFO:root:Could not calculate reference speed for train_group TrainGroup HE12_S 12001 Bad Vilbel - Bad Homburg - Neu-Isenburg Birkengewann. More information on page 197 Verfahrensanleitung Standardisierte Bewertung
ERROR:root:Possible Groups has a non valid length set()
INFO:root:Could not calculate reference speed for train_group TrainGroup HE12_S 12002 Neu-Isenburg Birkengewann - Bad Homburg - Bad Vilbel. More information on page 197 Verfahrensanleitung Standardisierte Bewertung
INFO:root:Could not calculate reference speed for train_group TrainGroup HE12_S 12002 Neu-Isenburg Birkengewann - Bad Homburg - Bad Vilbel. More information on page 197 Verfahrensanleitung Standardisierte Bewertung
INFO:root:finished calculation optimised_electrification 1156 (duration 16.10984206199646s)
INFO:root:finished calculation diesel 1156 (duration 0.07648682594299316s)
INFO:root:finished calculation efuel 1156 (duration 0.0025479793548583984s)
INFO:root:Could not calculate reference speed for line TimetableLine 1557 HE12_S. More information on page 197 Verfahrensanleitung Standardisierte Bewertung
INFO:root:Could not calculate reference speed for line TimetableLine 1557 HE12_S. More information on page 197 Verfahrensanleitung Standardisierte Bewertung
INFO:root:Could not calculate reference speed for line TimetableLine 1557 HE12_S. More information on page 197 Verfahrensanleitung Standardisierte Bewertung
INFO:root:Could not calculate reference speed for line TimetableLine 1557 HE12_S. More information on page 197 Verfahrensanleitung Standardisierte Bewertung
INFO:root:finished calculation h2 1156 (duration 6.1000707149505615s)
INFO:root:calculation <MasterArea 1157> started
INFO:root:finished calculation electrification 1157 (duration 0.07307600975036621s)
INFO:root:finished calculation efuel 1157 (duration 0.07401084899902344s)
INFO:root:finished calculation battery 1157 (duration 11.27709698677063s)
INFO:root:finished calculation optimised_electrification 1157 (duration 11.459089040756226s)
INFO:root:finished calculation diesel 1157 (duration 0.08256721496582031s)
INFO:root:finished calculation efuel 1157 (duration 0.002780914306640625s)
INFO:root:finished calculation h2 1157 (duration 3.6805849075317383s)
INFO:root:calculation <MasterArea 1158> started
INFO:root:finished calculation electrification 1158 (duration 0.08290481567382812s)
INFO:root:finished calculation efuel 1158 (duration 0.0762929916381836s)
INFO:root:finished calculation battery 1158 (duration 21.553304195404053s)
INFO:root:finished calculation optimised_electrification 1158 (duration 21.962931871414185s)
INFO:root:finished calculation diesel 1158 (duration 0.0793752670288086s)
INFO:root:finished calculation efuel 1158 (duration 0.002721071243286133s)
INFO:root:finished calculation h2 1158 (duration 5.475022077560425s)
INFO:root:calculation <MasterArea 1159> started
INFO:root:finished calculation electrification 1159 (duration 0.07328915596008301s)
INFO:root:finished calculation efuel 1159 (duration 1.2677812576293945s)
INFO:root:finished calculation battery 1159 (duration 3.98913311958313s)
INFO:root:finished calculation optimised_electrification 1159 (duration 4.806149959564209s)
INFO:root:finished calculation diesel 1159 (duration 1.285356044769287s)
INFO:root:finished calculation efuel 1159 (duration 0.0027518272399902344s)
INFO:root:finished calculation h2 1159 (duration 2.4960360527038574s)
INFO:root:calculation <MasterArea 1160> started
INFO:root:finished calculation electrification 1160 (duration 0.07582783699035645s)
INFO:root:finished calculation efuel 1160 (duration 1.4163563251495361s)
INFO:root:finished calculation battery 1160 (duration 4.7163310050964355s)
INFO:root:finished calculation optimised_electrification 1160 (duration 5.430479049682617s)
INFO:root:finished calculation diesel 1160 (duration 1.4222829341888428s)
INFO:root:finished calculation efuel 1160 (duration 0.002830982208251953s)
INFO:root:finished calculation h2 1160 (duration 2.6893980503082275s)
INFO:root:calculation <MasterArea 1161> started
INFO:root:finished calculation electrification 1161 (duration 0.0742342472076416s)
INFO:root:finished calculation efuel 1161 (duration 1.073324203491211s)
INFO:root:finished calculation battery 1161 (duration 2.4399008750915527s)
INFO:root:finished calculation optimised_electrification 1161 (duration 3.165215015411377s)
INFO:root:finished calculation diesel 1161 (duration 1.0922930240631104s)
INFO:root:finished calculation efuel 1161 (duration 0.003143787384033203s)
INFO:root:finished calculation h2 1161 (duration 2.0139291286468506s)
INFO:root:calculation <MasterArea 1162> started
INFO:root:finished calculation electrification 1162 (duration 0.08139705657958984s)
INFO:root:finished calculation efuel 1162 (duration 0.07931995391845703s)
INFO:root:finished calculation battery 1162 (duration 15.588634014129639s)
INFO:root:finished calculation optimised_electrification 1162 (duration 17.840806007385254s)
INFO:root:finished calculation diesel 1162 (duration 0.08570504188537598s)
INFO:root:finished calculation efuel 1162 (duration 0.006461143493652344s)
INFO:root:finished calculation h2 1162 (duration 14.601614952087402s)
INFO:root:calculation <MasterArea 1163> started
INFO:root:finished calculation electrification 1163 (duration 0.07530498504638672s)
INFO:root:finished calculation efuel 1163 (duration 5.137169122695923s)
INFO:root:finished calculation battery 1163 (duration 12.636203050613403s)
INFO:root:finished calculation optimised_electrification 1163 (duration 21.395057916641235s)
INFO:root:finished calculation diesel 1163 (duration 5.111058235168457s)
INFO:root:finished calculation efuel 1163 (duration 0.004083871841430664s)
INFO:root:finished calculation h2 1163 (duration 12.121798038482666s)
INFO:root:calculation <MasterArea 1164> started
INFO:root:finished calculation electrification 1164 (duration 2.3264248371124268s)
INFO:root:finished calculation efuel 1164 (duration 2.294717788696289s)
INFO:root:finished calculation battery 1164 (duration 4.716408967971802s)
INFO:root:finished calculation optimised_electrification 1164 (duration 3.359020233154297s)
INFO:root:finished calculation diesel 1164 (duration 2.3344788551330566s)
INFO:root:finished calculation efuel 1164 (duration 0.0028891563415527344s)
INFO:root:finished calculation h2 1164 (duration 2.3210458755493164s)
INFO:root:calculation <MasterArea 1165> started
INFO:root:finished calculation electrification 1165 (duration 0.07461404800415039s)
INFO:root:finished calculation efuel 1165 (duration 0.07626509666442871s)
INFO:root:finished calculation battery 1165 (duration 6.228061199188232s)
INFO:root:finished calculation optimised_electrification 1165 (duration 6.986156702041626s)
INFO:root:finished calculation diesel 1165 (duration 0.08004117012023926s)
INFO:root:finished calculation efuel 1165 (duration 0.0027430057525634766s)
INFO:root:finished calculation h2 1165 (duration 2.7155649662017822s)
INFO:root:calculation <MasterArea 1166> started
INFO:root:finished calculation electrification 1166 (duration 0.08020806312561035s)
INFO:root:finished calculation efuel 1166 (duration 0.08276677131652832s)
INFO:root:finished calculation battery 1166 (duration 43.26886510848999s)
INFO:root:finished calculation optimised_electrification 1166 (duration 44.56690788269043s)
INFO:root:finished calculation diesel 1166 (duration 0.08465790748596191s)
INFO:root:finished calculation efuel 1166 (duration 0.006173849105834961s)
INFO:root:finished calculation h2 1166 (duration 14.260841131210327s)
INFO:root:calculation <MasterArea 1167> started
INFO:root:finished calculation electrification 1167 (duration 0.07381200790405273s)
INFO:root:finished calculation efuel 1167 (duration 0.07548975944519043s)
INFO:root:finished calculation optimised_electrification 1167 (duration 0.8455808162689209s)
INFO:root:finished calculation diesel 1167 (duration 0.08461308479309082s)
INFO:root:finished calculation efuel 1167 (duration 0.002947092056274414s)
INFO:root:calculation <MasterArea 1168> started
INFO:root:finished calculation electrification 1168 (duration 0.07657909393310547s)
INFO:root:finished calculation efuel 1168 (duration 0.07193899154663086s)
INFO:root:Catenary in Forchheim (Oberfr) for 8862 is too long 3361m
INFO:root:finished calculation battery 1168 (duration 2.7326951026916504s)
INFO:root:Catenary in Forchheim (Oberfr) for 8862 is too long 3361m
INFO:root:finished calculation optimised_electrification 1168 (duration 3.570159912109375s)
INFO:root:finished calculation diesel 1168 (duration 0.07392311096191406s)
INFO:root:finished calculation efuel 1168 (duration 0.0025789737701416016s)
INFO:root:finished calculation h2 1168 (duration 2.3879611492156982s)
INFO:root:calculation <MasterArea 1169> started
INFO:root:finished calculation electrification 1169 (duration 0.07790899276733398s)
INFO:root:finished calculation efuel 1169 (duration 0.07345986366271973s)
INFO:root:finished calculation battery 1169 (duration 4.066957950592041s)
INFO:root:finished calculation optimised_electrification 1169 (duration 4.987315893173218s)
INFO:root:finished calculation diesel 1169 (duration 0.08071112632751465s)
INFO:root:finished calculation efuel 1169 (duration 0.0057179927825927734s)
INFO:root:finished calculation h2 1169 (duration 2.7206180095672607s)
INFO:root:calculation <MasterArea 1170> started
INFO:root:finished calculation electrification 1170 (duration 0.07725906372070312s)
INFO:root:finished calculation efuel 1170 (duration 0.07445287704467773s)
INFO:root:finished calculation battery 1170 (duration 4.165382146835327s)
INFO:root:finished calculation optimised_electrification 1170 (duration 5.06126594543457s)
INFO:root:finished calculation diesel 1170 (duration 0.0777430534362793s)
INFO:root:finished calculation efuel 1170 (duration 0.005227088928222656s)
INFO:root:finished calculation h2 1170 (duration 2.6270029544830322s)
INFO:root:calculation <MasterArea 1171> started
INFO:root:finished calculation electrification 1171 (duration 0.07700300216674805s)
INFO:root:finished calculation efuel 1171 (duration 0.07652807235717773s)
INFO:root:finished calculation battery 1171 (duration 3.67160701751709s)
INFO:root:finished calculation optimised_electrification 1171 (duration 4.551868915557861s)
INFO:root:finished calculation diesel 1171 (duration 0.07767868041992188s)
INFO:root:finished calculation efuel 1171 (duration 0.0028133392333984375s)
INFO:root:finished calculation h2 1171 (duration 2.547452926635742s)
INFO:root:calculation <MasterArea 1172> started
INFO:root:finished calculation electrification 1172 (duration 0.0792689323425293s)
INFO:root:finished calculation efuel 1172 (duration 0.08035111427307129s)
INFO:root:finished calculation battery 1172 (duration 18.44376564025879s)
INFO:root:finished calculation optimised_electrification 1172 (duration 19.38131594657898s)
INFO:root:finished calculation diesel 1172 (duration 0.08119392395019531s)
INFO:root:finished calculation efuel 1172 (duration 0.004499912261962891s)
INFO:root:finished calculation h2 1172 (duration 7.8769371509552s)
INFO:root:calculation <MasterArea 1173> started
INFO:root:finished calculation electrification 1173 (duration 0.07872390747070312s)
INFO:root:finished calculation efuel 1173 (duration 0.07696700096130371s)
INFO:root:finished calculation battery 1173 (duration 6.2689831256866455s)
INFO:root:finished calculation optimised_electrification 1173 (duration 7.028515100479126s)
INFO:root:finished calculation diesel 1173 (duration 0.0805201530456543s)
INFO:root:finished calculation efuel 1173 (duration 0.002792835235595703s)
INFO:root:finished calculation h2 1173 (duration 7.019706964492798s)
INFO:root:calculation <MasterArea 1174> started
INFO:root:finished calculation electrification 1174 (duration 0.07502889633178711s)
INFO:root:finished calculation efuel 1174 (duration 0.07616710662841797s)
INFO:root:finished calculation battery 1174 (duration 4.310725927352905s)
INFO:root:finished calculation optimised_electrification 1174 (duration 5.10542893409729s)
INFO:root:finished calculation diesel 1174 (duration 0.07652616500854492s)
INFO:root:finished calculation efuel 1174 (duration 0.002783060073852539s)
INFO:root:finished calculation h2 1174 (duration 2.374892234802246s)
INFO:root:calculation <MasterArea 1175> started
INFO:root:finished calculation electrification 1175 (duration 0.08174014091491699s)
INFO:root:finished calculation efuel 1175 (duration 0.07788324356079102s)
INFO:root:finished calculation battery 1175 (duration 7.9659271240234375s)
INFO:root:finished calculation optimised_electrification 1175 (duration 8.744968891143799s)
INFO:root:finished calculation diesel 1175 (duration 0.07616090774536133s)
INFO:root:finished calculation efuel 1175 (duration 0.003904104232788086s)
INFO:root:finished calculation h2 1175 (duration 3.6835708618164062s)
INFO:root:calculation <MasterArea 1176> started
INFO:root:finished calculation electrification 1176 (duration 0.08131670951843262s)
INFO:root:finished calculation efuel 1176 (duration 0.08316397666931152s)
INFO:root:finished calculation optimised_electrification 1176 (duration 1.0885629653930664s)
INFO:root:finished calculation diesel 1176 (duration 0.09206390380859375s)
INFO:root:finished calculation efuel 1176 (duration 0.012527227401733398s)
INFO:root:calculation <MasterArea 1177> started
INFO:root:finished calculation electrification 1177 (duration 0.08437705039978027s)
INFO:root:finished calculation efuel 1177 (duration 0.0793309211730957s)
INFO:root:finished calculation battery 1177 (duration 3.5628302097320557s)
INFO:root:finished calculation optimised_electrification 1177 (duration 4.2958080768585205s)
INFO:root:finished calculation diesel 1177 (duration 0.0772709846496582s)
INFO:root:finished calculation efuel 1177 (duration 0.002750873565673828s)
INFO:root:finished calculation h2 1177 (duration 2.4265429973602295s)
INFO:root:calculation <MasterArea 1178> started
INFO:root:finished calculation electrification 1178 (duration 0.07728075981140137s)
INFO:root:finished calculation efuel 1178 (duration 0.07679295539855957s)
INFO:root:finished calculation battery 1178 (duration 6.035923004150391s)
INFO:root:finished calculation optimised_electrification 1178 (duration 6.833523988723755s)
INFO:root:finished calculation diesel 1178 (duration 0.07778000831604004s)
INFO:root:finished calculation efuel 1178 (duration 0.004285335540771484s)
INFO:root:finished calculation h2 1178 (duration 3.734990119934082s)
INFO:root:calculation <MasterArea 1179> started
INFO:root:finished calculation electrification 1179 (duration 0.07592201232910156s)
INFO:root:finished calculation efuel 1179 (duration 0.07754278182983398s)
INFO:root:finished calculation battery 1179 (duration 2.724796772003174s)
INFO:root:finished calculation optimised_electrification 1179 (duration 3.4349119663238525s)
INFO:root:finished calculation diesel 1179 (duration 0.07762908935546875s)
INFO:root:finished calculation efuel 1179 (duration 0.002908945083618164s)
INFO:root:finished calculation h2 1179 (duration 2.2675840854644775s)
INFO:root:calculation <MasterArea 1180> started
INFO:root:finished calculation electrification 1180 (duration 0.07928872108459473s)
INFO:root:finished calculation efuel 1180 (duration 0.07742905616760254s)
INFO:root:finished calculation battery 1180 (duration 3.399109125137329s)
INFO:root:finished calculation optimised_electrification 1180 (duration 4.149078130722046s)
INFO:root:finished calculation diesel 1180 (duration 0.07751774787902832s)
INFO:root:finished calculation efuel 1180 (duration 0.0027866363525390625s)
INFO:root:finished calculation h2 1180 (duration 2.8953230381011963s)
INFO:root:calculation <MasterArea 1181> started
INFO:root:finished calculation electrification 1181 (duration 0.07890200614929199s)
INFO:root:finished calculation efuel 1181 (duration 0.08046531677246094s)
INFO:root:finished calculation battery 1181 (duration 16.335747718811035s)
INFO:root:finished calculation optimised_electrification 1181 (duration 17.326823949813843s)
INFO:root:finished calculation diesel 1181 (duration 0.08106303215026855s)
INFO:root:finished calculation efuel 1181 (duration 0.004634857177734375s)
INFO:root:finished calculation h2 1181 (duration 6.686285018920898s)
INFO:root:calculation <MasterArea 1182> started
INFO:root:finished calculation electrification 1182 (duration 0.08549022674560547s)
INFO:root:finished calculation efuel 1182 (duration 0.07526612281799316s)
INFO:root:Catenary in Mindelheim for 9320 is too long 1419m
INFO:root:finished calculation battery 1182 (duration 6.457708120346069s)
INFO:root:Catenary in Mindelheim for 9320 is too long 1419m
INFO:root:finished calculation optimised_electrification 1182 (duration 7.762667179107666s)
INFO:root:finished calculation diesel 1182 (duration 0.07692790031433105s)
INFO:root:finished calculation efuel 1182 (duration 0.0027008056640625s)
INFO:root:finished calculation h2 1182 (duration 4.830586194992065s)
INFO:root:calculation <MasterArea 1183> started
INFO:root:finished calculation electrification 1183 (duration 0.07404589653015137s)
INFO:root:finished calculation efuel 1183 (duration 0.07611989974975586s)
INFO:root:finished calculation battery 1183 (duration 4.836517095565796s)
INFO:root:finished calculation optimised_electrification 1183 (duration 5.7887279987335205s)
INFO:root:finished calculation diesel 1183 (duration 0.0805971622467041s)
INFO:root:finished calculation efuel 1183 (duration 0.005109071731567383s)
INFO:root:finished calculation h2 1183 (duration 2.5500268936157227s)
INFO:root:calculation <MasterArea 1184> started
INFO:root:finished calculation electrification 1184 (duration 0.07593393325805664s)
INFO:root:finished calculation efuel 1184 (duration 0.07561492919921875s)
INFO:root:Catenary in Nrtingen for 21409 is too long 8928m
INFO:root:finished calculation battery 1184 (duration 5.6291139125823975s)
INFO:root:Catenary in Nrtingen for 21409 is too long 8928m
INFO:root:finished calculation optimised_electrification 1184 (duration 6.4799439907073975s)
INFO:root:finished calculation diesel 1184 (duration 0.0817270278930664s)
INFO:root:finished calculation efuel 1184 (duration 0.0047359466552734375s)
INFO:root:finished calculation h2 1184 (duration 4.649166107177734s)
INFO:root:calculation <MasterArea 1185> started
INFO:root:finished calculation electrification 1185 (duration 0.07508611679077148s)
INFO:root:finished calculation efuel 1185 (duration 0.07895803451538086s)
INFO:root:finished calculation battery 1185 (duration 4.7502429485321045s)
INFO:root:finished calculation optimised_electrification 1185 (duration 5.598290920257568s)
INFO:root:finished calculation diesel 1185 (duration 0.08177900314331055s)
INFO:root:finished calculation efuel 1185 (duration 0.00321197509765625s)
INFO:root:finished calculation h2 1185 (duration 2.230897903442383s)
INFO:root:calculation <MasterArea 1186> started
INFO:root:finished calculation electrification 1186 (duration 0.07626605033874512s)
INFO:root:finished calculation efuel 1186 (duration 0.07353806495666504s)
INFO:root:finished calculation battery 1186 (duration 5.324649810791016s)
INFO:root:finished calculation optimised_electrification 1186 (duration 6.033199787139893s)
INFO:root:finished calculation diesel 1186 (duration 0.07654094696044922s)
INFO:root:finished calculation efuel 1186 (duration 0.002892017364501953s)
INFO:root:finished calculation h2 1186 (duration 5.914103031158447s)
INFO:root:calculation <MasterArea 1187> started
INFO:root:finished calculation electrification 1187 (duration 0.09663987159729004s)
INFO:root:finished calculation efuel 1187 (duration 0.07912278175354004s)
INFO:root:finished calculation battery 1187 (duration 24.29170513153076s)
INFO:root:finished calculation optimised_electrification 1187 (duration 34.99925780296326s)
INFO:root:finished calculation diesel 1187 (duration 0.0909271240234375s)
INFO:root:finished calculation efuel 1187 (duration 0.007218837738037109s)
INFO:root:finished calculation h2 1187 (duration 12.993978023529053s)
INFO:root:calculation <MasterArea 1188> started
INFO:root:finished calculation electrification 1188 (duration 0.07288193702697754s)
INFO:root:finished calculation efuel 1188 (duration 0.07598090171813965s)
INFO:root:Could not calculate reference speed for train_group TrainGroup SH4.d_SH 4402 S4 West Hamburg-Altona S - Pinneberg - Elmshorn. More information on page 197 Verfahrensanleitung Standardisierte Bewertung
INFO:root:Could not calculate reference speed for train_group TrainGroup SH4.d_SH 4402 S4 West Hamburg-Altona S - Pinneberg - Elmshorn. More information on page 197 Verfahrensanleitung Standardisierte Bewertung
INFO:root:finished calculation battery 1188 (duration 4.833617925643921s)
INFO:root:Could not calculate reference speed for train_group TrainGroup SH4.d_SH 4402 S4 West Hamburg-Altona S - Pinneberg - Elmshorn. More information on page 197 Verfahrensanleitung Standardisierte Bewertung
INFO:root:Could not calculate reference speed for train_group TrainGroup SH4.d_SH 4402 S4 West Hamburg-Altona S - Pinneberg - Elmshorn. More information on page 197 Verfahrensanleitung Standardisierte Bewertung
INFO:root:finished calculation optimised_electrification 1188 (duration 5.616844177246094s)
INFO:root:finished calculation diesel 1188 (duration 0.07557296752929688s)
INFO:root:finished calculation efuel 1188 (duration 0.002710103988647461s)
INFO:root:Could not calculate reference speed for line TimetableLine 2319 SH4.d_SH. More information on page 197 Verfahrensanleitung Standardisierte Bewertung
INFO:root:Could not calculate reference speed for line TimetableLine 2319 SH4.d_SH. More information on page 197 Verfahrensanleitung Standardisierte Bewertung
INFO:root:finished calculation h2 1188 (duration 2.7716169357299805s)
INFO:root:calculation <MasterArea 1189> started
INFO:root:finished calculation electrification 1189 (duration 0.07471323013305664s)
INFO:root:Could not calculate reference speed for line TimetableLine 2196 BB35_N. More information on page 197 Verfahrensanleitung Standardisierte Bewertung
INFO:root:Could not calculate reference speed for line TimetableLine 2196 BB35_N. More information on page 197 Verfahrensanleitung Standardisierte Bewertung
INFO:root:finished calculation efuel 1189 (duration 1.1972730159759521s)
INFO:root:Could not calculate reference speed for train_group TrainGroup BB35_N 35001 N 35 Frstenw (Spree) - Bad Saarow Kl Hp. More information on page 197 Verfahrensanleitung Standardisierte Bewertung
INFO:root:Could not calculate reference speed for train_group TrainGroup BB35_N 35001 N 35 Frstenw (Spree) - Bad Saarow Kl Hp. More information on page 197 Verfahrensanleitung Standardisierte Bewertung
INFO:root:Could not calculate reference speed for train_group TrainGroup BB35_N 35002 N 35 Bad Saarow Kl Hp - Frstenw (Spree). More information on page 197 Verfahrensanleitung Standardisierte Bewertung
INFO:root:Could not calculate reference speed for train_group TrainGroup BB35_N 35002 N 35 Bad Saarow Kl Hp - Frstenw (Spree). More information on page 197 Verfahrensanleitung Standardisierte Bewertung
INFO:root:finished calculation battery 1189 (duration 3.191610097885132s)
INFO:root:Could not calculate reference speed for train_group TrainGroup BB35_N 35001 N 35 Frstenw (Spree) - Bad Saarow Kl Hp. More information on page 197 Verfahrensanleitung Standardisierte Bewertung
INFO:root:Could not calculate reference speed for train_group TrainGroup BB35_N 35001 N 35 Frstenw (Spree) - Bad Saarow Kl Hp. More information on page 197 Verfahrensanleitung Standardisierte Bewertung
INFO:root:Could not calculate reference speed for train_group TrainGroup BB35_N 35002 N 35 Bad Saarow Kl Hp - Frstenw (Spree). More information on page 197 Verfahrensanleitung Standardisierte Bewertung
INFO:root:Could not calculate reference speed for train_group TrainGroup BB35_N 35002 N 35 Bad Saarow Kl Hp - Frstenw (Spree). More information on page 197 Verfahrensanleitung Standardisierte Bewertung
INFO:root:finished calculation optimised_electrification 1189 (duration 3.9645988941192627s)
INFO:root:Could not calculate reference speed for line TimetableLine 2196 BB35_N. More information on page 197 Verfahrensanleitung Standardisierte Bewertung
INFO:root:Could not calculate reference speed for line TimetableLine 2196 BB35_N. More information on page 197 Verfahrensanleitung Standardisierte Bewertung
INFO:root:finished calculation diesel 1189 (duration 1.2053170204162598s)
INFO:root:finished calculation efuel 1189 (duration 0.00292205810546875s)
INFO:root:Could not calculate reference speed for line TimetableLine 2196 BB35_N. More information on page 197 Verfahrensanleitung Standardisierte Bewertung
INFO:root:Could not calculate reference speed for line TimetableLine 2196 BB35_N. More information on page 197 Verfahrensanleitung Standardisierte Bewertung
INFO:root:Could not calculate reference speed for line TimetableLine 2196 BB35_N. More information on page 197 Verfahrensanleitung Standardisierte Bewertung
INFO:root:Could not calculate reference speed for line TimetableLine 2196 BB35_N. More information on page 197 Verfahrensanleitung Standardisierte Bewertung
INFO:root:finished calculation h2 1189 (duration 2.232896089553833s)
INFO:root:calculation <MasterArea 1190> started
INFO:root:finished calculation electrification 1190 (duration 0.07518506050109863s)
INFO:root:finished calculation efuel 1190 (duration 0.07570409774780273s)
INFO:root:finished calculation battery 1190 (duration 7.120000839233398s)
INFO:root:finished calculation optimised_electrification 1190 (duration 7.846851110458374s)
INFO:root:finished calculation diesel 1190 (duration 0.08052968978881836s)
INFO:root:finished calculation efuel 1190 (duration 0.004396677017211914s)
INFO:root:finished calculation h2 1190 (duration 3.652492046356201s)
INFO:root:calculation <MasterArea 1191> started
INFO:root:finished calculation electrification 1191 (duration 0.07674407958984375s)
INFO:root:finished calculation efuel 1191 (duration 0.07943224906921387s)
INFO:root:finished calculation battery 1191 (duration 5.999874114990234s)
INFO:root:finished calculation optimised_electrification 1191 (duration 7.017091989517212s)
INFO:root:finished calculation diesel 1191 (duration 0.07641792297363281s)
INFO:root:finished calculation efuel 1191 (duration 0.0027618408203125s)
INFO:root:finished calculation h2 1191 (duration 6.803867816925049s)
INFO:root:calculation <MasterArea 1192> started
INFO:root:finished calculation electrification 1192 (duration 0.07464981079101562s)
INFO:root:finished calculation efuel 1192 (duration 0.07537007331848145s)
INFO:root:finished calculation battery 1192 (duration 4.836075067520142s)
INFO:root:finished calculation optimised_electrification 1192 (duration 5.530288934707642s)
INFO:root:finished calculation diesel 1192 (duration 0.07844305038452148s)
INFO:root:finished calculation efuel 1192 (duration 0.004049062728881836s)
INFO:root:finished calculation h2 1192 (duration 2.6614649295806885s)
INFO:root:calculation <MasterArea 1193> started
INFO:root:finished calculation electrification 1193 (duration 0.0762629508972168s)
INFO:root:finished calculation efuel 1193 (duration 0.07747912406921387s)
INFO:root:finished calculation battery 1193 (duration 9.593261003494263s)
INFO:root:finished calculation optimised_electrification 1193 (duration 10.405527114868164s)
INFO:root:finished calculation diesel 1193 (duration 0.07631802558898926s)
INFO:root:finished calculation efuel 1193 (duration 0.002736806869506836s)
INFO:root:finished calculation h2 1193 (duration 3.4050960540771484s)
INFO:root:calculation <MasterArea 1194> started
INFO:root:finished calculation electrification 1194 (duration 0.07341313362121582s)
INFO:root:finished calculation efuel 1194 (duration 0.07575297355651855s)
INFO:root:finished calculation battery 1194 (duration 3.7165870666503906s)
INFO:root:finished calculation optimised_electrification 1194 (duration 4.425662994384766s)
INFO:root:finished calculation diesel 1194 (duration 0.07935810089111328s)
INFO:root:finished calculation efuel 1194 (duration 0.004120826721191406s)
INFO:root:finished calculation h2 1194 (duration 6.534377336502075s)
INFO:root:calculation <MasterArea 1195> started
INFO:root:finished calculation electrification 1195 (duration 0.07598400115966797s)
INFO:root:finished calculation efuel 1195 (duration 0.07615494728088379s)
INFO:root:finished calculation battery 1195 (duration 5.867243051528931s)
INFO:root:finished calculation optimised_electrification 1195 (duration 6.9069390296936035s)
INFO:root:finished calculation diesel 1195 (duration 0.07912302017211914s)
INFO:root:finished calculation efuel 1195 (duration 0.004441261291503906s)
INFO:root:finished calculation h2 1195 (duration 5.412976026535034s)
INFO:root:calculation <MasterArea 1196> started
INFO:root:finished calculation electrification 1196 (duration 0.07467508316040039s)
INFO:root:finished calculation efuel 1196 (duration 0.07313680648803711s)
INFO:root:finished calculation battery 1196 (duration 4.04978084564209s)
INFO:root:finished calculation optimised_electrification 1196 (duration 4.723428964614868s)
INFO:root:finished calculation diesel 1196 (duration 0.08411812782287598s)
INFO:root:finished calculation efuel 1196 (duration 0.005391120910644531s)
INFO:root:finished calculation h2 1196 (duration 2.65952205657959s)
INFO:root:calculation <MasterArea 1197> started
INFO:root:finished calculation electrification 1197 (duration 0.07635807991027832s)
INFO:root:finished calculation efuel 1197 (duration 0.0759727954864502s)
INFO:root:finished calculation battery 1197 (duration 2.8216969966888428s)
INFO:root:finished calculation optimised_electrification 1197 (duration 3.527333974838257s)
INFO:root:finished calculation diesel 1197 (duration 0.07970595359802246s)
INFO:root:finished calculation efuel 1197 (duration 0.002644062042236328s)
INFO:root:finished calculation h2 1197 (duration 1.9640839099884033s)
INFO:root:calculation <MasterArea 1198> started
INFO:root:finished calculation electrification 1198 (duration 0.07847809791564941s)
INFO:root:finished calculation efuel 1198 (duration 0.0746157169342041s)
INFO:root:finished calculation battery 1198 (duration 6.723495960235596s)
INFO:root:finished calculation optimised_electrification 1198 (duration 7.411448955535889s)
INFO:root:finished calculation diesel 1198 (duration 0.0790257453918457s)
INFO:root:finished calculation efuel 1198 (duration 0.0050051212310791016s)
INFO:root:finished calculation h2 1198 (duration 3.4996068477630615s)
INFO:root:calculation <MasterArea 1199> started
INFO:root:finished calculation electrification 1199 (duration 0.07623815536499023s)
INFO:root:finished calculation efuel 1199 (duration 0.0789029598236084s)
INFO:root:Catenary in Pleinfeld for 9280 is too long 1093m
INFO:root:finished calculation battery 1199 (duration 9.383126020431519s)
INFO:root:Catenary in Pleinfeld for 9280 is too long 1093m
INFO:root:finished calculation optimised_electrification 1199 (duration 10.224321842193604s)
INFO:root:finished calculation diesel 1199 (duration 0.0804142951965332s)
INFO:root:finished calculation efuel 1199 (duration 0.005038022994995117s)
INFO:root:finished calculation h2 1199 (duration 3.448957920074463s)
INFO:root:calculation <MasterArea 1200> started
INFO:root:finished calculation electrification 1200 (duration 0.0740060806274414s)
INFO:root:finished calculation efuel 1200 (duration 0.0728919506072998s)
INFO:root:Catenary in Wicklesgreuth for 9090 is too long 2832m
INFO:root:finished calculation battery 1200 (duration 2.0574777126312256s)
INFO:root:Catenary in Wicklesgreuth for 9090 is too long 2832m
INFO:root:finished calculation optimised_electrification 1200 (duration 2.794511079788208s)
INFO:root:finished calculation diesel 1200 (duration 0.07850527763366699s)
INFO:root:finished calculation efuel 1200 (duration 0.0027790069580078125s)
INFO:root:finished calculation h2 1200 (duration 1.999168872833252s)
INFO:root:calculation <MasterArea 1201> started
INFO:root:finished calculation electrification 1201 (duration 0.07815289497375488s)
INFO:root:finished calculation efuel 1201 (duration 0.07619714736938477s)
INFO:root:finished calculation battery 1201 (duration 4.0518200397491455s)
INFO:root:finished calculation optimised_electrification 1201 (duration 4.674605131149292s)
INFO:root:finished calculation diesel 1201 (duration 0.07906889915466309s)
INFO:root:finished calculation efuel 1201 (duration 0.004266977310180664s)
INFO:root:finished calculation h2 1201 (duration 2.856558084487915s)
INFO:root:calculation <MasterArea 1202> started
INFO:root:finished calculation electrification 1202 (duration 0.07718706130981445s)
INFO:root:finished calculation efuel 1202 (duration 0.07640600204467773s)
INFO:root:finished calculation battery 1202 (duration 6.122645139694214s)
INFO:root:finished calculation optimised_electrification 1202 (duration 6.962695837020874s)
INFO:root:finished calculation diesel 1202 (duration 0.07853817939758301s)
INFO:root:finished calculation efuel 1202 (duration 0.004217863082885742s)
INFO:root:finished calculation h2 1202 (duration 3.2789788246154785s)
INFO:root:calculation <MasterArea 1203> started
INFO:root:finished calculation electrification 1203 (duration 0.07409095764160156s)
INFO:root:finished calculation efuel 1203 (duration 1.4943549633026123s)
INFO:root:finished calculation battery 1203 (duration 4.586106300354004s)
INFO:root:finished calculation optimised_electrification 1203 (duration 5.316382884979248s)
INFO:root:finished calculation diesel 1203 (duration 1.4944140911102295s)
INFO:root:finished calculation efuel 1203 (duration 0.0029311180114746094s)
INFO:root:finished calculation h2 1203 (duration 2.8487679958343506s)
INFO:root:calculation <MasterArea 1204> started
INFO:root:finished calculation electrification 1204 (duration 0.07387590408325195s)
INFO:root:finished calculation efuel 1204 (duration 0.07410502433776855s)
INFO:root:Could not calculate reference speed for train_group TrainGroup NW26_N 26101 N 26a Hckelhoven-Baal - Dren Pbf. More information on page 197 Verfahrensanleitung Standardisierte Bewertung
INFO:root:Could not calculate reference speed for train_group TrainGroup NW26_N 26101 N 26a Hckelhoven-Baal - Dren Pbf. More information on page 197 Verfahrensanleitung Standardisierte Bewertung
INFO:root:Could not calculate reference speed for train_group TrainGroup NW26_N 26101 N 26a Hckelhoven-Baal - Dren Pbf. More information on page 197 Verfahrensanleitung Standardisierte Bewertung
INFO:root:Catenary in Baal for 22332 is too long 2360m
INFO:root:finished calculation battery 1204 (duration 8.157279253005981s)
INFO:root:Could not calculate reference speed for train_group TrainGroup NW26_N 26101 N 26a Hckelhoven-Baal - Dren Pbf. More information on page 197 Verfahrensanleitung Standardisierte Bewertung
INFO:root:Could not calculate reference speed for train_group TrainGroup NW26_N 26101 N 26a Hckelhoven-Baal - Dren Pbf. More information on page 197 Verfahrensanleitung Standardisierte Bewertung
INFO:root:Could not calculate reference speed for train_group TrainGroup NW26_N 26101 N 26a Hckelhoven-Baal - Dren Pbf. More information on page 197 Verfahrensanleitung Standardisierte Bewertung
INFO:root:Catenary in Baal for 22332 is too long 2360m
INFO:root:finished calculation optimised_electrification 1204 (duration 8.860387086868286s)
INFO:root:finished calculation diesel 1204 (duration 0.07724595069885254s)
INFO:root:finished calculation efuel 1204 (duration 0.003941059112548828s)
INFO:root:Could not calculate reference speed for line TimetableLine 1767 NW26_N. More information on page 197 Verfahrensanleitung Standardisierte Bewertung
INFO:root:Could not calculate reference speed for line TimetableLine 1767 NW26_N. More information on page 197 Verfahrensanleitung Standardisierte Bewertung
INFO:root:finished calculation h2 1204 (duration 3.6590709686279297s)
INFO:root:calculation <MasterArea 1205> started
INFO:root:finished calculation electrification 1205 (duration 0.0753622055053711s)
INFO:root:finished calculation efuel 1205 (duration 0.07573986053466797s)
INFO:root:finished calculation battery 1205 (duration 3.7163219451904297s)
INFO:root:finished calculation optimised_electrification 1205 (duration 4.441116094589233s)
INFO:root:finished calculation diesel 1205 (duration 0.08116602897644043s)
INFO:root:finished calculation efuel 1205 (duration 0.0045778751373291016s)
INFO:root:finished calculation h2 1205 (duration 2.2723498344421387s)
INFO:root:calculation <MasterArea 1206> started
INFO:root:finished calculation electrification 1206 (duration 0.07804584503173828s)
INFO:root:finished calculation efuel 1206 (duration 0.07531881332397461s)
INFO:root:finished calculation battery 1206 (duration 6.535866022109985s)
INFO:root:finished calculation optimised_electrification 1206 (duration 7.227219104766846s)
INFO:root:finished calculation diesel 1206 (duration 0.07772397994995117s)
INFO:root:finished calculation efuel 1206 (duration 0.005134105682373047s)
INFO:root:finished calculation h2 1206 (duration 3.2487270832061768s)
INFO:root:calculation <MasterArea 1207> started
INFO:root:finished calculation electrification 1207 (duration 0.0783696174621582s)
INFO:root:finished calculation efuel 1207 (duration 0.0766599178314209s)
INFO:root:finished calculation battery 1207 (duration 11.253667116165161s)
INFO:root:finished calculation optimised_electrification 1207 (duration 12.08777904510498s)
INFO:root:finished calculation diesel 1207 (duration 0.0821840763092041s)
INFO:root:finished calculation efuel 1207 (duration 0.004004001617431641s)
INFO:root:finished calculation h2 1207 (duration 3.9040727615356445s)
INFO:root:calculation <MasterArea 1208> started
INFO:root:finished calculation electrification 1208 (duration 0.07711601257324219s)
INFO:root:finished calculation efuel 1208 (duration 0.07628011703491211s)
INFO:root:finished calculation battery 1208 (duration 4.66038703918457s)
INFO:root:finished calculation optimised_electrification 1208 (duration 5.446192741394043s)
INFO:root:finished calculation diesel 1208 (duration 0.07540297508239746s)
INFO:root:finished calculation efuel 1208 (duration 0.0044307708740234375s)
INFO:root:finished calculation h2 1208 (duration 3.0209929943084717s)
INFO:root:calculation <MasterArea 1209> started
INFO:root:finished calculation electrification 1209 (duration 0.07407903671264648s)
INFO:root:finished calculation efuel 1209 (duration 0.07293272018432617s)
INFO:root:finished calculation battery 1209 (duration 2.6919679641723633s)
INFO:root:finished calculation optimised_electrification 1209 (duration 3.425731897354126s)
INFO:root:finished calculation diesel 1209 (duration 0.07611608505249023s)
INFO:root:finished calculation efuel 1209 (duration 0.0027589797973632812s)
INFO:root:finished calculation h2 1209 (duration 2.246718168258667s)
INFO:root:calculation <MasterArea 1210> started
INFO:root:finished calculation electrification 1210 (duration 0.08499479293823242s)
INFO:root:finished calculation efuel 1210 (duration 0.07722711563110352s)
